<Event xmlns="http://schemas.microsoft.com/win/2004/08/events/event"><System><Provider Name="Microsoft-Windows-Sysmon" Guid="{5770385f-c22a-43e0-bf4c-06f5698ffbd9}"></Provider>
<EventID Qualifiers="">13</EventID>
<Version>2</Version>
<Level>4</Level>
<Task>13</Task>
<Opcode>0</Opcode>
<Keywords>0x8000000000000000</Keywords>
<TimeCreated SystemTime="2025-04-24 05:08:01.734865+00:00"></TimeCreated>
<EventRecordID>364</EventRecordID>
<Correlation ActivityID="" RelatedActivityID=""></Correlation>
<Execution ProcessID="3288" ThreadID="3532"></Execution>
<Channel>Microsoft-Windows-Sysmon/Operational</Channel>
<Computer>DESKTOP-RL1K13Q</Computer>
<Security UserID="S-1-5-18"></Security>
</System>
<EventData><Data Name="RuleName">InvDB-Pub</Data>
<Data Name="EventType">SetValue</Data>
<Data Name="UtcTime">2025-04-24 05:08:01.727</Data>
<Data Name="ProcessGuid">{59d32d4f-c6ec-6809-d800-000000001500}</Data>
<Data Name="ProcessId">5384</Data>
<Data Name="Image">C:\Windows\system32\CompatTelRunner.exe</Data>
<Data Name="TargetObject">\REGISTRY\A\{62ff99c8-dfc3-9e30-47dc-3e55891c7ff4}\Root\InventoryApplicationFile\identity_helper.|be55afdf046b59fe\Publisher</Data>
<Data Name="Details">microsoft corporation</Data>
<Data Name="User">NT AUTHORITY\SYSTEM</Data>
</EventData>
</Event>

<Event xmlns="http://schemas.microsoft.com/win/2004/08/events/event"><System><Provider Name="Microsoft-Windows-Sysmon" Guid="{5770385f-c22a-43e0-bf4c-06f5698ffbd9}"></Provider>
<EventID Qualifiers="">13</EventID>
<Version>2</Version>
<Level>4</Level>
<Task>13</Task>
<Opcode>0</Opcode>
<Keywords>0x8000000000000000</Keywords>
<TimeCreated SystemTime="2025-04-24 05:08:01.735899+00:00"></TimeCreated>
<EventRecordID>365</EventRecordID>
<Correlation ActivityID="" RelatedActivityID=""></Correlation>
<Execution ProcessID="3288" ThreadID="3532"></Execution>
<Channel>Microsoft-Windows-Sysmon/Operational</Channel>
<Computer>DESKTOP-RL1K13Q</Computer>
<Security UserID="S-1-5-18"></Security>
</System>
<EventData><Data Name="RuleName">InvDB-CompileTimeClaim</Data>
<Data Name="EventType">SetValue</Data>
<Data Name="UtcTime">2025-04-24 05:08:01.727</Data>
<Data Name="ProcessGuid">{59d32d4f-c6ec-6809-d800-000000001500}</Data>
<Data Name="ProcessId">5384</Data>
<Data Name="Image">C:\Windows\system32\CompatTelRunner.exe</Data>
<Data Name="TargetObject">\REGISTRY\A\{62ff99c8-dfc3-9e30-47dc-3e55891c7ff4}\Root\InventoryApplicationFile\identity_helper.|be55afdf046b59fe\LinkDate</Data>
<Data Name="Details">03/13/2024 20:36:06</Data>
<Data Name="User">NT AUTHORITY\SYSTEM</Data>
</EventData>
</Event>

<Event xmlns="http://schemas.microsoft.com/win/2004/08/events/event"><System><Provider Name="Microsoft-Windows-Sysmon" Guid="{5770385f-c22a-43e0-bf4c-06f5698ffbd9}"></Provider>
<EventID Qualifiers="">13</EventID>
<Version>2</Version>
<Level>4</Level>
<Task>13</Task>
<Opcode>0</Opcode>
<Keywords>0x8000000000000000</Keywords>
<TimeCreated SystemTime="2025-04-24 05:08:01.736071+00:00"></TimeCreated>
<EventRecordID>366</EventRecordID>
<Correlation ActivityID="" RelatedActivityID=""></Correlation>
<Execution ProcessID="3288" ThreadID="3532"></Execution>
<Channel>Microsoft-Windows-Sysmon/Operational</Channel>
<Computer>DESKTOP-RL1K13Q</Computer>
<Security UserID="S-1-5-18"></Security>
</System>
<EventData><Data Name="RuleName">InvDB-Ver</Data>
<Data Name="EventType">SetValue</Data>
<Data Name="UtcTime">2025-04-24 05:08:01.727</Data>
<Data Name="ProcessGuid">{59d32d4f-c6ec-6809-d800-000000001500}</Data>
<Data Name="ProcessId">5384</Data>
<Data Name="Image">C:\Windows\system32\CompatTelRunner.exe</Data>
<Data Name="TargetObject">\REGISTRY\A\{62ff99c8-dfc3-9e30-47dc-3e55891c7ff4}\Root\InventoryApplicationFile\identity_helper.|be55afdf046b59fe\BinProductVersion</Data>
<Data Name="Details">122.0.2365.92</Data>
<Data Name="User">NT AUTHORITY\SYSTEM</Data>
</EventData>
</Event>

<Event xmlns="http://schemas.microsoft.com/win/2004/08/events/event"><System><Provider Name="Microsoft-Windows-Sysmon" Guid="{5770385f-c22a-43e0-bf4c-06f5698ffbd9}"></Provider>
<EventID Qualifiers="">13</EventID>
<Version>2</Version>
<Level>4</Level>
<Task>13</Task>
<Opcode>0</Opcode>
<Keywords>0x8000000000000000</Keywords>
<TimeCreated SystemTime="2025-04-24 05:08:01.756958+00:00"></TimeCreated>
<EventRecordID>367</EventRecordID>
<Correlation ActivityID="" RelatedActivityID=""></Correlation>
<Execution ProcessID="3288" ThreadID="3532"></Execution>
<Channel>Microsoft-Windows-Sysmon/Operational</Channel>
<Computer>DESKTOP-RL1K13Q</Computer>
<Security UserID="S-1-5-18"></Security>
</System>
<EventData><Data Name="RuleName">InvDB-Path</Data>
<Data Name="EventType">SetValue</Data>
<Data Name="UtcTime">2025-04-24 05:08:01.741</Data>
<Data Name="ProcessGuid">{59d32d4f-c6ec-6809-d800-000000001500}</Data>
<Data Name="ProcessId">5384</Data>
<Data Name="Image">C:\Windows\system32\CompatTelRunner.exe</Data>
<Data Name="TargetObject">\REGISTRY\A\{62ff99c8-dfc3-9e30-47dc-3e55891c7ff4}\Root\InventoryApplicationFile\ie_to_edge_stub.|1455c928d81290fa\LowerCaseLongPath</Data>
<Data Name="Details">c:\program files (x86)\microsoft\edgecore\122.0.2365.92.1e1c0542-0792-47e8-a4f7-94ebf475752d\bho\ie_to_edge_stub.exe</Data>
<Data Name="User">NT AUTHORITY\SYSTEM</Data>
</EventData>
</Event>

<Event xmlns="http://schemas.microsoft.com/win/2004/08/events/event"><System><Provider Name="Microsoft-Windows-Sysmon" Guid="{5770385f-c22a-43e0-bf4c-06f5698ffbd9}"></Provider>
<EventID Qualifiers="">13</EventID>
<Version>2</Version>
<Level>4</Level>
<Task>13</Task>
<Opcode>0</Opcode>
<Keywords>0x8000000000000000</Keywords>
<TimeCreated SystemTime="2025-04-24 05:08:01.758196+00:00"></TimeCreated>
<EventRecordID>368</EventRecordID>
<Correlation ActivityID="" RelatedActivityID=""></Correlation>
<Execution ProcessID="3288" ThreadID="3532"></Execution>
<Channel>Microsoft-Windows-Sysmon/Operational</Channel>
<Computer>DESKTOP-RL1K13Q</Computer>
<Security UserID="S-1-5-18"></Security>
</System>
<EventData><Data Name="RuleName">InvDB-Pub</Data>
<Data Name="EventType">SetValue</Data>
<Data Name="UtcTime">2025-04-24 05:08:01.741</Data>
<Data Name="ProcessGuid">{59d32d4f-c6ec-6809-d800-000000001500}</Data>
<Data Name="ProcessId">5384</Data>
<Data Name="Image">C:\Windows\system32\CompatTelRunner.exe</Data>
<Data Name="TargetObject">\REGISTRY\A\{62ff99c8-dfc3-9e30-47dc-3e55891c7ff4}\Root\InventoryApplicationFile\ie_to_edge_stub.|1455c928d81290fa\Publisher</Data>
<Data Name="Details">microsoft corporation</Data>
<Data Name="User">NT AUTHORITY\SYSTEM</Data>
</EventData>
</Event>

<Event xmlns="http://schemas.microsoft.com/win/2004/08/events/event"><System><Provider Name="Microsoft-Windows-Sysmon" Guid="{5770385f-c22a-43e0-bf4c-06f5698ffbd9}"></Provider>
<EventID Qualifiers="">13</EventID>
<Version>2</Version>
<Level>4</Level>
<Task>13</Task>
<Opcode>0</Opcode>
<Keywords>0x8000000000000000</Keywords>
<TimeCreated SystemTime="2025-04-24 05:08:01.759184+00:00"></TimeCreated>
<EventRecordID>369</EventRecordID>
<Correlation ActivityID="" RelatedActivityID=""></Correlation>
<Execution ProcessID="3288" ThreadID="3532"></Execution>
<Channel>Microsoft-Windows-Sysmon/Operational</Channel>
<Computer>DESKTOP-RL1K13Q</Computer>
<Security UserID="S-1-5-18"></Security>
</System>
<EventData><Data Name="RuleName">InvDB-CompileTimeClaim</Data>
<Data Name="EventType">SetValue</Data>
<Data Name="UtcTime">2025-04-24 05:08:01.757</Data>
<Data Name="ProcessGuid">{59d32d4f-c6ec-6809-d800-000000001500}</Data>
<Data Name="ProcessId">5384</Data>
<Data Name="Image">C:\Windows\system32\CompatTelRunner.exe</Data>
<Data Name="TargetObject">\REGISTRY\A\{62ff99c8-dfc3-9e30-47dc-3e55891c7ff4}\Root\InventoryApplicationFile\ie_to_edge_stub.|1455c928d81290fa\LinkDate</Data>
<Data Name="Details">03/13/2024 20:36:06</Data>
<Data Name="User">NT AUTHORITY\SYSTEM</Data>
</EventData>
</Event>

<Event xmlns="http://schemas.microsoft.com/win/2004/08/events/event"><System><Provider Name="Microsoft-Windows-Sysmon" Guid="{5770385f-c22a-43e0-bf4c-06f5698ffbd9}"></Provider>
<EventID Qualifiers="">13</EventID>
<Version>2</Version>
<Level>4</Level>
<Task>13</Task>
<Opcode>0</Opcode>
<Keywords>0x8000000000000000</Keywords>
<TimeCreated SystemTime="2025-04-24 05:08:01.759575+00:00"></TimeCreated>
<EventRecordID>370</EventRecordID>
<Correlation ActivityID="" RelatedActivityID=""></Correlation>
<Execution ProcessID="3288" ThreadID="3532"></Execution>
<Channel>Microsoft-Windows-Sysmon/Operational</Channel>
<Computer>DESKTOP-RL1K13Q</Computer>
<Security UserID="S-1-5-18"></Security>
</System>
<EventData><Data Name="RuleName">InvDB-Ver</Data>
<Data Name="EventType">SetValue</Data>
<Data Name="UtcTime">2025-04-24 05:08:01.757</Data>
<Data Name="ProcessGuid">{59d32d4f-c6ec-6809-d800-000000001500}</Data>
<Data Name="ProcessId">5384</Data>
<Data Name="Image">C:\Windows\system32\CompatTelRunner.exe</Data>
<Data Name="TargetObject">\REGISTRY\A\{62ff99c8-dfc3-9e30-47dc-3e55891c7ff4}\Root\InventoryApplicationFile\ie_to_edge_stub.|1455c928d81290fa\BinProductVersion</Data>
<Data Name="Details">122.0.2365.92</Data>
<Data Name="User">NT AUTHORITY\SYSTEM</Data>
</EventData>
</Event>

<Event xmlns="http://schemas.microsoft.com/win/2004/08/events/event"><System><Provider Name="Microsoft-Windows-Sysmon" Guid="{5770385f-c22a-43e0-bf4c-06f5698ffbd9}"></Provider>
<EventID Qualifiers="">13</EventID>
<Version>2</Version>
<Level>4</Level>
<Task>13</Task>
<Opcode>0</Opcode>
<Keywords>0x8000000000000000</Keywords>
<TimeCreated SystemTime="2025-04-24 05:08:01.781237+00:00"></TimeCreated>
<EventRecordID>371</EventRecordID>
<Correlation ActivityID="" RelatedActivityID=""></Correlation>
<Execution ProcessID="3288" ThreadID="3532"></Execution>
<Channel>Microsoft-Windows-Sysmon/Operational</Channel>
<Computer>DESKTOP-RL1K13Q</Computer>
<Security UserID="S-1-5-18"></Security>
</System>
<EventData><Data Name="RuleName">InvDB-Path</Data>
<Data Name="EventType">SetValue</Data>
<Data Name="UtcTime">2025-04-24 05:08:01.772</Data>
<Data Name="ProcessGuid">{59d32d4f-c6ec-6809-d800-000000001500}</Data>
<Data Name="ProcessId">5384</Data>
<Data Name="Image">C:\Windows\system32\CompatTelRunner.exe</Data>
<Data Name="TargetObject">\REGISTRY\A\{62ff99c8-dfc3-9e30-47dc-3e55891c7ff4}\Root\InventoryApplicationFile\ie_to_edge_stub.|c5894a44a5d45ce7\LowerCaseLongPath</Data>
<Data Name="Details">c:\program files (x86)\microsoft\edgecore\135.0.3179.73\bho\ie_to_edge_stub.exe</Data>
<Data Name="User">NT AUTHORITY\SYSTEM</Data>
</EventData>
</Event>

<Event xmlns="http://schemas.microsoft.com/win/2004/08/events/event"><System><Provider Name="Microsoft-Windows-Sysmon" Guid="{5770385f-c22a-43e0-bf4c-06f5698ffbd9}"></Provider>
<EventID Qualifiers="">13</EventID>
<Version>2</Version>
<Level>4</Level>
<Task>13</Task>
<Opcode>0</Opcode>
<Keywords>0x8000000000000000</Keywords>
<TimeCreated SystemTime="2025-04-24 05:08:01.781963+00:00"></TimeCreated>
<EventRecordID>372</EventRecordID>
<Correlation ActivityID="" RelatedActivityID=""></Correlation>
<Execution ProcessID="3288" ThreadID="3532"></Execution>
<Channel>Microsoft-Windows-Sysmon/Operational</Channel>
<Computer>DESKTOP-RL1K13Q</Computer>
<Security UserID="S-1-5-18"></Security>
</System>
<EventData><Data Name="RuleName">InvDB-Pub</Data>
<Data Name="EventType">SetValue</Data>
<Data Name="UtcTime">2025-04-24 05:08:01.772</Data>
<Data Name="ProcessGuid">{59d32d4f-c6ec-6809-d800-000000001500}</Data>
<Data Name="ProcessId">5384</Data>
<Data Name="Image">C:\Windows\system32\CompatTelRunner.exe</Data>
<Data Name="TargetObject">\REGISTRY\A\{62ff99c8-dfc3-9e30-47dc-3e55891c7ff4}\Root\InventoryApplicationFile\ie_to_edge_stub.|c5894a44a5d45ce7\Publisher</Data>
<Data Name="Details">microsoft corporation</Data>
<Data Name="User">NT AUTHORITY\SYSTEM</Data>
</EventData>
</Event>

<Event xmlns="http://schemas.microsoft.com/win/2004/08/events/event"><System><Provider Name="Microsoft-Windows-Sysmon" Guid="{5770385f-c22a-43e0-bf4c-06f5698ffbd9}"></Provider>
<EventID Qualifiers="">13</EventID>
<Version>2</Version>
<Level>4</Level>
<Task>13</Task>
<Opcode>0</Opcode>
<Keywords>0x8000000000000000</Keywords>
<TimeCreated SystemTime="2025-04-24 05:08:01.782946+00:00"></TimeCreated>
<EventRecordID>373</EventRecordID>
<Correlation ActivityID="" RelatedActivityID=""></Correlation>
<Execution ProcessID="3288" ThreadID="3532"></Execution>
<Channel>Microsoft-Windows-Sysmon/Operational</Channel>
<Computer>DESKTOP-RL1K13Q</Computer>
<Security UserID="S-1-5-18"></Security>
</System>
<EventData><Data Name="RuleName">InvDB-CompileTimeClaim</Data>
<Data Name="EventType">SetValue</Data>
<Data Name="UtcTime">2025-04-24 05:08:01.772</Data>
<Data Name="ProcessGuid">{59d32d4f-c6ec-6809-d800-000000001500}</Data>
<Data Name="ProcessId">5384</Data>
<Data Name="Image">C:\Windows\system32\CompatTelRunner.exe</Data>
<Data Name="TargetObject">\REGISTRY\A\{62ff99c8-dfc3-9e30-47dc-3e55891c7ff4}\Root\InventoryApplicationFile\ie_to_edge_stub.|c5894a44a5d45ce7\LinkDate</Data>
<Data Name="Details">04/11/2025 01:33:03</Data>
<Data Name="User">NT AUTHORITY\SYSTEM</Data>
</EventData>
</Event>

<Event xmlns="http://schemas.microsoft.com/win/2004/08/events/event"><System><Provider Name="Microsoft-Windows-Sysmon" Guid="{5770385f-c22a-43e0-bf4c-06f5698ffbd9}"></Provider>
<EventID Qualifiers="">13</EventID>
<Version>2</Version>
<Level>4</Level>
<Task>13</Task>
<Opcode>0</Opcode>
<Keywords>0x8000000000000000</Keywords>
<TimeCreated SystemTime="2025-04-24 05:08:01.783117+00:00"></TimeCreated>
<EventRecordID>374</EventRecordID>
<Correlation ActivityID="" RelatedActivityID=""></Correlation>
<Execution ProcessID="3288" ThreadID="3532"></Execution>
<Channel>Microsoft-Windows-Sysmon/Operational</Channel>
<Computer>DESKTOP-RL1K13Q</Computer>
<Security UserID="S-1-5-18"></Security>
</System>
<EventData><Data Name="RuleName">InvDB-Ver</Data>
<Data Name="EventType">SetValue</Data>
<Data Name="UtcTime">2025-04-24 05:08:01.772</Data>
<Data Name="ProcessGuid">{59d32d4f-c6ec-6809-d800-000000001500}</Data>
<Data Name="ProcessId">5384</Data>
<Data Name="Image">C:\Windows\system32\CompatTelRunner.exe</Data>
<Data Name="TargetObject">\REGISTRY\A\{62ff99c8-dfc3-9e30-47dc-3e55891c7ff4}\Root\InventoryApplicationFile\ie_to_edge_stub.|c5894a44a5d45ce7\BinProductVersion</Data>
<Data Name="Details">135.0.3179.73</Data>
<Data Name="User">NT AUTHORITY\SYSTEM</Data>
</EventData>
</Event>

<Event xmlns="http://schemas.microsoft.com/win/2004/08/events/event"><System><Provider Name="Microsoft-Windows-Sysmon" Guid="{5770385f-c22a-43e0-bf4c-06f5698ffbd9}"></Provider>
<EventID Qualifiers="">13</EventID>
<Version>2</Version>
<Level>4</Level>
<Task>13</Task>
<Opcode>0</Opcode>
<Keywords>0x8000000000000000</Keywords>
<TimeCreated SystemTime="2025-04-24 05:08:01.786827+00:00"></TimeCreated>
<EventRecordID>375</EventRecordID>
<Correlation ActivityID="" RelatedActivityID=""></Correlation>
<Execution ProcessID="3288" ThreadID="3532"></Execution>
<Channel>Microsoft-Windows-Sysmon/Operational</Channel>
<Computer>DESKTOP-RL1K13Q</Computer>
<Security UserID="S-1-5-18"></Security>
</System>
<EventData><Data Name="RuleName">InvDB-Path</Data>
<Data Name="EventType">SetValue</Data>
<Data Name="UtcTime">2025-04-24 05:08:01.772</Data>
<Data Name="ProcessGuid">{59d32d4f-c6ec-6809-d800-000000001500}</Data>
<Data Name="ProcessId">5384</Data>
<Data Name="Image">C:\Windows\system32\CompatTelRunner.exe</Data>
<Data Name="TargetObject">\REGISTRY\A\{62ff99c8-dfc3-9e30-47dc-3e55891c7ff4}\Root\InventoryApplicationFile\ie_to_edge_stub.|cd00c350cac658c9\LowerCaseLongPath</Data>
<Data Name="Details">c:\program files (x86)\microsoft\edge\application\135.0.3179.73\bho\ie_to_edge_stub.exe</Data>
<Data Name="User">NT AUTHORITY\SYSTEM</Data>
</EventData>
</Event>

<Event xmlns="http://schemas.microsoft.com/win/2004/08/events/event"><System><Provider Name="Microsoft-Windows-Sysmon" Guid="{5770385f-c22a-43e0-bf4c-06f5698ffbd9}"></Provider>
<EventID Qualifiers="">13</EventID>
<Version>2</Version>
<Level>4</Level>
<Task>13</Task>
<Opcode>0</Opcode>
<Keywords>0x8000000000000000</Keywords>
<TimeCreated SystemTime="2025-04-24 05:08:01.787479+00:00"></TimeCreated>
<EventRecordID>376</EventRecordID>
<Correlation ActivityID="" RelatedActivityID=""></Correlation>
<Execution ProcessID="3288" ThreadID="3532"></Execution>
<Channel>Microsoft-Windows-Sysmon/Operational</Channel>
<Computer>DESKTOP-RL1K13Q</Computer>
<Security UserID="S-1-5-18"></Security>
</System>
<EventData><Data Name="RuleName">InvDB-Pub</Data>
<Data Name="EventType">SetValue</Data>
<Data Name="UtcTime">2025-04-24 05:08:01.772</Data>
<Data Name="ProcessGuid">{59d32d4f-c6ec-6809-d800-000000001500}</Data>
<Data Name="ProcessId">5384</Data>
<Data Name="Image">C:\Windows\system32\CompatTelRunner.exe</Data>
<Data Name="TargetObject">\REGISTRY\A\{62ff99c8-dfc3-9e30-47dc-3e55891c7ff4}\Root\InventoryApplicationFile\ie_to_edge_stub.|cd00c350cac658c9\Publisher</Data>
<Data Name="Details">microsoft corporation</Data>
<Data Name="User">NT AUTHORITY\SYSTEM</Data>
</EventData>
</Event>

<Event xmlns="http://schemas.microsoft.com/win/2004/08/events/event"><System><Provider Name="Microsoft-Windows-Sysmon" Guid="{5770385f-c22a-43e0-bf4c-06f5698ffbd9}"></Provider>
<EventID Qualifiers="">13</EventID>
<Version>2</Version>
<Level>4</Level>
<Task>13</Task>
<Opcode>0</Opcode>
<Keywords>0x8000000000000000</Keywords>
<TimeCreated SystemTime="2025-04-24 05:08:01.789124+00:00"></TimeCreated>
<EventRecordID>377</EventRecordID>
<Correlation ActivityID="" RelatedActivityID=""></Correlation>
<Execution ProcessID="3288" ThreadID="3532"></Execution>
<Channel>Microsoft-Windows-Sysmon/Operational</Channel>
<Computer>DESKTOP-RL1K13Q</Computer>
<Security UserID="S-1-5-18"></Security>
</System>
<EventData><Data Name="RuleName">InvDB-CompileTimeClaim</Data>
<Data Name="EventType">SetValue</Data>
<Data Name="UtcTime">2025-04-24 05:08:01.772</Data>
<Data Name="ProcessGuid">{59d32d4f-c6ec-6809-d800-000000001500}</Data>
<Data Name="ProcessId">5384</Data>
<Data Name="Image">C:\Windows\system32\CompatTelRunner.exe</Data>
<Data Name="TargetObject">\REGISTRY\A\{62ff99c8-dfc3-9e30-47dc-3e55891c7ff4}\Root\InventoryApplicationFile\ie_to_edge_stub.|cd00c350cac658c9\LinkDate</Data>
<Data Name="Details">04/11/2025 01:33:03</Data>
<Data Name="User">NT AUTHORITY\SYSTEM</Data>
</EventData>
</Event>

<Event xmlns="http://schemas.microsoft.com/win/2004/08/events/event"><System><Provider Name="Microsoft-Windows-Sysmon" Guid="{5770385f-c22a-43e0-bf4c-06f5698ffbd9}"></Provider>
<EventID Qualifiers="">13</EventID>
<Version>2</Version>
<Level>4</Level>
<Task>13</Task>
<Opcode>0</Opcode>
<Keywords>0x8000000000000000</Keywords>
<TimeCreated SystemTime="2025-04-24 05:08:01.789471+00:00"></TimeCreated>
<EventRecordID>378</EventRecordID>
<Correlation ActivityID="" RelatedActivityID=""></Correlation>
<Execution ProcessID="3288" ThreadID="3532"></Execution>
<Channel>Microsoft-Windows-Sysmon/Operational</Channel>
<Computer>DESKTOP-RL1K13Q</Computer>
<Security UserID="S-1-5-18"></Security>
</System>
<EventData><Data Name="RuleName">InvDB-Ver</Data>
<Data Name="EventType">SetValue</Data>
<Data Name="UtcTime">2025-04-24 05:08:01.772</Data>
<Data Name="ProcessGuid">{59d32d4f-c6ec-6809-d800-000000001500}</Data>
<Data Name="ProcessId">5384</Data>
<Data Name="Image">C:\Windows\system32\CompatTelRunner.exe</Data>
<Data Name="TargetObject">\REGISTRY\A\{62ff99c8-dfc3-9e30-47dc-3e55891c7ff4}\Root\InventoryApplicationFile\ie_to_edge_stub.|cd00c350cac658c9\BinProductVersion</Data>
<Data Name="Details">135.0.3179.73</Data>
<Data Name="User">NT AUTHORITY\SYSTEM</Data>
</EventData>
</Event>

<Event xmlns="http://schemas.microsoft.com/win/2004/08/events/event"><System><Provider Name="Microsoft-Windows-Sysmon" Guid="{5770385f-c22a-43e0-bf4c-06f5698ffbd9}"></Provider>
<EventID Qualifiers="">13</EventID>
<Version>2</Version>
<Level>4</Level>
<Task>13</Task>
<Opcode>0</Opcode>
<Keywords>0x8000000000000000</Keywords>
<TimeCreated SystemTime="2025-04-24 05:08:02.088123+00:00"></TimeCreated>
<EventRecordID>379</EventRecordID>
<Correlation ActivityID="" RelatedActivityID=""></Correlation>
<Execution ProcessID="3288" ThreadID="3532"></Execution>
<Channel>Microsoft-Windows-Sysmon/Operational</Channel>
<Computer>DESKTOP-RL1K13Q</Computer>
<Security UserID="S-1-5-18"></Security>
</System>
<EventData><Data Name="RuleName">InvDB-Path</Data>
<Data Name="EventType">SetValue</Data>
<Data Name="UtcTime">2025-04-24 05:08:02.085</Data>
<Data Name="ProcessGuid">{59d32d4f-c6ec-6809-d800-000000001500}</Data>
<Data Name="ProcessId">5384</Data>
<Data Name="Image">C:\Windows\system32\CompatTelRunner.exe</Data>
<Data Name="TargetObject">\REGISTRY\A\{62ff99c8-dfc3-9e30-47dc-3e55891c7ff4}\Root\InventoryApplicationFile\microsoftedge_x6|81b07c34bce26edc\LowerCaseLongPath</Data>
<Data Name="Details">c:\program files (x86)\microsoft\edgeupdate\download\{56eb18f8-b008-4cbd-b6d2-8c97fe7e9062}\135.0.3179.73\microsoftedge_x64_135.0.3179.73.exe</Data>
<Data Name="User">NT AUTHORITY\SYSTEM</Data>
</EventData>
</Event>

<Event xmlns="http://schemas.microsoft.com/win/2004/08/events/event"><System><Provider Name="Microsoft-Windows-Sysmon" Guid="{5770385f-c22a-43e0-bf4c-06f5698ffbd9}"></Provider>
<EventID Qualifiers="">13</EventID>
<Version>2</Version>
<Level>4</Level>
<Task>13</Task>
<Opcode>0</Opcode>
<Keywords>0x8000000000000000</Keywords>
<TimeCreated SystemTime="2025-04-24 05:08:02.088802+00:00"></TimeCreated>
<EventRecordID>380</EventRecordID>
<Correlation ActivityID="" RelatedActivityID=""></Correlation>
<Execution ProcessID="3288" ThreadID="3532"></Execution>
<Channel>Microsoft-Windows-Sysmon/Operational</Channel>
<Computer>DESKTOP-RL1K13Q</Computer>
<Security UserID="S-1-5-18"></Security>
</System>
<EventData><Data Name="RuleName">InvDB-Pub</Data>
<Data Name="EventType">SetValue</Data>
<Data Name="UtcTime">2025-04-24 05:08:02.085</Data>
<Data Name="ProcessGuid">{59d32d4f-c6ec-6809-d800-000000001500}</Data>
<Data Name="ProcessId">5384</Data>
<Data Name="Image">C:\Windows\system32\CompatTelRunner.exe</Data>
<Data Name="TargetObject">\REGISTRY\A\{62ff99c8-dfc3-9e30-47dc-3e55891c7ff4}\Root\InventoryApplicationFile\microsoftedge_x6|81b07c34bce26edc\Publisher</Data>
<Data Name="Details">microsoft corporation</Data>
<Data Name="User">NT AUTHORITY\SYSTEM</Data>
</EventData>
</Event>

<Event xmlns="http://schemas.microsoft.com/win/2004/08/events/event"><System><Provider Name="Microsoft-Windows-Sysmon" Guid="{5770385f-c22a-43e0-bf4c-06f5698ffbd9}"></Provider>
<EventID Qualifiers="">13</EventID>
<Version>2</Version>
<Level>4</Level>
<Task>13</Task>
<Opcode>0</Opcode>
<Keywords>0x8000000000000000</Keywords>
<TimeCreated SystemTime="2025-04-24 05:08:02.089798+00:00"></TimeCreated>
<EventRecordID>381</EventRecordID>
<Correlation ActivityID="" RelatedActivityID=""></Correlation>
<Execution ProcessID="3288" ThreadID="3532"></Execution>
<Channel>Microsoft-Windows-Sysmon/Operational</Channel>
<Computer>DESKTOP-RL1K13Q</Computer>
<Security UserID="S-1-5-18"></Security>
</System>
<EventData><Data Name="RuleName">InvDB-CompileTimeClaim</Data>
<Data Name="EventType">SetValue</Data>
<Data Name="UtcTime">2025-04-24 05:08:02.085</Data>
<Data Name="ProcessGuid">{59d32d4f-c6ec-6809-d800-000000001500}</Data>
<Data Name="ProcessId">5384</Data>
<Data Name="Image">C:\Windows\system32\CompatTelRunner.exe</Data>
<Data Name="TargetObject">\REGISTRY\A\{62ff99c8-dfc3-9e30-47dc-3e55891c7ff4}\Root\InventoryApplicationFile\microsoftedge_x6|81b07c34bce26edc\LinkDate</Data>
<Data Name="Details">04/11/2025 01:33:03</Data>
<Data Name="User">NT AUTHORITY\SYSTEM</Data>
</EventData>
</Event>

<Event xmlns="http://schemas.microsoft.com/win/2004/08/events/event"><System><Provider Name="Microsoft-Windows-Sysmon" Guid="{5770385f-c22a-43e0-bf4c-06f5698ffbd9}"></Provider>
<EventID Qualifiers="">13</EventID>
<Version>2</Version>
<Level>4</Level>
<Task>13</Task>
<Opcode>0</Opcode>
<Keywords>0x8000000000000000</Keywords>
<TimeCreated SystemTime="2025-04-24 05:08:02.089972+00:00"></TimeCreated>
<EventRecordID>382</EventRecordID>
<Correlation ActivityID="" RelatedActivityID=""></Correlation>
<Execution ProcessID="3288" ThreadID="3532"></Execution>
<Channel>Microsoft-Windows-Sysmon/Operational</Channel>
<Computer>DESKTOP-RL1K13Q</Computer>
<Security UserID="S-1-5-18"></Security>
</System>
<EventData><Data Name="RuleName">InvDB-Ver</Data>
<Data Name="EventType">SetValue</Data>
<Data Name="UtcTime">2025-04-24 05:08:02.085</Data>
<Data Name="ProcessGuid">{59d32d4f-c6ec-6809-d800-000000001500}</Data>
<Data Name="ProcessId">5384</Data>
<Data Name="Image">C:\Windows\system32\CompatTelRunner.exe</Data>
<Data Name="TargetObject">\REGISTRY\A\{62ff99c8-dfc3-9e30-47dc-3e55891c7ff4}\Root\InventoryApplicationFile\microsoftedge_x6|81b07c34bce26edc\BinProductVersion</Data>
<Data Name="Details">135.0.3179.73</Data>
<Data Name="User">NT AUTHORITY\SYSTEM</Data>
</EventData>
</Event>

<Event xmlns="http://schemas.microsoft.com/win/2004/08/events/event"><System><Provider Name="Microsoft-Windows-Sysmon" Guid="{5770385f-c22a-43e0-bf4c-06f5698ffbd9}"></Provider>
<EventID Qualifiers="">13</EventID>
<Version>2</Version>
<Level>4</Level>
<Task>13</Task>
<Opcode>0</Opcode>
<Keywords>0x8000000000000000</Keywords>
<TimeCreated SystemTime="2025-04-24 05:08:02.348898+00:00"></TimeCreated>
<EventRecordID>383</EventRecordID>
<Correlation ActivityID="" RelatedActivityID=""></Correlation>
<Execution ProcessID="3288" ThreadID="3532"></Execution>
<Channel>Microsoft-Windows-Sysmon/Operational</Channel>
<Computer>DESKTOP-RL1K13Q</Computer>
<Security UserID="S-1-5-18"></Security>
</System>
<EventData><Data Name="RuleName">InvDB-Path</Data>
<Data Name="EventType">SetValue</Data>
<Data Name="UtcTime">2025-04-24 05:08:02.335</Data>
<Data Name="ProcessGuid">{59d32d4f-c6ec-6809-d800-000000001500}</Data>
<Data Name="ProcessId">5384</Data>
<Data Name="Image">C:\Windows\system32\CompatTelRunner.exe</Data>
<Data Name="TargetObject">\REGISTRY\A\{62ff99c8-dfc3-9e30-47dc-3e55891c7ff4}\Root\InventoryApplicationFile\microsoftedge_x6|accb8e7c1df0c6b1\LowerCaseLongPath</Data>
<Data Name="Details">c:\program files (x86)\microsoft\edgeupdate\download\{f3017226-fe2a-4295-8bdf-00c3a9a7e4c5}\135.0.3179.73\microsoftedge_x64_135.0.3179.73.exe</Data>
<Data Name="User">NT AUTHORITY\SYSTEM</Data>
</EventData>
</Event>

<Event xmlns="http://schemas.microsoft.com/win/2004/08/events/event"><System><Provider Name="Microsoft-Windows-Sysmon" Guid="{5770385f-c22a-43e0-bf4c-06f5698ffbd9}"></Provider>
<EventID Qualifiers="">13</EventID>
<Version>2</Version>
<Level>4</Level>
<Task>13</Task>
<Opcode>0</Opcode>
<Keywords>0x8000000000000000</Keywords>
<TimeCreated SystemTime="2025-04-24 05:08:02.349714+00:00"></TimeCreated>
<EventRecordID>384</EventRecordID>
<Correlation ActivityID="" RelatedActivityID=""></Correlation>
<Execution ProcessID="3288" ThreadID="3532"></Execution>
<Channel>Microsoft-Windows-Sysmon/Operational</Channel>
<Computer>DESKTOP-RL1K13Q</Computer>
<Security UserID="S-1-5-18"></Security>
</System>
<EventData><Data Name="RuleName">InvDB-Pub</Data>
<Data Name="EventType">SetValue</Data>
<Data Name="UtcTime">2025-04-24 05:08:02.335</Data>
<Data Name="ProcessGuid">{59d32d4f-c6ec-6809-d800-000000001500}</Data>
<Data Name="ProcessId">5384</Data>
<Data Name="Image">C:\Windows\system32\CompatTelRunner.exe</Data>
<Data Name="TargetObject">\REGISTRY\A\{62ff99c8-dfc3-9e30-47dc-3e55891c7ff4}\Root\InventoryApplicationFile\microsoftedge_x6|accb8e7c1df0c6b1\Publisher</Data>
<Data Name="Details">microsoft corporation</Data>
<Data Name="User">NT AUTHORITY\SYSTEM</Data>
</EventData>
</Event>

<Event xmlns="http://schemas.microsoft.com/win/2004/08/events/event"><System><Provider Name="Microsoft-Windows-Sysmon" Guid="{5770385f-c22a-43e0-bf4c-06f5698ffbd9}"></Provider>
<EventID Qualifiers="">13</EventID>
<Version>2</Version>
<Level>4</Level>
<Task>13</Task>
<Opcode>0</Opcode>
<Keywords>0x8000000000000000</Keywords>
<TimeCreated SystemTime="2025-04-24 05:08:02.351851+00:00"></TimeCreated>
<EventRecordID>385</EventRecordID>
<Correlation ActivityID="" RelatedActivityID=""></Correlation>
<Execution ProcessID="3288" ThreadID="3532"></Execution>
<Channel>Microsoft-Windows-Sysmon/Operational</Channel>
<Computer>DESKTOP-RL1K13Q</Computer>
<Security UserID="S-1-5-18"></Security>
</System>
<EventData><Data Name="RuleName">InvDB-CompileTimeClaim</Data>
<Data Name="EventType">SetValue</Data>
<Data Name="UtcTime">2025-04-24 05:08:02.335</Data>
<Data Name="ProcessGuid">{59d32d4f-c6ec-6809-d800-000000001500}</Data>
<Data Name="ProcessId">5384</Data>
<Data Name="Image">C:\Windows\system32\CompatTelRunner.exe</Data>
<Data Name="TargetObject">\REGISTRY\A\{62ff99c8-dfc3-9e30-47dc-3e55891c7ff4}\Root\InventoryApplicationFile\microsoftedge_x6|accb8e7c1df0c6b1\LinkDate</Data>
<Data Name="Details">04/11/2025 01:33:03</Data>
<Data Name="User">NT AUTHORITY\SYSTEM</Data>
</EventData>
</Event>

<Event xmlns="http://schemas.microsoft.com/win/2004/08/events/event"><System><Provider Name="Microsoft-Windows-Sysmon" Guid="{5770385f-c22a-43e0-bf4c-06f5698ffbd9}"></Provider>
<EventID Qualifiers="">13</EventID>
<Version>2</Version>
<Level>4</Level>
<Task>13</Task>
<Opcode>0</Opcode>
<Keywords>0x8000000000000000</Keywords>
<TimeCreated SystemTime="2025-04-24 05:08:02.353544+00:00"></TimeCreated>
<EventRecordID>386</EventRecordID>
<Correlation ActivityID="" RelatedActivityID=""></Correlation>
<Execution ProcessID="3288" ThreadID="3532"></Execution>
<Channel>Microsoft-Windows-Sysmon/Operational</Channel>
<Computer>DESKTOP-RL1K13Q</Computer>
<Security UserID="S-1-5-18"></Security>
</System>
<EventData><Data Name="RuleName">InvDB-Ver</Data>
<Data Name="EventType">SetValue</Data>
<Data Name="UtcTime">2025-04-24 05:08:02.335</Data>
<Data Name="ProcessGuid">{59d32d4f-c6ec-6809-d800-000000001500}</Data>
<Data Name="ProcessId">5384</Data>
<Data Name="Image">C:\Windows\system32\CompatTelRunner.exe</Data>
<Data Name="TargetObject">\REGISTRY\A\{62ff99c8-dfc3-9e30-47dc-3e55891c7ff4}\Root\InventoryApplicationFile\microsoftedge_x6|accb8e7c1df0c6b1\BinProductVersion</Data>
<Data Name="Details">135.0.3179.73</Data>
<Data Name="User">NT AUTHORITY\SYSTEM</Data>
</EventData>
</Event>

<Event xmlns="http://schemas.microsoft.com/win/2004/08/events/event"><System><Provider Name="Microsoft-Windows-Sysmon" Guid="{5770385f-c22a-43e0-bf4c-06f5698ffbd9}"></Provider>
<EventID Qualifiers="">13</EventID>
<Version>2</Version>
<Level>4</Level>
<Task>13</Task>
<Opcode>0</Opcode>
<Keywords>0x8000000000000000</Keywords>
<TimeCreated SystemTime="2025-04-24 05:08:02.368147+00:00"></TimeCreated>
<EventRecordID>387</EventRecordID>
<Correlation ActivityID="" RelatedActivityID=""></Correlation>
<Execution ProcessID="3288" ThreadID="3532"></Execution>
<Channel>Microsoft-Windows-Sysmon/Operational</Channel>
<Computer>DESKTOP-RL1K13Q</Computer>
<Security UserID="S-1-5-18"></Security>
</System>
<EventData><Data Name="RuleName">InvDB-Path</Data>
<Data Name="EventType">SetValue</Data>
<Data Name="UtcTime">2025-04-24 05:08:02.351</Data>
<Data Name="ProcessGuid">{59d32d4f-c6ec-6809-d800-000000001500}</Data>
<Data Name="ProcessId">5384</Data>
<Data Name="Image">C:\Windows\system32\CompatTelRunner.exe</Data>
<Data Name="TargetObject">\REGISTRY\A\{62ff99c8-dfc3-9e30-47dc-3e55891c7ff4}\Root\InventoryApplicationFile\mpcmdrun.exe|824e34612f239cbd\LowerCaseLongPath</Data>
<Data Name="Details">c:\programdata\microsoft\windows defender\platform\4.18.25030.2-0\mpcmdrun.exe</Data>
<Data Name="User">NT AUTHORITY\SYSTEM</Data>
</EventData>
</Event>

<Event xmlns="http://schemas.microsoft.com/win/2004/08/events/event"><System><Provider Name="Microsoft-Windows-Sysmon" Guid="{5770385f-c22a-43e0-bf4c-06f5698ffbd9}"></Provider>
<EventID Qualifiers="">13</EventID>
<Version>2</Version>
<Level>4</Level>
<Task>13</Task>
<Opcode>0</Opcode>
<Keywords>0x8000000000000000</Keywords>
<TimeCreated SystemTime="2025-04-24 05:08:02.369551+00:00"></TimeCreated>
<EventRecordID>388</EventRecordID>
<Correlation ActivityID="" RelatedActivityID=""></Correlation>
<Execution ProcessID="3288" ThreadID="3532"></Execution>
<Channel>Microsoft-Windows-Sysmon/Operational</Channel>
<Computer>DESKTOP-RL1K13Q</Computer>
<Security UserID="S-1-5-18"></Security>
</System>
<EventData><Data Name="RuleName">InvDB-Pub</Data>
<Data Name="EventType">SetValue</Data>
<Data Name="UtcTime">2025-04-24 05:08:02.351</Data>
<Data Name="ProcessGuid">{59d32d4f-c6ec-6809-d800-000000001500}</Data>
<Data Name="ProcessId">5384</Data>
<Data Name="Image">C:\Windows\system32\CompatTelRunner.exe</Data>
<Data Name="TargetObject">\REGISTRY\A\{62ff99c8-dfc3-9e30-47dc-3e55891c7ff4}\Root\InventoryApplicationFile\mpcmdrun.exe|824e34612f239cbd\Publisher</Data>
<Data Name="Details">microsoft corporation</Data>
<Data Name="User">NT AUTHORITY\SYSTEM</Data>
</EventData>
</Event>

<Event xmlns="http://schemas.microsoft.com/win/2004/08/events/event"><System><Provider Name="Microsoft-Windows-Sysmon" Guid="{5770385f-c22a-43e0-bf4c-06f5698ffbd9}"></Provider>
<EventID Qualifiers="">13</EventID>
<Version>2</Version>
<Level>4</Level>
<Task>13</Task>
<Opcode>0</Opcode>
<Keywords>0x8000000000000000</Keywords>
<TimeCreated SystemTime="2025-04-24 05:08:02.370701+00:00"></TimeCreated>
<EventRecordID>389</EventRecordID>
<Correlation ActivityID="" RelatedActivityID=""></Correlation>
<Execution ProcessID="3288" ThreadID="3532"></Execution>
<Channel>Microsoft-Windows-Sysmon/Operational</Channel>
<Computer>DESKTOP-RL1K13Q</Computer>
<Security UserID="S-1-5-18"></Security>
</System>
<EventData><Data Name="RuleName">InvDB-CompileTimeClaim</Data>
<Data Name="EventType">SetValue</Data>
<Data Name="UtcTime">2025-04-24 05:08:02.351</Data>
<Data Name="ProcessGuid">{59d32d4f-c6ec-6809-d800-000000001500}</Data>
<Data Name="ProcessId">5384</Data>
<Data Name="Image">C:\Windows\system32\CompatTelRunner.exe</Data>
<Data Name="TargetObject">\REGISTRY\A\{62ff99c8-dfc3-9e30-47dc-3e55891c7ff4}\Root\InventoryApplicationFile\mpcmdrun.exe|824e34612f239cbd\LinkDate</Data>
<Data Name="Details">11/04/2091 14:48:26</Data>
<Data Name="User">NT AUTHORITY\SYSTEM</Data>
</EventData>
</Event>

<Event xmlns="http://schemas.microsoft.com/win/2004/08/events/event"><System><Provider Name="Microsoft-Windows-Sysmon" Guid="{5770385f-c22a-43e0-bf4c-06f5698ffbd9}"></Provider>
<EventID Qualifiers="">13</EventID>
<Version>2</Version>
<Level>4</Level>
<Task>13</Task>
<Opcode>0</Opcode>
<Keywords>0x8000000000000000</Keywords>
<TimeCreated SystemTime="2025-04-24 05:08:02.370871+00:00"></TimeCreated>
<EventRecordID>390</EventRecordID>
<Correlation ActivityID="" RelatedActivityID=""></Correlation>
<Execution ProcessID="3288" ThreadID="3532"></Execution>
<Channel>Microsoft-Windows-Sysmon/Operational</Channel>
<Computer>DESKTOP-RL1K13Q</Computer>
<Security UserID="S-1-5-18"></Security>
</System>
<EventData><Data Name="RuleName">InvDB-Ver</Data>
<Data Name="EventType">SetValue</Data>
<Data Name="UtcTime">2025-04-24 05:08:02.351</Data>
<Data Name="ProcessGuid">{59d32d4f-c6ec-6809-d800-000000001500}</Data>
<Data Name="ProcessId">5384</Data>
<Data Name="Image">C:\Windows\system32\CompatTelRunner.exe</Data>
<Data Name="TargetObject">\REGISTRY\A\{62ff99c8-dfc3-9e30-47dc-3e55891c7ff4}\Root\InventoryApplicationFile\mpcmdrun.exe|824e34612f239cbd\BinProductVersion</Data>
<Data Name="Details">4.18.25030.2</Data>
<Data Name="User">NT AUTHORITY\SYSTEM</Data>
</EventData>
</Event>

<Event xmlns="http://schemas.microsoft.com/win/2004/08/events/event"><System><Provider Name="Microsoft-Windows-Sysmon" Guid="{5770385f-c22a-43e0-bf4c-06f5698ffbd9}"></Provider>
<EventID Qualifiers="">13</EventID>
<Version>2</Version>
<Level>4</Level>
<Task>13</Task>
<Opcode>0</Opcode>
<Keywords>0x8000000000000000</Keywords>
<TimeCreated SystemTime="2025-04-24 05:08:02.392290+00:00"></TimeCreated>
<EventRecordID>391</EventRecordID>
<Correlation ActivityID="" RelatedActivityID=""></Correlation>
<Execution ProcessID="3288" ThreadID="3532"></Execution>
<Channel>Microsoft-Windows-Sysmon/Operational</Channel>
<Computer>DESKTOP-RL1K13Q</Computer>
<Security UserID="S-1-5-18"></Security>
</System>
<EventData><Data Name="RuleName">InvDB-Path</Data>
<Data Name="EventType">SetValue</Data>
<Data Name="UtcTime">2025-04-24 05:08:02.382</Data>
<Data Name="ProcessGuid">{59d32d4f-c6ec-6809-d800-000000001500}</Data>
<Data Name="ProcessId">5384</Data>
<Data Name="Image">C:\Windows\system32\CompatTelRunner.exe</Data>
<Data Name="TargetObject">\REGISTRY\A\{62ff99c8-dfc3-9e30-47dc-3e55891c7ff4}\Root\InventoryApplicationFile\mpdefendercorese|44caa829986525c0\LowerCaseLongPath</Data>
<Data Name="Details">c:\programdata\microsoft\windows defender\platform\4.18.25030.2-0\mpdefendercoreservice.exe</Data>
<Data Name="User">NT AUTHORITY\SYSTEM</Data>
</EventData>
</Event>

<Event xmlns="http://schemas.microsoft.com/win/2004/08/events/event"><System><Provider Name="Microsoft-Windows-Sysmon" Guid="{5770385f-c22a-43e0-bf4c-06f5698ffbd9}"></Provider>
<EventID Qualifiers="">13</EventID>
<Version>2</Version>
<Level>4</Level>
<Task>13</Task>
<Opcode>0</Opcode>
<Keywords>0x8000000000000000</Keywords>
<TimeCreated SystemTime="2025-04-24 05:08:02.393053+00:00"></TimeCreated>
<EventRecordID>392</EventRecordID>
<Correlation ActivityID="" RelatedActivityID=""></Correlation>
<Execution ProcessID="3288" ThreadID="3532"></Execution>
<Channel>Microsoft-Windows-Sysmon/Operational</Channel>
<Computer>DESKTOP-RL1K13Q</Computer>
<Security UserID="S-1-5-18"></Security>
</System>
<EventData><Data Name="RuleName">InvDB-Pub</Data>
<Data Name="EventType">SetValue</Data>
<Data Name="UtcTime">2025-04-24 05:08:02.382</Data>
<Data Name="ProcessGuid">{59d32d4f-c6ec-6809-d800-000000001500}</Data>
<Data Name="ProcessId">5384</Data>
<Data Name="Image">C:\Windows\system32\CompatTelRunner.exe</Data>
<Data Name="TargetObject">\REGISTRY\A\{62ff99c8-dfc3-9e30-47dc-3e55891c7ff4}\Root\InventoryApplicationFile\mpdefendercorese|44caa829986525c0\Publisher</Data>
<Data Name="Details">microsoft corporation</Data>
<Data Name="User">NT AUTHORITY\SYSTEM</Data>
</EventData>
</Event>

<Event xmlns="http://schemas.microsoft.com/win/2004/08/events/event"><System><Provider Name="Microsoft-Windows-Sysmon" Guid="{5770385f-c22a-43e0-bf4c-06f5698ffbd9}"></Provider>
<EventID Qualifiers="">13</EventID>
<Version>2</Version>
<Level>4</Level>
<Task>13</Task>
<Opcode>0</Opcode>
<Keywords>0x8000000000000000</Keywords>
<TimeCreated SystemTime="2025-04-24 05:08:02.394344+00:00"></TimeCreated>
<EventRecordID>393</EventRecordID>
<Correlation ActivityID="" RelatedActivityID=""></Correlation>
<Execution ProcessID="3288" ThreadID="3532"></Execution>
<Channel>Microsoft-Windows-Sysmon/Operational</Channel>
<Computer>DESKTOP-RL1K13Q</Computer>
<Security UserID="S-1-5-18"></Security>
</System>
<EventData><Data Name="RuleName">InvDB-CompileTimeClaim</Data>
<Data Name="EventType">SetValue</Data>
<Data Name="UtcTime">2025-04-24 05:08:02.382</Data>
<Data Name="ProcessGuid">{59d32d4f-c6ec-6809-d800-000000001500}</Data>
<Data Name="ProcessId">5384</Data>
<Data Name="Image">C:\Windows\system32\CompatTelRunner.exe</Data>
<Data Name="TargetObject">\REGISTRY\A\{62ff99c8-dfc3-9e30-47dc-3e55891c7ff4}\Root\InventoryApplicationFile\mpdefendercorese|44caa829986525c0\LinkDate</Data>
<Data Name="Details">10/22/1979 15:22:06</Data>
<Data Name="User">NT AUTHORITY\SYSTEM</Data>
</EventData>
</Event>

<Event xmlns="http://schemas.microsoft.com/win/2004/08/events/event"><System><Provider Name="Microsoft-Windows-Sysmon" Guid="{5770385f-c22a-43e0-bf4c-06f5698ffbd9}"></Provider>
<EventID Qualifiers="">13</EventID>
<Version>2</Version>
<Level>4</Level>
<Task>13</Task>
<Opcode>0</Opcode>
<Keywords>0x8000000000000000</Keywords>
<TimeCreated SystemTime="2025-04-24 05:08:02.394804+00:00"></TimeCreated>
<EventRecordID>394</EventRecordID>
<Correlation ActivityID="" RelatedActivityID=""></Correlation>
<Execution ProcessID="3288" ThreadID="3532"></Execution>
<Channel>Microsoft-Windows-Sysmon/Operational</Channel>
<Computer>DESKTOP-RL1K13Q</Computer>
<Security UserID="S-1-5-18"></Security>
</System>
<EventData><Data Name="RuleName">InvDB-Ver</Data>
<Data Name="EventType">SetValue</Data>
<Data Name="UtcTime">2025-04-24 05:08:02.382</Data>
<Data Name="ProcessGuid">{59d32d4f-c6ec-6809-d800-000000001500}</Data>
<Data Name="ProcessId">5384</Data>
<Data Name="Image">C:\Windows\system32\CompatTelRunner.exe</Data>
<Data Name="TargetObject">\REGISTRY\A\{62ff99c8-dfc3-9e30-47dc-3e55891c7ff4}\Root\InventoryApplicationFile\mpdefendercorese|44caa829986525c0\BinProductVersion</Data>
<Data Name="Details">4.18.25030.2</Data>
<Data Name="User">NT AUTHORITY\SYSTEM</Data>
</EventData>
</Event>

<Event xmlns="http://schemas.microsoft.com/win/2004/08/events/event"><System><Provider Name="Microsoft-Windows-Sysmon" Guid="{5770385f-c22a-43e0-bf4c-06f5698ffbd9}"></Provider>
<EventID Qualifiers="">13</EventID>
<Version>2</Version>
<Level>4</Level>
<Task>13</Task>
<Opcode>0</Opcode>
<Keywords>0x8000000000000000</Keywords>
<TimeCreated SystemTime="2025-04-24 05:08:02.552662+00:00"></TimeCreated>
<EventRecordID>395</EventRecordID>
<Correlation ActivityID="" RelatedActivityID=""></Correlation>
<Execution ProcessID="3288" ThreadID="3532"></Execution>
<Channel>Microsoft-Windows-Sysmon/Operational</Channel>
<Computer>DESKTOP-RL1K13Q</Computer>
<Security UserID="S-1-5-18"></Security>
</System>
<EventData><Data Name="RuleName">InvDB-Path</Data>
<Data Name="EventType">SetValue</Data>
<Data Name="UtcTime">2025-04-24 05:08:02.538</Data>
<Data Name="ProcessGuid">{59d32d4f-c6ec-6809-d800-000000001500}</Data>
<Data Name="ProcessId">5384</Data>
<Data Name="Image">C:\Windows\system32\CompatTelRunner.exe</Data>
<Data Name="TargetObject">\REGISTRY\A\{62ff99c8-dfc3-9e30-47dc-3e55891c7ff4}\Root\InventoryApplicationFile\msedge.exe|176e8f5f2f3b4b8d\LowerCaseLongPath</Data>
<Data Name="Details">c:\program files (x86)\microsoft\edgecore\135.0.3179.73\msedge.exe</Data>
<Data Name="User">NT AUTHORITY\SYSTEM</Data>
</EventData>
</Event>

<Event xmlns="http://schemas.microsoft.com/win/2004/08/events/event"><System><Provider Name="Microsoft-Windows-Sysmon" Guid="{5770385f-c22a-43e0-bf4c-06f5698ffbd9}"></Provider>
<EventID Qualifiers="">13</EventID>
<Version>2</Version>
<Level>4</Level>
<Task>13</Task>
<Opcode>0</Opcode>
<Keywords>0x8000000000000000</Keywords>
<TimeCreated SystemTime="2025-04-24 05:08:02.553291+00:00"></TimeCreated>
<EventRecordID>396</EventRecordID>
<Correlation ActivityID="" RelatedActivityID=""></Correlation>
<Execution ProcessID="3288" ThreadID="3532"></Execution>
<Channel>Microsoft-Windows-Sysmon/Operational</Channel>
<Computer>DESKTOP-RL1K13Q</Computer>
<Security UserID="S-1-5-18"></Security>
</System>
<EventData><Data Name="RuleName">InvDB-Pub</Data>
<Data Name="EventType">SetValue</Data>
<Data Name="UtcTime">2025-04-24 05:08:02.538</Data>
<Data Name="ProcessGuid">{59d32d4f-c6ec-6809-d800-000000001500}</Data>
<Data Name="ProcessId">5384</Data>
<Data Name="Image">C:\Windows\system32\CompatTelRunner.exe</Data>
<Data Name="TargetObject">\REGISTRY\A\{62ff99c8-dfc3-9e30-47dc-3e55891c7ff4}\Root\InventoryApplicationFile\msedge.exe|176e8f5f2f3b4b8d\Publisher</Data>
<Data Name="Details">microsoft corporation</Data>
<Data Name="User">NT AUTHORITY\SYSTEM</Data>
</EventData>
</Event>

<Event xmlns="http://schemas.microsoft.com/win/2004/08/events/event"><System><Provider Name="Microsoft-Windows-Sysmon" Guid="{5770385f-c22a-43e0-bf4c-06f5698ffbd9}"></Provider>
<EventID Qualifiers="">13</EventID>
<Version>2</Version>
<Level>4</Level>
<Task>13</Task>
<Opcode>0</Opcode>
<Keywords>0x8000000000000000</Keywords>
<TimeCreated SystemTime="2025-04-24 05:08:02.554745+00:00"></TimeCreated>
<EventRecordID>397</EventRecordID>
<Correlation ActivityID="" RelatedActivityID=""></Correlation>
<Execution ProcessID="3288" ThreadID="3532"></Execution>
<Channel>Microsoft-Windows-Sysmon/Operational</Channel>
<Computer>DESKTOP-RL1K13Q</Computer>
<Security UserID="S-1-5-18"></Security>
</System>
<EventData><Data Name="RuleName">InvDB-CompileTimeClaim</Data>
<Data Name="EventType">SetValue</Data>
<Data Name="UtcTime">2025-04-24 05:08:02.538</Data>
<Data Name="ProcessGuid">{59d32d4f-c6ec-6809-d800-000000001500}</Data>
<Data Name="ProcessId">5384</Data>
<Data Name="Image">C:\Windows\system32\CompatTelRunner.exe</Data>
<Data Name="TargetObject">\REGISTRY\A\{62ff99c8-dfc3-9e30-47dc-3e55891c7ff4}\Root\InventoryApplicationFile\msedge.exe|176e8f5f2f3b4b8d\LinkDate</Data>
<Data Name="Details">04/11/2025 01:33:03</Data>
<Data Name="User">NT AUTHORITY\SYSTEM</Data>
</EventData>
</Event>

<Event xmlns="http://schemas.microsoft.com/win/2004/08/events/event"><System><Provider Name="Microsoft-Windows-Sysmon" Guid="{5770385f-c22a-43e0-bf4c-06f5698ffbd9}"></Provider>
<EventID Qualifiers="">13</EventID>
<Version>2</Version>
<Level>4</Level>
<Task>13</Task>
<Opcode>0</Opcode>
<Keywords>0x8000000000000000</Keywords>
<TimeCreated SystemTime="2025-04-24 05:08:02.554930+00:00"></TimeCreated>
<EventRecordID>398</EventRecordID>
<Correlation ActivityID="" RelatedActivityID=""></Correlation>
<Execution ProcessID="3288" ThreadID="3532"></Execution>
<Channel>Microsoft-Windows-Sysmon/Operational</Channel>
<Computer>DESKTOP-RL1K13Q</Computer>
<Security UserID="S-1-5-18"></Security>
</System>
<EventData><Data Name="RuleName">InvDB-Ver</Data>
<Data Name="EventType">SetValue</Data>
<Data Name="UtcTime">2025-04-24 05:08:02.538</Data>
<Data Name="ProcessGuid">{59d32d4f-c6ec-6809-d800-000000001500}</Data>
<Data Name="ProcessId">5384</Data>
<Data Name="Image">C:\Windows\system32\CompatTelRunner.exe</Data>
<Data Name="TargetObject">\REGISTRY\A\{62ff99c8-dfc3-9e30-47dc-3e55891c7ff4}\Root\InventoryApplicationFile\msedge.exe|176e8f5f2f3b4b8d\BinProductVersion</Data>
<Data Name="Details">135.0.3179.73</Data>
<Data Name="User">NT AUTHORITY\SYSTEM</Data>
</EventData>
</Event>

<Event xmlns="http://schemas.microsoft.com/win/2004/08/events/event"><System><Provider Name="Microsoft-Windows-Sysmon" Guid="{5770385f-c22a-43e0-bf4c-06f5698ffbd9}"></Provider>
<EventID Qualifiers="">13</EventID>
<Version>2</Version>
<Level>4</Level>
<Task>13</Task>
<Opcode>0</Opcode>
<Keywords>0x8000000000000000</Keywords>
<TimeCreated SystemTime="2025-04-24 05:08:02.581089+00:00"></TimeCreated>
<EventRecordID>399</EventRecordID>
<Correlation ActivityID="" RelatedActivityID=""></Correlation>
<Execution ProcessID="3288" ThreadID="3532"></Execution>
<Channel>Microsoft-Windows-Sysmon/Operational</Channel>
<Computer>DESKTOP-RL1K13Q</Computer>
<Security UserID="S-1-5-18"></Security>
</System>
<EventData><Data Name="RuleName">InvDB-Path</Data>
<Data Name="EventType">SetValue</Data>
<Data Name="UtcTime">2025-04-24 05:08:02.570</Data>
<Data Name="ProcessGuid">{59d32d4f-c6ec-6809-d800-000000001500}</Data>
<Data Name="ProcessId">5384</Data>
<Data Name="Image">C:\Windows\system32\CompatTelRunner.exe</Data>
<Data Name="TargetObject">\REGISTRY\A\{62ff99c8-dfc3-9e30-47dc-3e55891c7ff4}\Root\InventoryApplicationFile\msedge.exe|88178447f28cb3d\LowerCaseLongPath</Data>
<Data Name="Details">c:\program files (x86)\microsoft\edge\application\135.0.3179.73\msedge.exe</Data>
<Data Name="User">NT AUTHORITY\SYSTEM</Data>
</EventData>
</Event>

<Event xmlns="http://schemas.microsoft.com/win/2004/08/events/event"><System><Provider Name="Microsoft-Windows-Sysmon" Guid="{5770385f-c22a-43e0-bf4c-06f5698ffbd9}"></Provider>
<EventID Qualifiers="">13</EventID>
<Version>2</Version>
<Level>4</Level>
<Task>13</Task>
<Opcode>0</Opcode>
<Keywords>0x8000000000000000</Keywords>
<TimeCreated SystemTime="2025-04-24 05:08:02.582561+00:00"></TimeCreated>
<EventRecordID>400</EventRecordID>
<Correlation ActivityID="" RelatedActivityID=""></Correlation>
<Execution ProcessID="3288" ThreadID="3532"></Execution>
<Channel>Microsoft-Windows-Sysmon/Operational</Channel>
<Computer>DESKTOP-RL1K13Q</Computer>
<Security UserID="S-1-5-18"></Security>
</System>
<EventData><Data Name="RuleName">InvDB-Pub</Data>
<Data Name="EventType">SetValue</Data>
<Data Name="UtcTime">2025-04-24 05:08:02.570</Data>
<Data Name="ProcessGuid">{59d32d4f-c6ec-6809-d800-000000001500}</Data>
<Data Name="ProcessId">5384</Data>
<Data Name="Image">C:\Windows\system32\CompatTelRunner.exe</Data>
<Data Name="TargetObject">\REGISTRY\A\{62ff99c8-dfc3-9e30-47dc-3e55891c7ff4}\Root\InventoryApplicationFile\msedge.exe|88178447f28cb3d\Publisher</Data>
<Data Name="Details">microsoft corporation</Data>
<Data Name="User">NT AUTHORITY\SYSTEM</Data>
</EventData>
</Event>

<Event xmlns="http://schemas.microsoft.com/win/2004/08/events/event"><System><Provider Name="Microsoft-Windows-Sysmon" Guid="{5770385f-c22a-43e0-bf4c-06f5698ffbd9}"></Provider>
<EventID Qualifiers="">13</EventID>
<Version>2</Version>
<Level>4</Level>
<Task>13</Task>
<Opcode>0</Opcode>
<Keywords>0x8000000000000000</Keywords>
<TimeCreated SystemTime="2025-04-24 05:08:02.583523+00:00"></TimeCreated>
<EventRecordID>401</EventRecordID>
<Correlation ActivityID="" RelatedActivityID=""></Correlation>
<Execution ProcessID="3288" ThreadID="3532"></Execution>
<Channel>Microsoft-Windows-Sysmon/Operational</Channel>
<Computer>DESKTOP-RL1K13Q</Computer>
<Security UserID="S-1-5-18"></Security>
</System>
<EventData><Data Name="RuleName">InvDB-CompileTimeClaim</Data>
<Data Name="EventType">SetValue</Data>
<Data Name="UtcTime">2025-04-24 05:08:02.570</Data>
<Data Name="ProcessGuid">{59d32d4f-c6ec-6809-d800-000000001500}</Data>
<Data Name="ProcessId">5384</Data>
<Data Name="Image">C:\Windows\system32\CompatTelRunner.exe</Data>
<Data Name="TargetObject">\REGISTRY\A\{62ff99c8-dfc3-9e30-47dc-3e55891c7ff4}\Root\InventoryApplicationFile\msedge.exe|88178447f28cb3d\LinkDate</Data>
<Data Name="Details">04/11/2025 01:33:03</Data>
<Data Name="User">NT AUTHORITY\SYSTEM</Data>
</EventData>
</Event>

