<Event xmlns="http://schemas.microsoft.com/win/2004/08/events/event"><System><Provider Name="Microsoft-Windows-Sysmon" Guid="{5770385f-c22a-43e0-bf4c-06f5698ffbd9}"></Provider>
<EventID Qualifiers="">1</EventID>
<Version>5</Version>
<Level>4</Level>
<Task>1</Task>
<Opcode>0</Opcode>
<Keywords>0x8000000000000000</Keywords>
<TimeCreated SystemTime="2025-04-24 05:06:54.567457+00:00"></TimeCreated>
<EventRecordID>222</EventRecordID>
<Correlation ActivityID="" RelatedActivityID=""></Correlation>
<Execution ProcessID="3288" ThreadID="3532"></Execution>
<Channel>Microsoft-Windows-Sysmon/Operational</Channel>
<Computer>DESKTOP-RL1K13Q</Computer>
<Security UserID="S-1-5-18"></Security>
</System>
<EventData><Data Name="RuleName">-</Data>
<Data Name="UtcTime">2025-04-24 05:06:54.546</Data>
<Data Name="ProcessGuid">{59d32d4f-c6ee-6809-dd00-000000001500}</Data>
<Data Name="ProcessId">5836</Data>
<Data Name="Image">C:\Windows\SysWOW64\cmd.exe</Data>
<Data Name="FileVersion">10.0.19041.3636 (WinBuild.160101.0800)</Data>
<Data Name="Description">Windows Command Processor</Data>
<Data Name="Product">Microsoft&#174; Windows&#174; Operating System</Data>
<Data Name="Company">Microsoft Corporation</Data>
<Data Name="OriginalFileName">Cmd.Exe</Data>
<Data Name="CommandLine">"C:\Windows\system32\cmd.exe" /Q /C ""C:\Program Files (x86)\Google\GoogleUpdater\126.0.6462.0\uninstall.cmd" --dir="C:\Program Files (x86)\Google\GoogleUpdater\126.0.6462.0""</Data>
<Data Name="CurrentDirectory">C:\Windows\system32\</Data>
<Data Name="User">NT AUTHORITY\SYSTEM</Data>
<Data Name="LogonGuid">{59d32d4f-c62e-6809-e703-000000000000}</Data>
<Data Name="LogonId">0x00000000000003e7</Data>
<Data Name="TerminalSessionId">0</Data>
<Data Name="IntegrityLevel">System</Data>
<Data Name="Hashes">MD5=D3348AC2130C7E754754A6E9CB053B09,SHA256=E9EF013238495BFFCE7459E059BFFE340A0F08B439EC94E7D4436F4E13714ECD,IMPHASH=392B4D61B1D1DADC1F06444DF258188A</Data>
<Data Name="ParentProcessGuid">{59d32d4f-c6ee-6809-db00-000000001500}</Data>
<Data Name="ParentProcessId">1984</Data>
<Data Name="ParentImage">C:\Program Files (x86)\Google\GoogleUpdater\126.0.6462.0\updater.exe</Data>
<Data Name="ParentCommandLine">"C:\Program Files (x86)\Google\GoogleUpdater\126.0.6462.0\updater.exe" --uninstall-self --system</Data>
<Data Name="ParentUser">NT AUTHORITY\SYSTEM</Data>
</EventData>
</Event>

<Event xmlns="http://schemas.microsoft.com/win/2004/08/events/event"><System><Provider Name="Microsoft-Windows-Sysmon" Guid="{5770385f-c22a-43e0-bf4c-06f5698ffbd9}"></Provider>
<EventID Qualifiers="">22</EventID>
<Version>5</Version>
<Level>4</Level>
<Task>22</Task>
<Opcode>0</Opcode>
<Keywords>0x8000000000000000</Keywords>
<TimeCreated SystemTime="2025-04-24 05:06:59.243107+00:00"></TimeCreated>
<EventRecordID>223</EventRecordID>
<Correlation ActivityID="" RelatedActivityID=""></Correlation>
<Execution ProcessID="3288" ThreadID="1836"></Execution>
<Channel>Microsoft-Windows-Sysmon/Operational</Channel>
<Computer>DESKTOP-RL1K13Q</Computer>
<Security UserID="S-1-5-18"></Security>
</System>
<EventData><Data Name="RuleName">-</Data>
<Data Name="UtcTime">2025-04-24 05:06:58.176</Data>
<Data Name="ProcessGuid">{59d32d4f-c6ec-6809-d800-000000001500}</Data>
<Data Name="ProcessId">5384</Data>
<Data Name="QueryName">DESKTOP-RL1K13Q</Data>
<Data Name="QueryStatus">0</Data>
<Data Name="QueryResults">fe80::c3f9:1e0f:fc22:8c2f;::ffff:192.168.80.9;</Data>
<Data Name="Image">C:\Windows\System32\CompatTelRunner.exe</Data>
<Data Name="User">NT AUTHORITY\SYSTEM</Data>
</EventData>
</Event>

<Event xmlns="http://schemas.microsoft.com/win/2004/08/events/event"><System><Provider Name="Microsoft-Windows-Sysmon" Guid="{5770385f-c22a-43e0-bf4c-06f5698ffbd9}"></Provider>
<EventID Qualifiers="">1</EventID>
<Version>5</Version>
<Level>4</Level>
<Task>1</Task>
<Opcode>0</Opcode>
<Keywords>0x8000000000000000</Keywords>
<TimeCreated SystemTime="2025-04-24 05:07:03.791378+00:00"></TimeCreated>
<EventRecordID>224</EventRecordID>
<Correlation ActivityID="" RelatedActivityID=""></Correlation>
<Execution ProcessID="3288" ThreadID="3532"></Execution>
<Channel>Microsoft-Windows-Sysmon/Operational</Channel>
<Computer>DESKTOP-RL1K13Q</Computer>
<Security UserID="S-1-5-18"></Security>
</System>
<EventData><Data Name="RuleName">-</Data>
<Data Name="UtcTime">2025-04-24 05:07:03.785</Data>
<Data Name="ProcessGuid">{59d32d4f-c6f7-6809-df00-000000001500}</Data>
<Data Name="ProcessId">1084</Data>
<Data Name="Image">C:\Program Files (x86)\Microsoft\EdgeUpdate\MicrosoftEdgeUpdate.exe</Data>
<Data Name="FileVersion">1.3.133.5</Data>
<Data Name="Description">Microsoft Edge Update</Data>
<Data Name="Product">Microsoft Edge Update</Data>
<Data Name="Company">Microsoft Corporation</Data>
<Data Name="OriginalFileName">msedgeupdate.dll</Data>
<Data Name="CommandLine">"C:\Program Files (x86)\Microsoft\EdgeUpdate\MicrosoftEdgeUpdate.exe" /svc</Data>
<Data Name="CurrentDirectory">C:\Windows\system32\</Data>
<Data Name="User">NT AUTHORITY\SYSTEM</Data>
<Data Name="LogonGuid">{59d32d4f-c62e-6809-e703-000000000000}</Data>
<Data Name="LogonId">0x00000000000003e7</Data>
<Data Name="TerminalSessionId">0</Data>
<Data Name="IntegrityLevel">System</Data>
<Data Name="Hashes">MD5=B55AD19C6C110E9BF985BC8674F7BCB3,SHA256=9991BA022173F283EE99068B708F60AC5143FE0C81C9E3673CC7835B108A4F44,IMPHASH=30AD68B9DC9737D8C720DD9284051ADD</Data>
<Data Name="ParentProcessGuid">{59d32d4f-c62d-6809-0b00-000000001500}</Data>
<Data Name="ParentProcessId">696</Data>
<Data Name="ParentImage">C:\Windows\System32\services.exe</Data>
<Data Name="ParentCommandLine">C:\Windows\system32\services.exe</Data>
<Data Name="ParentUser">NT AUTHORITY\SYSTEM</Data>
</EventData>
</Event>

<Event xmlns="http://schemas.microsoft.com/win/2004/08/events/event"><System><Provider Name="Microsoft-Windows-Sysmon" Guid="{5770385f-c22a-43e0-bf4c-06f5698ffbd9}"></Provider>
<EventID Qualifiers="">1</EventID>
<Version>5</Version>
<Level>4</Level>
<Task>1</Task>
<Opcode>0</Opcode>
<Keywords>0x8000000000000000</Keywords>
<TimeCreated SystemTime="2025-04-24 05:07:23.863417+00:00"></TimeCreated>
<EventRecordID>225</EventRecordID>
<Correlation ActivityID="" RelatedActivityID=""></Correlation>
<Execution ProcessID="3288" ThreadID="3532"></Execution>
<Channel>Microsoft-Windows-Sysmon/Operational</Channel>
<Computer>DESKTOP-RL1K13Q</Computer>
<Security UserID="S-1-5-18"></Security>
</System>
<EventData><Data Name="RuleName">-</Data>
<Data Name="UtcTime">2025-04-24 05:07:23.856</Data>
<Data Name="ProcessGuid">{59d32d4f-c70b-6809-e000-000000001500}</Data>
<Data Name="ProcessId">1192</Data>
<Data Name="Image">C:\Windows\System32\svchost.exe</Data>
<Data Name="FileVersion">10.0.19041.3636 (WinBuild.160101.0800)</Data>
<Data Name="Description">Host Process for Windows Services</Data>
<Data Name="Product">Microsoft&#174; Windows&#174; Operating System</Data>
<Data Name="Company">Microsoft Corporation</Data>
<Data Name="OriginalFileName">svchost.exe</Data>
<Data Name="CommandLine">C:\Windows\system32\svchost.exe -k LocalSystemNetworkRestricted -p -s PcaSvc</Data>
<Data Name="CurrentDirectory">C:\Windows\system32\</Data>
<Data Name="User">NT AUTHORITY\SYSTEM</Data>
<Data Name="LogonGuid">{59d32d4f-c62e-6809-e703-000000000000}</Data>
<Data Name="LogonId">0x00000000000003e7</Data>
<Data Name="TerminalSessionId">0</Data>
<Data Name="IntegrityLevel">System</Data>
<Data Name="Hashes">MD5=145DCF6706EEEA5B066885EE17964C09,SHA256=F13DE58416730D210DAB465B242E9C949FB0A0245EEF45B07C381F0C6C8A43C3,IMPHASH=247B9220E5D9B720A82B2C8B5069AD69</Data>
<Data Name="ParentProcessGuid">{59d32d4f-c62d-6809-0b00-000000001500}</Data>
<Data Name="ParentProcessId">696</Data>
<Data Name="ParentImage">C:\Windows\System32\services.exe</Data>
<Data Name="ParentCommandLine">C:\Windows\system32\services.exe</Data>
<Data Name="ParentUser">NT AUTHORITY\SYSTEM</Data>
</EventData>
</Event>

<Event xmlns="http://schemas.microsoft.com/win/2004/08/events/event"><System><Provider Name="Microsoft-Windows-Sysmon" Guid="{5770385f-c22a-43e0-bf4c-06f5698ffbd9}"></Provider>
<EventID Qualifiers="">13</EventID>
<Version>2</Version>
<Level>4</Level>
<Task>13</Task>
<Opcode>0</Opcode>
<Keywords>0x8000000000000000</Keywords>
<TimeCreated SystemTime="2025-04-24 05:07:28.841549+00:00"></TimeCreated>
<EventRecordID>226</EventRecordID>
<Correlation ActivityID="" RelatedActivityID=""></Correlation>
<Execution ProcessID="3288" ThreadID="3532"></Execution>
<Channel>Microsoft-Windows-Sysmon/Operational</Channel>
<Computer>DESKTOP-RL1K13Q</Computer>
<Security UserID="S-1-5-18"></Security>
</System>
<EventData><Data Name="RuleName">InvDB-DriverVer</Data>
<Data Name="EventType">SetValue</Data>
<Data Name="UtcTime">2025-04-24 05:07:28.819</Data>
<Data Name="ProcessGuid">{59d32d4f-c6ec-6809-d800-000000001500}</Data>
<Data Name="ProcessId">5384</Data>
<Data Name="Image">C:\Windows\system32\CompatTelRunner.exe</Data>
<Data Name="TargetObject">\REGISTRY\A\{62ff99c8-dfc3-9e30-47dc-3e55891c7ff4}\Root\InventoryDevicePnp\acpi/genuineintel_-_intel64_family_6_model_186_-_13th_gen_intel(r)_core(tm)_i7-13700h/_0\DriverVerVersion</Data>
<Data Name="Details">10.0.19041.3996</Data>
<Data Name="User">NT AUTHORITY\SYSTEM</Data>
</EventData>
</Event>

<Event xmlns="http://schemas.microsoft.com/win/2004/08/events/event"><System><Provider Name="Microsoft-Windows-Sysmon" Guid="{5770385f-c22a-43e0-bf4c-06f5698ffbd9}"></Provider>
<EventID Qualifiers="">13</EventID>
<Version>2</Version>
<Level>4</Level>
<Task>13</Task>
<Opcode>0</Opcode>
<Keywords>0x8000000000000000</Keywords>
<TimeCreated SystemTime="2025-04-24 05:07:28.848326+00:00"></TimeCreated>
<EventRecordID>227</EventRecordID>
<Correlation ActivityID="" RelatedActivityID=""></Correlation>
<Execution ProcessID="3288" ThreadID="3532"></Execution>
<Channel>Microsoft-Windows-Sysmon/Operational</Channel>
<Computer>DESKTOP-RL1K13Q</Computer>
<Security UserID="S-1-5-18"></Security>
</System>
<EventData><Data Name="RuleName">InvDB-DriverVer</Data>
<Data Name="EventType">SetValue</Data>
<Data Name="UtcTime">2025-04-24 05:07:28.835</Data>
<Data Name="ProcessGuid">{59d32d4f-c6ec-6809-d800-000000001500}</Data>
<Data Name="ProcessId">5384</Data>
<Data Name="Image">C:\Windows\system32\CompatTelRunner.exe</Data>
<Data Name="TargetObject">\REGISTRY\A\{62ff99c8-dfc3-9e30-47dc-3e55891c7ff4}\Root\InventoryDevicePnp\acpi/genuineintel_-_intel64_family_6_model_186_-_13th_gen_intel(r)_core(tm)_i7-13700h/_1\DriverVerVersion</Data>
<Data Name="Details">10.0.19041.3996</Data>
<Data Name="User">NT AUTHORITY\SYSTEM</Data>
</EventData>
</Event>

<Event xmlns="http://schemas.microsoft.com/win/2004/08/events/event"><System><Provider Name="Microsoft-Windows-Sysmon" Guid="{5770385f-c22a-43e0-bf4c-06f5698ffbd9}"></Provider>
<EventID Qualifiers="">13</EventID>
<Version>2</Version>
<Level>4</Level>
<Task>13</Task>
<Opcode>0</Opcode>
<Keywords>0x8000000000000000</Keywords>
<TimeCreated SystemTime="2025-04-24 05:07:28.881083+00:00"></TimeCreated>
<EventRecordID>228</EventRecordID>
<Correlation ActivityID="" RelatedActivityID=""></Correlation>
<Execution ProcessID="3288" ThreadID="3532"></Execution>
<Channel>Microsoft-Windows-Sysmon/Operational</Channel>
<Computer>DESKTOP-RL1K13Q</Computer>
<Security UserID="S-1-5-18"></Security>
</System>
<EventData><Data Name="RuleName">Context,DeviceConnectedOrUpdated</Data>
<Data Name="EventType">SetValue</Data>
<Data Name="UtcTime">2025-04-24 05:07:28.866</Data>
<Data Name="ProcessGuid">{59d32d4f-c6ec-6809-d800-000000001500}</Data>
<Data Name="ProcessId">5384</Data>
<Data Name="Image">C:\Windows\system32\CompatTelRunner.exe</Data>
<Data Name="TargetObject">\REGISTRY\A\{62ff99c8-dfc3-9e30-47dc-3e55891c7ff4}\Root\InventoryDeviceContainer\{b9980b15-ab1e-ea18-5135-4d6d80d455bb}\FriendlyName</Data>
<Data Name="Details">(Empty)</Data>
<Data Name="User">NT AUTHORITY\SYSTEM</Data>
</EventData>
</Event>

<Event xmlns="http://schemas.microsoft.com/win/2004/08/events/event"><System><Provider Name="Microsoft-Windows-Sysmon" Guid="{5770385f-c22a-43e0-bf4c-06f5698ffbd9}"></Provider>
<EventID Qualifiers="">13</EventID>
<Version>2</Version>
<Level>4</Level>
<Task>13</Task>
<Opcode>0</Opcode>
<Keywords>0x8000000000000000</Keywords>
<TimeCreated SystemTime="2025-04-24 05:07:28.909651+00:00"></TimeCreated>
<EventRecordID>229</EventRecordID>
<Correlation ActivityID="" RelatedActivityID=""></Correlation>
<Execution ProcessID="3288" ThreadID="3532"></Execution>
<Channel>Microsoft-Windows-Sysmon/Operational</Channel>
<Computer>DESKTOP-RL1K13Q</Computer>
<Security UserID="S-1-5-18"></Security>
</System>
<EventData><Data Name="RuleName">InvDB-DriverVer</Data>
<Data Name="EventType">SetValue</Data>
<Data Name="UtcTime">2025-04-24 05:07:28.897</Data>
<Data Name="ProcessGuid">{59d32d4f-c6ec-6809-d800-000000001500}</Data>
<Data Name="ProcessId">5384</Data>
<Data Name="Image">C:\Windows\system32\CompatTelRunner.exe</Data>
<Data Name="TargetObject">\REGISTRY\A\{62ff99c8-dfc3-9e30-47dc-3e55891c7ff4}\Root\InventoryDevicePnp\hid/vid_0e0f&amp;pid_0003&amp;mi_00/8&amp;367bfb7c&amp;0&amp;0000\DriverVerVersion</Data>
<Data Name="Details">12.5.12.0</Data>
<Data Name="User">NT AUTHORITY\SYSTEM</Data>
</EventData>
</Event>

<Event xmlns="http://schemas.microsoft.com/win/2004/08/events/event"><System><Provider Name="Microsoft-Windows-Sysmon" Guid="{5770385f-c22a-43e0-bf4c-06f5698ffbd9}"></Provider>
<EventID Qualifiers="">13</EventID>
<Version>2</Version>
<Level>4</Level>
<Task>13</Task>
<Opcode>0</Opcode>
<Keywords>0x8000000000000000</Keywords>
<TimeCreated SystemTime="2025-04-24 05:07:30.483398+00:00"></TimeCreated>
<EventRecordID>230</EventRecordID>
<Correlation ActivityID="" RelatedActivityID=""></Correlation>
<Execution ProcessID="3288" ThreadID="3532"></Execution>
<Channel>Microsoft-Windows-Sysmon/Operational</Channel>
<Computer>DESKTOP-RL1K13Q</Computer>
<Security UserID="S-1-5-18"></Security>
</System>
<EventData><Data Name="RuleName">InvDB-DriverVer</Data>
<Data Name="EventType">SetValue</Data>
<Data Name="UtcTime">2025-04-24 05:07:30.444</Data>
<Data Name="ProcessGuid">{59d32d4f-c6ec-6809-d800-000000001500}</Data>
<Data Name="ProcessId">5384</Data>
<Data Name="Image">C:\Windows\system32\CompatTelRunner.exe</Data>
<Data Name="TargetObject">\REGISTRY\A\{62ff99c8-dfc3-9e30-47dc-3e55891c7ff4}\Root\InventoryDriverBinary\c:/windows/system32/drivers/wd/ksld.sys\DriverVersion</Data>
<Data Name="Details">1.1.25021.64020</Data>
<Data Name="User">NT AUTHORITY\SYSTEM</Data>
</EventData>
</Event>

<Event xmlns="http://schemas.microsoft.com/win/2004/08/events/event"><System><Provider Name="Microsoft-Windows-Sysmon" Guid="{5770385f-c22a-43e0-bf4c-06f5698ffbd9}"></Provider>
<EventID Qualifiers="">13</EventID>
<Version>2</Version>
<Level>4</Level>
<Task>13</Task>
<Opcode>0</Opcode>
<Keywords>0x8000000000000000</Keywords>
<TimeCreated SystemTime="2025-04-24 05:07:30.893532+00:00"></TimeCreated>
<EventRecordID>231</EventRecordID>
<Correlation ActivityID="" RelatedActivityID=""></Correlation>
<Execution ProcessID="3288" ThreadID="3532"></Execution>
<Channel>Microsoft-Windows-Sysmon/Operational</Channel>
<Computer>DESKTOP-RL1K13Q</Computer>
<Security UserID="S-1-5-18"></Security>
</System>
<EventData><Data Name="RuleName">InvDB-DriverVer</Data>
<Data Name="EventType">SetValue</Data>
<Data Name="UtcTime">2025-04-24 05:07:30.881</Data>
<Data Name="ProcessGuid">{59d32d4f-c6ec-6809-d800-000000001500}</Data>
<Data Name="ProcessId">5384</Data>
<Data Name="Image">C:\Windows\system32\CompatTelRunner.exe</Data>
<Data Name="TargetObject">\REGISTRY\A\{62ff99c8-dfc3-9e30-47dc-3e55891c7ff4}\Root\InventoryDriverBinary\c:/windows/system32/drivers/vm3dmp.sys\DriverVersion</Data>
<Data Name="Details">9.17.7.2</Data>
<Data Name="User">NT AUTHORITY\SYSTEM</Data>
</EventData>
</Event>

<Event xmlns="http://schemas.microsoft.com/win/2004/08/events/event"><System><Provider Name="Microsoft-Windows-Sysmon" Guid="{5770385f-c22a-43e0-bf4c-06f5698ffbd9}"></Provider>
<EventID Qualifiers="">13</EventID>
<Version>2</Version>
<Level>4</Level>
<Task>13</Task>
<Opcode>0</Opcode>
<Keywords>0x8000000000000000</Keywords>
<TimeCreated SystemTime="2025-04-24 05:07:30.933723+00:00"></TimeCreated>
<EventRecordID>232</EventRecordID>
<Correlation ActivityID="" RelatedActivityID=""></Correlation>
<Execution ProcessID="3288" ThreadID="3532"></Execution>
<Channel>Microsoft-Windows-Sysmon/Operational</Channel>
<Computer>DESKTOP-RL1K13Q</Computer>
<Security UserID="S-1-5-18"></Security>
</System>
<EventData><Data Name="RuleName">InvDB-DriverVer</Data>
<Data Name="EventType">SetValue</Data>
<Data Name="UtcTime">2025-04-24 05:07:30.913</Data>
<Data Name="ProcessGuid">{59d32d4f-c6ec-6809-d800-000000001500}</Data>
<Data Name="ProcessId">5384</Data>
<Data Name="Image">C:\Windows\system32\CompatTelRunner.exe</Data>
<Data Name="TargetObject">\REGISTRY\A\{62ff99c8-dfc3-9e30-47dc-3e55891c7ff4}\Root\InventoryDriverBinary\c:/windows/system32/drivers/vm3dmp-debug.sys\DriverVersion</Data>
<Data Name="Details">9.17.7.2</Data>
<Data Name="User">NT AUTHORITY\SYSTEM</Data>
</EventData>
</Event>

<Event xmlns="http://schemas.microsoft.com/win/2004/08/events/event"><System><Provider Name="Microsoft-Windows-Sysmon" Guid="{5770385f-c22a-43e0-bf4c-06f5698ffbd9}"></Provider>
<EventID Qualifiers="">13</EventID>
<Version>2</Version>
<Level>4</Level>
<Task>13</Task>
<Opcode>0</Opcode>
<Keywords>0x8000000000000000</Keywords>
<TimeCreated SystemTime="2025-04-24 05:07:30.995871+00:00"></TimeCreated>
<EventRecordID>233</EventRecordID>
<Correlation ActivityID="" RelatedActivityID=""></Correlation>
<Execution ProcessID="3288" ThreadID="3532"></Execution>
<Channel>Microsoft-Windows-Sysmon/Operational</Channel>
<Computer>DESKTOP-RL1K13Q</Computer>
<Security UserID="S-1-5-18"></Security>
</System>
<EventData><Data Name="RuleName">InvDB-DriverVer</Data>
<Data Name="EventType">SetValue</Data>
<Data Name="UtcTime">2025-04-24 05:07:30.960</Data>
<Data Name="ProcessGuid">{59d32d4f-c6ec-6809-d800-000000001500}</Data>
<Data Name="ProcessId">5384</Data>
<Data Name="Image">C:\Windows\system32\CompatTelRunner.exe</Data>
<Data Name="TargetObject">\REGISTRY\A\{62ff99c8-dfc3-9e30-47dc-3e55891c7ff4}\Root\InventoryDriverBinary\c:/windows/system32/drivers/vm3dmp-stats.sys\DriverVersion</Data>
<Data Name="Details">9.17.7.2</Data>
<Data Name="User">NT AUTHORITY\SYSTEM</Data>
</EventData>
</Event>

<Event xmlns="http://schemas.microsoft.com/win/2004/08/events/event"><System><Provider Name="Microsoft-Windows-Sysmon" Guid="{5770385f-c22a-43e0-bf4c-06f5698ffbd9}"></Provider>
<EventID Qualifiers="">13</EventID>
<Version>2</Version>
<Level>4</Level>
<Task>13</Task>
<Opcode>0</Opcode>
<Keywords>0x8000000000000000</Keywords>
<TimeCreated SystemTime="2025-04-24 05:07:31.000509+00:00"></TimeCreated>
<EventRecordID>234</EventRecordID>
<Correlation ActivityID="" RelatedActivityID=""></Correlation>
<Execution ProcessID="3288" ThreadID="3532"></Execution>
<Channel>Microsoft-Windows-Sysmon/Operational</Channel>
<Computer>DESKTOP-RL1K13Q</Computer>
<Security UserID="S-1-5-18"></Security>
</System>
<EventData><Data Name="RuleName">InvDB-DriverVer</Data>
<Data Name="EventType">SetValue</Data>
<Data Name="UtcTime">2025-04-24 05:07:30.976</Data>
<Data Name="ProcessGuid">{59d32d4f-c6ec-6809-d800-000000001500}</Data>
<Data Name="ProcessId">5384</Data>
<Data Name="Image">C:\Windows\system32\CompatTelRunner.exe</Data>
<Data Name="TargetObject">\REGISTRY\A\{62ff99c8-dfc3-9e30-47dc-3e55891c7ff4}\Root\InventoryDriverBinary\c:/windows/system32/drivers/vm3dmp_loader.sys\DriverVersion</Data>
<Data Name="Details">9.17.7.2</Data>
<Data Name="User">NT AUTHORITY\SYSTEM</Data>
</EventData>
</Event>

<Event xmlns="http://schemas.microsoft.com/win/2004/08/events/event"><System><Provider Name="Microsoft-Windows-Sysmon" Guid="{5770385f-c22a-43e0-bf4c-06f5698ffbd9}"></Provider>
<EventID Qualifiers="">13</EventID>
<Version>2</Version>
<Level>4</Level>
<Task>13</Task>
<Opcode>0</Opcode>
<Keywords>0x8000000000000000</Keywords>
<TimeCreated SystemTime="2025-04-24 05:07:31.078165+00:00"></TimeCreated>
<EventRecordID>235</EventRecordID>
<Correlation ActivityID="" RelatedActivityID=""></Correlation>
<Execution ProcessID="3288" ThreadID="3532"></Execution>
<Channel>Microsoft-Windows-Sysmon/Operational</Channel>
<Computer>DESKTOP-RL1K13Q</Computer>
<Security UserID="S-1-5-18"></Security>
</System>
<EventData><Data Name="RuleName">InvDB-DriverVer</Data>
<Data Name="EventType">SetValue</Data>
<Data Name="UtcTime">2025-04-24 05:07:31.069</Data>
<Data Name="ProcessGuid">{59d32d4f-c6ec-6809-d800-000000001500}</Data>
<Data Name="ProcessId">5384</Data>
<Data Name="Image">C:\Windows\system32\CompatTelRunner.exe</Data>
<Data Name="TargetObject">\REGISTRY\A\{62ff99c8-dfc3-9e30-47dc-3e55891c7ff4}\Root\InventoryDriverBinary\c:/windows/system32/drivers/wd/wdboot.sys\DriverVersion</Data>
<Data Name="Details">4.18.25030.2</Data>
<Data Name="User">NT AUTHORITY\SYSTEM</Data>
</EventData>
</Event>

<Event xmlns="http://schemas.microsoft.com/win/2004/08/events/event"><System><Provider Name="Microsoft-Windows-Sysmon" Guid="{5770385f-c22a-43e0-bf4c-06f5698ffbd9}"></Provider>
<EventID Qualifiers="">13</EventID>
<Version>2</Version>
<Level>4</Level>
<Task>13</Task>
<Opcode>0</Opcode>
<Keywords>0x8000000000000000</Keywords>
<TimeCreated SystemTime="2025-04-24 05:07:31.142496+00:00"></TimeCreated>
<EventRecordID>236</EventRecordID>
<Correlation ActivityID="" RelatedActivityID=""></Correlation>
<Execution ProcessID="3288" ThreadID="3532"></Execution>
<Channel>Microsoft-Windows-Sysmon/Operational</Channel>
<Computer>DESKTOP-RL1K13Q</Computer>
<Security UserID="S-1-5-18"></Security>
</System>
<EventData><Data Name="RuleName">InvDB-DriverVer</Data>
<Data Name="EventType">SetValue</Data>
<Data Name="UtcTime">2025-04-24 05:07:31.116</Data>
<Data Name="ProcessGuid">{59d32d4f-c6ec-6809-d800-000000001500}</Data>
<Data Name="ProcessId">5384</Data>
<Data Name="Image">C:\Windows\system32\CompatTelRunner.exe</Data>
<Data Name="TargetObject">\REGISTRY\A\{62ff99c8-dfc3-9e30-47dc-3e55891c7ff4}\Root\InventoryDriverBinary\c:/windows/system32/drivers/wd/wdfilter.sys\DriverVersion</Data>
<Data Name="Details">4.18.25030.2</Data>
<Data Name="User">NT AUTHORITY\SYSTEM</Data>
</EventData>
</Event>

<Event xmlns="http://schemas.microsoft.com/win/2004/08/events/event"><System><Provider Name="Microsoft-Windows-Sysmon" Guid="{5770385f-c22a-43e0-bf4c-06f5698ffbd9}"></Provider>
<EventID Qualifiers="">13</EventID>
<Version>2</Version>
<Level>4</Level>
<Task>13</Task>
<Opcode>0</Opcode>
<Keywords>0x8000000000000000</Keywords>
<TimeCreated SystemTime="2025-04-24 05:07:31.163164+00:00"></TimeCreated>
<EventRecordID>237</EventRecordID>
<Correlation ActivityID="" RelatedActivityID=""></Correlation>
<Execution ProcessID="3288" ThreadID="3532"></Execution>
<Channel>Microsoft-Windows-Sysmon/Operational</Channel>
<Computer>DESKTOP-RL1K13Q</Computer>
<Security UserID="S-1-5-18"></Security>
</System>
<EventData><Data Name="RuleName">InvDB-DriverVer</Data>
<Data Name="EventType">SetValue</Data>
<Data Name="UtcTime">2025-04-24 05:07:31.148</Data>
<Data Name="ProcessGuid">{59d32d4f-c6ec-6809-d800-000000001500}</Data>
<Data Name="ProcessId">5384</Data>
<Data Name="Image">C:\Windows\system32\CompatTelRunner.exe</Data>
<Data Name="TargetObject">\REGISTRY\A\{62ff99c8-dfc3-9e30-47dc-3e55891c7ff4}\Root\InventoryDriverBinary\c:/windows/system32/drivers/wd/wdnisdrv.sys\DriverVersion</Data>
<Data Name="Details">4.18.25030.2</Data>
<Data Name="User">NT AUTHORITY\SYSTEM</Data>
</EventData>
</Event>

<Event xmlns="http://schemas.microsoft.com/win/2004/08/events/event"><System><Provider Name="Microsoft-Windows-Sysmon" Guid="{5770385f-c22a-43e0-bf4c-06f5698ffbd9}"></Provider>
<EventID Qualifiers="">1</EventID>
<Version>5</Version>
<Level>4</Level>
<Task>1</Task>
<Opcode>0</Opcode>
<Keywords>0x8000000000000000</Keywords>
<TimeCreated SystemTime="2025-04-24 05:07:36.389051+00:00"></TimeCreated>
<EventRecordID>238</EventRecordID>
<Correlation ActivityID="" RelatedActivityID=""></Correlation>
<Execution ProcessID="3288" ThreadID="3532"></Execution>
<Channel>Microsoft-Windows-Sysmon/Operational</Channel>
<Computer>DESKTOP-RL1K13Q</Computer>
<Security UserID="S-1-5-18"></Security>
</System>
<EventData><Data Name="RuleName">-</Data>
<Data Name="UtcTime">2025-04-24 05:07:36.381</Data>
<Data Name="ProcessGuid">{59d32d4f-c718-6809-e200-000000001500}</Data>
<Data Name="ProcessId">1536</Data>
<Data Name="Image">C:\Windows\System32\svchost.exe</Data>
<Data Name="FileVersion">10.0.19041.3636 (WinBuild.160101.0800)</Data>
<Data Name="Description">Host Process for Windows Services</Data>
<Data Name="Product">Microsoft&#174; Windows&#174; Operating System</Data>
<Data Name="Company">Microsoft Corporation</Data>
<Data Name="OriginalFileName">svchost.exe</Data>
<Data Name="CommandLine">C:\Windows\System32\svchost.exe -k smphost</Data>
<Data Name="CurrentDirectory">C:\Windows\system32\</Data>
<Data Name="User">NT AUTHORITY\NETWORK SERVICE</Data>
<Data Name="LogonGuid">{59d32d4f-c62f-6809-e403-000000000000}</Data>
<Data Name="LogonId">0x00000000000003e4</Data>
<Data Name="TerminalSessionId">0</Data>
<Data Name="IntegrityLevel">System</Data>
<Data Name="Hashes">MD5=145DCF6706EEEA5B066885EE17964C09,SHA256=F13DE58416730D210DAB465B242E9C949FB0A0245EEF45B07C381F0C6C8A43C3,IMPHASH=247B9220E5D9B720A82B2C8B5069AD69</Data>
<Data Name="ParentProcessGuid">{59d32d4f-c62d-6809-0b00-000000001500}</Data>
<Data Name="ParentProcessId">696</Data>
<Data Name="ParentImage">C:\Windows\System32\services.exe</Data>
<Data Name="ParentCommandLine">C:\Windows\system32\services.exe</Data>
<Data Name="ParentUser">NT AUTHORITY\SYSTEM</Data>
</EventData>
</Event>

<Event xmlns="http://schemas.microsoft.com/win/2004/08/events/event"><System><Provider Name="Microsoft-Windows-Sysmon" Guid="{5770385f-c22a-43e0-bf4c-06f5698ffbd9}"></Provider>
<EventID Qualifiers="">11</EventID>
<Version>2</Version>
<Level>4</Level>
<Task>11</Task>
<Opcode>0</Opcode>
<Keywords>0x8000000000000000</Keywords>
<TimeCreated SystemTime="2025-04-24 05:07:44.970892+00:00"></TimeCreated>
<EventRecordID>239</EventRecordID>
<Correlation ActivityID="" RelatedActivityID=""></Correlation>
<Execution ProcessID="3288" ThreadID="3532"></Execution>
<Channel>Microsoft-Windows-Sysmon/Operational</Channel>
<Computer>DESKTOP-RL1K13Q</Computer>
<Security UserID="S-1-5-18"></Security>
</System>
<EventData><Data Name="RuleName">EXE</Data>
<Data Name="UtcTime">2025-04-24 05:07:44.960</Data>
<Data Name="ProcessGuid">{59d32d4f-c6f7-6809-df00-000000001500}</Data>
<Data Name="ProcessId">1084</Data>
<Data Name="Image">C:\Program Files (x86)\Microsoft\EdgeUpdate\MicrosoftEdgeUpdate.exe</Data>
<Data Name="TargetFilename">C:\Program Files (x86)\Microsoft\EdgeUpdate\Download\{56EB18F8-B008-4CBD-B6D2-8C97FE7E9062}\135.0.3179.85\MicrosoftEdge_X64_135.0.3179.85_135.0.3179.73.exe</Data>
<Data Name="CreationUtcTime">2025-04-24 05:07:44.960</Data>
<Data Name="User">NT AUTHORITY\SYSTEM</Data>
</EventData>
</Event>

<Event xmlns="http://schemas.microsoft.com/win/2004/08/events/event"><System><Provider Name="Microsoft-Windows-Sysmon" Guid="{5770385f-c22a-43e0-bf4c-06f5698ffbd9}"></Provider>
<EventID Qualifiers="">1</EventID>
<Version>5</Version>
<Level>4</Level>
<Task>1</Task>
<Opcode>0</Opcode>
<Keywords>0x8000000000000000</Keywords>
<TimeCreated SystemTime="2025-04-24 05:07:47.662767+00:00"></TimeCreated>
<EventRecordID>240</EventRecordID>
<Correlation ActivityID="" RelatedActivityID=""></Correlation>
<Execution ProcessID="3288" ThreadID="3532"></Execution>
<Channel>Microsoft-Windows-Sysmon/Operational</Channel>
<Computer>DESKTOP-RL1K13Q</Computer>
<Security UserID="S-1-5-18"></Security>
</System>
<EventData><Data Name="RuleName">-</Data>
<Data Name="UtcTime">2025-04-24 05:07:47.631</Data>
<Data Name="ProcessGuid">{59d32d4f-c723-6809-e400-000000001500}</Data>
<Data Name="ProcessId">4508</Data>
<Data Name="Image">C:\Windows\System32\svchost.exe</Data>
<Data Name="FileVersion">10.0.19041.3636 (WinBuild.160101.0800)</Data>
<Data Name="Description">Host Process for Windows Services</Data>
<Data Name="Product">Microsoft&#174; Windows&#174; Operating System</Data>
<Data Name="Company">Microsoft Corporation</Data>
<Data Name="OriginalFileName">svchost.exe</Data>
<Data Name="CommandLine">C:\Windows\system32\svchost.exe -k WbioSvcGroup -s WbioSrvc</Data>
<Data Name="CurrentDirectory">C:\Windows\system32\</Data>
<Data Name="User">NT AUTHORITY\SYSTEM</Data>
<Data Name="LogonGuid">{59d32d4f-c62e-6809-e703-000000000000}</Data>
<Data Name="LogonId">0x00000000000003e7</Data>
<Data Name="TerminalSessionId">0</Data>
<Data Name="IntegrityLevel">System</Data>
<Data Name="Hashes">MD5=145DCF6706EEEA5B066885EE17964C09,SHA256=F13DE58416730D210DAB465B242E9C949FB0A0245EEF45B07C381F0C6C8A43C3,IMPHASH=247B9220E5D9B720A82B2C8B5069AD69</Data>
<Data Name="ParentProcessGuid">{59d32d4f-c62d-6809-0b00-000000001500}</Data>
<Data Name="ParentProcessId">696</Data>
<Data Name="ParentImage">C:\Windows\System32\services.exe</Data>
<Data Name="ParentCommandLine">C:\Windows\system32\services.exe</Data>
<Data Name="ParentUser">NT AUTHORITY\SYSTEM</Data>
</EventData>
</Event>

<Event xmlns="http://schemas.microsoft.com/win/2004/08/events/event"><System><Provider Name="Microsoft-Windows-Sysmon" Guid="{5770385f-c22a-43e0-bf4c-06f5698ffbd9}"></Provider>
<EventID Qualifiers="">1</EventID>
<Version>5</Version>
<Level>4</Level>
<Task>1</Task>
<Opcode>0</Opcode>
<Keywords>0x8000000000000000</Keywords>
<TimeCreated SystemTime="2025-04-24 05:07:50.417500+00:00"></TimeCreated>
<EventRecordID>241</EventRecordID>
<Correlation ActivityID="" RelatedActivityID=""></Correlation>
<Execution ProcessID="3288" ThreadID="3532"></Execution>
<Channel>Microsoft-Windows-Sysmon/Operational</Channel>
<Computer>DESKTOP-RL1K13Q</Computer>
<Security UserID="S-1-5-18"></Security>
</System>
<EventData><Data Name="RuleName">-</Data>
<Data Name="UtcTime">2025-04-24 05:07:50.212</Data>
<Data Name="ProcessGuid">{59d32d4f-c726-6809-e500-000000001500}</Data>
<Data Name="ProcessId">1708</Data>
<Data Name="Image">C:\Program Files (x86)\Microsoft\EdgeUpdate\Install\{29BE3D68-08E4-435C-A074-4C248B9868F6}\MicrosoftEdge_X64_135.0.3179.85_135.0.3179.73.exe</Data>
<Data Name="FileVersion">135.0.3179.85</Data>
<Data Name="Description">Microsoft Edge Installer</Data>
<Data Name="Product">Microsoft Edge Installer</Data>
<Data Name="Company">Microsoft Corporation</Data>
<Data Name="OriginalFileName">mini_installer.exe</Data>
<Data Name="CommandLine">"C:\Program Files (x86)\Microsoft\EdgeUpdate\Install\{29BE3D68-08E4-435C-A074-4C248B9868F6}\MicrosoftEdge_X64_135.0.3179.85_135.0.3179.73.exe" --msedge --verbose-logging --do-not-launch-msedge --system-level --channel=stable</Data>
<Data Name="CurrentDirectory">C:\Program Files (x86)\Microsoft\EdgeUpdate\1.3.195.49\</Data>
<Data Name="User">NT AUTHORITY\SYSTEM</Data>
<Data Name="LogonGuid">{59d32d4f-c62e-6809-e703-000000000000}</Data>
<Data Name="LogonId">0x00000000000003e7</Data>
<Data Name="TerminalSessionId">0</Data>
<Data Name="IntegrityLevel">System</Data>
<Data Name="Hashes">MD5=D5BE97346014CEF3A2B0B5431689B331,SHA256=5D7E88C55338BE03BFD4111D40E5FFC105CB2869491A60413D8CFFD4AA121145,IMPHASH=BDE7ED863CD6A372CFC7499C55606DDC</Data>
<Data Name="ParentProcessGuid">{59d32d4f-c6f7-6809-df00-000000001500}</Data>
<Data Name="ParentProcessId">1084</Data>
<Data Name="ParentImage">C:\Program Files (x86)\Microsoft\EdgeUpdate\MicrosoftEdgeUpdate.exe</Data>
<Data Name="ParentCommandLine">"C:\Program Files (x86)\Microsoft\EdgeUpdate\MicrosoftEdgeUpdate.exe" /svc</Data>
<Data Name="ParentUser">NT AUTHORITY\SYSTEM</Data>
</EventData>
</Event>

<Event xmlns="http://schemas.microsoft.com/win/2004/08/events/event"><System><Provider Name="Microsoft-Windows-Sysmon" Guid="{5770385f-c22a-43e0-bf4c-06f5698ffbd9}"></Provider>
<EventID Qualifiers="">11</EventID>
<Version>2</Version>
<Level>4</Level>
<Task>11</Task>
<Opcode>0</Opcode>
<Keywords>0x8000000000000000</Keywords>
<TimeCreated SystemTime="2025-04-24 05:07:50.810102+00:00"></TimeCreated>
<EventRecordID>242</EventRecordID>
<Correlation ActivityID="" RelatedActivityID=""></Correlation>
<Execution ProcessID="3288" ThreadID="3532"></Execution>
<Channel>Microsoft-Windows-Sysmon/Operational</Channel>
<Computer>DESKTOP-RL1K13Q</Computer>
<Security UserID="S-1-5-18"></Security>
</System>
<EventData><Data Name="RuleName">EXE</Data>
<Data Name="UtcTime">2025-04-24 05:07:50.804</Data>
<Data Name="ProcessGuid">{59d32d4f-c726-6809-e500-000000001500}</Data>
<Data Name="ProcessId">1708</Data>
<Data Name="Image">C:\Program Files (x86)\Microsoft\EdgeUpdate\Install\{29BE3D68-08E4-435C-A074-4C248B9868F6}\MicrosoftEdge_X64_135.0.3179.85_135.0.3179.73.exe</Data>
<Data Name="TargetFilename">C:\Program Files (x86)\Microsoft\EdgeUpdate\Install\{29BE3D68-08E4-435C-A074-4C248B9868F6}\EDGEMITMP_7987E.tmp\setup.exe</Data>
<Data Name="CreationUtcTime">2025-04-24 05:07:50.804</Data>
<Data Name="User">NT AUTHORITY\SYSTEM</Data>
</EventData>
</Event>

<Event xmlns="http://schemas.microsoft.com/win/2004/08/events/event"><System><Provider Name="Microsoft-Windows-Sysmon" Guid="{5770385f-c22a-43e0-bf4c-06f5698ffbd9}"></Provider>
<EventID Qualifiers="">13</EventID>
<Version>2</Version>
<Level>4</Level>
<Task>13</Task>
<Opcode>0</Opcode>
<Keywords>0x8000000000000000</Keywords>
<TimeCreated SystemTime="2025-04-24 05:07:51.166986+00:00"></TimeCreated>
<EventRecordID>243</EventRecordID>
<Correlation ActivityID="" RelatedActivityID=""></Correlation>
<Execution ProcessID="3288" ThreadID="3532"></Execution>
<Channel>Microsoft-Windows-Sysmon/Operational</Channel>
<Computer>DESKTOP-RL1K13Q</Computer>
<Security UserID="S-1-5-18"></Security>
</System>
<EventData><Data Name="RuleName">InvDB-Pub</Data>
<Data Name="EventType">SetValue</Data>
<Data Name="UtcTime">2025-04-24 05:07:51.148</Data>
<Data Name="ProcessGuid">{59d32d4f-c6ec-6809-d800-000000001500}</Data>
<Data Name="ProcessId">5384</Data>
<Data Name="Image">C:\Windows\system32\CompatTelRunner.exe</Data>
<Data Name="TargetObject">\REGISTRY\A\{62ff99c8-dfc3-9e30-47dc-3e55891c7ff4}\Root\InventoryApplication\0000f55757a797addd73f0ca0ea4a830004b00000904\Publisher</Data>
<Data Name="Details">CN=Microsoft Corporation, O=Microsoft Corporation, L=Redmond, S=Washington, C=US</Data>
<Data Name="User">NT AUTHORITY\SYSTEM</Data>
</EventData>
</Event>

<Event xmlns="http://schemas.microsoft.com/win/2004/08/events/event"><System><Provider Name="Microsoft-Windows-Sysmon" Guid="{5770385f-c22a-43e0-bf4c-06f5698ffbd9}"></Provider>
<EventID Qualifiers="">13</EventID>
<Version>2</Version>
<Level>4</Level>
<Task>13</Task>
<Opcode>0</Opcode>
<Keywords>0x8000000000000000</Keywords>
<TimeCreated SystemTime="2025-04-24 05:07:51.170755+00:00"></TimeCreated>
<EventRecordID>244</EventRecordID>
<Correlation ActivityID="" RelatedActivityID=""></Correlation>
<Execution ProcessID="3288" ThreadID="3532"></Execution>
<Channel>Microsoft-Windows-Sysmon/Operational</Channel>
<Computer>DESKTOP-RL1K13Q</Computer>
<Security UserID="S-1-5-18"></Security>
</System>
<EventData><Data Name="RuleName">InvDB-Path</Data>
<Data Name="EventType">SetValue</Data>
<Data Name="UtcTime">2025-04-24 05:07:51.148</Data>
<Data Name="ProcessGuid">{59d32d4f-c6ec-6809-d800-000000001500}</Data>
<Data Name="ProcessId">5384</Data>
<Data Name="Image">C:\Windows\system32\CompatTelRunner.exe</Data>
<Data Name="TargetObject">\REGISTRY\A\{62ff99c8-dfc3-9e30-47dc-3e55891c7ff4}\Root\InventoryApplicationFile\microsoftbing.ex|e5697d62831214d6\LowerCaseLongPath</Data>
<Data Name="Details">c:\program files\windowsapps\microsoft.bingsearch_1.0.79.0_x64__8wekyb3d8bbwe\microsoftbing.exe</Data>
<Data Name="User">NT AUTHORITY\SYSTEM</Data>
</EventData>
</Event>

<Event xmlns="http://schemas.microsoft.com/win/2004/08/events/event"><System><Provider Name="Microsoft-Windows-Sysmon" Guid="{5770385f-c22a-43e0-bf4c-06f5698ffbd9}"></Provider>
<EventID Qualifiers="">13</EventID>
<Version>2</Version>
<Level>4</Level>
<Task>13</Task>
<Opcode>0</Opcode>
<Keywords>0x8000000000000000</Keywords>
<TimeCreated SystemTime="2025-04-24 05:07:51.171373+00:00"></TimeCreated>
<EventRecordID>245</EventRecordID>
<Correlation ActivityID="" RelatedActivityID=""></Correlation>
<Execution ProcessID="3288" ThreadID="3532"></Execution>
<Channel>Microsoft-Windows-Sysmon/Operational</Channel>
<Computer>DESKTOP-RL1K13Q</Computer>
<Security UserID="S-1-5-18"></Security>
</System>
<EventData><Data Name="RuleName">InvDB-Pub</Data>
<Data Name="EventType">SetValue</Data>
<Data Name="UtcTime">2025-04-24 05:07:51.148</Data>
<Data Name="ProcessGuid">{59d32d4f-c6ec-6809-d800-000000001500}</Data>
<Data Name="ProcessId">5384</Data>
<Data Name="Image">C:\Windows\system32\CompatTelRunner.exe</Data>
<Data Name="TargetObject">\REGISTRY\A\{62ff99c8-dfc3-9e30-47dc-3e55891c7ff4}\Root\InventoryApplicationFile\microsoftbing.ex|e5697d62831214d6\Publisher</Data>
<Data Name="Details">(Empty)</Data>
<Data Name="User">NT AUTHORITY\SYSTEM</Data>
</EventData>
</Event>

<Event xmlns="http://schemas.microsoft.com/win/2004/08/events/event"><System><Provider Name="Microsoft-Windows-Sysmon" Guid="{5770385f-c22a-43e0-bf4c-06f5698ffbd9}"></Provider>
<EventID Qualifiers="">13</EventID>
<Version>2</Version>
<Level>4</Level>
<Task>13</Task>
<Opcode>0</Opcode>
<Keywords>0x8000000000000000</Keywords>
<TimeCreated SystemTime="2025-04-24 05:07:51.172373+00:00"></TimeCreated>
<EventRecordID>246</EventRecordID>
<Correlation ActivityID="" RelatedActivityID=""></Correlation>
<Execution ProcessID="3288" ThreadID="3532"></Execution>
<Channel>Microsoft-Windows-Sysmon/Operational</Channel>
<Computer>DESKTOP-RL1K13Q</Computer>
<Security UserID="S-1-5-18"></Security>
</System>
<EventData><Data Name="RuleName">InvDB-CompileTimeClaim</Data>
<Data Name="EventType">SetValue</Data>
<Data Name="UtcTime">2025-04-24 05:07:51.148</Data>
<Data Name="ProcessGuid">{59d32d4f-c6ec-6809-d800-000000001500}</Data>
<Data Name="ProcessId">5384</Data>
<Data Name="Image">C:\Windows\system32\CompatTelRunner.exe</Data>
<Data Name="TargetObject">\REGISTRY\A\{62ff99c8-dfc3-9e30-47dc-3e55891c7ff4}\Root\InventoryApplicationFile\microsoftbing.ex|e5697d62831214d6\LinkDate</Data>
<Data Name="Details">09/19/2023 18:46:22</Data>
<Data Name="User">NT AUTHORITY\SYSTEM</Data>
</EventData>
</Event>

<Event xmlns="http://schemas.microsoft.com/win/2004/08/events/event"><System><Provider Name="Microsoft-Windows-Sysmon" Guid="{5770385f-c22a-43e0-bf4c-06f5698ffbd9}"></Provider>
<EventID Qualifiers="">13</EventID>
<Version>2</Version>
<Level>4</Level>
<Task>13</Task>
<Opcode>0</Opcode>
<Keywords>0x8000000000000000</Keywords>
<TimeCreated SystemTime="2025-04-24 05:07:51.172548+00:00"></TimeCreated>
<EventRecordID>247</EventRecordID>
<Correlation ActivityID="" RelatedActivityID=""></Correlation>
<Execution ProcessID="3288" ThreadID="3532"></Execution>
<Channel>Microsoft-Windows-Sysmon/Operational</Channel>
<Computer>DESKTOP-RL1K13Q</Computer>
<Security UserID="S-1-5-18"></Security>
</System>
<EventData><Data Name="RuleName">InvDB-Ver</Data>
<Data Name="EventType">SetValue</Data>
<Data Name="UtcTime">2025-04-24 05:07:51.148</Data>
<Data Name="ProcessGuid">{59d32d4f-c6ec-6809-d800-000000001500}</Data>
<Data Name="ProcessId">5384</Data>
<Data Name="Image">C:\Windows\system32\CompatTelRunner.exe</Data>
<Data Name="TargetObject">\REGISTRY\A\{62ff99c8-dfc3-9e30-47dc-3e55891c7ff4}\Root\InventoryApplicationFile\microsoftbing.ex|e5697d62831214d6\BinProductVersion</Data>
<Data Name="Details">(Empty)</Data>
<Data Name="User">NT AUTHORITY\SYSTEM</Data>
</EventData>
</Event>

<Event xmlns="http://schemas.microsoft.com/win/2004/08/events/event"><System><Provider Name="Microsoft-Windows-Sysmon" Guid="{5770385f-c22a-43e0-bf4c-06f5698ffbd9}"></Provider>
<EventID Qualifiers="">13</EventID>
<Version>2</Version>
<Level>4</Level>
<Task>13</Task>
<Opcode>0</Opcode>
<Keywords>0x8000000000000000</Keywords>
<TimeCreated SystemTime="2025-04-24 05:07:51.614307+00:00"></TimeCreated>
<EventRecordID>248</EventRecordID>
<Correlation ActivityID="" RelatedActivityID=""></Correlation>
<Execution ProcessID="3288" ThreadID="3532"></Execution>
<Channel>Microsoft-Windows-Sysmon/Operational</Channel>
<Computer>DESKTOP-RL1K13Q</Computer>
<Security UserID="S-1-5-18"></Security>
</System>
<EventData><Data Name="RuleName">InvDB-Pub</Data>
<Data Name="EventType">SetValue</Data>
<Data Name="UtcTime">2025-04-24 05:07:51.600</Data>
<Data Name="ProcessGuid">{59d32d4f-c6ec-6809-d800-000000001500}</Data>
<Data Name="ProcessId">5384</Data>
<Data Name="Image">C:\Windows\system32\CompatTelRunner.exe</Data>
<Data Name="TargetObject">\REGISTRY\A\{62ff99c8-dfc3-9e30-47dc-3e55891c7ff4}\Root\InventoryApplication\000036462f7cc3e051378c953ddcb8ba55ae00000904\Publisher</Data>
<Data Name="Details">CN=Microsoft Corporation, O=Microsoft Corporation, L=Redmond, S=Washington, C=US</Data>
<Data Name="User">NT AUTHORITY\SYSTEM</Data>
</EventData>
</Event>

<Event xmlns="http://schemas.microsoft.com/win/2004/08/events/event"><System><Provider Name="Microsoft-Windows-Sysmon" Guid="{5770385f-c22a-43e0-bf4c-06f5698ffbd9}"></Provider>
<EventID Qualifiers="">13</EventID>
<Version>2</Version>
<Level>4</Level>
<Task>13</Task>
<Opcode>0</Opcode>
<Keywords>0x8000000000000000</Keywords>
<TimeCreated SystemTime="2025-04-24 05:07:51.945930+00:00"></TimeCreated>
<EventRecordID>249</EventRecordID>
<Correlation ActivityID="" RelatedActivityID=""></Correlation>
<Execution ProcessID="3288" ThreadID="3532"></Execution>
<Channel>Microsoft-Windows-Sysmon/Operational</Channel>
<Computer>DESKTOP-RL1K13Q</Computer>
<Security UserID="S-1-5-18"></Security>
</System>
<EventData><Data Name="RuleName">InvDB-Pub</Data>
<Data Name="EventType">SetValue</Data>
<Data Name="UtcTime">2025-04-24 05:07:51.928</Data>
<Data Name="ProcessGuid">{59d32d4f-c6ec-6809-d800-000000001500}</Data>
<Data Name="ProcessId">5384</Data>
<Data Name="Image">C:\Windows\system32\CompatTelRunner.exe</Data>
<Data Name="TargetObject">\REGISTRY\A\{62ff99c8-dfc3-9e30-47dc-3e55891c7ff4}\Root\InventoryApplication\000056d7102465451949cafbf35a3dbb526500000904\Publisher</Data>
<Data Name="Details">CN=Microsoft Corporation, O=Microsoft Corporation, L=Redmond, S=Washington, C=US</Data>
<Data Name="User">NT AUTHORITY\SYSTEM</Data>
</EventData>
</Event>

<Event xmlns="http://schemas.microsoft.com/win/2004/08/events/event"><System><Provider Name="Microsoft-Windows-Sysmon" Guid="{5770385f-c22a-43e0-bf4c-06f5698ffbd9}"></Provider>
<EventID Qualifiers="">13</EventID>
<Version>2</Version>
<Level>4</Level>
<Task>13</Task>
<Opcode>0</Opcode>
<Keywords>0x8000000000000000</Keywords>
<TimeCreated SystemTime="2025-04-24 05:07:51.949526+00:00"></TimeCreated>
<EventRecordID>250</EventRecordID>
<Correlation ActivityID="" RelatedActivityID=""></Correlation>
<Execution ProcessID="3288" ThreadID="3532"></Execution>
<Channel>Microsoft-Windows-Sysmon/Operational</Channel>
<Computer>DESKTOP-RL1K13Q</Computer>
<Security UserID="S-1-5-18"></Security>
</System>
<EventData><Data Name="RuleName">InvDB-Path</Data>
<Data Name="EventType">SetValue</Data>
<Data Name="UtcTime">2025-04-24 05:07:51.928</Data>
<Data Name="ProcessGuid">{59d32d4f-c6ec-6809-d800-000000001500}</Data>
<Data Name="ProcessId">5384</Data>
<Data Name="Image">C:\Windows\system32\CompatTelRunner.exe</Data>
<Data Name="TargetObject">\REGISTRY\A\{62ff99c8-dfc3-9e30-47dc-3e55891c7ff4}\Root\InventoryApplicationFile\xboxidp.exe|615d08481521a563\LowerCaseLongPath</Data>
<Data Name="Details">c:\program files\windowsapps\microsoft.xboxidentityprovider_12.115.1001.0_x64__8wekyb3d8bbwe\xboxidp.exe</Data>
<Data Name="User">NT AUTHORITY\SYSTEM</Data>
</EventData>
</Event>

<Event xmlns="http://schemas.microsoft.com/win/2004/08/events/event"><System><Provider Name="Microsoft-Windows-Sysmon" Guid="{5770385f-c22a-43e0-bf4c-06f5698ffbd9}"></Provider>
<EventID Qualifiers="">13</EventID>
<Version>2</Version>
<Level>4</Level>
<Task>13</Task>
<Opcode>0</Opcode>
<Keywords>0x8000000000000000</Keywords>
<TimeCreated SystemTime="2025-04-24 05:07:51.950159+00:00"></TimeCreated>
<EventRecordID>251</EventRecordID>
<Correlation ActivityID="" RelatedActivityID=""></Correlation>
<Execution ProcessID="3288" ThreadID="3532"></Execution>
<Channel>Microsoft-Windows-Sysmon/Operational</Channel>
<Computer>DESKTOP-RL1K13Q</Computer>
<Security UserID="S-1-5-18"></Security>
</System>
<EventData><Data Name="RuleName">InvDB-Pub</Data>
<Data Name="EventType">SetValue</Data>
<Data Name="UtcTime">2025-04-24 05:07:51.928</Data>
<Data Name="ProcessGuid">{59d32d4f-c6ec-6809-d800-000000001500}</Data>
<Data Name="ProcessId">5384</Data>
<Data Name="Image">C:\Windows\system32\CompatTelRunner.exe</Data>
<Data Name="TargetObject">\REGISTRY\A\{62ff99c8-dfc3-9e30-47dc-3e55891c7ff4}\Root\InventoryApplicationFile\xboxidp.exe|615d08481521a563\Publisher</Data>
<Data Name="Details">microsoft corporation</Data>
<Data Name="User">NT AUTHORITY\SYSTEM</Data>
</EventData>
</Event>

<Event xmlns="http://schemas.microsoft.com/win/2004/08/events/event"><System><Provider Name="Microsoft-Windows-Sysmon" Guid="{5770385f-c22a-43e0-bf4c-06f5698ffbd9}"></Provider>
<EventID Qualifiers="">13</EventID>
<Version>2</Version>
<Level>4</Level>
<Task>13</Task>
<Opcode>0</Opcode>
<Keywords>0x8000000000000000</Keywords>
<TimeCreated SystemTime="2025-04-24 05:07:51.951637+00:00"></TimeCreated>
<EventRecordID>252</EventRecordID>
<Correlation ActivityID="" RelatedActivityID=""></Correlation>
<Execution ProcessID="3288" ThreadID="3532"></Execution>
<Channel>Microsoft-Windows-Sysmon/Operational</Channel>
<Computer>DESKTOP-RL1K13Q</Computer>
<Security UserID="S-1-5-18"></Security>
</System>
<EventData><Data Name="RuleName">InvDB-CompileTimeClaim</Data>
<Data Name="EventType">SetValue</Data>
<Data Name="UtcTime">2025-04-24 05:07:51.928</Data>
<Data Name="ProcessGuid">{59d32d4f-c6ec-6809-d800-000000001500}</Data>
<Data Name="ProcessId">5384</Data>
<Data Name="Image">C:\Windows\system32\CompatTelRunner.exe</Data>
<Data Name="TargetObject">\REGISTRY\A\{62ff99c8-dfc3-9e30-47dc-3e55891c7ff4}\Root\InventoryApplicationFile\xboxidp.exe|615d08481521a563\LinkDate</Data>
<Data Name="Details">07/01/2024 20:43:50</Data>
<Data Name="User">NT AUTHORITY\SYSTEM</Data>
</EventData>
</Event>

<Event xmlns="http://schemas.microsoft.com/win/2004/08/events/event"><System><Provider Name="Microsoft-Windows-Sysmon" Guid="{5770385f-c22a-43e0-bf4c-06f5698ffbd9}"></Provider>
<EventID Qualifiers="">13</EventID>
<Version>2</Version>
<Level>4</Level>
<Task>13</Task>
<Opcode>0</Opcode>
<Keywords>0x8000000000000000</Keywords>
<TimeCreated SystemTime="2025-04-24 05:07:51.951818+00:00"></TimeCreated>
<EventRecordID>253</EventRecordID>
<Correlation ActivityID="" RelatedActivityID=""></Correlation>
<Execution ProcessID="3288" ThreadID="3532"></Execution>
<Channel>Microsoft-Windows-Sysmon/Operational</Channel>
<Computer>DESKTOP-RL1K13Q</Computer>
<Security UserID="S-1-5-18"></Security>
</System>
<EventData><Data Name="RuleName">InvDB-Ver</Data>
<Data Name="EventType">SetValue</Data>
<Data Name="UtcTime">2025-04-24 05:07:51.928</Data>
<Data Name="ProcessGuid">{59d32d4f-c6ec-6809-d800-000000001500}</Data>
<Data Name="ProcessId">5384</Data>
<Data Name="Image">C:\Windows\system32\CompatTelRunner.exe</Data>
<Data Name="TargetObject">\REGISTRY\A\{62ff99c8-dfc3-9e30-47dc-3e55891c7ff4}\Root\InventoryApplicationFile\xboxidp.exe|615d08481521a563\BinProductVersion</Data>
<Data Name="Details">12.115.2407.1001</Data>
<Data Name="User">NT AUTHORITY\SYSTEM</Data>
</EventData>
</Event>

