<Event xmlns="http://schemas.microsoft.com/win/2004/08/events/event"><System><Provider Name="Microsoft-Windows-Sysmon" Guid="{5770385f-c22a-43e0-bf4c-06f5698ffbd9}"></Provider>
<EventID Qualifiers="">11</EventID>
<Version>2</Version>
<Level>4</Level>
<Task>11</Task>
<Opcode>0</Opcode>
<Keywords>0x8000000000000000</Keywords>
<TimeCreated SystemTime="2025-04-24 05:13:05.326960+00:00"></TimeCreated>
<EventRecordID>1110</EventRecordID>
<Correlation ActivityID="" RelatedActivityID=""></Correlation>
<Execution ProcessID="3288" ThreadID="3532"></Execution>
<Channel>Microsoft-Windows-Sysmon/Operational</Channel>
<Computer>DESKTOP-RL1K13Q</Computer>
<Security UserID="S-1-5-18"></Security>
</System>
<EventData><Data Name="RuleName">EXE</Data>
<Data Name="UtcTime">2025-04-24 05:13:05.132</Data>
<Data Name="ProcessGuid">{59d32d4f-c85d-6809-8601-000000001500}</Data>
<Data Name="ProcessId">4944</Data>
<Data Name="Image">C:\Program Files\7-Zip\7zG.exe</Data>
<Data Name="TargetFilename">C:\Users\Bluecheap\Desktop\SysinternalsSuite\strings.exe</Data>
<Data Name="CreationUtcTime">2025-04-24 05:13:05.132</Data>
<Data Name="User">DESKTOP-RL1K13Q\Bluecheap</Data>
</EventData>
</Event>

<Event xmlns="http://schemas.microsoft.com/win/2004/08/events/event"><System><Provider Name="Microsoft-Windows-Sysmon" Guid="{5770385f-c22a-43e0-bf4c-06f5698ffbd9}"></Provider>
<EventID Qualifiers="">11</EventID>
<Version>2</Version>
<Level>4</Level>
<Task>11</Task>
<Opcode>0</Opcode>
<Keywords>0x8000000000000000</Keywords>
<TimeCreated SystemTime="2025-04-24 05:13:05.327032+00:00"></TimeCreated>
<EventRecordID>1111</EventRecordID>
<Correlation ActivityID="" RelatedActivityID=""></Correlation>
<Execution ProcessID="3288" ThreadID="3532"></Execution>
<Channel>Microsoft-Windows-Sysmon/Operational</Channel>
<Computer>DESKTOP-RL1K13Q</Computer>
<Security UserID="S-1-5-18"></Security>
</System>
<EventData><Data Name="RuleName">EXE</Data>
<Data Name="UtcTime">2025-04-24 05:13:05.147</Data>
<Data Name="ProcessGuid">{59d32d4f-c85d-6809-8601-000000001500}</Data>
<Data Name="ProcessId">4944</Data>
<Data Name="Image">C:\Program Files\7-Zip\7zG.exe</Data>
<Data Name="TargetFilename">C:\Users\Bluecheap\Desktop\SysinternalsSuite\strings64.exe</Data>
<Data Name="CreationUtcTime">2025-04-24 05:13:05.147</Data>
<Data Name="User">DESKTOP-RL1K13Q\Bluecheap</Data>
</EventData>
</Event>

<Event xmlns="http://schemas.microsoft.com/win/2004/08/events/event"><System><Provider Name="Microsoft-Windows-Sysmon" Guid="{5770385f-c22a-43e0-bf4c-06f5698ffbd9}"></Provider>
<EventID Qualifiers="">11</EventID>
<Version>2</Version>
<Level>4</Level>
<Task>11</Task>
<Opcode>0</Opcode>
<Keywords>0x8000000000000000</Keywords>
<TimeCreated SystemTime="2025-04-24 05:13:05.327719+00:00"></TimeCreated>
<EventRecordID>1112</EventRecordID>
<Correlation ActivityID="" RelatedActivityID=""></Correlation>
<Execution ProcessID="3288" ThreadID="3532"></Execution>
<Channel>Microsoft-Windows-Sysmon/Operational</Channel>
<Computer>DESKTOP-RL1K13Q</Computer>
<Security UserID="S-1-5-18"></Security>
</System>
<EventData><Data Name="RuleName">-</Data>
<Data Name="UtcTime">2025-04-24 05:13:05.147</Data>
<Data Name="ProcessGuid">{59d32d4f-c85d-6809-8601-000000001500}</Data>
<Data Name="ProcessId">4944</Data>
<Data Name="Image">C:\Program Files\7-Zip\7zG.exe</Data>
<Data Name="TargetFilename">C:\Users\Bluecheap\Desktop\SysinternalsSuite\procexp.chm</Data>
<Data Name="CreationUtcTime">2025-04-24 05:13:05.147</Data>
<Data Name="User">DESKTOP-RL1K13Q\Bluecheap</Data>
</EventData>
</Event>

<Event xmlns="http://schemas.microsoft.com/win/2004/08/events/event"><System><Provider Name="Microsoft-Windows-Sysmon" Guid="{5770385f-c22a-43e0-bf4c-06f5698ffbd9}"></Provider>
<EventID Qualifiers="">11</EventID>
<Version>2</Version>
<Level>4</Level>
<Task>11</Task>
<Opcode>0</Opcode>
<Keywords>0x8000000000000000</Keywords>
<TimeCreated SystemTime="2025-04-24 05:13:05.327784+00:00"></TimeCreated>
<EventRecordID>1113</EventRecordID>
<Correlation ActivityID="" RelatedActivityID=""></Correlation>
<Execution ProcessID="3288" ThreadID="3532"></Execution>
<Channel>Microsoft-Windows-Sysmon/Operational</Channel>
<Computer>DESKTOP-RL1K13Q</Computer>
<Security UserID="S-1-5-18"></Security>
</System>
<EventData><Data Name="RuleName">EXE</Data>
<Data Name="UtcTime">2025-04-24 05:13:05.163</Data>
<Data Name="ProcessGuid">{59d32d4f-c85d-6809-8601-000000001500}</Data>
<Data Name="ProcessId">4944</Data>
<Data Name="Image">C:\Program Files\7-Zip\7zG.exe</Data>
<Data Name="TargetFilename">C:\Users\Bluecheap\Desktop\SysinternalsSuite\Desktops.exe</Data>
<Data Name="CreationUtcTime">2025-04-24 05:13:05.163</Data>
<Data Name="User">DESKTOP-RL1K13Q\Bluecheap</Data>
</EventData>
</Event>

<Event xmlns="http://schemas.microsoft.com/win/2004/08/events/event"><System><Provider Name="Microsoft-Windows-Sysmon" Guid="{5770385f-c22a-43e0-bf4c-06f5698ffbd9}"></Provider>
<EventID Qualifiers="">11</EventID>
<Version>2</Version>
<Level>4</Level>
<Task>11</Task>
<Opcode>0</Opcode>
<Keywords>0x8000000000000000</Keywords>
<TimeCreated SystemTime="2025-04-24 05:13:05.327835+00:00"></TimeCreated>
<EventRecordID>1114</EventRecordID>
<Correlation ActivityID="" RelatedActivityID=""></Correlation>
<Execution ProcessID="3288" ThreadID="3532"></Execution>
<Channel>Microsoft-Windows-Sysmon/Operational</Channel>
<Computer>DESKTOP-RL1K13Q</Computer>
<Security UserID="S-1-5-18"></Security>
</System>
<EventData><Data Name="RuleName">EXE</Data>
<Data Name="UtcTime">2025-04-24 05:13:05.163</Data>
<Data Name="ProcessGuid">{59d32d4f-c85d-6809-8601-000000001500}</Data>
<Data Name="ProcessId">4944</Data>
<Data Name="Image">C:\Program Files\7-Zip\7zG.exe</Data>
<Data Name="TargetFilename">C:\Users\Bluecheap\Desktop\SysinternalsSuite\Desktops64.exe</Data>
<Data Name="CreationUtcTime">2025-04-24 05:13:05.163</Data>
<Data Name="User">DESKTOP-RL1K13Q\Bluecheap</Data>
</EventData>
</Event>

<Event xmlns="http://schemas.microsoft.com/win/2004/08/events/event"><System><Provider Name="Microsoft-Windows-Sysmon" Guid="{5770385f-c22a-43e0-bf4c-06f5698ffbd9}"></Provider>
<EventID Qualifiers="">11</EventID>
<Version>2</Version>
<Level>4</Level>
<Task>11</Task>
<Opcode>0</Opcode>
<Keywords>0x8000000000000000</Keywords>
<TimeCreated SystemTime="2025-04-24 05:13:05.328243+00:00"></TimeCreated>
<EventRecordID>1115</EventRecordID>
<Correlation ActivityID="" RelatedActivityID=""></Correlation>
<Execution ProcessID="3288" ThreadID="3532"></Execution>
<Channel>Microsoft-Windows-Sysmon/Operational</Channel>
<Computer>DESKTOP-RL1K13Q</Computer>
<Security UserID="S-1-5-18"></Security>
</System>
<EventData><Data Name="RuleName">EXE</Data>
<Data Name="UtcTime">2025-04-24 05:13:05.163</Data>
<Data Name="ProcessGuid">{59d32d4f-c85d-6809-8601-000000001500}</Data>
<Data Name="ProcessId">4944</Data>
<Data Name="Image">C:\Program Files\7-Zip\7zG.exe</Data>
<Data Name="TargetFilename">C:\Users\Bluecheap\Desktop\SysinternalsSuite\disk2vhd.exe</Data>
<Data Name="CreationUtcTime">2025-04-24 05:13:05.163</Data>
<Data Name="User">DESKTOP-RL1K13Q\Bluecheap</Data>
</EventData>
</Event>

<Event xmlns="http://schemas.microsoft.com/win/2004/08/events/event"><System><Provider Name="Microsoft-Windows-Sysmon" Guid="{5770385f-c22a-43e0-bf4c-06f5698ffbd9}"></Provider>
<EventID Qualifiers="">11</EventID>
<Version>2</Version>
<Level>4</Level>
<Task>11</Task>
<Opcode>0</Opcode>
<Keywords>0x8000000000000000</Keywords>
<TimeCreated SystemTime="2025-04-24 05:13:05.328615+00:00"></TimeCreated>
<EventRecordID>1116</EventRecordID>
<Correlation ActivityID="" RelatedActivityID=""></Correlation>
<Execution ProcessID="3288" ThreadID="3532"></Execution>
<Channel>Microsoft-Windows-Sysmon/Operational</Channel>
<Computer>DESKTOP-RL1K13Q</Computer>
<Security UserID="S-1-5-18"></Security>
</System>
<EventData><Data Name="RuleName">EXE</Data>
<Data Name="UtcTime">2025-04-24 05:13:05.179</Data>
<Data Name="ProcessGuid">{59d32d4f-c85d-6809-8601-000000001500}</Data>
<Data Name="ProcessId">4944</Data>
<Data Name="Image">C:\Program Files\7-Zip\7zG.exe</Data>
<Data Name="TargetFilename">C:\Users\Bluecheap\Desktop\SysinternalsSuite\disk2vhd64.exe</Data>
<Data Name="CreationUtcTime">2025-04-24 05:13:05.179</Data>
<Data Name="User">DESKTOP-RL1K13Q\Bluecheap</Data>
</EventData>
</Event>

<Event xmlns="http://schemas.microsoft.com/win/2004/08/events/event"><System><Provider Name="Microsoft-Windows-Sysmon" Guid="{5770385f-c22a-43e0-bf4c-06f5698ffbd9}"></Provider>
<EventID Qualifiers="">11</EventID>
<Version>2</Version>
<Level>4</Level>
<Task>11</Task>
<Opcode>0</Opcode>
<Keywords>0x8000000000000000</Keywords>
<TimeCreated SystemTime="2025-04-24 05:13:05.329332+00:00"></TimeCreated>
<EventRecordID>1117</EventRecordID>
<Correlation ActivityID="" RelatedActivityID=""></Correlation>
<Execution ProcessID="3288" ThreadID="3532"></Execution>
<Channel>Microsoft-Windows-Sysmon/Operational</Channel>
<Computer>DESKTOP-RL1K13Q</Computer>
<Security UserID="S-1-5-18"></Security>
</System>
<EventData><Data Name="RuleName">-</Data>
<Data Name="UtcTime">2025-04-24 05:13:05.194</Data>
<Data Name="ProcessGuid">{59d32d4f-c85d-6809-8601-000000001500}</Data>
<Data Name="ProcessId">4944</Data>
<Data Name="Image">C:\Program Files\7-Zip\7zG.exe</Data>
<Data Name="TargetFilename">C:\Users\Bluecheap\Desktop\SysinternalsSuite\Disk2vhd.chm</Data>
<Data Name="CreationUtcTime">2025-04-24 05:13:05.194</Data>
<Data Name="User">DESKTOP-RL1K13Q\Bluecheap</Data>
</EventData>
</Event>

<Event xmlns="http://schemas.microsoft.com/win/2004/08/events/event"><System><Provider Name="Microsoft-Windows-Sysmon" Guid="{5770385f-c22a-43e0-bf4c-06f5698ffbd9}"></Provider>
<EventID Qualifiers="">11</EventID>
<Version>2</Version>
<Level>4</Level>
<Task>11</Task>
<Opcode>0</Opcode>
<Keywords>0x8000000000000000</Keywords>
<TimeCreated SystemTime="2025-04-24 05:13:05.329397+00:00"></TimeCreated>
<EventRecordID>1118</EventRecordID>
<Correlation ActivityID="" RelatedActivityID=""></Correlation>
<Execution ProcessID="3288" ThreadID="3532"></Execution>
<Channel>Microsoft-Windows-Sysmon/Operational</Channel>
<Computer>DESKTOP-RL1K13Q</Computer>
<Security UserID="S-1-5-18"></Security>
</System>
<EventData><Data Name="RuleName">EXE</Data>
<Data Name="UtcTime">2025-04-24 05:13:05.210</Data>
<Data Name="ProcessGuid">{59d32d4f-c85d-6809-8601-000000001500}</Data>
<Data Name="ProcessId">4944</Data>
<Data Name="Image">C:\Program Files\7-Zip\7zG.exe</Data>
<Data Name="TargetFilename">C:\Users\Bluecheap\Desktop\SysinternalsSuite\Diskmon.exe</Data>
<Data Name="CreationUtcTime">2025-04-24 05:13:05.194</Data>
<Data Name="User">DESKTOP-RL1K13Q\Bluecheap</Data>
</EventData>
</Event>

<Event xmlns="http://schemas.microsoft.com/win/2004/08/events/event"><System><Provider Name="Microsoft-Windows-Sysmon" Guid="{5770385f-c22a-43e0-bf4c-06f5698ffbd9}"></Provider>
<EventID Qualifiers="">11</EventID>
<Version>2</Version>
<Level>4</Level>
<Task>11</Task>
<Opcode>0</Opcode>
<Keywords>0x8000000000000000</Keywords>
<TimeCreated SystemTime="2025-04-24 05:13:05.329447+00:00"></TimeCreated>
<EventRecordID>1119</EventRecordID>
<Correlation ActivityID="" RelatedActivityID=""></Correlation>
<Execution ProcessID="3288" ThreadID="3532"></Execution>
<Channel>Microsoft-Windows-Sysmon/Operational</Channel>
<Computer>DESKTOP-RL1K13Q</Computer>
<Security UserID="S-1-5-18"></Security>
</System>
<EventData><Data Name="RuleName">EXE</Data>
<Data Name="UtcTime">2025-04-24 05:13:05.210</Data>
<Data Name="ProcessGuid">{59d32d4f-c85d-6809-8601-000000001500}</Data>
<Data Name="ProcessId">4944</Data>
<Data Name="Image">C:\Program Files\7-Zip\7zG.exe</Data>
<Data Name="TargetFilename">C:\Users\Bluecheap\Desktop\SysinternalsSuite\Diskmon64.exe</Data>
<Data Name="CreationUtcTime">2025-04-24 05:13:05.210</Data>
<Data Name="User">DESKTOP-RL1K13Q\Bluecheap</Data>
</EventData>
</Event>

<Event xmlns="http://schemas.microsoft.com/win/2004/08/events/event"><System><Provider Name="Microsoft-Windows-Sysmon" Guid="{5770385f-c22a-43e0-bf4c-06f5698ffbd9}"></Provider>
<EventID Qualifiers="">11</EventID>
<Version>2</Version>
<Level>4</Level>
<Task>11</Task>
<Opcode>0</Opcode>
<Keywords>0x8000000000000000</Keywords>
<TimeCreated SystemTime="2025-04-24 05:13:05.329601+00:00"></TimeCreated>
<EventRecordID>1120</EventRecordID>
<Correlation ActivityID="" RelatedActivityID=""></Correlation>
<Execution ProcessID="3288" ThreadID="3532"></Execution>
<Channel>Microsoft-Windows-Sysmon/Operational</Channel>
<Computer>DESKTOP-RL1K13Q</Computer>
<Security UserID="S-1-5-18"></Security>
</System>
<EventData><Data Name="RuleName">EXE</Data>
<Data Name="UtcTime">2025-04-24 05:13:05.241</Data>
<Data Name="ProcessGuid">{59d32d4f-c85d-6809-8601-000000001500}</Data>
<Data Name="ProcessId">4944</Data>
<Data Name="Image">C:\Program Files\7-Zip\7zG.exe</Data>
<Data Name="TargetFilename">C:\Users\Bluecheap\Desktop\SysinternalsSuite\efsdump.exe</Data>
<Data Name="CreationUtcTime">2025-04-24 05:13:05.241</Data>
<Data Name="User">DESKTOP-RL1K13Q\Bluecheap</Data>
</EventData>
</Event>

<Event xmlns="http://schemas.microsoft.com/win/2004/08/events/event"><System><Provider Name="Microsoft-Windows-Sysmon" Guid="{5770385f-c22a-43e0-bf4c-06f5698ffbd9}"></Provider>
<EventID Qualifiers="">11</EventID>
<Version>2</Version>
<Level>4</Level>
<Task>11</Task>
<Opcode>0</Opcode>
<Keywords>0x8000000000000000</Keywords>
<TimeCreated SystemTime="2025-04-24 05:13:05.329744+00:00"></TimeCreated>
<EventRecordID>1121</EventRecordID>
<Correlation ActivityID="" RelatedActivityID=""></Correlation>
<Execution ProcessID="3288" ThreadID="3532"></Execution>
<Channel>Microsoft-Windows-Sysmon/Operational</Channel>
<Computer>DESKTOP-RL1K13Q</Computer>
<Security UserID="S-1-5-18"></Security>
</System>
<EventData><Data Name="RuleName">EXE</Data>
<Data Name="UtcTime">2025-04-24 05:13:05.241</Data>
<Data Name="ProcessGuid">{59d32d4f-c85d-6809-8601-000000001500}</Data>
<Data Name="ProcessId">4944</Data>
<Data Name="Image">C:\Program Files\7-Zip\7zG.exe</Data>
<Data Name="TargetFilename">C:\Users\Bluecheap\Desktop\SysinternalsSuite\LoadOrd.exe</Data>
<Data Name="CreationUtcTime">2025-04-24 05:13:05.241</Data>
<Data Name="User">DESKTOP-RL1K13Q\Bluecheap</Data>
</EventData>
</Event>

<Event xmlns="http://schemas.microsoft.com/win/2004/08/events/event"><System><Provider Name="Microsoft-Windows-Sysmon" Guid="{5770385f-c22a-43e0-bf4c-06f5698ffbd9}"></Provider>
<EventID Qualifiers="">11</EventID>
<Version>2</Version>
<Level>4</Level>
<Task>11</Task>
<Opcode>0</Opcode>
<Keywords>0x8000000000000000</Keywords>
<TimeCreated SystemTime="2025-04-24 05:13:05.329855+00:00"></TimeCreated>
<EventRecordID>1122</EventRecordID>
<Correlation ActivityID="" RelatedActivityID=""></Correlation>
<Execution ProcessID="3288" ThreadID="3532"></Execution>
<Channel>Microsoft-Windows-Sysmon/Operational</Channel>
<Computer>DESKTOP-RL1K13Q</Computer>
<Security UserID="S-1-5-18"></Security>
</System>
<EventData><Data Name="RuleName">EXE</Data>
<Data Name="UtcTime">2025-04-24 05:13:05.257</Data>
<Data Name="ProcessGuid">{59d32d4f-c85d-6809-8601-000000001500}</Data>
<Data Name="ProcessId">4944</Data>
<Data Name="Image">C:\Program Files\7-Zip\7zG.exe</Data>
<Data Name="TargetFilename">C:\Users\Bluecheap\Desktop\SysinternalsSuite\LoadOrd64.exe</Data>
<Data Name="CreationUtcTime">2025-04-24 05:13:05.257</Data>
<Data Name="User">DESKTOP-RL1K13Q\Bluecheap</Data>
</EventData>
</Event>

<Event xmlns="http://schemas.microsoft.com/win/2004/08/events/event"><System><Provider Name="Microsoft-Windows-Sysmon" Guid="{5770385f-c22a-43e0-bf4c-06f5698ffbd9}"></Provider>
<EventID Qualifiers="">11</EventID>
<Version>2</Version>
<Level>4</Level>
<Task>11</Task>
<Opcode>0</Opcode>
<Keywords>0x8000000000000000</Keywords>
<TimeCreated SystemTime="2025-04-24 05:13:05.330023+00:00"></TimeCreated>
<EventRecordID>1123</EventRecordID>
<Correlation ActivityID="" RelatedActivityID=""></Correlation>
<Execution ProcessID="3288" ThreadID="3532"></Execution>
<Channel>Microsoft-Windows-Sysmon/Operational</Channel>
<Computer>DESKTOP-RL1K13Q</Computer>
<Security UserID="S-1-5-18"></Security>
</System>
<EventData><Data Name="RuleName">EXE</Data>
<Data Name="UtcTime">2025-04-24 05:13:05.289</Data>
<Data Name="ProcessGuid">{59d32d4f-c85d-6809-8601-000000001500}</Data>
<Data Name="ProcessId">4944</Data>
<Data Name="Image">C:\Program Files\7-Zip\7zG.exe</Data>
<Data Name="TargetFilename">C:\Users\Bluecheap\Desktop\SysinternalsSuite\LoadOrdC.exe</Data>
<Data Name="CreationUtcTime">2025-04-24 05:13:05.289</Data>
<Data Name="User">DESKTOP-RL1K13Q\Bluecheap</Data>
</EventData>
</Event>

<Event xmlns="http://schemas.microsoft.com/win/2004/08/events/event"><System><Provider Name="Microsoft-Windows-Sysmon" Guid="{5770385f-c22a-43e0-bf4c-06f5698ffbd9}"></Provider>
<EventID Qualifiers="">11</EventID>
<Version>2</Version>
<Level>4</Level>
<Task>11</Task>
<Opcode>0</Opcode>
<Keywords>0x8000000000000000</Keywords>
<TimeCreated SystemTime="2025-04-24 05:13:05.330128+00:00"></TimeCreated>
<EventRecordID>1124</EventRecordID>
<Correlation ActivityID="" RelatedActivityID=""></Correlation>
<Execution ProcessID="3288" ThreadID="3532"></Execution>
<Channel>Microsoft-Windows-Sysmon/Operational</Channel>
<Computer>DESKTOP-RL1K13Q</Computer>
<Security UserID="S-1-5-18"></Security>
</System>
<EventData><Data Name="RuleName">EXE</Data>
<Data Name="UtcTime">2025-04-24 05:13:05.304</Data>
<Data Name="ProcessGuid">{59d32d4f-c85d-6809-8601-000000001500}</Data>
<Data Name="ProcessId">4944</Data>
<Data Name="Image">C:\Program Files\7-Zip\7zG.exe</Data>
<Data Name="TargetFilename">C:\Users\Bluecheap\Desktop\SysinternalsSuite\LoadOrdC64.exe</Data>
<Data Name="CreationUtcTime">2025-04-24 05:13:05.304</Data>
<Data Name="User">DESKTOP-RL1K13Q\Bluecheap</Data>
</EventData>
</Event>

<Event xmlns="http://schemas.microsoft.com/win/2004/08/events/event"><System><Provider Name="Microsoft-Windows-Sysmon" Guid="{5770385f-c22a-43e0-bf4c-06f5698ffbd9}"></Provider>
<EventID Qualifiers="">11</EventID>
<Version>2</Version>
<Level>4</Level>
<Task>11</Task>
<Opcode>0</Opcode>
<Keywords>0x8000000000000000</Keywords>
<TimeCreated SystemTime="2025-04-24 05:13:05.331518+00:00"></TimeCreated>
<EventRecordID>1125</EventRecordID>
<Correlation ActivityID="" RelatedActivityID=""></Correlation>
<Execution ProcessID="3288" ThreadID="3532"></Execution>
<Channel>Microsoft-Windows-Sysmon/Operational</Channel>
<Computer>DESKTOP-RL1K13Q</Computer>
<Security UserID="S-1-5-18"></Security>
</System>
<EventData><Data Name="RuleName">EXE</Data>
<Data Name="UtcTime">2025-04-24 05:13:05.319</Data>
<Data Name="ProcessGuid">{59d32d4f-c85d-6809-8601-000000001500}</Data>
<Data Name="ProcessId">4944</Data>
<Data Name="Image">C:\Program Files\7-Zip\7zG.exe</Data>
<Data Name="TargetFilename">C:\Users\Bluecheap\Desktop\SysinternalsSuite\psshutdown.exe</Data>
<Data Name="CreationUtcTime">2025-04-24 05:13:05.319</Data>
<Data Name="User">DESKTOP-RL1K13Q\Bluecheap</Data>
</EventData>
</Event>

<Event xmlns="http://schemas.microsoft.com/win/2004/08/events/event"><System><Provider Name="Microsoft-Windows-Sysmon" Guid="{5770385f-c22a-43e0-bf4c-06f5698ffbd9}"></Provider>
<EventID Qualifiers="">11</EventID>
<Version>2</Version>
<Level>4</Level>
<Task>11</Task>
<Opcode>0</Opcode>
<Keywords>0x8000000000000000</Keywords>
<TimeCreated SystemTime="2025-04-24 05:13:05.412989+00:00"></TimeCreated>
<EventRecordID>1126</EventRecordID>
<Correlation ActivityID="" RelatedActivityID=""></Correlation>
<Execution ProcessID="3288" ThreadID="3532"></Execution>
<Channel>Microsoft-Windows-Sysmon/Operational</Channel>
<Computer>DESKTOP-RL1K13Q</Computer>
<Security UserID="S-1-5-18"></Security>
</System>
<EventData><Data Name="RuleName">EXE</Data>
<Data Name="UtcTime">2025-04-24 05:13:05.351</Data>
<Data Name="ProcessGuid">{59d32d4f-c85d-6809-8601-000000001500}</Data>
<Data Name="ProcessId">4944</Data>
<Data Name="Image">C:\Program Files\7-Zip\7zG.exe</Data>
<Data Name="TargetFilename">C:\Users\Bluecheap\Desktop\SysinternalsSuite\psshutdown64.exe</Data>
<Data Name="CreationUtcTime">2025-04-24 05:13:05.351</Data>
<Data Name="User">DESKTOP-RL1K13Q\Bluecheap</Data>
</EventData>
</Event>

<Event xmlns="http://schemas.microsoft.com/win/2004/08/events/event"><System><Provider Name="Microsoft-Windows-Sysmon" Guid="{5770385f-c22a-43e0-bf4c-06f5698ffbd9}"></Provider>
<EventID Qualifiers="">11</EventID>
<Version>2</Version>
<Level>4</Level>
<Task>11</Task>
<Opcode>0</Opcode>
<Keywords>0x8000000000000000</Keywords>
<TimeCreated SystemTime="2025-04-24 05:13:05.413080+00:00"></TimeCreated>
<EventRecordID>1127</EventRecordID>
<Correlation ActivityID="" RelatedActivityID=""></Correlation>
<Execution ProcessID="3288" ThreadID="3532"></Execution>
<Channel>Microsoft-Windows-Sysmon/Operational</Channel>
<Computer>DESKTOP-RL1K13Q</Computer>
<Security UserID="S-1-5-18"></Security>
</System>
<EventData><Data Name="RuleName">EXE</Data>
<Data Name="UtcTime">2025-04-24 05:13:05.366</Data>
<Data Name="ProcessGuid">{59d32d4f-c85d-6809-8601-000000001500}</Data>
<Data Name="ProcessId">4944</Data>
<Data Name="Image">C:\Program Files\7-Zip\7zG.exe</Data>
<Data Name="TargetFilename">C:\Users\Bluecheap\Desktop\SysinternalsSuite\regjump.exe</Data>
<Data Name="CreationUtcTime">2025-04-24 05:13:05.366</Data>
<Data Name="User">DESKTOP-RL1K13Q\Bluecheap</Data>
</EventData>
</Event>

<Event xmlns="http://schemas.microsoft.com/win/2004/08/events/event"><System><Provider Name="Microsoft-Windows-Sysmon" Guid="{5770385f-c22a-43e0-bf4c-06f5698ffbd9}"></Provider>
<EventID Qualifiers="">11</EventID>
<Version>2</Version>
<Level>4</Level>
<Task>11</Task>
<Opcode>0</Opcode>
<Keywords>0x8000000000000000</Keywords>
<TimeCreated SystemTime="2025-04-24 05:13:05.413130+00:00"></TimeCreated>
<EventRecordID>1128</EventRecordID>
<Correlation ActivityID="" RelatedActivityID=""></Correlation>
<Execution ProcessID="3288" ThreadID="3532"></Execution>
<Channel>Microsoft-Windows-Sysmon/Operational</Channel>
<Computer>DESKTOP-RL1K13Q</Computer>
<Security UserID="S-1-5-18"></Security>
</System>
<EventData><Data Name="RuleName">EXE</Data>
<Data Name="UtcTime">2025-04-24 05:13:05.382</Data>
<Data Name="ProcessGuid">{59d32d4f-c85d-6809-8601-000000001500}</Data>
<Data Name="ProcessId">4944</Data>
<Data Name="Image">C:\Program Files\7-Zip\7zG.exe</Data>
<Data Name="TargetFilename">C:\Users\Bluecheap\Desktop\SysinternalsSuite\ShareEnum.exe</Data>
<Data Name="CreationUtcTime">2025-04-24 05:13:05.382</Data>
<Data Name="User">DESKTOP-RL1K13Q\Bluecheap</Data>
</EventData>
</Event>

<Event xmlns="http://schemas.microsoft.com/win/2004/08/events/event"><System><Provider Name="Microsoft-Windows-Sysmon" Guid="{5770385f-c22a-43e0-bf4c-06f5698ffbd9}"></Provider>
<EventID Qualifiers="">11</EventID>
<Version>2</Version>
<Level>4</Level>
<Task>11</Task>
<Opcode>0</Opcode>
<Keywords>0x8000000000000000</Keywords>
<TimeCreated SystemTime="2025-04-24 05:13:05.413177+00:00"></TimeCreated>
<EventRecordID>1129</EventRecordID>
<Correlation ActivityID="" RelatedActivityID=""></Correlation>
<Execution ProcessID="3288" ThreadID="3532"></Execution>
<Channel>Microsoft-Windows-Sysmon/Operational</Channel>
<Computer>DESKTOP-RL1K13Q</Computer>
<Security UserID="S-1-5-18"></Security>
</System>
<EventData><Data Name="RuleName">EXE</Data>
<Data Name="UtcTime">2025-04-24 05:13:05.397</Data>
<Data Name="ProcessGuid">{59d32d4f-c85d-6809-8601-000000001500}</Data>
<Data Name="ProcessId">4944</Data>
<Data Name="Image">C:\Program Files\7-Zip\7zG.exe</Data>
<Data Name="TargetFilename">C:\Users\Bluecheap\Desktop\SysinternalsSuite\ShareEnum64.exe</Data>
<Data Name="CreationUtcTime">2025-04-24 05:13:05.397</Data>
<Data Name="User">DESKTOP-RL1K13Q\Bluecheap</Data>
</EventData>
</Event>

<Event xmlns="http://schemas.microsoft.com/win/2004/08/events/event"><System><Provider Name="Microsoft-Windows-Sysmon" Guid="{5770385f-c22a-43e0-bf4c-06f5698ffbd9}"></Provider>
<EventID Qualifiers="">11</EventID>
<Version>2</Version>
<Level>4</Level>
<Task>11</Task>
<Opcode>0</Opcode>
<Keywords>0x8000000000000000</Keywords>
<TimeCreated SystemTime="2025-04-24 05:13:05.433651+00:00"></TimeCreated>
<EventRecordID>1130</EventRecordID>
<Correlation ActivityID="" RelatedActivityID=""></Correlation>
<Execution ProcessID="3288" ThreadID="3532"></Execution>
<Channel>Microsoft-Windows-Sysmon/Operational</Channel>
<Computer>DESKTOP-RL1K13Q</Computer>
<Security UserID="S-1-5-18"></Security>
</System>
<EventData><Data Name="RuleName">EXE</Data>
<Data Name="UtcTime">2025-04-24 05:13:05.413</Data>
<Data Name="ProcessGuid">{59d32d4f-c85d-6809-8601-000000001500}</Data>
<Data Name="ProcessId">4944</Data>
<Data Name="Image">C:\Program Files\7-Zip\7zG.exe</Data>
<Data Name="TargetFilename">C:\Users\Bluecheap\Desktop\SysinternalsSuite\ShellRunas.exe</Data>
<Data Name="CreationUtcTime">2025-04-24 05:13:05.413</Data>
<Data Name="User">DESKTOP-RL1K13Q\Bluecheap</Data>
</EventData>
</Event>

<Event xmlns="http://schemas.microsoft.com/win/2004/08/events/event"><System><Provider Name="Microsoft-Windows-Sysmon" Guid="{5770385f-c22a-43e0-bf4c-06f5698ffbd9}"></Provider>
<EventID Qualifiers="">11</EventID>
<Version>2</Version>
<Level>4</Level>
<Task>11</Task>
<Opcode>0</Opcode>
<Keywords>0x8000000000000000</Keywords>
<TimeCreated SystemTime="2025-04-24 05:13:05.433733+00:00"></TimeCreated>
<EventRecordID>1131</EventRecordID>
<Correlation ActivityID="" RelatedActivityID=""></Correlation>
<Execution ProcessID="3288" ThreadID="3532"></Execution>
<Channel>Microsoft-Windows-Sysmon/Operational</Channel>
<Computer>DESKTOP-RL1K13Q</Computer>
<Security UserID="S-1-5-18"></Security>
</System>
<EventData><Data Name="RuleName">EXE</Data>
<Data Name="UtcTime">2025-04-24 05:13:05.413</Data>
<Data Name="ProcessGuid">{59d32d4f-c85d-6809-8601-000000001500}</Data>
<Data Name="ProcessId">4944</Data>
<Data Name="Image">C:\Program Files\7-Zip\7zG.exe</Data>
<Data Name="TargetFilename">C:\Users\Bluecheap\Desktop\SysinternalsSuite\Cacheset.exe</Data>
<Data Name="CreationUtcTime">2025-04-24 05:13:05.413</Data>
<Data Name="User">DESKTOP-RL1K13Q\Bluecheap</Data>
</EventData>
</Event>

<Event xmlns="http://schemas.microsoft.com/win/2004/08/events/event"><System><Provider Name="Microsoft-Windows-Sysmon" Guid="{5770385f-c22a-43e0-bf4c-06f5698ffbd9}"></Provider>
<EventID Qualifiers="">11</EventID>
<Version>2</Version>
<Level>4</Level>
<Task>11</Task>
<Opcode>0</Opcode>
<Keywords>0x8000000000000000</Keywords>
<TimeCreated SystemTime="2025-04-24 05:13:05.450136+00:00"></TimeCreated>
<EventRecordID>1132</EventRecordID>
<Correlation ActivityID="" RelatedActivityID=""></Correlation>
<Execution ProcessID="3288" ThreadID="3532"></Execution>
<Channel>Microsoft-Windows-Sysmon/Operational</Channel>
<Computer>DESKTOP-RL1K13Q</Computer>
<Security UserID="S-1-5-18"></Security>
</System>
<EventData><Data Name="RuleName">EXE</Data>
<Data Name="UtcTime">2025-04-24 05:13:05.428</Data>
<Data Name="ProcessGuid">{59d32d4f-c85d-6809-8601-000000001500}</Data>
<Data Name="ProcessId">4944</Data>
<Data Name="Image">C:\Program Files\7-Zip\7zG.exe</Data>
<Data Name="TargetFilename">C:\Users\Bluecheap\Desktop\SysinternalsSuite\Cacheset64.exe</Data>
<Data Name="CreationUtcTime">2025-04-24 05:13:05.428</Data>
<Data Name="User">DESKTOP-RL1K13Q\Bluecheap</Data>
</EventData>
</Event>

<Event xmlns="http://schemas.microsoft.com/win/2004/08/events/event"><System><Provider Name="Microsoft-Windows-Sysmon" Guid="{5770385f-c22a-43e0-bf4c-06f5698ffbd9}"></Provider>
<EventID Qualifiers="">11</EventID>
<Version>2</Version>
<Level>4</Level>
<Task>11</Task>
<Opcode>0</Opcode>
<Keywords>0x8000000000000000</Keywords>
<TimeCreated SystemTime="2025-04-24 05:13:05.450222+00:00"></TimeCreated>
<EventRecordID>1133</EventRecordID>
<Correlation ActivityID="" RelatedActivityID=""></Correlation>
<Execution ProcessID="3288" ThreadID="3532"></Execution>
<Channel>Microsoft-Windows-Sysmon/Operational</Channel>
<Computer>DESKTOP-RL1K13Q</Computer>
<Security UserID="S-1-5-18"></Security>
</System>
<EventData><Data Name="RuleName">EXE</Data>
<Data Name="UtcTime">2025-04-24 05:13:05.445</Data>
<Data Name="ProcessGuid">{59d32d4f-c85d-6809-8601-000000001500}</Data>
<Data Name="ProcessId">4944</Data>
<Data Name="Image">C:\Program Files\7-Zip\7zG.exe</Data>
<Data Name="TargetFilename">C:\Users\Bluecheap\Desktop\SysinternalsSuite\tcpview.exe</Data>
<Data Name="CreationUtcTime">2025-04-24 05:13:05.445</Data>
<Data Name="User">DESKTOP-RL1K13Q\Bluecheap</Data>
</EventData>
</Event>

<Event xmlns="http://schemas.microsoft.com/win/2004/08/events/event"><System><Provider Name="Microsoft-Windows-Sysmon" Guid="{5770385f-c22a-43e0-bf4c-06f5698ffbd9}"></Provider>
<EventID Qualifiers="">11</EventID>
<Version>2</Version>
<Level>4</Level>
<Task>11</Task>
<Opcode>0</Opcode>
<Keywords>0x8000000000000000</Keywords>
<TimeCreated SystemTime="2025-04-24 05:13:05.488020+00:00"></TimeCreated>
<EventRecordID>1134</EventRecordID>
<Correlation ActivityID="" RelatedActivityID=""></Correlation>
<Execution ProcessID="3288" ThreadID="3532"></Execution>
<Channel>Microsoft-Windows-Sysmon/Operational</Channel>
<Computer>DESKTOP-RL1K13Q</Computer>
<Security UserID="S-1-5-18"></Security>
</System>
<EventData><Data Name="RuleName">EXE</Data>
<Data Name="UtcTime">2025-04-24 05:13:05.476</Data>
<Data Name="ProcessGuid">{59d32d4f-c85d-6809-8601-000000001500}</Data>
<Data Name="ProcessId">4944</Data>
<Data Name="Image">C:\Program Files\7-Zip\7zG.exe</Data>
<Data Name="TargetFilename">C:\Users\Bluecheap\Desktop\SysinternalsSuite\tcpview64.exe</Data>
<Data Name="CreationUtcTime">2025-04-24 05:13:05.476</Data>
<Data Name="User">DESKTOP-RL1K13Q\Bluecheap</Data>
</EventData>
</Event>

<Event xmlns="http://schemas.microsoft.com/win/2004/08/events/event"><System><Provider Name="Microsoft-Windows-Sysmon" Guid="{5770385f-c22a-43e0-bf4c-06f5698ffbd9}"></Provider>
<EventID Qualifiers="">11</EventID>
<Version>2</Version>
<Level>4</Level>
<Task>11</Task>
<Opcode>0</Opcode>
<Keywords>0x8000000000000000</Keywords>
<TimeCreated SystemTime="2025-04-24 05:13:05.548964+00:00"></TimeCreated>
<EventRecordID>1135</EventRecordID>
<Correlation ActivityID="" RelatedActivityID=""></Correlation>
<Execution ProcessID="3288" ThreadID="3532"></Execution>
<Channel>Microsoft-Windows-Sysmon/Operational</Channel>
<Computer>DESKTOP-RL1K13Q</Computer>
<Security UserID="S-1-5-18"></Security>
</System>
<EventData><Data Name="RuleName">EXE</Data>
<Data Name="UtcTime">2025-04-24 05:13:05.507</Data>
<Data Name="ProcessGuid">{59d32d4f-c85d-6809-8601-000000001500}</Data>
<Data Name="ProcessId">4944</Data>
<Data Name="Image">C:\Program Files\7-Zip\7zG.exe</Data>
<Data Name="TargetFilename">C:\Users\Bluecheap\Desktop\SysinternalsSuite\tcpvcon.exe</Data>
<Data Name="CreationUtcTime">2025-04-24 05:13:05.507</Data>
<Data Name="User">DESKTOP-RL1K13Q\Bluecheap</Data>
</EventData>
</Event>

<Event xmlns="http://schemas.microsoft.com/win/2004/08/events/event"><System><Provider Name="Microsoft-Windows-Sysmon" Guid="{5770385f-c22a-43e0-bf4c-06f5698ffbd9}"></Provider>
<EventID Qualifiers="">11</EventID>
<Version>2</Version>
<Level>4</Level>
<Task>11</Task>
<Opcode>0</Opcode>
<Keywords>0x8000000000000000</Keywords>
<TimeCreated SystemTime="2025-04-24 05:13:05.549053+00:00"></TimeCreated>
<EventRecordID>1136</EventRecordID>
<Correlation ActivityID="" RelatedActivityID=""></Correlation>
<Execution ProcessID="3288" ThreadID="3532"></Execution>
<Channel>Microsoft-Windows-Sysmon/Operational</Channel>
<Computer>DESKTOP-RL1K13Q</Computer>
<Security UserID="S-1-5-18"></Security>
</System>
<EventData><Data Name="RuleName">EXE</Data>
<Data Name="UtcTime">2025-04-24 05:13:05.507</Data>
<Data Name="ProcessGuid">{59d32d4f-c85d-6809-8601-000000001500}</Data>
<Data Name="ProcessId">4944</Data>
<Data Name="Image">C:\Program Files\7-Zip\7zG.exe</Data>
<Data Name="TargetFilename">C:\Users\Bluecheap\Desktop\SysinternalsSuite\tcpvcon64.exe</Data>
<Data Name="CreationUtcTime">2025-04-24 05:13:05.507</Data>
<Data Name="User">DESKTOP-RL1K13Q\Bluecheap</Data>
</EventData>
</Event>

<Event xmlns="http://schemas.microsoft.com/win/2004/08/events/event"><System><Provider Name="Microsoft-Windows-Sysmon" Guid="{5770385f-c22a-43e0-bf4c-06f5698ffbd9}"></Provider>
<EventID Qualifiers="">11</EventID>
<Version>2</Version>
<Level>4</Level>
<Task>11</Task>
<Opcode>0</Opcode>
<Keywords>0x8000000000000000</Keywords>
<TimeCreated SystemTime="2025-04-24 05:13:05.549103+00:00"></TimeCreated>
<EventRecordID>1137</EventRecordID>
<Correlation ActivityID="" RelatedActivityID=""></Correlation>
<Execution ProcessID="3288" ThreadID="3532"></Execution>
<Channel>Microsoft-Windows-Sysmon/Operational</Channel>
<Computer>DESKTOP-RL1K13Q</Computer>
<Security UserID="S-1-5-18"></Security>
</System>
<EventData><Data Name="RuleName">-</Data>
<Data Name="UtcTime">2025-04-24 05:13:05.522</Data>
<Data Name="ProcessGuid">{59d32d4f-c85d-6809-8601-000000001500}</Data>
<Data Name="ProcessId">4944</Data>
<Data Name="Image">C:\Program Files\7-Zip\7zG.exe</Data>
<Data Name="TargetFilename">C:\Users\Bluecheap\Desktop\SysinternalsSuite\tcpview.chm</Data>
<Data Name="CreationUtcTime">2025-04-24 05:13:05.522</Data>
<Data Name="User">DESKTOP-RL1K13Q\Bluecheap</Data>
</EventData>
</Event>

<Event xmlns="http://schemas.microsoft.com/win/2004/08/events/event"><System><Provider Name="Microsoft-Windows-Sysmon" Guid="{5770385f-c22a-43e0-bf4c-06f5698ffbd9}"></Provider>
<EventID Qualifiers="">11</EventID>
<Version>2</Version>
<Level>4</Level>
<Task>11</Task>
<Opcode>0</Opcode>
<Keywords>0x8000000000000000</Keywords>
<TimeCreated SystemTime="2025-04-24 05:13:05.549149+00:00"></TimeCreated>
<EventRecordID>1138</EventRecordID>
<Correlation ActivityID="" RelatedActivityID=""></Correlation>
<Execution ProcessID="3288" ThreadID="3532"></Execution>
<Channel>Microsoft-Windows-Sysmon/Operational</Channel>
<Computer>DESKTOP-RL1K13Q</Computer>
<Security UserID="S-1-5-18"></Security>
</System>
<EventData><Data Name="RuleName">EXE</Data>
<Data Name="UtcTime">2025-04-24 05:13:05.522</Data>
<Data Name="ProcessGuid">{59d32d4f-c85d-6809-8601-000000001500}</Data>
<Data Name="ProcessId">4944</Data>
<Data Name="Image">C:\Program Files\7-Zip\7zG.exe</Data>
<Data Name="TargetFilename">C:\Users\Bluecheap\Desktop\SysinternalsSuite\vmmap.exe</Data>
<Data Name="CreationUtcTime">2025-04-24 05:13:05.522</Data>
<Data Name="User">DESKTOP-RL1K13Q\Bluecheap</Data>
</EventData>
</Event>

<Event xmlns="http://schemas.microsoft.com/win/2004/08/events/event"><System><Provider Name="Microsoft-Windows-Sysmon" Guid="{5770385f-c22a-43e0-bf4c-06f5698ffbd9}"></Provider>
<EventID Qualifiers="">11</EventID>
<Version>2</Version>
<Level>4</Level>
<Task>11</Task>
<Opcode>0</Opcode>
<Keywords>0x8000000000000000</Keywords>
<TimeCreated SystemTime="2025-04-24 05:13:05.560768+00:00"></TimeCreated>
<EventRecordID>1139</EventRecordID>
<Correlation ActivityID="" RelatedActivityID=""></Correlation>
<Execution ProcessID="3288" ThreadID="3532"></Execution>
<Channel>Microsoft-Windows-Sysmon/Operational</Channel>
<Computer>DESKTOP-RL1K13Q</Computer>
<Security UserID="S-1-5-18"></Security>
</System>
<EventData><Data Name="RuleName">EXE</Data>
<Data Name="UtcTime">2025-04-24 05:13:05.553</Data>
<Data Name="ProcessGuid">{59d32d4f-c85d-6809-8601-000000001500}</Data>
<Data Name="ProcessId">4944</Data>
<Data Name="Image">C:\Program Files\7-Zip\7zG.exe</Data>
<Data Name="TargetFilename">C:\Users\Bluecheap\Desktop\SysinternalsSuite\vmmap64.exe</Data>
<Data Name="CreationUtcTime">2025-04-24 05:13:05.553</Data>
<Data Name="User">DESKTOP-RL1K13Q\Bluecheap</Data>
</EventData>
</Event>

<Event xmlns="http://schemas.microsoft.com/win/2004/08/events/event"><System><Provider Name="Microsoft-Windows-Sysmon" Guid="{5770385f-c22a-43e0-bf4c-06f5698ffbd9}"></Provider>
<EventID Qualifiers="">11</EventID>
<Version>2</Version>
<Level>4</Level>
<Task>11</Task>
<Opcode>0</Opcode>
<Keywords>0x8000000000000000</Keywords>
<TimeCreated SystemTime="2025-04-24 05:13:05.591135+00:00"></TimeCreated>
<EventRecordID>1140</EventRecordID>
<Correlation ActivityID="" RelatedActivityID=""></Correlation>
<Execution ProcessID="3288" ThreadID="3532"></Execution>
<Channel>Microsoft-Windows-Sysmon/Operational</Channel>
<Computer>DESKTOP-RL1K13Q</Computer>
<Security UserID="S-1-5-18"></Security>
</System>
<EventData><Data Name="RuleName">-</Data>
<Data Name="UtcTime">2025-04-24 05:13:05.569</Data>
<Data Name="ProcessGuid">{59d32d4f-c85d-6809-8601-000000001500}</Data>
<Data Name="ProcessId">4944</Data>
<Data Name="Image">C:\Program Files\7-Zip\7zG.exe</Data>
<Data Name="TargetFilename">C:\Users\Bluecheap\Desktop\SysinternalsSuite\Vmmap.chm</Data>
<Data Name="CreationUtcTime">2025-04-24 05:13:05.569</Data>
<Data Name="User">DESKTOP-RL1K13Q\Bluecheap</Data>
</EventData>
</Event>

<Event xmlns="http://schemas.microsoft.com/win/2004/08/events/event"><System><Provider Name="Microsoft-Windows-Sysmon" Guid="{5770385f-c22a-43e0-bf4c-06f5698ffbd9}"></Provider>
<EventID Qualifiers="">11</EventID>
<Version>2</Version>
<Level>4</Level>
<Task>11</Task>
<Opcode>0</Opcode>
<Keywords>0x8000000000000000</Keywords>
<TimeCreated SystemTime="2025-04-24 05:13:05.591221+00:00"></TimeCreated>
<EventRecordID>1141</EventRecordID>
<Correlation ActivityID="" RelatedActivityID=""></Correlation>
<Execution ProcessID="3288" ThreadID="3532"></Execution>
<Channel>Microsoft-Windows-Sysmon/Operational</Channel>
<Computer>DESKTOP-RL1K13Q</Computer>
<Security UserID="S-1-5-18"></Security>
</System>
<EventData><Data Name="RuleName">EXE</Data>
<Data Name="UtcTime">2025-04-24 05:13:05.569</Data>
<Data Name="ProcessGuid">{59d32d4f-c85d-6809-8601-000000001500}</Data>
<Data Name="ProcessId">4944</Data>
<Data Name="Image">C:\Program Files\7-Zip\7zG.exe</Data>
<Data Name="TargetFilename">C:\Users\Bluecheap\Desktop\SysinternalsSuite\Winobj.exe</Data>
<Data Name="CreationUtcTime">2025-04-24 05:13:05.569</Data>
<Data Name="User">DESKTOP-RL1K13Q\Bluecheap</Data>
</EventData>
</Event>

<Event xmlns="http://schemas.microsoft.com/win/2004/08/events/event"><System><Provider Name="Microsoft-Windows-Sysmon" Guid="{5770385f-c22a-43e0-bf4c-06f5698ffbd9}"></Provider>
<EventID Qualifiers="">11</EventID>
<Version>2</Version>
<Level>4</Level>
<Task>11</Task>
<Opcode>0</Opcode>
<Keywords>0x8000000000000000</Keywords>
<TimeCreated SystemTime="2025-04-24 05:13:05.630398+00:00"></TimeCreated>
<EventRecordID>1142</EventRecordID>
<Correlation ActivityID="" RelatedActivityID=""></Correlation>
<Execution ProcessID="3288" ThreadID="3532"></Execution>
<Channel>Microsoft-Windows-Sysmon/Operational</Channel>
<Computer>DESKTOP-RL1K13Q</Computer>
<Security UserID="S-1-5-18"></Security>
</System>
<EventData><Data Name="RuleName">EXE</Data>
<Data Name="UtcTime">2025-04-24 05:13:05.601</Data>
<Data Name="ProcessGuid">{59d32d4f-c85d-6809-8601-000000001500}</Data>
<Data Name="ProcessId">4944</Data>
<Data Name="Image">C:\Program Files\7-Zip\7zG.exe</Data>
<Data Name="TargetFilename">C:\Users\Bluecheap\Desktop\SysinternalsSuite\Winobj64.exe</Data>
<Data Name="CreationUtcTime">2025-04-24 05:13:05.601</Data>
<Data Name="User">DESKTOP-RL1K13Q\Bluecheap</Data>
</EventData>
</Event>

<Event xmlns="http://schemas.microsoft.com/win/2004/08/events/event"><System><Provider Name="Microsoft-Windows-Sysmon" Guid="{5770385f-c22a-43e0-bf4c-06f5698ffbd9}"></Provider>
<EventID Qualifiers="">11</EventID>
<Version>2</Version>
<Level>4</Level>
<Task>11</Task>
<Opcode>0</Opcode>
<Keywords>0x8000000000000000</Keywords>
<TimeCreated SystemTime="2025-04-24 05:13:05.667231+00:00"></TimeCreated>
<EventRecordID>1143</EventRecordID>
<Correlation ActivityID="" RelatedActivityID=""></Correlation>
<Execution ProcessID="3288" ThreadID="3532"></Execution>
<Channel>Microsoft-Windows-Sysmon/Operational</Channel>
<Computer>DESKTOP-RL1K13Q</Computer>
<Security UserID="S-1-5-18"></Security>
</System>
<EventData><Data Name="RuleName">EXE</Data>
<Data Name="UtcTime">2025-04-24 05:13:05.632</Data>
<Data Name="ProcessGuid">{59d32d4f-c85d-6809-8601-000000001500}</Data>
<Data Name="ProcessId">4944</Data>
<Data Name="Image">C:\Program Files\7-Zip\7zG.exe</Data>
<Data Name="TargetFilename">C:\Users\Bluecheap\Desktop\SysinternalsSuite\Autoruns.exe</Data>
<Data Name="CreationUtcTime">2025-04-24 05:13:05.632</Data>
<Data Name="User">DESKTOP-RL1K13Q\Bluecheap</Data>
</EventData>
</Event>

<Event xmlns="http://schemas.microsoft.com/win/2004/08/events/event"><System><Provider Name="Microsoft-Windows-Sysmon" Guid="{5770385f-c22a-43e0-bf4c-06f5698ffbd9}"></Provider>
<EventID Qualifiers="">11</EventID>
<Version>2</Version>
<Level>4</Level>
<Task>11</Task>
<Opcode>0</Opcode>
<Keywords>0x8000000000000000</Keywords>
<TimeCreated SystemTime="2025-04-24 05:13:05.687401+00:00"></TimeCreated>
<EventRecordID>1144</EventRecordID>
<Correlation ActivityID="" RelatedActivityID=""></Correlation>
<Execution ProcessID="3288" ThreadID="3532"></Execution>
<Channel>Microsoft-Windows-Sysmon/Operational</Channel>
<Computer>DESKTOP-RL1K13Q</Computer>
<Security UserID="S-1-5-18"></Security>
</System>
<EventData><Data Name="RuleName">EXE</Data>
<Data Name="UtcTime">2025-04-24 05:13:05.679</Data>
<Data Name="ProcessGuid">{59d32d4f-c85d-6809-8601-000000001500}</Data>
<Data Name="ProcessId">4944</Data>
<Data Name="Image">C:\Program Files\7-Zip\7zG.exe</Data>
<Data Name="TargetFilename">C:\Users\Bluecheap\Desktop\SysinternalsSuite\autorunsc.exe</Data>
<Data Name="CreationUtcTime">2025-04-24 05:13:05.679</Data>
<Data Name="User">DESKTOP-RL1K13Q\Bluecheap</Data>
</EventData>
</Event>

<Event xmlns="http://schemas.microsoft.com/win/2004/08/events/event"><System><Provider Name="Microsoft-Windows-Sysmon" Guid="{5770385f-c22a-43e0-bf4c-06f5698ffbd9}"></Provider>
<EventID Qualifiers="">11</EventID>
<Version>2</Version>
<Level>4</Level>
<Task>11</Task>
<Opcode>0</Opcode>
<Keywords>0x8000000000000000</Keywords>
<TimeCreated SystemTime="2025-04-24 05:13:05.726086+00:00"></TimeCreated>
<EventRecordID>1145</EventRecordID>
<Correlation ActivityID="" RelatedActivityID=""></Correlation>
<Execution ProcessID="3288" ThreadID="3532"></Execution>
<Channel>Microsoft-Windows-Sysmon/Operational</Channel>
<Computer>DESKTOP-RL1K13Q</Computer>
<Security UserID="S-1-5-18"></Security>
</System>
<EventData><Data Name="RuleName">EXE</Data>
<Data Name="UtcTime">2025-04-24 05:13:05.694</Data>
<Data Name="ProcessGuid">{59d32d4f-c85d-6809-8601-000000001500}</Data>
<Data Name="ProcessId">4944</Data>
<Data Name="Image">C:\Program Files\7-Zip\7zG.exe</Data>
<Data Name="TargetFilename">C:\Users\Bluecheap\Desktop\SysinternalsSuite\Autoruns64.exe</Data>
<Data Name="CreationUtcTime">2025-04-24 05:13:05.694</Data>
<Data Name="User">DESKTOP-RL1K13Q\Bluecheap</Data>
</EventData>
</Event>

<Event xmlns="http://schemas.microsoft.com/win/2004/08/events/event"><System><Provider Name="Microsoft-Windows-Sysmon" Guid="{5770385f-c22a-43e0-bf4c-06f5698ffbd9}"></Provider>
<EventID Qualifiers="">11</EventID>
<Version>2</Version>
<Level>4</Level>
<Task>11</Task>
<Opcode>0</Opcode>
<Keywords>0x8000000000000000</Keywords>
<TimeCreated SystemTime="2025-04-24 05:13:05.761091+00:00"></TimeCreated>
<EventRecordID>1146</EventRecordID>
<Correlation ActivityID="" RelatedActivityID=""></Correlation>
<Execution ProcessID="3288" ThreadID="3532"></Execution>
<Channel>Microsoft-Windows-Sysmon/Operational</Channel>
<Computer>DESKTOP-RL1K13Q</Computer>
<Security UserID="S-1-5-18"></Security>
</System>
<EventData><Data Name="RuleName">EXE</Data>
<Data Name="UtcTime">2025-04-24 05:13:05.741</Data>
<Data Name="ProcessGuid">{59d32d4f-c85d-6809-8601-000000001500}</Data>
<Data Name="ProcessId">4944</Data>
<Data Name="Image">C:\Program Files\7-Zip\7zG.exe</Data>
<Data Name="TargetFilename">C:\Users\Bluecheap\Desktop\SysinternalsSuite\autorunsc64.exe</Data>
<Data Name="CreationUtcTime">2025-04-24 05:13:05.741</Data>
<Data Name="User">DESKTOP-RL1K13Q\Bluecheap</Data>
</EventData>
</Event>

<Event xmlns="http://schemas.microsoft.com/win/2004/08/events/event"><System><Provider Name="Microsoft-Windows-Sysmon" Guid="{5770385f-c22a-43e0-bf4c-06f5698ffbd9}"></Provider>
<EventID Qualifiers="">11</EventID>
<Version>2</Version>
<Level>4</Level>
<Task>11</Task>
<Opcode>0</Opcode>
<Keywords>0x8000000000000000</Keywords>
<TimeCreated SystemTime="2025-04-24 05:13:05.786263+00:00"></TimeCreated>
<EventRecordID>1147</EventRecordID>
<Correlation ActivityID="" RelatedActivityID=""></Correlation>
<Execution ProcessID="3288" ThreadID="3532"></Execution>
<Channel>Microsoft-Windows-Sysmon/Operational</Channel>
<Computer>DESKTOP-RL1K13Q</Computer>
<Security UserID="S-1-5-18"></Security>
</System>
<EventData><Data Name="RuleName">-</Data>
<Data Name="UtcTime">2025-04-24 05:13:05.772</Data>
<Data Name="ProcessGuid">{59d32d4f-c85d-6809-8601-000000001500}</Data>
<Data Name="ProcessId">4944</Data>
<Data Name="Image">C:\Program Files\7-Zip\7zG.exe</Data>
<Data Name="TargetFilename">C:\Users\Bluecheap\Desktop\SysinternalsSuite\autoruns.chm</Data>
<Data Name="CreationUtcTime">2025-04-24 05:13:05.772</Data>
<Data Name="User">DESKTOP-RL1K13Q\Bluecheap</Data>
</EventData>
</Event>

<Event xmlns="http://schemas.microsoft.com/win/2004/08/events/event"><System><Provider Name="Microsoft-Windows-Sysmon" Guid="{5770385f-c22a-43e0-bf4c-06f5698ffbd9}"></Provider>
<EventID Qualifiers="">11</EventID>
<Version>2</Version>
<Level>4</Level>
<Task>11</Task>
<Opcode>0</Opcode>
<Keywords>0x8000000000000000</Keywords>
<TimeCreated SystemTime="2025-04-24 05:13:05.786316+00:00"></TimeCreated>
<EventRecordID>1148</EventRecordID>
<Correlation ActivityID="" RelatedActivityID=""></Correlation>
<Execution ProcessID="3288" ThreadID="3532"></Execution>
<Channel>Microsoft-Windows-Sysmon/Operational</Channel>
<Computer>DESKTOP-RL1K13Q</Computer>
<Security UserID="S-1-5-18"></Security>
</System>
<EventData><Data Name="RuleName">EXE</Data>
<Data Name="UtcTime">2025-04-24 05:13:05.772</Data>
<Data Name="ProcessGuid">{59d32d4f-c85d-6809-8601-000000001500}</Data>
<Data Name="ProcessId">4944</Data>
<Data Name="Image">C:\Program Files\7-Zip\7zG.exe</Data>
<Data Name="TargetFilename">C:\Users\Bluecheap\Desktop\SysinternalsSuite\accesschk.exe</Data>
<Data Name="CreationUtcTime">2025-04-24 05:13:05.772</Data>
<Data Name="User">DESKTOP-RL1K13Q\Bluecheap</Data>
</EventData>
</Event>

<Event xmlns="http://schemas.microsoft.com/win/2004/08/events/event"><System><Provider Name="Microsoft-Windows-Sysmon" Guid="{5770385f-c22a-43e0-bf4c-06f5698ffbd9}"></Provider>
<EventID Qualifiers="">11</EventID>
<Version>2</Version>
<Level>4</Level>
<Task>11</Task>
<Opcode>0</Opcode>
<Keywords>0x8000000000000000</Keywords>
<TimeCreated SystemTime="2025-04-24 05:13:05.814215+00:00"></TimeCreated>
<EventRecordID>1149</EventRecordID>
<Correlation ActivityID="" RelatedActivityID=""></Correlation>
<Execution ProcessID="3288" ThreadID="3532"></Execution>
<Channel>Microsoft-Windows-Sysmon/Operational</Channel>
<Computer>DESKTOP-RL1K13Q</Computer>
<Security UserID="S-1-5-18"></Security>
</System>
<EventData><Data Name="RuleName">EXE</Data>
<Data Name="UtcTime">2025-04-24 05:13:05.788</Data>
<Data Name="ProcessGuid">{59d32d4f-c85d-6809-8601-000000001500}</Data>
<Data Name="ProcessId">4944</Data>
<Data Name="Image">C:\Program Files\7-Zip\7zG.exe</Data>
<Data Name="TargetFilename">C:\Users\Bluecheap\Desktop\SysinternalsSuite\accesschk64.exe</Data>
<Data Name="CreationUtcTime">2025-04-24 05:13:05.788</Data>
<Data Name="User">DESKTOP-RL1K13Q\Bluecheap</Data>
</EventData>
</Event>

<Event xmlns="http://schemas.microsoft.com/win/2004/08/events/event"><System><Provider Name="Microsoft-Windows-Sysmon" Guid="{5770385f-c22a-43e0-bf4c-06f5698ffbd9}"></Provider>
<EventID Qualifiers="">11</EventID>
<Version>2</Version>
<Level>4</Level>
<Task>11</Task>
<Opcode>0</Opcode>
<Keywords>0x8000000000000000</Keywords>
<TimeCreated SystemTime="2025-04-24 05:13:05.834354+00:00"></TimeCreated>
<EventRecordID>1150</EventRecordID>
<Correlation ActivityID="" RelatedActivityID=""></Correlation>
<Execution ProcessID="3288" ThreadID="3532"></Execution>
<Channel>Microsoft-Windows-Sysmon/Operational</Channel>
<Computer>DESKTOP-RL1K13Q</Computer>
<Security UserID="S-1-5-18"></Security>
</System>
<EventData><Data Name="RuleName">EXE</Data>
<Data Name="UtcTime">2025-04-24 05:13:05.819</Data>
<Data Name="ProcessGuid">{59d32d4f-c85d-6809-8601-000000001500}</Data>
<Data Name="ProcessId">4944</Data>
<Data Name="Image">C:\Program Files\7-Zip\7zG.exe</Data>
<Data Name="TargetFilename">C:\Users\Bluecheap\Desktop\SysinternalsSuite\RAMMap.exe</Data>
<Data Name="CreationUtcTime">2025-04-24 05:13:05.819</Data>
<Data Name="User">DESKTOP-RL1K13Q\Bluecheap</Data>
</EventData>
</Event>

<Event xmlns="http://schemas.microsoft.com/win/2004/08/events/event"><System><Provider Name="Microsoft-Windows-Sysmon" Guid="{5770385f-c22a-43e0-bf4c-06f5698ffbd9}"></Provider>
<EventID Qualifiers="">11</EventID>
<Version>2</Version>
<Level>4</Level>
<Task>11</Task>
<Opcode>0</Opcode>
<Keywords>0x8000000000000000</Keywords>
<TimeCreated SystemTime="2025-04-24 05:13:05.845663+00:00"></TimeCreated>
<EventRecordID>1151</EventRecordID>
<Correlation ActivityID="" RelatedActivityID=""></Correlation>
<Execution ProcessID="3288" ThreadID="3532"></Execution>
<Channel>Microsoft-Windows-Sysmon/Operational</Channel>
<Computer>DESKTOP-RL1K13Q</Computer>
<Security UserID="S-1-5-18"></Security>
</System>
<EventData><Data Name="RuleName">EXE</Data>
<Data Name="UtcTime">2025-04-24 05:13:05.835</Data>
<Data Name="ProcessGuid">{59d32d4f-c85d-6809-8601-000000001500}</Data>
<Data Name="ProcessId">4944</Data>
<Data Name="Image">C:\Program Files\7-Zip\7zG.exe</Data>
<Data Name="TargetFilename">C:\Users\Bluecheap\Desktop\SysinternalsSuite\RAMMap64.exe</Data>
<Data Name="CreationUtcTime">2025-04-24 05:13:05.835</Data>
<Data Name="User">DESKTOP-RL1K13Q\Bluecheap</Data>
</EventData>
</Event>

