<Event xmlns="http://schemas.microsoft.com/win/2004/08/events/event"><System><Provider Name="Microsoft-Windows-Sysmon" Guid="{5770385f-c22a-43e0-bf4c-06f5698ffbd9}"></Provider>
<EventID Qualifiers="">1</EventID>
<Version>5</Version>
<Level>4</Level>
<Task>1</Task>
<Opcode>0</Opcode>
<Keywords>0x8000000000000000</Keywords>
<TimeCreated SystemTime="2025-04-24 05:09:38.661018+00:00"></TimeCreated>
<EventRecordID>755</EventRecordID>
<Correlation ActivityID="" RelatedActivityID=""></Correlation>
<Execution ProcessID="3288" ThreadID="3532"></Execution>
<Channel>Microsoft-Windows-Sysmon/Operational</Channel>
<Computer>DESKTOP-RL1K13Q</Computer>
<Security UserID="S-1-5-18"></Security>
</System>
<EventData><Data Name="RuleName">-</Data>
<Data Name="UtcTime">2025-04-24 05:09:38.639</Data>
<Data Name="ProcessGuid">{59d32d4f-c792-6809-2401-000000001500}</Data>
<Data Name="ProcessId">8200</Data>
<Data Name="Image">C:\Program Files (x86)\Google\GoogleUpdater\137.0.7129.0\updater.exe</Data>
<Data Name="FileVersion">137.0.7129.0</Data>
<Data Name="Description">Google Updater (x64)</Data>
<Data Name="Product">Google Updater (x64)</Data>
<Data Name="Company">Google LLC</Data>
<Data Name="OriginalFileName">updater.exe</Data>
<Data Name="CommandLine">"C:\Program Files (x86)\Google\GoogleUpdater\137.0.7129.0\updater.exe" --crash-handler --system "--database=C:\Program Files (x86)\Google\GoogleUpdater\137.0.7129.0\Crashpad" --url=https://clients2.google.com/cr/report --annotation=prod=Update4 --annotation=ver=137.0.7129.0 "--attachment=C:\Program Files (x86)\Google\GoogleUpdater\updater.log" --initial-client-data=0x264,0x268,0x26c,0x240,0x270,0x7ff7106205d8,0x7ff7106205e4,0x7ff7106205f0</Data>
<Data Name="CurrentDirectory">C:\Windows\system32\</Data>
<Data Name="User">NT AUTHORITY\SYSTEM</Data>
<Data Name="LogonGuid">{59d32d4f-c62e-6809-e703-000000000000}</Data>
<Data Name="LogonId">0x00000000000003e7</Data>
<Data Name="TerminalSessionId">0</Data>
<Data Name="IntegrityLevel">System</Data>
<Data Name="Hashes">MD5=DCDE1606573F4FD0D0B1802424BEFBF2,SHA256=8FF75A69C58B3DF5FF554B91DECEE0E6AAEE77C6A341BCC2C9A60CC67F044961,IMPHASH=B413F35F15CA6B901BF948B6208B60E0</Data>
<Data Name="ParentProcessGuid">{59d32d4f-c792-6809-2301-000000001500}</Data>
<Data Name="ParentProcessId">3804</Data>
<Data Name="ParentImage">C:\Program Files (x86)\Google\GoogleUpdater\137.0.7129.0\updater.exe</Data>
<Data Name="ParentCommandLine">"C:\Program Files (x86)\Google\GoogleUpdater\137.0.7129.0\updater.exe" --system --windows-service --service=update</Data>
<Data Name="ParentUser">NT AUTHORITY\SYSTEM</Data>
</EventData>
</Event>

<Event xmlns="http://schemas.microsoft.com/win/2004/08/events/event"><System><Provider Name="Microsoft-Windows-Sysmon" Guid="{5770385f-c22a-43e0-bf4c-06f5698ffbd9}"></Provider>
<EventID Qualifiers="">1</EventID>
<Version>5</Version>
<Level>4</Level>
<Task>1</Task>
<Opcode>0</Opcode>
<Keywords>0x8000000000000000</Keywords>
<TimeCreated SystemTime="2025-04-24 05:09:41.473948+00:00"></TimeCreated>
<EventRecordID>756</EventRecordID>
<Correlation ActivityID="" RelatedActivityID=""></Correlation>
<Execution ProcessID="3288" ThreadID="3532"></Execution>
<Channel>Microsoft-Windows-Sysmon/Operational</Channel>
<Computer>DESKTOP-RL1K13Q</Computer>
<Security UserID="S-1-5-18"></Security>
</System>
<EventData><Data Name="RuleName">-</Data>
<Data Name="UtcTime">2025-04-24 05:09:41.469</Data>
<Data Name="ProcessGuid">{59d32d4f-c795-6809-2901-000000001500}</Data>
<Data Name="ProcessId">8736</Data>
<Data Name="Image">C:\Windows\System32\taskhostw.exe</Data>
<Data Name="FileVersion">10.0.19041.3636 (WinBuild.160101.0800)</Data>
<Data Name="Description">Host Process for Windows Tasks</Data>
<Data Name="Product">Microsoft&#174; Windows&#174; Operating System</Data>
<Data Name="Company">Microsoft Corporation</Data>
<Data Name="OriginalFileName">taskhostw.exe</Data>
<Data Name="CommandLine">taskhostw.exe SyncFromCloud</Data>
<Data Name="CurrentDirectory">C:\Windows\system32\</Data>
<Data Name="User">DESKTOP-RL1K13Q\Bluecheap</Data>
<Data Name="LogonGuid">{59d32d4f-c774-6809-c1b4-260000000000}</Data>
<Data Name="LogonId">0x000000000026b4c1</Data>
<Data Name="TerminalSessionId">1</Data>
<Data Name="IntegrityLevel">Medium</Data>
<Data Name="Hashes">MD5=9D68EEF2D82A328F0ECE1B641E5728CC,SHA256=976BB3FB062818E9643EC7F65BE2F267B90F63BD9F8BE0E6212D131183136140,IMPHASH=3A0C6863CDE566AF997DB2DEFFF9D924</Data>
<Data Name="ParentProcessGuid">{59d32d4f-c631-6809-2600-000000001500}</Data>
<Data Name="ParentProcessId">1652</Data>
<Data Name="ParentImage">C:\Windows\System32\svchost.exe</Data>
<Data Name="ParentCommandLine">C:\Windows\system32\svchost.exe -k netsvcs -p -s Schedule</Data>
<Data Name="ParentUser">NT AUTHORITY\SYSTEM</Data>
</EventData>
</Event>

<Event xmlns="http://schemas.microsoft.com/win/2004/08/events/event"><System><Provider Name="Microsoft-Windows-Sysmon" Guid="{5770385f-c22a-43e0-bf4c-06f5698ffbd9}"></Provider>
<EventID Qualifiers="">1</EventID>
<Version>5</Version>
<Level>4</Level>
<Task>1</Task>
<Opcode>0</Opcode>
<Keywords>0x8000000000000000</Keywords>
<TimeCreated SystemTime="2025-04-24 05:09:41.889362+00:00"></TimeCreated>
<EventRecordID>757</EventRecordID>
<Correlation ActivityID="" RelatedActivityID=""></Correlation>
<Execution ProcessID="3288" ThreadID="3532"></Execution>
<Channel>Microsoft-Windows-Sysmon/Operational</Channel>
<Computer>DESKTOP-RL1K13Q</Computer>
<Security UserID="S-1-5-18"></Security>
</System>
<EventData><Data Name="RuleName">-</Data>
<Data Name="UtcTime">2025-04-24 05:09:41.845</Data>
<Data Name="ProcessGuid">{59d32d4f-c795-6809-2a01-000000001500}</Data>
<Data Name="ProcessId">8792</Data>
<Data Name="Image">C:\Windows\System32\smartscreen.exe</Data>
<Data Name="FileVersion">10.0.19041.3996 (WinBuild.160101.0800)</Data>
<Data Name="Description">Windows Defender SmartScreen</Data>
<Data Name="Product">Microsoft&#174; Windows&#174; Operating System</Data>
<Data Name="Company">Microsoft Corporation</Data>
<Data Name="OriginalFileName">smartscreen.exe</Data>
<Data Name="CommandLine">C:\Windows\System32\smartscreen.exe -Embedding</Data>
<Data Name="CurrentDirectory">C:\Windows\system32\</Data>
<Data Name="User">DESKTOP-RL1K13Q\Bluecheap</Data>
<Data Name="LogonGuid">{59d32d4f-c774-6809-c1b4-260000000000}</Data>
<Data Name="LogonId">0x000000000026b4c1</Data>
<Data Name="TerminalSessionId">1</Data>
<Data Name="IntegrityLevel">Medium</Data>
<Data Name="Hashes">MD5=0B474D4EC76CECA0C28B79BC89F51151,SHA256=F1CFFB8BA8C7ED4EE688BB37778B72D3AB8A1C1A7986FD3D2BFFA783540D088C,IMPHASH=CE3B5F238DD7A7EBC8F28D4250477A41</Data>
<Data Name="ParentProcessGuid">{59d32d4f-c62e-6809-0d00-000000001500}</Data>
<Data Name="ParentProcessId">820</Data>
<Data Name="ParentImage">C:\Windows\System32\svchost.exe</Data>
<Data Name="ParentCommandLine">C:\Windows\system32\svchost.exe -k DcomLaunch -p</Data>
<Data Name="ParentUser">NT AUTHORITY\SYSTEM</Data>
</EventData>
</Event>

<Event xmlns="http://schemas.microsoft.com/win/2004/08/events/event"><System><Provider Name="Microsoft-Windows-Sysmon" Guid="{5770385f-c22a-43e0-bf4c-06f5698ffbd9}"></Provider>
<EventID Qualifiers="">1</EventID>
<Version>5</Version>
<Level>4</Level>
<Task>1</Task>
<Opcode>0</Opcode>
<Keywords>0x8000000000000000</Keywords>
<TimeCreated SystemTime="2025-04-24 05:09:43.088636+00:00"></TimeCreated>
<EventRecordID>758</EventRecordID>
<Correlation ActivityID="" RelatedActivityID=""></Correlation>
<Execution ProcessID="3288" ThreadID="3532"></Execution>
<Channel>Microsoft-Windows-Sysmon/Operational</Channel>
<Computer>DESKTOP-RL1K13Q</Computer>
<Security UserID="S-1-5-18"></Security>
</System>
<EventData><Data Name="RuleName">-</Data>
<Data Name="UtcTime">2025-04-24 05:09:43.068</Data>
<Data Name="ProcessGuid">{59d32d4f-c797-6809-2c01-000000001500}</Data>
<Data Name="ProcessId">8892</Data>
<Data Name="Image">C:\Windows\System32\wlrmdr.exe</Data>
<Data Name="FileVersion">10.0.19041.3636 (WinBuild.160101.0800)</Data>
<Data Name="Description">Windows logon reminder</Data>
<Data Name="Product">Microsoft&#174; Windows&#174; Operating System</Data>
<Data Name="Company">Microsoft Corporation</Data>
<Data Name="OriginalFileName">WLRMNDR.EXE</Data>
<Data Name="CommandLine"> -c -s 0 -f 0 -t Empty -m Empty -a 0 -u Empty</Data>
<Data Name="CurrentDirectory">C:\Windows\system32\</Data>
<Data Name="User">DESKTOP-RL1K13Q\Bluecheap</Data>
<Data Name="LogonGuid">{59d32d4f-c774-6809-c1b4-260000000000}</Data>
<Data Name="LogonId">0x000000000026b4c1</Data>
<Data Name="TerminalSessionId">1</Data>
<Data Name="IntegrityLevel">Medium</Data>
<Data Name="Hashes">MD5=59BD6F822956E54CDEDD0C441372C289,SHA256=2F89115E1081C91BABAF2961CEF0BCF9C8F4EE803D3BE6E88ACE23B383FE7324,IMPHASH=0C029EF03BE0DFE4324558843609A28E</Data>
<Data Name="ParentProcessGuid">{59d32d4f-c62d-6809-0a00-000000001500}</Data>
<Data Name="ParentProcessId">628</Data>
<Data Name="ParentImage">C:\Windows\System32\winlogon.exe</Data>
<Data Name="ParentCommandLine">winlogon.exe</Data>
<Data Name="ParentUser">NT AUTHORITY\SYSTEM</Data>
</EventData>
</Event>

<Event xmlns="http://schemas.microsoft.com/win/2004/08/events/event"><System><Provider Name="Microsoft-Windows-Sysmon" Guid="{5770385f-c22a-43e0-bf4c-06f5698ffbd9}"></Provider>
<EventID Qualifiers="">1</EventID>
<Version>5</Version>
<Level>4</Level>
<Task>1</Task>
<Opcode>0</Opcode>
<Keywords>0x8000000000000000</Keywords>
<TimeCreated SystemTime="2025-04-24 05:09:43.803036+00:00"></TimeCreated>
<EventRecordID>759</EventRecordID>
<Correlation ActivityID="" RelatedActivityID=""></Correlation>
<Execution ProcessID="3288" ThreadID="3532"></Execution>
<Channel>Microsoft-Windows-Sysmon/Operational</Channel>
<Computer>DESKTOP-RL1K13Q</Computer>
<Security UserID="S-1-5-18"></Security>
</System>
<EventData><Data Name="RuleName">-</Data>
<Data Name="UtcTime">2025-04-24 05:09:43.794</Data>
<Data Name="ProcessGuid">{59d32d4f-c797-6809-2d01-000000001500}</Data>
<Data Name="ProcessId">8920</Data>
<Data Name="Image">C:\Windows\System32\oobe\UserOOBEBroker.exe</Data>
<Data Name="FileVersion">10.0.19041.3758 (WinBuild.160101.0800)</Data>
<Data Name="Description">User OOBE Broker</Data>
<Data Name="Product">Microsoft&#174; Windows&#174; Operating System</Data>
<Data Name="Company">Microsoft Corporation</Data>
<Data Name="OriginalFileName">UserOOBEBroker.exe</Data>
<Data Name="CommandLine">C:\Windows\System32\oobe\UserOOBEBroker.exe -Embedding</Data>
<Data Name="CurrentDirectory">C:\Windows\system32\</Data>
<Data Name="User">DESKTOP-RL1K13Q\Bluecheap</Data>
<Data Name="LogonGuid">{59d32d4f-c774-6809-c1b4-260000000000}</Data>
<Data Name="LogonId">0x000000000026b4c1</Data>
<Data Name="TerminalSessionId">1</Data>
<Data Name="IntegrityLevel">Medium</Data>
<Data Name="Hashes">MD5=E4EB2E3D8187C1F1FAD78ED9A36308CD,SHA256=C391CCE10AEEC0887AD6AF116EE22219D176B2ED93FA66912E004871DBDDA1FF,IMPHASH=DB3D54E6C0B9C0E728AB62733514AC86</Data>
<Data Name="ParentProcessGuid">{59d32d4f-c62e-6809-0d00-000000001500}</Data>
<Data Name="ParentProcessId">820</Data>
<Data Name="ParentImage">C:\Windows\System32\svchost.exe</Data>
<Data Name="ParentCommandLine">C:\Windows\system32\svchost.exe -k DcomLaunch -p</Data>
<Data Name="ParentUser">NT AUTHORITY\SYSTEM</Data>
</EventData>
</Event>

<Event xmlns="http://schemas.microsoft.com/win/2004/08/events/event"><System><Provider Name="Microsoft-Windows-Sysmon" Guid="{5770385f-c22a-43e0-bf4c-06f5698ffbd9}"></Provider>
<EventID Qualifiers="">1</EventID>
<Version>5</Version>
<Level>4</Level>
<Task>1</Task>
<Opcode>0</Opcode>
<Keywords>0x8000000000000000</Keywords>
<TimeCreated SystemTime="2025-04-24 05:09:43.825220+00:00"></TimeCreated>
<EventRecordID>760</EventRecordID>
<Correlation ActivityID="" RelatedActivityID=""></Correlation>
<Execution ProcessID="3288" ThreadID="3532"></Execution>
<Channel>Microsoft-Windows-Sysmon/Operational</Channel>
<Computer>DESKTOP-RL1K13Q</Computer>
<Security UserID="S-1-5-18"></Security>
</System>
<EventData><Data Name="RuleName">-</Data>
<Data Name="UtcTime">2025-04-24 05:09:43.817</Data>
<Data Name="ProcessGuid">{59d32d4f-c797-6809-2e01-000000001500}</Data>
<Data Name="ProcessId">8928</Data>
<Data Name="Image">C:\Program Files (x86)\Google\GoogleUpdater\126.0.6462.0\updater.exe</Data>
<Data Name="FileVersion">126.0.6462.0</Data>
<Data Name="Description">GoogleUpdater (x86)</Data>
<Data Name="Product">GoogleUpdater (x86)</Data>
<Data Name="Company">Google LLC</Data>
<Data Name="OriginalFileName">updater.exe</Data>
<Data Name="CommandLine">"C:\Program Files (x86)\Google\GoogleUpdater\126.0.6462.0\updater.exe" --uninstall-self --system</Data>
<Data Name="CurrentDirectory">C:\Windows\system32\</Data>
<Data Name="User">NT AUTHORITY\SYSTEM</Data>
<Data Name="LogonGuid">{59d32d4f-c62e-6809-e703-000000000000}</Data>
<Data Name="LogonId">0x00000000000003e7</Data>
<Data Name="TerminalSessionId">0</Data>
<Data Name="IntegrityLevel">System</Data>
<Data Name="Hashes">MD5=95222FAEEAB2CEBE9502F2E123D5DD2A,SHA256=B8AF4588875E697E49DB4E1FF5833EF8F89FFDE327AB9DC9FAD101551D6AEC28,IMPHASH=77545C0CA032087F7C9F2CB313014B41</Data>
<Data Name="ParentProcessGuid">{59d32d4f-c792-6809-2301-000000001500}</Data>
<Data Name="ParentProcessId">3804</Data>
<Data Name="ParentImage">C:\Program Files (x86)\Google\GoogleUpdater\137.0.7129.0\updater.exe</Data>
<Data Name="ParentCommandLine">"C:\Program Files (x86)\Google\GoogleUpdater\137.0.7129.0\updater.exe" --system --windows-service --service=update</Data>
<Data Name="ParentUser">NT AUTHORITY\SYSTEM</Data>
</EventData>
</Event>

<Event xmlns="http://schemas.microsoft.com/win/2004/08/events/event"><System><Provider Name="Microsoft-Windows-Sysmon" Guid="{5770385f-c22a-43e0-bf4c-06f5698ffbd9}"></Provider>
<EventID Qualifiers="">1</EventID>
<Version>5</Version>
<Level>4</Level>
<Task>1</Task>
<Opcode>0</Opcode>
<Keywords>0x8000000000000000</Keywords>
<TimeCreated SystemTime="2025-04-24 05:09:44.045164+00:00"></TimeCreated>
<EventRecordID>761</EventRecordID>
<Correlation ActivityID="" RelatedActivityID=""></Correlation>
<Execution ProcessID="3288" ThreadID="3532"></Execution>
<Channel>Microsoft-Windows-Sysmon/Operational</Channel>
<Computer>DESKTOP-RL1K13Q</Computer>
<Security UserID="S-1-5-18"></Security>
</System>
<EventData><Data Name="RuleName">-</Data>
<Data Name="UtcTime">2025-04-24 05:09:44.026</Data>
<Data Name="ProcessGuid">{59d32d4f-c798-6809-2f01-000000001500}</Data>
<Data Name="ProcessId">8968</Data>
<Data Name="Image">C:\Program Files (x86)\Google\GoogleUpdater\126.0.6462.0\updater.exe</Data>
<Data Name="FileVersion">126.0.6462.0</Data>
<Data Name="Description">GoogleUpdater (x86)</Data>
<Data Name="Product">GoogleUpdater (x86)</Data>
<Data Name="Company">Google LLC</Data>
<Data Name="OriginalFileName">updater.exe</Data>
<Data Name="CommandLine">"C:\Program Files (x86)\Google\GoogleUpdater\126.0.6462.0\updater.exe" --crash-handler --system "--database=C:\Program Files (x86)\Google\GoogleUpdater\126.0.6462.0\Crashpad" --url=https://clients2.google.com/cr/report --annotation=prod=Update4 --annotation=ver=126.0.6462.0 "--attachment=C:\Program Files (x86)\Google\GoogleUpdater\updater.log" --initial-client-data=0x29c,0x2a0,0x2a4,0x278,0x2a8,0x6f965c,0x6f9668,0x6f9674</Data>
<Data Name="CurrentDirectory">C:\Windows\system32\</Data>
<Data Name="User">NT AUTHORITY\SYSTEM</Data>
<Data Name="LogonGuid">{59d32d4f-c62e-6809-e703-000000000000}</Data>
<Data Name="LogonId">0x00000000000003e7</Data>
<Data Name="TerminalSessionId">0</Data>
<Data Name="IntegrityLevel">System</Data>
<Data Name="Hashes">MD5=95222FAEEAB2CEBE9502F2E123D5DD2A,SHA256=B8AF4588875E697E49DB4E1FF5833EF8F89FFDE327AB9DC9FAD101551D6AEC28,IMPHASH=77545C0CA032087F7C9F2CB313014B41</Data>
<Data Name="ParentProcessGuid">{59d32d4f-c797-6809-2e01-000000001500}</Data>
<Data Name="ParentProcessId">8928</Data>
<Data Name="ParentImage">C:\Program Files (x86)\Google\GoogleUpdater\126.0.6462.0\updater.exe</Data>
<Data Name="ParentCommandLine">"C:\Program Files (x86)\Google\GoogleUpdater\126.0.6462.0\updater.exe" --uninstall-self --system</Data>
<Data Name="ParentUser">NT AUTHORITY\SYSTEM</Data>
</EventData>
</Event>

<Event xmlns="http://schemas.microsoft.com/win/2004/08/events/event"><System><Provider Name="Microsoft-Windows-Sysmon" Guid="{5770385f-c22a-43e0-bf4c-06f5698ffbd9}"></Provider>
<EventID Qualifiers="">1</EventID>
<Version>5</Version>
<Level>4</Level>
<Task>1</Task>
<Opcode>0</Opcode>
<Keywords>0x8000000000000000</Keywords>
<TimeCreated SystemTime="2025-04-24 05:09:44.122921+00:00"></TimeCreated>
<EventRecordID>762</EventRecordID>
<Correlation ActivityID="" RelatedActivityID=""></Correlation>
<Execution ProcessID="3288" ThreadID="3532"></Execution>
<Channel>Microsoft-Windows-Sysmon/Operational</Channel>
<Computer>DESKTOP-RL1K13Q</Computer>
<Security UserID="S-1-5-18"></Security>
</System>
<EventData><Data Name="RuleName">-</Data>
<Data Name="UtcTime">2025-04-24 05:09:44.048</Data>
<Data Name="ProcessGuid">{59d32d4f-c798-6809-3001-000000001500}</Data>
<Data Name="ProcessId">8976</Data>
<Data Name="Image">C:\Users\Bluecheap\AppData\Local\Microsoft\OneDrive\25.056.0324.0003\FileCoAuth.exe</Data>
<Data Name="FileVersion">25.056.0324.0003</Data>
<Data Name="Description">Microsoft OneDriveFile Co-Authoring Executable</Data>
<Data Name="Product">Microsoft OneDrive</Data>
<Data Name="Company">Microsoft Corporation</Data>
<Data Name="OriginalFileName">FileCoAuth.exe</Data>
<Data Name="CommandLine">"C:\Users\Bluecheap\AppData\Local\Microsoft\OneDrive\25.056.0324.0003\FileCoAuth.exe" -Embedding</Data>
<Data Name="CurrentDirectory">C:\Windows\system32\</Data>
<Data Name="User">DESKTOP-RL1K13Q\Bluecheap</Data>
<Data Name="LogonGuid">{59d32d4f-c774-6809-c1b4-260000000000}</Data>
<Data Name="LogonId">0x000000000026b4c1</Data>
<Data Name="TerminalSessionId">1</Data>
<Data Name="IntegrityLevel">Medium</Data>
<Data Name="Hashes">MD5=D0CAABC04A4307736F396B9B3E995FE0,SHA256=01F5B2DA53636896A67EDDBCD399789A5C0952D727775B1133287E6883DEDFD5,IMPHASH=2103EB14CFB196A2C5154F253B61064C</Data>
<Data Name="ParentProcessGuid">{59d32d4f-c62e-6809-0d00-000000001500}</Data>
<Data Name="ParentProcessId">820</Data>
<Data Name="ParentImage">C:\Windows\System32\svchost.exe</Data>
<Data Name="ParentCommandLine">C:\Windows\system32\svchost.exe -k DcomLaunch -p</Data>
<Data Name="ParentUser">NT AUTHORITY\SYSTEM</Data>
</EventData>
</Event>

<Event xmlns="http://schemas.microsoft.com/win/2004/08/events/event"><System><Provider Name="Microsoft-Windows-Sysmon" Guid="{5770385f-c22a-43e0-bf4c-06f5698ffbd9}"></Provider>
<EventID Qualifiers="">1</EventID>
<Version>5</Version>
<Level>4</Level>
<Task>1</Task>
<Opcode>0</Opcode>
<Keywords>0x8000000000000000</Keywords>
<TimeCreated SystemTime="2025-04-24 05:09:44.490484+00:00"></TimeCreated>
<EventRecordID>763</EventRecordID>
<Correlation ActivityID="" RelatedActivityID=""></Correlation>
<Execution ProcessID="3288" ThreadID="3532"></Execution>
<Channel>Microsoft-Windows-Sysmon/Operational</Channel>
<Computer>DESKTOP-RL1K13Q</Computer>
<Security UserID="S-1-5-18"></Security>
</System>
<EventData><Data Name="RuleName">-</Data>
<Data Name="UtcTime">2025-04-24 05:09:44.426</Data>
<Data Name="ProcessGuid">{59d32d4f-c798-6809-3101-000000001500}</Data>
<Data Name="ProcessId">9040</Data>
<Data Name="Image">C:\Windows\SysWOW64\cmd.exe</Data>
<Data Name="FileVersion">10.0.19041.3636 (WinBuild.160101.0800)</Data>
<Data Name="Description">Windows Command Processor</Data>
<Data Name="Product">Microsoft&#174; Windows&#174; Operating System</Data>
<Data Name="Company">Microsoft Corporation</Data>
<Data Name="OriginalFileName">Cmd.Exe</Data>
<Data Name="CommandLine">"C:\Windows\system32\cmd.exe" /Q /C ""C:\Program Files (x86)\Google\GoogleUpdater\126.0.6462.0\uninstall.cmd" --dir="C:\Program Files (x86)\Google\GoogleUpdater\126.0.6462.0""</Data>
<Data Name="CurrentDirectory">C:\Windows\system32\</Data>
<Data Name="User">NT AUTHORITY\SYSTEM</Data>
<Data Name="LogonGuid">{59d32d4f-c62e-6809-e703-000000000000}</Data>
<Data Name="LogonId">0x00000000000003e7</Data>
<Data Name="TerminalSessionId">0</Data>
<Data Name="IntegrityLevel">System</Data>
<Data Name="Hashes">MD5=D3348AC2130C7E754754A6E9CB053B09,SHA256=E9EF013238495BFFCE7459E059BFFE340A0F08B439EC94E7D4436F4E13714ECD,IMPHASH=392B4D61B1D1DADC1F06444DF258188A</Data>
<Data Name="ParentProcessGuid">{59d32d4f-c797-6809-2e01-000000001500}</Data>
<Data Name="ParentProcessId">8928</Data>
<Data Name="ParentImage">C:\Program Files (x86)\Google\GoogleUpdater\126.0.6462.0\updater.exe</Data>
<Data Name="ParentCommandLine">"C:\Program Files (x86)\Google\GoogleUpdater\126.0.6462.0\updater.exe" --uninstall-self --system</Data>
<Data Name="ParentUser">NT AUTHORITY\SYSTEM</Data>
</EventData>
</Event>

<Event xmlns="http://schemas.microsoft.com/win/2004/08/events/event"><System><Provider Name="Microsoft-Windows-Sysmon" Guid="{5770385f-c22a-43e0-bf4c-06f5698ffbd9}"></Provider>
<EventID Qualifiers="">1</EventID>
<Version>5</Version>
<Level>4</Level>
<Task>1</Task>
<Opcode>0</Opcode>
<Keywords>0x8000000000000000</Keywords>
<TimeCreated SystemTime="2025-04-24 05:09:48.360487+00:00"></TimeCreated>
<EventRecordID>764</EventRecordID>
<Correlation ActivityID="" RelatedActivityID=""></Correlation>
<Execution ProcessID="3288" ThreadID="3532"></Execution>
<Channel>Microsoft-Windows-Sysmon/Operational</Channel>
<Computer>DESKTOP-RL1K13Q</Computer>
<Security UserID="S-1-5-18"></Security>
</System>
<EventData><Data Name="RuleName">-</Data>
<Data Name="UtcTime">2025-04-24 05:09:48.317</Data>
<Data Name="ProcessGuid">{59d32d4f-c79c-6809-3301-000000001500}</Data>
<Data Name="ProcessId">9168</Data>
<Data Name="Image">C:\Program Files (x86)\Microsoft\Edge\Application\msedge.exe</Data>
<Data Name="FileVersion">135.0.3179.73</Data>
<Data Name="Description">Microsoft Edge</Data>
<Data Name="Product">Microsoft Edge</Data>
<Data Name="Company">Microsoft Corporation</Data>
<Data Name="OriginalFileName">msedge.exe</Data>
<Data Name="CommandLine">"C:\Program Files (x86)\Microsoft\Edge\Application\msedge.exe" --default-search-provider=? --out-pipe-name=MSEdgeDefault5e445812h37ddh46fdh9408h99e4e17c9630</Data>
<Data Name="CurrentDirectory">C:\Windows\system32\</Data>
<Data Name="User">DESKTOP-RL1K13Q\Bluecheap</Data>
<Data Name="LogonGuid">{59d32d4f-c774-6809-c1b4-260000000000}</Data>
<Data Name="LogonId">0x000000000026b4c1</Data>
<Data Name="TerminalSessionId">1</Data>
<Data Name="IntegrityLevel">Medium</Data>
<Data Name="Hashes">MD5=B6F38CBEA1442CC188B32E7F75AE469D,SHA256=C8081A749E80FE9CA91EA495B765EAE0CB850513558AB106FC29FB0D3816616C,IMPHASH=74475222411108C1ED69E4D62A8D8903</Data>
<Data Name="ParentProcessGuid">{59d32d4f-c776-6809-0501-000000001500}</Data>
<Data Name="ParentProcessId">2552</Data>
<Data Name="ParentImage">C:\Windows\System32\sihost.exe</Data>
<Data Name="ParentCommandLine">sihost.exe</Data>
<Data Name="ParentUser">DESKTOP-RL1K13Q\Bluecheap</Data>
</EventData>
</Event>

<Event xmlns="http://schemas.microsoft.com/win/2004/08/events/event"><System><Provider Name="Microsoft-Windows-Sysmon" Guid="{5770385f-c22a-43e0-bf4c-06f5698ffbd9}"></Provider>
<EventID Qualifiers="">1</EventID>
<Version>5</Version>
<Level>4</Level>
<Task>1</Task>
<Opcode>0</Opcode>
<Keywords>0x8000000000000000</Keywords>
<TimeCreated SystemTime="2025-04-24 05:09:50.233351+00:00"></TimeCreated>
<EventRecordID>765</EventRecordID>
<Correlation ActivityID="" RelatedActivityID=""></Correlation>
<Execution ProcessID="3288" ThreadID="3532"></Execution>
<Channel>Microsoft-Windows-Sysmon/Operational</Channel>
<Computer>DESKTOP-RL1K13Q</Computer>
<Security UserID="S-1-5-18"></Security>
</System>
<EventData><Data Name="RuleName">-</Data>
<Data Name="UtcTime">2025-04-24 05:09:50.215</Data>
<Data Name="ProcessGuid">{59d32d4f-c79e-6809-3401-000000001500}</Data>
<Data Name="ProcessId">712</Data>
<Data Name="Image">C:\Program Files (x86)\Microsoft\Edge\Application\msedge.exe</Data>
<Data Name="FileVersion">135.0.3179.73</Data>
<Data Name="Description">Microsoft Edge</Data>
<Data Name="Product">Microsoft Edge</Data>
<Data Name="Company">Microsoft Corporation</Data>
<Data Name="OriginalFileName">msedge.exe</Data>
<Data Name="CommandLine">"C:\Program Files (x86)\Microsoft\Edge\Application\msedge.exe" --type=crashpad-handler "--user-data-dir=C:\Users\Bluecheap\AppData\Local\Microsoft\Edge\User Data" /prefetch:4 --monitor-self-annotation=ptype=crashpad-handler "--database=C:\Users\Bluecheap\AppData\Local\Microsoft\Edge\User Data\Crashpad" "--metrics-dir=C:\Users\Bluecheap\AppData\Local\Microsoft\Edge\User Data" --annotation=IsOfficialBuild=1 --annotation=channel= --annotation=chromium-version=135.0.7049.85 "--annotation=exe=C:\Program Files (x86)\Microsoft\Edge\Application\msedge.exe" --annotation=plat=Win64 --annotation=prod=Edge --annotation=ver=135.0.3179.73 --initial-client-data=0x25c,0x260,0x264,0x258,0x26c,0x7ff821868240,0x7ff82186824c,0x7ff821868258</Data>
<Data Name="CurrentDirectory">C:\Program Files (x86)\Microsoft\Edge\Application\135.0.3179.73\</Data>
<Data Name="User">DESKTOP-RL1K13Q\Bluecheap</Data>
<Data Name="LogonGuid">{59d32d4f-c774-6809-c1b4-260000000000}</Data>
<Data Name="LogonId">0x000000000026b4c1</Data>
<Data Name="TerminalSessionId">1</Data>
<Data Name="IntegrityLevel">Medium</Data>
<Data Name="Hashes">MD5=B6F38CBEA1442CC188B32E7F75AE469D,SHA256=C8081A749E80FE9CA91EA495B765EAE0CB850513558AB106FC29FB0D3816616C,IMPHASH=74475222411108C1ED69E4D62A8D8903</Data>
<Data Name="ParentProcessGuid">{59d32d4f-c79c-6809-3301-000000001500}</Data>
<Data Name="ParentProcessId">9168</Data>
<Data Name="ParentImage">C:\Program Files (x86)\Microsoft\Edge\Application\msedge.exe</Data>
<Data Name="ParentCommandLine">"C:\Program Files (x86)\Microsoft\Edge\Application\msedge.exe" --default-search-provider=? --out-pipe-name=MSEdgeDefault5e445812h37ddh46fdh9408h99e4e17c9630</Data>
<Data Name="ParentUser">DESKTOP-RL1K13Q\Bluecheap</Data>
</EventData>
</Event>

<Event xmlns="http://schemas.microsoft.com/win/2004/08/events/event"><System><Provider Name="Microsoft-Windows-Sysmon" Guid="{5770385f-c22a-43e0-bf4c-06f5698ffbd9}"></Provider>
<EventID Qualifiers="">1</EventID>
<Version>5</Version>
<Level>4</Level>
<Task>1</Task>
<Opcode>0</Opcode>
<Keywords>0x8000000000000000</Keywords>
<TimeCreated SystemTime="2025-04-24 05:09:51.052950+00:00"></TimeCreated>
<EventRecordID>766</EventRecordID>
<Correlation ActivityID="" RelatedActivityID=""></Correlation>
<Execution ProcessID="3288" ThreadID="3532"></Execution>
<Channel>Microsoft-Windows-Sysmon/Operational</Channel>
<Computer>DESKTOP-RL1K13Q</Computer>
<Security UserID="S-1-5-18"></Security>
</System>
<EventData><Data Name="RuleName">-</Data>
<Data Name="UtcTime">2025-04-24 05:09:50.692</Data>
<Data Name="ProcessGuid">{59d32d4f-c79e-6809-3501-000000001500}</Data>
<Data Name="ProcessId">8568</Data>
<Data Name="Image">C:\Program Files (x86)\Microsoft\Edge\Application\msedge.exe</Data>
<Data Name="FileVersion">135.0.3179.73</Data>
<Data Name="Description">Microsoft Edge</Data>
<Data Name="Product">Microsoft Edge</Data>
<Data Name="Company">Microsoft Corporation</Data>
<Data Name="OriginalFileName">msedge.exe</Data>
<Data Name="CommandLine">"C:\Program Files (x86)\Microsoft\Edge\Application\msedge.exe" --type=utility --utility-sub-type=network.mojom.NetworkService --lang=en-US --service-sandbox-type=none --no-pre-read-main-dll --always-read-main-dll --field-trial-handle=2260,i,10023397233033699,8922047303142743457,262144 --variations-seed-version --mojo-platform-channel-handle=2348 /prefetch:3</Data>
<Data Name="CurrentDirectory">C:\Program Files (x86)\Microsoft\Edge\Application\135.0.3179.73\</Data>
<Data Name="User">DESKTOP-RL1K13Q\Bluecheap</Data>
<Data Name="LogonGuid">{59d32d4f-c774-6809-c1b4-260000000000}</Data>
<Data Name="LogonId">0x000000000026b4c1</Data>
<Data Name="TerminalSessionId">1</Data>
<Data Name="IntegrityLevel">Medium</Data>
<Data Name="Hashes">MD5=B6F38CBEA1442CC188B32E7F75AE469D,SHA256=C8081A749E80FE9CA91EA495B765EAE0CB850513558AB106FC29FB0D3816616C,IMPHASH=74475222411108C1ED69E4D62A8D8903</Data>
<Data Name="ParentProcessGuid">{59d32d4f-c79c-6809-3301-000000001500}</Data>
<Data Name="ParentProcessId">9168</Data>
<Data Name="ParentImage">C:\Program Files (x86)\Microsoft\Edge\Application\msedge.exe</Data>
<Data Name="ParentCommandLine">"C:\Program Files (x86)\Microsoft\Edge\Application\msedge.exe" --default-search-provider=? --out-pipe-name=MSEdgeDefault5e445812h37ddh46fdh9408h99e4e17c9630</Data>
<Data Name="ParentUser">DESKTOP-RL1K13Q\Bluecheap</Data>
</EventData>
</Event>

<Event xmlns="http://schemas.microsoft.com/win/2004/08/events/event"><System><Provider Name="Microsoft-Windows-Sysmon" Guid="{5770385f-c22a-43e0-bf4c-06f5698ffbd9}"></Provider>
<EventID Qualifiers="">1</EventID>
<Version>5</Version>
<Level>4</Level>
<Task>1</Task>
<Opcode>0</Opcode>
<Keywords>0x8000000000000000</Keywords>
<TimeCreated SystemTime="2025-04-24 05:09:51.058315+00:00"></TimeCreated>
<EventRecordID>767</EventRecordID>
<Correlation ActivityID="" RelatedActivityID=""></Correlation>
<Execution ProcessID="3288" ThreadID="3532"></Execution>
<Channel>Microsoft-Windows-Sysmon/Operational</Channel>
<Computer>DESKTOP-RL1K13Q</Computer>
<Security UserID="S-1-5-18"></Security>
</System>
<EventData><Data Name="RuleName">-</Data>
<Data Name="UtcTime">2025-04-24 05:09:50.925</Data>
<Data Name="ProcessGuid">{59d32d4f-c79e-6809-3601-000000001500}</Data>
<Data Name="ProcessId">4064</Data>
<Data Name="Image">C:\Program Files (x86)\Microsoft\Edge\Application\msedge.exe</Data>
<Data Name="FileVersion">135.0.3179.73</Data>
<Data Name="Description">Microsoft Edge</Data>
<Data Name="Product">Microsoft Edge</Data>
<Data Name="Company">Microsoft Corporation</Data>
<Data Name="OriginalFileName">msedge.exe</Data>
<Data Name="CommandLine">"C:\Program Files (x86)\Microsoft\Edge\Application\msedge.exe" --type=utility --utility-sub-type=storage.mojom.StorageService --lang=en-US --service-sandbox-type=service --no-pre-read-main-dll --always-read-main-dll --field-trial-handle=2260,i,10023397233033699,8922047303142743457,262144 --variations-seed-version --mojo-platform-channel-handle=2384 /prefetch:8</Data>
<Data Name="CurrentDirectory">C:\Program Files (x86)\Microsoft\Edge\Application\135.0.3179.73\</Data>
<Data Name="User">DESKTOP-RL1K13Q\Bluecheap</Data>
<Data Name="LogonGuid">{59d32d4f-c774-6809-c1b4-260000000000}</Data>
<Data Name="LogonId">0x000000000026b4c1</Data>
<Data Name="TerminalSessionId">1</Data>
<Data Name="IntegrityLevel">Low</Data>
<Data Name="Hashes">MD5=B6F38CBEA1442CC188B32E7F75AE469D,SHA256=C8081A749E80FE9CA91EA495B765EAE0CB850513558AB106FC29FB0D3816616C,IMPHASH=74475222411108C1ED69E4D62A8D8903</Data>
<Data Name="ParentProcessGuid">{59d32d4f-c79c-6809-3301-000000001500}</Data>
<Data Name="ParentProcessId">9168</Data>
<Data Name="ParentImage">C:\Program Files (x86)\Microsoft\Edge\Application\msedge.exe</Data>
<Data Name="ParentCommandLine">"C:\Program Files (x86)\Microsoft\Edge\Application\msedge.exe" --default-search-provider=? --out-pipe-name=MSEdgeDefault5e445812h37ddh46fdh9408h99e4e17c9630</Data>
<Data Name="ParentUser">DESKTOP-RL1K13Q\Bluecheap</Data>
</EventData>
</Event>

<Event xmlns="http://schemas.microsoft.com/win/2004/08/events/event"><System><Provider Name="Microsoft-Windows-Sysmon" Guid="{5770385f-c22a-43e0-bf4c-06f5698ffbd9}"></Provider>
<EventID Qualifiers="">1</EventID>
<Version>5</Version>
<Level>4</Level>
<Task>1</Task>
<Opcode>0</Opcode>
<Keywords>0x8000000000000000</Keywords>
<TimeCreated SystemTime="2025-04-24 05:09:51.062952+00:00"></TimeCreated>
<EventRecordID>768</EventRecordID>
<Correlation ActivityID="" RelatedActivityID=""></Correlation>
<Execution ProcessID="3288" ThreadID="3532"></Execution>
<Channel>Microsoft-Windows-Sysmon/Operational</Channel>
<Computer>DESKTOP-RL1K13Q</Computer>
<Security UserID="S-1-5-18"></Security>
</System>
<EventData><Data Name="RuleName">-</Data>
<Data Name="UtcTime">2025-04-24 05:09:51.035</Data>
<Data Name="ProcessGuid">{59d32d4f-c79f-6809-3701-000000001500}</Data>
<Data Name="ProcessId">3764</Data>
<Data Name="Image">C:\Program Files (x86)\Microsoft\Edge\Application\msedge.exe</Data>
<Data Name="FileVersion">135.0.3179.73</Data>
<Data Name="Description">Microsoft Edge</Data>
<Data Name="Product">Microsoft Edge</Data>
<Data Name="Company">Microsoft Corporation</Data>
<Data Name="OriginalFileName">msedge.exe</Data>
<Data Name="CommandLine">"C:\Program Files (x86)\Microsoft\Edge\Application\msedge.exe" --type=gpu-process --no-pre-read-main-dll --gpu-preferences=UAAAAAAAAADgAAAEAAAAAAAAAAAAAAAAAABgAAEAAAAAAAAAAAAAAAAAAAACAAAAAAAAAAAAAAAAAAAAAAAAABAAAAAAAAAAEAAAAAAAAAAIAAAAAAAAAAgAAAAAAAAA --always-read-main-dll --field-trial-handle=2260,i,10023397233033699,8922047303142743457,262144 --variations-seed-version --mojo-platform-channel-handle=2280 /prefetch:2</Data>
<Data Name="CurrentDirectory">C:\Program Files (x86)\Microsoft\Edge\Application\135.0.3179.73\</Data>
<Data Name="User">DESKTOP-RL1K13Q\Bluecheap</Data>
<Data Name="LogonGuid">{59d32d4f-c774-6809-c1b4-260000000000}</Data>
<Data Name="LogonId">0x000000000026b4c1</Data>
<Data Name="TerminalSessionId">1</Data>
<Data Name="IntegrityLevel">Low</Data>
<Data Name="Hashes">MD5=B6F38CBEA1442CC188B32E7F75AE469D,SHA256=C8081A749E80FE9CA91EA495B765EAE0CB850513558AB106FC29FB0D3816616C,IMPHASH=74475222411108C1ED69E4D62A8D8903</Data>
<Data Name="ParentProcessGuid">{59d32d4f-c79c-6809-3301-000000001500}</Data>
<Data Name="ParentProcessId">9168</Data>
<Data Name="ParentImage">C:\Program Files (x86)\Microsoft\Edge\Application\msedge.exe</Data>
<Data Name="ParentCommandLine">"C:\Program Files (x86)\Microsoft\Edge\Application\msedge.exe" --default-search-provider=? --out-pipe-name=MSEdgeDefault5e445812h37ddh46fdh9408h99e4e17c9630</Data>
<Data Name="ParentUser">DESKTOP-RL1K13Q\Bluecheap</Data>
</EventData>
</Event>

<Event xmlns="http://schemas.microsoft.com/win/2004/08/events/event"><System><Provider Name="Microsoft-Windows-Sysmon" Guid="{5770385f-c22a-43e0-bf4c-06f5698ffbd9}"></Provider>
<EventID Qualifiers="">1</EventID>
<Version>5</Version>
<Level>4</Level>
<Task>1</Task>
<Opcode>0</Opcode>
<Keywords>0x8000000000000000</Keywords>
<TimeCreated SystemTime="2025-04-24 05:09:51.661383+00:00"></TimeCreated>
<EventRecordID>769</EventRecordID>
<Correlation ActivityID="" RelatedActivityID=""></Correlation>
<Execution ProcessID="3288" ThreadID="3532"></Execution>
<Channel>Microsoft-Windows-Sysmon/Operational</Channel>
<Computer>DESKTOP-RL1K13Q</Computer>
<Security UserID="S-1-5-18"></Security>
</System>
<EventData><Data Name="RuleName">-</Data>
<Data Name="UtcTime">2025-04-24 05:09:51.465</Data>
<Data Name="ProcessGuid">{59d32d4f-c79f-6809-3801-000000001500}</Data>
<Data Name="ProcessId">8892</Data>
<Data Name="Image">C:\Program Files (x86)\Microsoft\Edge\Application\135.0.3179.73\elevation_service.exe</Data>
<Data Name="FileVersion">135.0.3179.73</Data>
<Data Name="Description">Microsoft Edge</Data>
<Data Name="Product">Microsoft Edge</Data>
<Data Name="Company">Microsoft Corporation</Data>
<Data Name="OriginalFileName">elevation_service.exe</Data>
<Data Name="CommandLine">"C:\Program Files (x86)\Microsoft\Edge\Application\135.0.3179.73\elevation_service.exe"</Data>
<Data Name="CurrentDirectory">C:\Windows\system32\</Data>
<Data Name="User">NT AUTHORITY\SYSTEM</Data>
<Data Name="LogonGuid">{59d32d4f-c62e-6809-e703-000000000000}</Data>
<Data Name="LogonId">0x00000000000003e7</Data>
<Data Name="TerminalSessionId">0</Data>
<Data Name="IntegrityLevel">System</Data>
<Data Name="Hashes">MD5=07DAF668C8CEC411BD937C0DDFC5659F,SHA256=66517BAA39D5887E5CD97EAAF9F06CDD1FFF277D2DD77F96BC7C5404511D2748,IMPHASH=02F62D0BC71E3A12B4E36372D9810FBF</Data>
<Data Name="ParentProcessGuid">{59d32d4f-c62d-6809-0b00-000000001500}</Data>
<Data Name="ParentProcessId">696</Data>
<Data Name="ParentImage">C:\Windows\System32\services.exe</Data>
<Data Name="ParentCommandLine">C:\Windows\system32\services.exe</Data>
<Data Name="ParentUser">NT AUTHORITY\SYSTEM</Data>
</EventData>
</Event>

<Event xmlns="http://schemas.microsoft.com/win/2004/08/events/event"><System><Provider Name="Microsoft-Windows-Sysmon" Guid="{5770385f-c22a-43e0-bf4c-06f5698ffbd9}"></Provider>
<EventID Qualifiers="">5</EventID>
<Version>3</Version>
<Level>4</Level>
<Task>5</Task>
<Opcode>0</Opcode>
<Keywords>0x8000000000000000</Keywords>
<TimeCreated SystemTime="2025-04-24 05:09:53.958050+00:00"></TimeCreated>
<EventRecordID>770</EventRecordID>
<Correlation ActivityID="" RelatedActivityID=""></Correlation>
<Execution ProcessID="3288" ThreadID="3532"></Execution>
<Channel>Microsoft-Windows-Sysmon/Operational</Channel>
<Computer>DESKTOP-RL1K13Q</Computer>
<Security UserID="S-1-5-18"></Security>
</System>
<EventData><Data Name="RuleName">-</Data>
<Data Name="UtcTime">2025-04-24 05:09:53.944</Data>
<Data Name="ProcessGuid">{59d32d4f-c798-6809-3001-000000001500}</Data>
<Data Name="ProcessId">8976</Data>
<Data Name="Image">C:\Users\Bluecheap\AppData\Local\Microsoft\OneDrive\25.056.0324.0003\FileCoAuth.exe</Data>
<Data Name="User">DESKTOP-RL1K13Q\Bluecheap</Data>
</EventData>
</Event>

<Event xmlns="http://schemas.microsoft.com/win/2004/08/events/event"><System><Provider Name="Microsoft-Windows-Sysmon" Guid="{5770385f-c22a-43e0-bf4c-06f5698ffbd9}"></Provider>
<EventID Qualifiers="">13</EventID>
<Version>2</Version>
<Level>4</Level>
<Task>13</Task>
<Opcode>0</Opcode>
<Keywords>0x8000000000000000</Keywords>
<TimeCreated SystemTime="2025-04-24 05:09:54.931282+00:00"></TimeCreated>
<EventRecordID>771</EventRecordID>
<Correlation ActivityID="" RelatedActivityID=""></Correlation>
<Execution ProcessID="3288" ThreadID="3532"></Execution>
<Channel>Microsoft-Windows-Sysmon/Operational</Channel>
<Computer>DESKTOP-RL1K13Q</Computer>
<Security UserID="S-1-5-18"></Security>
</System>
<EventData><Data Name="RuleName">InvDB</Data>
<Data Name="EventType">SetValue</Data>
<Data Name="UtcTime">2025-04-24 05:09:54.929</Data>
<Data Name="ProcessGuid">{59d32d4f-c70b-6809-e000-000000001500}</Data>
<Data Name="ProcessId">1192</Data>
<Data Name="Image">C:\Windows\system32\svchost.exe</Data>
<Data Name="TargetObject">HKU\S-1-5-21-2636795918-1848476775-1458562315-1001\SOFTWARE\Microsoft\Windows NT\CurrentVersion\AppCompatFlags\Compatibility Assistant\Store\C:\Program Files (x86)\Microsoft\Edge\Application\msedge.exe</Data>
<Data Name="Details">Binary Data</Data>
<Data Name="User">NT AUTHORITY\SYSTEM</Data>
</EventData>
</Event>

<Event xmlns="http://schemas.microsoft.com/win/2004/08/events/event"><System><Provider Name="Microsoft-Windows-Sysmon" Guid="{5770385f-c22a-43e0-bf4c-06f5698ffbd9}"></Provider>
<EventID Qualifiers="">11</EventID>
<Version>2</Version>
<Level>4</Level>
<Task>11</Task>
<Opcode>0</Opcode>
<Keywords>0x8000000000000000</Keywords>
<TimeCreated SystemTime="2025-04-24 05:10:12.483591+00:00"></TimeCreated>
<EventRecordID>772</EventRecordID>
<Correlation ActivityID="" RelatedActivityID=""></Correlation>
<Execution ProcessID="3288" ThreadID="3532"></Execution>
<Channel>Microsoft-Windows-Sysmon/Operational</Channel>
<Computer>DESKTOP-RL1K13Q</Computer>
<Security UserID="S-1-5-18"></Security>
</System>
<EventData><Data Name="RuleName">DLL</Data>
<Data Name="UtcTime">2025-04-24 05:10:12.475</Data>
<Data Name="ProcessGuid">{59d32d4f-c727-6809-e600-000000001500}</Data>
<Data Name="ProcessId">5688</Data>
<Data Name="Image">C:\Program Files (x86)\Microsoft\EdgeUpdate\Install\{29BE3D68-08E4-435C-A074-4C248B9868F6}\EDGEMITMP_7987E.tmp\setup.exe</Data>
<Data Name="TargetFilename">C:\Program Files (x86)\Microsoft\EdgeCore\135.0.3179.85\BHO\ie_to_edge_bho.dll</Data>
<Data Name="CreationUtcTime">2025-04-24 05:10:12.475</Data>
<Data Name="User">NT AUTHORITY\SYSTEM</Data>
</EventData>
</Event>

<Event xmlns="http://schemas.microsoft.com/win/2004/08/events/event"><System><Provider Name="Microsoft-Windows-Sysmon" Guid="{5770385f-c22a-43e0-bf4c-06f5698ffbd9}"></Provider>
<EventID Qualifiers="">11</EventID>
<Version>2</Version>
<Level>4</Level>
<Task>11</Task>
<Opcode>0</Opcode>
<Keywords>0x8000000000000000</Keywords>
<TimeCreated SystemTime="2025-04-24 05:10:12.514486+00:00"></TimeCreated>
<EventRecordID>773</EventRecordID>
<Correlation ActivityID="" RelatedActivityID=""></Correlation>
<Execution ProcessID="3288" ThreadID="3532"></Execution>
<Channel>Microsoft-Windows-Sysmon/Operational</Channel>
<Computer>DESKTOP-RL1K13Q</Computer>
<Security UserID="S-1-5-18"></Security>
</System>
<EventData><Data Name="RuleName">DLL</Data>
<Data Name="UtcTime">2025-04-24 05:10:12.507</Data>
<Data Name="ProcessGuid">{59d32d4f-c727-6809-e600-000000001500}</Data>
<Data Name="ProcessId">5688</Data>
<Data Name="Image">C:\Program Files (x86)\Microsoft\EdgeUpdate\Install\{29BE3D68-08E4-435C-A074-4C248B9868F6}\EDGEMITMP_7987E.tmp\setup.exe</Data>
<Data Name="TargetFilename">C:\Program Files (x86)\Microsoft\EdgeCore\135.0.3179.85\BHO\ie_to_edge_bho_64.dll</Data>
<Data Name="CreationUtcTime">2025-04-24 05:10:12.507</Data>
<Data Name="User">NT AUTHORITY\SYSTEM</Data>
</EventData>
</Event>

<Event xmlns="http://schemas.microsoft.com/win/2004/08/events/event"><System><Provider Name="Microsoft-Windows-Sysmon" Guid="{5770385f-c22a-43e0-bf4c-06f5698ffbd9}"></Provider>
<EventID Qualifiers="">11</EventID>
<Version>2</Version>
<Level>4</Level>
<Task>11</Task>
<Opcode>0</Opcode>
<Keywords>0x8000000000000000</Keywords>
<TimeCreated SystemTime="2025-04-24 05:10:12.556419+00:00"></TimeCreated>
<EventRecordID>774</EventRecordID>
<Correlation ActivityID="" RelatedActivityID=""></Correlation>
<Execution ProcessID="3288" ThreadID="3532"></Execution>
<Channel>Microsoft-Windows-Sysmon/Operational</Channel>
<Computer>DESKTOP-RL1K13Q</Computer>
<Security UserID="S-1-5-18"></Security>
</System>
<EventData><Data Name="RuleName">EXE</Data>
<Data Name="UtcTime">2025-04-24 05:10:12.554</Data>
<Data Name="ProcessGuid">{59d32d4f-c727-6809-e600-000000001500}</Data>
<Data Name="ProcessId">5688</Data>
<Data Name="Image">C:\Program Files (x86)\Microsoft\EdgeUpdate\Install\{29BE3D68-08E4-435C-A074-4C248B9868F6}\EDGEMITMP_7987E.tmp\setup.exe</Data>
<Data Name="TargetFilename">C:\Program Files (x86)\Microsoft\EdgeCore\135.0.3179.85\BHO\ie_to_edge_stub.exe</Data>
<Data Name="CreationUtcTime">2025-04-24 05:10:12.554</Data>
<Data Name="User">NT AUTHORITY\SYSTEM</Data>
</EventData>
</Event>

<Event xmlns="http://schemas.microsoft.com/win/2004/08/events/event"><System><Provider Name="Microsoft-Windows-Sysmon" Guid="{5770385f-c22a-43e0-bf4c-06f5698ffbd9}"></Provider>
<EventID Qualifiers="">11</EventID>
<Version>2</Version>
<Level>4</Level>
<Task>11</Task>
<Opcode>0</Opcode>
<Keywords>0x8000000000000000</Keywords>
<TimeCreated SystemTime="2025-04-24 05:10:12.597811+00:00"></TimeCreated>
<EventRecordID>775</EventRecordID>
<Correlation ActivityID="" RelatedActivityID=""></Correlation>
<Execution ProcessID="3288" ThreadID="3532"></Execution>
<Channel>Microsoft-Windows-Sysmon/Operational</Channel>
<Computer>DESKTOP-RL1K13Q</Computer>
<Security UserID="S-1-5-18"></Security>
</System>
<EventData><Data Name="RuleName">DLL</Data>
<Data Name="UtcTime">2025-04-24 05:10:12.585</Data>
<Data Name="ProcessGuid">{59d32d4f-c727-6809-e600-000000001500}</Data>
<Data Name="ProcessId">5688</Data>
<Data Name="Image">C:\Program Files (x86)\Microsoft\EdgeUpdate\Install\{29BE3D68-08E4-435C-A074-4C248B9868F6}\EDGEMITMP_7987E.tmp\setup.exe</Data>
<Data Name="TargetFilename">C:\Program Files (x86)\Microsoft\EdgeCore\135.0.3179.85\concrt140.dll</Data>
<Data Name="CreationUtcTime">2025-04-24 05:10:12.585</Data>
<Data Name="User">NT AUTHORITY\SYSTEM</Data>
</EventData>
</Event>

<Event xmlns="http://schemas.microsoft.com/win/2004/08/events/event"><System><Provider Name="Microsoft-Windows-Sysmon" Guid="{5770385f-c22a-43e0-bf4c-06f5698ffbd9}"></Provider>
<EventID Qualifiers="">11</EventID>
<Version>2</Version>
<Level>4</Level>
<Task>11</Task>
<Opcode>0</Opcode>
<Keywords>0x8000000000000000</Keywords>
<TimeCreated SystemTime="2025-04-24 05:10:12.636646+00:00"></TimeCreated>
<EventRecordID>776</EventRecordID>
<Correlation ActivityID="" RelatedActivityID=""></Correlation>
<Execution ProcessID="3288" ThreadID="3532"></Execution>
<Channel>Microsoft-Windows-Sysmon/Operational</Channel>
<Computer>DESKTOP-RL1K13Q</Computer>
<Security UserID="S-1-5-18"></Security>
</System>
<EventData><Data Name="RuleName">EXE</Data>
<Data Name="UtcTime">2025-04-24 05:10:12.632</Data>
<Data Name="ProcessGuid">{59d32d4f-c727-6809-e600-000000001500}</Data>
<Data Name="ProcessId">5688</Data>
<Data Name="Image">C:\Program Files (x86)\Microsoft\EdgeUpdate\Install\{29BE3D68-08E4-435C-A074-4C248B9868F6}\EDGEMITMP_7987E.tmp\setup.exe</Data>
<Data Name="TargetFilename">C:\Program Files (x86)\Microsoft\EdgeCore\135.0.3179.85\cookie_exporter.exe</Data>
<Data Name="CreationUtcTime">2025-04-24 05:10:12.632</Data>
<Data Name="User">NT AUTHORITY\SYSTEM</Data>
</EventData>
</Event>

<Event xmlns="http://schemas.microsoft.com/win/2004/08/events/event"><System><Provider Name="Microsoft-Windows-Sysmon" Guid="{5770385f-c22a-43e0-bf4c-06f5698ffbd9}"></Provider>
<EventID Qualifiers="">11</EventID>
<Version>2</Version>
<Level>4</Level>
<Task>11</Task>
<Opcode>0</Opcode>
<Keywords>0x8000000000000000</Keywords>
<TimeCreated SystemTime="2025-04-24 05:10:12.655554+00:00"></TimeCreated>
<EventRecordID>777</EventRecordID>
<Correlation ActivityID="" RelatedActivityID=""></Correlation>
<Execution ProcessID="3288" ThreadID="3532"></Execution>
<Channel>Microsoft-Windows-Sysmon/Operational</Channel>
<Computer>DESKTOP-RL1K13Q</Computer>
<Security UserID="S-1-5-18"></Security>
</System>
<EventData><Data Name="RuleName">DLL</Data>
<Data Name="UtcTime">2025-04-24 05:10:12.648</Data>
<Data Name="ProcessGuid">{59d32d4f-c727-6809-e600-000000001500}</Data>
<Data Name="ProcessId">5688</Data>
<Data Name="Image">C:\Program Files (x86)\Microsoft\EdgeUpdate\Install\{29BE3D68-08E4-435C-A074-4C248B9868F6}\EDGEMITMP_7987E.tmp\setup.exe</Data>
<Data Name="TargetFilename">C:\Program Files (x86)\Microsoft\EdgeCore\135.0.3179.85\d3dcompiler_47.dll</Data>
<Data Name="CreationUtcTime">2025-04-24 05:10:12.648</Data>
<Data Name="User">NT AUTHORITY\SYSTEM</Data>
</EventData>
</Event>

<Event xmlns="http://schemas.microsoft.com/win/2004/08/events/event"><System><Provider Name="Microsoft-Windows-Sysmon" Guid="{5770385f-c22a-43e0-bf4c-06f5698ffbd9}"></Provider>
<EventID Qualifiers="">11</EventID>
<Version>2</Version>
<Level>4</Level>
<Task>11</Task>
<Opcode>0</Opcode>
<Keywords>0x8000000000000000</Keywords>
<TimeCreated SystemTime="2025-04-24 05:10:12.935465+00:00"></TimeCreated>
<EventRecordID>778</EventRecordID>
<Correlation ActivityID="" RelatedActivityID=""></Correlation>
<Execution ProcessID="3288" ThreadID="3532"></Execution>
<Channel>Microsoft-Windows-Sysmon/Operational</Channel>
<Computer>DESKTOP-RL1K13Q</Computer>
<Security UserID="S-1-5-18"></Security>
</System>
<EventData><Data Name="RuleName">DLL</Data>
<Data Name="UtcTime">2025-04-24 05:10:12.929</Data>
<Data Name="ProcessGuid">{59d32d4f-c727-6809-e600-000000001500}</Data>
<Data Name="ProcessId">5688</Data>
<Data Name="Image">C:\Program Files (x86)\Microsoft\EdgeUpdate\Install\{29BE3D68-08E4-435C-A074-4C248B9868F6}\EDGEMITMP_7987E.tmp\setup.exe</Data>
<Data Name="TargetFilename">C:\Program Files (x86)\Microsoft\EdgeCore\135.0.3179.85\dual_engine_adapter_x64.dll</Data>
<Data Name="CreationUtcTime">2025-04-24 05:10:12.929</Data>
<Data Name="User">NT AUTHORITY\SYSTEM</Data>
</EventData>
</Event>

<Event xmlns="http://schemas.microsoft.com/win/2004/08/events/event"><System><Provider Name="Microsoft-Windows-Sysmon" Guid="{5770385f-c22a-43e0-bf4c-06f5698ffbd9}"></Provider>
<EventID Qualifiers="">11</EventID>
<Version>2</Version>
<Level>4</Level>
<Task>11</Task>
<Opcode>0</Opcode>
<Keywords>0x8000000000000000</Keywords>
<TimeCreated SystemTime="2025-04-24 05:10:13.119848+00:00"></TimeCreated>
<EventRecordID>779</EventRecordID>
<Correlation ActivityID="" RelatedActivityID=""></Correlation>
<Execution ProcessID="3288" ThreadID="3532"></Execution>
<Channel>Microsoft-Windows-Sysmon/Operational</Channel>
<Computer>DESKTOP-RL1K13Q</Computer>
<Security UserID="S-1-5-18"></Security>
</System>
<EventData><Data Name="RuleName">DLL</Data>
<Data Name="UtcTime">2025-04-24 05:10:13.116</Data>
<Data Name="ProcessGuid">{59d32d4f-c727-6809-e600-000000001500}</Data>
<Data Name="ProcessId">5688</Data>
<Data Name="Image">C:\Program Files (x86)\Microsoft\EdgeUpdate\Install\{29BE3D68-08E4-435C-A074-4C248B9868F6}\EDGEMITMP_7987E.tmp\setup.exe</Data>
<Data Name="TargetFilename">C:\Program Files (x86)\Microsoft\EdgeCore\135.0.3179.85\dxcompiler.dll</Data>
<Data Name="CreationUtcTime">2025-04-24 05:10:13.116</Data>
<Data Name="User">NT AUTHORITY\SYSTEM</Data>
</EventData>
</Event>

