<Event xmlns="http://schemas.microsoft.com/win/2004/08/events/event"><System><Provider Name="Microsoft-Windows-Sysmon" Guid="{5770385f-c22a-43e0-bf4c-06f5698ffbd9}"></Provider>
<EventID Qualifiers="">11</EventID>
<Version>2</Version>
<Level>4</Level>
<Task>11</Task>
<Opcode>0</Opcode>
<Keywords>0x8000000000000000</Keywords>
<TimeCreated SystemTime="2025-04-24 05:13:05.859072+00:00"></TimeCreated>
<EventRecordID>1152</EventRecordID>
<Correlation ActivityID="" RelatedActivityID=""></Correlation>
<Execution ProcessID="3288" ThreadID="3532"></Execution>
<Channel>Microsoft-Windows-Sysmon/Operational</Channel>
<Computer>DESKTOP-RL1K13Q</Computer>
<Security UserID="S-1-5-18"></Security>
</System>
<EventData><Data Name="RuleName">EXE</Data>
<Data Name="UtcTime">2025-04-24 05:13:05.835</Data>
<Data Name="ProcessGuid">{59d32d4f-c85d-6809-8601-000000001500}</Data>
<Data Name="ProcessId">4944</Data>
<Data Name="Image">C:\Program Files\7-Zip\7zG.exe</Data>
<Data Name="TargetFilename">C:\Users\Bluecheap\Desktop\SysinternalsSuite\PsExec.exe</Data>
<Data Name="CreationUtcTime">2025-04-24 05:13:05.835</Data>
<Data Name="User">DESKTOP-RL1K13Q\Bluecheap</Data>
</EventData>
</Event>

<Event xmlns="http://schemas.microsoft.com/win/2004/08/events/event"><System><Provider Name="Microsoft-Windows-Sysmon" Guid="{5770385f-c22a-43e0-bf4c-06f5698ffbd9}"></Provider>
<EventID Qualifiers="">11</EventID>
<Version>2</Version>
<Level>4</Level>
<Task>11</Task>
<Opcode>0</Opcode>
<Keywords>0x8000000000000000</Keywords>
<TimeCreated SystemTime="2025-04-24 05:13:05.877941+00:00"></TimeCreated>
<EventRecordID>1153</EventRecordID>
<Correlation ActivityID="" RelatedActivityID=""></Correlation>
<Execution ProcessID="3288" ThreadID="3532"></Execution>
<Channel>Microsoft-Windows-Sysmon/Operational</Channel>
<Computer>DESKTOP-RL1K13Q</Computer>
<Security UserID="S-1-5-18"></Security>
</System>
<EventData><Data Name="RuleName">EXE</Data>
<Data Name="UtcTime">2025-04-24 05:13:05.866</Data>
<Data Name="ProcessGuid">{59d32d4f-c85d-6809-8601-000000001500}</Data>
<Data Name="ProcessId">4944</Data>
<Data Name="Image">C:\Program Files\7-Zip\7zG.exe</Data>
<Data Name="TargetFilename">C:\Users\Bluecheap\Desktop\SysinternalsSuite\PsExec64.exe</Data>
<Data Name="CreationUtcTime">2025-04-24 05:13:05.866</Data>
<Data Name="User">DESKTOP-RL1K13Q\Bluecheap</Data>
</EventData>
</Event>

<Event xmlns="http://schemas.microsoft.com/win/2004/08/events/event"><System><Provider Name="Microsoft-Windows-Sysmon" Guid="{5770385f-c22a-43e0-bf4c-06f5698ffbd9}"></Provider>
<EventID Qualifiers="">11</EventID>
<Version>2</Version>
<Level>4</Level>
<Task>11</Task>
<Opcode>0</Opcode>
<Keywords>0x8000000000000000</Keywords>
<TimeCreated SystemTime="2025-04-24 05:13:05.895012+00:00"></TimeCreated>
<EventRecordID>1154</EventRecordID>
<Correlation ActivityID="" RelatedActivityID=""></Correlation>
<Execution ProcessID="3288" ThreadID="3532"></Execution>
<Channel>Microsoft-Windows-Sysmon/Operational</Channel>
<Computer>DESKTOP-RL1K13Q</Computer>
<Security UserID="S-1-5-18"></Security>
</System>
<EventData><Data Name="RuleName">EXE</Data>
<Data Name="UtcTime">2025-04-24 05:13:05.882</Data>
<Data Name="ProcessGuid">{59d32d4f-c85d-6809-8601-000000001500}</Data>
<Data Name="ProcessId">4944</Data>
<Data Name="Image">C:\Program Files\7-Zip\7zG.exe</Data>
<Data Name="TargetFilename">C:\Users\Bluecheap\Desktop\SysinternalsSuite\sigcheck.exe</Data>
<Data Name="CreationUtcTime">2025-04-24 05:13:05.882</Data>
<Data Name="User">DESKTOP-RL1K13Q\Bluecheap</Data>
</EventData>
</Event>

<Event xmlns="http://schemas.microsoft.com/win/2004/08/events/event"><System><Provider Name="Microsoft-Windows-Sysmon" Guid="{5770385f-c22a-43e0-bf4c-06f5698ffbd9}"></Provider>
<EventID Qualifiers="">11</EventID>
<Version>2</Version>
<Level>4</Level>
<Task>11</Task>
<Opcode>0</Opcode>
<Keywords>0x8000000000000000</Keywords>
<TimeCreated SystemTime="2025-04-24 05:13:05.911827+00:00"></TimeCreated>
<EventRecordID>1155</EventRecordID>
<Correlation ActivityID="" RelatedActivityID=""></Correlation>
<Execution ProcessID="3288" ThreadID="3532"></Execution>
<Channel>Microsoft-Windows-Sysmon/Operational</Channel>
<Computer>DESKTOP-RL1K13Q</Computer>
<Security UserID="S-1-5-18"></Security>
</System>
<EventData><Data Name="RuleName">EXE</Data>
<Data Name="UtcTime">2025-04-24 05:13:05.882</Data>
<Data Name="ProcessGuid">{59d32d4f-c85d-6809-8601-000000001500}</Data>
<Data Name="ProcessId">4944</Data>
<Data Name="Image">C:\Program Files\7-Zip\7zG.exe</Data>
<Data Name="TargetFilename">C:\Users\Bluecheap\Desktop\SysinternalsSuite\sigcheck64.exe</Data>
<Data Name="CreationUtcTime">2025-04-24 05:13:05.882</Data>
<Data Name="User">DESKTOP-RL1K13Q\Bluecheap</Data>
</EventData>
</Event>

<Event xmlns="http://schemas.microsoft.com/win/2004/08/events/event"><System><Provider Name="Microsoft-Windows-Sysmon" Guid="{5770385f-c22a-43e0-bf4c-06f5698ffbd9}"></Provider>
<EventID Qualifiers="">11</EventID>
<Version>2</Version>
<Level>4</Level>
<Task>11</Task>
<Opcode>0</Opcode>
<Keywords>0x8000000000000000</Keywords>
<TimeCreated SystemTime="2025-04-24 05:13:05.931381+00:00"></TimeCreated>
<EventRecordID>1156</EventRecordID>
<Correlation ActivityID="" RelatedActivityID=""></Correlation>
<Execution ProcessID="3288" ThreadID="3532"></Execution>
<Channel>Microsoft-Windows-Sysmon/Operational</Channel>
<Computer>DESKTOP-RL1K13Q</Computer>
<Security UserID="S-1-5-18"></Security>
</System>
<EventData><Data Name="RuleName">EXE</Data>
<Data Name="UtcTime">2025-04-24 05:13:05.913</Data>
<Data Name="ProcessGuid">{59d32d4f-c85d-6809-8601-000000001500}</Data>
<Data Name="ProcessId">4944</Data>
<Data Name="Image">C:\Program Files\7-Zip\7zG.exe</Data>
<Data Name="TargetFilename">C:\Users\Bluecheap\Desktop\SysinternalsSuite\AccessEnum.exe</Data>
<Data Name="CreationUtcTime">2025-04-24 05:13:05.913</Data>
<Data Name="User">DESKTOP-RL1K13Q\Bluecheap</Data>
</EventData>
</Event>

<Event xmlns="http://schemas.microsoft.com/win/2004/08/events/event"><System><Provider Name="Microsoft-Windows-Sysmon" Guid="{5770385f-c22a-43e0-bf4c-06f5698ffbd9}"></Provider>
<EventID Qualifiers="">11</EventID>
<Version>2</Version>
<Level>4</Level>
<Task>11</Task>
<Opcode>0</Opcode>
<Keywords>0x8000000000000000</Keywords>
<TimeCreated SystemTime="2025-04-24 05:13:05.931561+00:00"></TimeCreated>
<EventRecordID>1157</EventRecordID>
<Correlation ActivityID="" RelatedActivityID=""></Correlation>
<Execution ProcessID="3288" ThreadID="3532"></Execution>
<Channel>Microsoft-Windows-Sysmon/Operational</Channel>
<Computer>DESKTOP-RL1K13Q</Computer>
<Security UserID="S-1-5-18"></Security>
</System>
<EventData><Data Name="RuleName">EXE</Data>
<Data Name="UtcTime">2025-04-24 05:13:05.913</Data>
<Data Name="ProcessGuid">{59d32d4f-c85d-6809-8601-000000001500}</Data>
<Data Name="ProcessId">4944</Data>
<Data Name="Image">C:\Program Files\7-Zip\7zG.exe</Data>
<Data Name="TargetFilename">C:\Users\Bluecheap\Desktop\SysinternalsSuite\Bginfo.exe</Data>
<Data Name="CreationUtcTime">2025-04-24 05:13:05.913</Data>
<Data Name="User">DESKTOP-RL1K13Q\Bluecheap</Data>
</EventData>
</Event>

<Event xmlns="http://schemas.microsoft.com/win/2004/08/events/event"><System><Provider Name="Microsoft-Windows-Sysmon" Guid="{5770385f-c22a-43e0-bf4c-06f5698ffbd9}"></Provider>
<EventID Qualifiers="">11</EventID>
<Version>2</Version>
<Level>4</Level>
<Task>11</Task>
<Opcode>0</Opcode>
<Keywords>0x8000000000000000</Keywords>
<TimeCreated SystemTime="2025-04-24 05:13:05.979061+00:00"></TimeCreated>
<EventRecordID>1158</EventRecordID>
<Correlation ActivityID="" RelatedActivityID=""></Correlation>
<Execution ProcessID="3288" ThreadID="3532"></Execution>
<Channel>Microsoft-Windows-Sysmon/Operational</Channel>
<Computer>DESKTOP-RL1K13Q</Computer>
<Security UserID="S-1-5-18"></Security>
</System>
<EventData><Data Name="RuleName">EXE</Data>
<Data Name="UtcTime">2025-04-24 05:13:05.960</Data>
<Data Name="ProcessGuid">{59d32d4f-c85d-6809-8601-000000001500}</Data>
<Data Name="ProcessId">4944</Data>
<Data Name="Image">C:\Program Files\7-Zip\7zG.exe</Data>
<Data Name="TargetFilename">C:\Users\Bluecheap\Desktop\SysinternalsSuite\Bginfo64.exe</Data>
<Data Name="CreationUtcTime">2025-04-24 05:13:05.960</Data>
<Data Name="User">DESKTOP-RL1K13Q\Bluecheap</Data>
</EventData>
</Event>

<Event xmlns="http://schemas.microsoft.com/win/2004/08/events/event"><System><Provider Name="Microsoft-Windows-Sysmon" Guid="{5770385f-c22a-43e0-bf4c-06f5698ffbd9}"></Provider>
<EventID Qualifiers="">11</EventID>
<Version>2</Version>
<Level>4</Level>
<Task>11</Task>
<Opcode>0</Opcode>
<Keywords>0x8000000000000000</Keywords>
<TimeCreated SystemTime="2025-04-24 05:13:06.043501+00:00"></TimeCreated>
<EventRecordID>1159</EventRecordID>
<Correlation ActivityID="" RelatedActivityID=""></Correlation>
<Execution ProcessID="3288" ThreadID="3532"></Execution>
<Channel>Microsoft-Windows-Sysmon/Operational</Channel>
<Computer>DESKTOP-RL1K13Q</Computer>
<Security UserID="S-1-5-18"></Security>
</System>
<EventData><Data Name="RuleName">EXE</Data>
<Data Name="UtcTime">2025-04-24 05:13:06.038</Data>
<Data Name="ProcessGuid">{59d32d4f-c85d-6809-8601-000000001500}</Data>
<Data Name="ProcessId">4944</Data>
<Data Name="Image">C:\Program Files\7-Zip\7zG.exe</Data>
<Data Name="TargetFilename">C:\Users\Bluecheap\Desktop\SysinternalsSuite\Coreinfo.exe</Data>
<Data Name="CreationUtcTime">2025-04-24 05:13:06.038</Data>
<Data Name="User">DESKTOP-RL1K13Q\Bluecheap</Data>
</EventData>
</Event>

<Event xmlns="http://schemas.microsoft.com/win/2004/08/events/event"><System><Provider Name="Microsoft-Windows-Sysmon" Guid="{5770385f-c22a-43e0-bf4c-06f5698ffbd9}"></Provider>
<EventID Qualifiers="">11</EventID>
<Version>2</Version>
<Level>4</Level>
<Task>11</Task>
<Opcode>0</Opcode>
<Keywords>0x8000000000000000</Keywords>
<TimeCreated SystemTime="2025-04-24 05:13:06.058052+00:00"></TimeCreated>
<EventRecordID>1160</EventRecordID>
<Correlation ActivityID="" RelatedActivityID=""></Correlation>
<Execution ProcessID="3288" ThreadID="3532"></Execution>
<Channel>Microsoft-Windows-Sysmon/Operational</Channel>
<Computer>DESKTOP-RL1K13Q</Computer>
<Security UserID="S-1-5-18"></Security>
</System>
<EventData><Data Name="RuleName">EXE</Data>
<Data Name="UtcTime">2025-04-24 05:13:06.053</Data>
<Data Name="ProcessGuid">{59d32d4f-c85d-6809-8601-000000001500}</Data>
<Data Name="ProcessId">4944</Data>
<Data Name="Image">C:\Program Files\7-Zip\7zG.exe</Data>
<Data Name="TargetFilename">C:\Users\Bluecheap\Desktop\SysinternalsSuite\Coreinfo64.exe</Data>
<Data Name="CreationUtcTime">2025-04-24 05:13:06.053</Data>
<Data Name="User">DESKTOP-RL1K13Q\Bluecheap</Data>
</EventData>
</Event>

<Event xmlns="http://schemas.microsoft.com/win/2004/08/events/event"><System><Provider Name="Microsoft-Windows-Sysmon" Guid="{5770385f-c22a-43e0-bf4c-06f5698ffbd9}"></Provider>
<EventID Qualifiers="">11</EventID>
<Version>2</Version>
<Level>4</Level>
<Task>11</Task>
<Opcode>0</Opcode>
<Keywords>0x8000000000000000</Keywords>
<TimeCreated SystemTime="2025-04-24 05:13:06.067291+00:00"></TimeCreated>
<EventRecordID>1161</EventRecordID>
<Correlation ActivityID="" RelatedActivityID=""></Correlation>
<Execution ProcessID="3288" ThreadID="3532"></Execution>
<Channel>Microsoft-Windows-Sysmon/Operational</Channel>
<Computer>DESKTOP-RL1K13Q</Computer>
<Security UserID="S-1-5-18"></Security>
</System>
<EventData><Data Name="RuleName">EXE</Data>
<Data Name="UtcTime">2025-04-24 05:13:06.053</Data>
<Data Name="ProcessGuid">{59d32d4f-c85d-6809-8601-000000001500}</Data>
<Data Name="ProcessId">4944</Data>
<Data Name="Image">C:\Program Files\7-Zip\7zG.exe</Data>
<Data Name="TargetFilename">C:\Users\Bluecheap\Desktop\SysinternalsSuite\notmyfault.exe</Data>
<Data Name="CreationUtcTime">2025-04-24 05:13:06.053</Data>
<Data Name="User">DESKTOP-RL1K13Q\Bluecheap</Data>
</EventData>
</Event>

<Event xmlns="http://schemas.microsoft.com/win/2004/08/events/event"><System><Provider Name="Microsoft-Windows-Sysmon" Guid="{5770385f-c22a-43e0-bf4c-06f5698ffbd9}"></Provider>
<EventID Qualifiers="">11</EventID>
<Version>2</Version>
<Level>4</Level>
<Task>11</Task>
<Opcode>0</Opcode>
<Keywords>0x8000000000000000</Keywords>
<TimeCreated SystemTime="2025-04-24 05:13:06.073570+00:00"></TimeCreated>
<EventRecordID>1162</EventRecordID>
<Correlation ActivityID="" RelatedActivityID=""></Correlation>
<Execution ProcessID="3288" ThreadID="3532"></Execution>
<Channel>Microsoft-Windows-Sysmon/Operational</Channel>
<Computer>DESKTOP-RL1K13Q</Computer>
<Security UserID="S-1-5-18"></Security>
</System>
<EventData><Data Name="RuleName">EXE</Data>
<Data Name="UtcTime">2025-04-24 05:13:06.069</Data>
<Data Name="ProcessGuid">{59d32d4f-c85d-6809-8601-000000001500}</Data>
<Data Name="ProcessId">4944</Data>
<Data Name="Image">C:\Program Files\7-Zip\7zG.exe</Data>
<Data Name="TargetFilename">C:\Users\Bluecheap\Desktop\SysinternalsSuite\notmyfault64.exe</Data>
<Data Name="CreationUtcTime">2025-04-24 05:13:06.069</Data>
<Data Name="User">DESKTOP-RL1K13Q\Bluecheap</Data>
</EventData>
</Event>

<Event xmlns="http://schemas.microsoft.com/win/2004/08/events/event"><System><Provider Name="Microsoft-Windows-Sysmon" Guid="{5770385f-c22a-43e0-bf4c-06f5698ffbd9}"></Provider>
<EventID Qualifiers="">11</EventID>
<Version>2</Version>
<Level>4</Level>
<Task>11</Task>
<Opcode>0</Opcode>
<Keywords>0x8000000000000000</Keywords>
<TimeCreated SystemTime="2025-04-24 05:13:06.083622+00:00"></TimeCreated>
<EventRecordID>1163</EventRecordID>
<Correlation ActivityID="" RelatedActivityID=""></Correlation>
<Execution ProcessID="3288" ThreadID="3532"></Execution>
<Channel>Microsoft-Windows-Sysmon/Operational</Channel>
<Computer>DESKTOP-RL1K13Q</Computer>
<Security UserID="S-1-5-18"></Security>
</System>
<EventData><Data Name="RuleName">EXE</Data>
<Data Name="UtcTime">2025-04-24 05:13:06.069</Data>
<Data Name="ProcessGuid">{59d32d4f-c85d-6809-8601-000000001500}</Data>
<Data Name="ProcessId">4944</Data>
<Data Name="Image">C:\Program Files\7-Zip\7zG.exe</Data>
<Data Name="TargetFilename">C:\Users\Bluecheap\Desktop\SysinternalsSuite\notmyfaultc.exe</Data>
<Data Name="CreationUtcTime">2025-04-24 05:13:06.069</Data>
<Data Name="User">DESKTOP-RL1K13Q\Bluecheap</Data>
</EventData>
</Event>

<Event xmlns="http://schemas.microsoft.com/win/2004/08/events/event"><System><Provider Name="Microsoft-Windows-Sysmon" Guid="{5770385f-c22a-43e0-bf4c-06f5698ffbd9}"></Provider>
<EventID Qualifiers="">11</EventID>
<Version>2</Version>
<Level>4</Level>
<Task>11</Task>
<Opcode>0</Opcode>
<Keywords>0x8000000000000000</Keywords>
<TimeCreated SystemTime="2025-04-24 05:13:06.095650+00:00"></TimeCreated>
<EventRecordID>1164</EventRecordID>
<Correlation ActivityID="" RelatedActivityID=""></Correlation>
<Execution ProcessID="3288" ThreadID="3532"></Execution>
<Channel>Microsoft-Windows-Sysmon/Operational</Channel>
<Computer>DESKTOP-RL1K13Q</Computer>
<Security UserID="S-1-5-18"></Security>
</System>
<EventData><Data Name="RuleName">EXE</Data>
<Data Name="UtcTime">2025-04-24 05:13:06.085</Data>
<Data Name="ProcessGuid">{59d32d4f-c85d-6809-8601-000000001500}</Data>
<Data Name="ProcessId">4944</Data>
<Data Name="Image">C:\Program Files\7-Zip\7zG.exe</Data>
<Data Name="TargetFilename">C:\Users\Bluecheap\Desktop\SysinternalsSuite\notmyfaultc64.exe</Data>
<Data Name="CreationUtcTime">2025-04-24 05:13:06.085</Data>
<Data Name="User">DESKTOP-RL1K13Q\Bluecheap</Data>
</EventData>
</Event>

<Event xmlns="http://schemas.microsoft.com/win/2004/08/events/event"><System><Provider Name="Microsoft-Windows-Sysmon" Guid="{5770385f-c22a-43e0-bf4c-06f5698ffbd9}"></Provider>
<EventID Qualifiers="">11</EventID>
<Version>2</Version>
<Level>4</Level>
<Task>11</Task>
<Opcode>0</Opcode>
<Keywords>0x8000000000000000</Keywords>
<TimeCreated SystemTime="2025-04-24 05:13:06.113211+00:00"></TimeCreated>
<EventRecordID>1165</EventRecordID>
<Correlation ActivityID="" RelatedActivityID=""></Correlation>
<Execution ProcessID="3288" ThreadID="3532"></Execution>
<Channel>Microsoft-Windows-Sysmon/Operational</Channel>
<Computer>DESKTOP-RL1K13Q</Computer>
<Security UserID="S-1-5-18"></Security>
</System>
<EventData><Data Name="RuleName">EXE</Data>
<Data Name="UtcTime">2025-04-24 05:13:06.101</Data>
<Data Name="ProcessGuid">{59d32d4f-c85d-6809-8601-000000001500}</Data>
<Data Name="ProcessId">4944</Data>
<Data Name="Image">C:\Program Files\7-Zip\7zG.exe</Data>
<Data Name="TargetFilename">C:\Users\Bluecheap\Desktop\SysinternalsSuite\handle.exe</Data>
<Data Name="CreationUtcTime">2025-04-24 05:13:06.101</Data>
<Data Name="User">DESKTOP-RL1K13Q\Bluecheap</Data>
</EventData>
</Event>

<Event xmlns="http://schemas.microsoft.com/win/2004/08/events/event"><System><Provider Name="Microsoft-Windows-Sysmon" Guid="{5770385f-c22a-43e0-bf4c-06f5698ffbd9}"></Provider>
<EventID Qualifiers="">11</EventID>
<Version>2</Version>
<Level>4</Level>
<Task>11</Task>
<Opcode>0</Opcode>
<Keywords>0x8000000000000000</Keywords>
<TimeCreated SystemTime="2025-04-24 05:13:06.132193+00:00"></TimeCreated>
<EventRecordID>1166</EventRecordID>
<Correlation ActivityID="" RelatedActivityID=""></Correlation>
<Execution ProcessID="3288" ThreadID="3532"></Execution>
<Channel>Microsoft-Windows-Sysmon/Operational</Channel>
<Computer>DESKTOP-RL1K13Q</Computer>
<Security UserID="S-1-5-18"></Security>
</System>
<EventData><Data Name="RuleName">EXE</Data>
<Data Name="UtcTime">2025-04-24 05:13:06.116</Data>
<Data Name="ProcessGuid">{59d32d4f-c85d-6809-8601-000000001500}</Data>
<Data Name="ProcessId">4944</Data>
<Data Name="Image">C:\Program Files\7-Zip\7zG.exe</Data>
<Data Name="TargetFilename">C:\Users\Bluecheap\Desktop\SysinternalsSuite\handle64.exe</Data>
<Data Name="CreationUtcTime">2025-04-24 05:13:06.116</Data>
<Data Name="User">DESKTOP-RL1K13Q\Bluecheap</Data>
</EventData>
</Event>

<Event xmlns="http://schemas.microsoft.com/win/2004/08/events/event"><System><Provider Name="Microsoft-Windows-Sysmon" Guid="{5770385f-c22a-43e0-bf4c-06f5698ffbd9}"></Provider>
<EventID Qualifiers="">11</EventID>
<Version>2</Version>
<Level>4</Level>
<Task>11</Task>
<Opcode>0</Opcode>
<Keywords>0x8000000000000000</Keywords>
<TimeCreated SystemTime="2025-04-24 05:13:06.145010+00:00"></TimeCreated>
<EventRecordID>1167</EventRecordID>
<Correlation ActivityID="" RelatedActivityID=""></Correlation>
<Execution ProcessID="3288" ThreadID="3532"></Execution>
<Channel>Microsoft-Windows-Sysmon/Operational</Channel>
<Computer>DESKTOP-RL1K13Q</Computer>
<Security UserID="S-1-5-18"></Security>
</System>
<EventData><Data Name="RuleName">EXE</Data>
<Data Name="UtcTime">2025-04-24 05:13:06.133</Data>
<Data Name="ProcessGuid">{59d32d4f-c85d-6809-8601-000000001500}</Data>
<Data Name="ProcessId">4944</Data>
<Data Name="Image">C:\Program Files\7-Zip\7zG.exe</Data>
<Data Name="TargetFilename">C:\Users\Bluecheap\Desktop\SysinternalsSuite\Procmon.exe</Data>
<Data Name="CreationUtcTime">2025-04-24 05:13:06.133</Data>
<Data Name="User">DESKTOP-RL1K13Q\Bluecheap</Data>
</EventData>
</Event>

<Event xmlns="http://schemas.microsoft.com/win/2004/08/events/event"><System><Provider Name="Microsoft-Windows-Sysmon" Guid="{5770385f-c22a-43e0-bf4c-06f5698ffbd9}"></Provider>
<EventID Qualifiers="">11</EventID>
<Version>2</Version>
<Level>4</Level>
<Task>11</Task>
<Opcode>0</Opcode>
<Keywords>0x8000000000000000</Keywords>
<TimeCreated SystemTime="2025-04-24 05:13:06.227863+00:00"></TimeCreated>
<EventRecordID>1168</EventRecordID>
<Correlation ActivityID="" RelatedActivityID=""></Correlation>
<Execution ProcessID="3288" ThreadID="3532"></Execution>
<Channel>Microsoft-Windows-Sysmon/Operational</Channel>
<Computer>DESKTOP-RL1K13Q</Computer>
<Security UserID="S-1-5-18"></Security>
</System>
<EventData><Data Name="RuleName">-</Data>
<Data Name="UtcTime">2025-04-24 05:13:06.210</Data>
<Data Name="ProcessGuid">{59d32d4f-c85d-6809-8601-000000001500}</Data>
<Data Name="ProcessId">4944</Data>
<Data Name="Image">C:\Program Files\7-Zip\7zG.exe</Data>
<Data Name="TargetFilename">C:\Users\Bluecheap\Desktop\SysinternalsSuite\procmon.chm</Data>
<Data Name="CreationUtcTime">2025-04-24 05:13:06.210</Data>
<Data Name="User">DESKTOP-RL1K13Q\Bluecheap</Data>
</EventData>
</Event>

<Event xmlns="http://schemas.microsoft.com/win/2004/08/events/event"><System><Provider Name="Microsoft-Windows-Sysmon" Guid="{5770385f-c22a-43e0-bf4c-06f5698ffbd9}"></Provider>
<EventID Qualifiers="">11</EventID>
<Version>2</Version>
<Level>4</Level>
<Task>11</Task>
<Opcode>0</Opcode>
<Keywords>0x8000000000000000</Keywords>
<TimeCreated SystemTime="2025-04-24 05:13:06.230299+00:00"></TimeCreated>
<EventRecordID>1169</EventRecordID>
<Correlation ActivityID="" RelatedActivityID=""></Correlation>
<Execution ProcessID="3288" ThreadID="3532"></Execution>
<Channel>Microsoft-Windows-Sysmon/Operational</Channel>
<Computer>DESKTOP-RL1K13Q</Computer>
<Security UserID="S-1-5-18"></Security>
</System>
<EventData><Data Name="RuleName">EXE</Data>
<Data Name="UtcTime">2025-04-24 05:13:06.226</Data>
<Data Name="ProcessGuid">{59d32d4f-c85d-6809-8601-000000001500}</Data>
<Data Name="ProcessId">4944</Data>
<Data Name="Image">C:\Program Files\7-Zip\7zG.exe</Data>
<Data Name="TargetFilename">C:\Users\Bluecheap\Desktop\SysinternalsSuite\Procmon64.exe</Data>
<Data Name="CreationUtcTime">2025-04-24 05:13:06.226</Data>
<Data Name="User">DESKTOP-RL1K13Q\Bluecheap</Data>
</EventData>
</Event>

<Event xmlns="http://schemas.microsoft.com/win/2004/08/events/event"><System><Provider Name="Microsoft-Windows-Sysmon" Guid="{5770385f-c22a-43e0-bf4c-06f5698ffbd9}"></Provider>
<EventID Qualifiers="">11</EventID>
<Version>2</Version>
<Level>4</Level>
<Task>11</Task>
<Opcode>0</Opcode>
<Keywords>0x8000000000000000</Keywords>
<TimeCreated SystemTime="2025-04-24 05:13:06.275961+00:00"></TimeCreated>
<EventRecordID>1170</EventRecordID>
<Correlation ActivityID="" RelatedActivityID=""></Correlation>
<Execution ProcessID="3288" ThreadID="3532"></Execution>
<Channel>Microsoft-Windows-Sysmon/Operational</Channel>
<Computer>DESKTOP-RL1K13Q</Computer>
<Security UserID="S-1-5-18"></Security>
</System>
<EventData><Data Name="RuleName">EXE</Data>
<Data Name="UtcTime">2025-04-24 05:13:06.272</Data>
<Data Name="ProcessGuid">{59d32d4f-c85d-6809-8601-000000001500}</Data>
<Data Name="ProcessId">4944</Data>
<Data Name="Image">C:\Program Files\7-Zip\7zG.exe</Data>
<Data Name="TargetFilename">C:\Users\Bluecheap\Desktop\SysinternalsSuite\procdump.exe</Data>
<Data Name="CreationUtcTime">2025-04-24 05:13:06.272</Data>
<Data Name="User">DESKTOP-RL1K13Q\Bluecheap</Data>
</EventData>
</Event>

<Event xmlns="http://schemas.microsoft.com/win/2004/08/events/event"><System><Provider Name="Microsoft-Windows-Sysmon" Guid="{5770385f-c22a-43e0-bf4c-06f5698ffbd9}"></Provider>
<EventID Qualifiers="">11</EventID>
<Version>2</Version>
<Level>4</Level>
<Task>11</Task>
<Opcode>0</Opcode>
<Keywords>0x8000000000000000</Keywords>
<TimeCreated SystemTime="2025-04-24 05:13:06.292021+00:00"></TimeCreated>
<EventRecordID>1171</EventRecordID>
<Correlation ActivityID="" RelatedActivityID=""></Correlation>
<Execution ProcessID="3288" ThreadID="3532"></Execution>
<Channel>Microsoft-Windows-Sysmon/Operational</Channel>
<Computer>DESKTOP-RL1K13Q</Computer>
<Security UserID="S-1-5-18"></Security>
</System>
<EventData><Data Name="RuleName">EXE</Data>
<Data Name="UtcTime">2025-04-24 05:13:06.289</Data>
<Data Name="ProcessGuid">{59d32d4f-c85d-6809-8601-000000001500}</Data>
<Data Name="ProcessId">4944</Data>
<Data Name="Image">C:\Program Files\7-Zip\7zG.exe</Data>
<Data Name="TargetFilename">C:\Users\Bluecheap\Desktop\SysinternalsSuite\procdump64.exe</Data>
<Data Name="CreationUtcTime">2025-04-24 05:13:06.289</Data>
<Data Name="User">DESKTOP-RL1K13Q\Bluecheap</Data>
</EventData>
</Event>

<Event xmlns="http://schemas.microsoft.com/win/2004/08/events/event"><System><Provider Name="Microsoft-Windows-Sysmon" Guid="{5770385f-c22a-43e0-bf4c-06f5698ffbd9}"></Provider>
<EventID Qualifiers="">11</EventID>
<Version>2</Version>
<Level>4</Level>
<Task>11</Task>
<Opcode>0</Opcode>
<Keywords>0x8000000000000000</Keywords>
<TimeCreated SystemTime="2025-04-24 05:13:06.301823+00:00"></TimeCreated>
<EventRecordID>1172</EventRecordID>
<Correlation ActivityID="" RelatedActivityID=""></Correlation>
<Execution ProcessID="3288" ThreadID="3532"></Execution>
<Channel>Microsoft-Windows-Sysmon/Operational</Channel>
<Computer>DESKTOP-RL1K13Q</Computer>
<Security UserID="S-1-5-18"></Security>
</System>
<EventData><Data Name="RuleName">EXE</Data>
<Data Name="UtcTime">2025-04-24 05:13:06.289</Data>
<Data Name="ProcessGuid">{59d32d4f-c85d-6809-8601-000000001500}</Data>
<Data Name="ProcessId">4944</Data>
<Data Name="Image">C:\Program Files\7-Zip\7zG.exe</Data>
<Data Name="TargetFilename">C:\Users\Bluecheap\Desktop\SysinternalsSuite\procexp.exe</Data>
<Data Name="CreationUtcTime">2025-04-24 05:13:06.289</Data>
<Data Name="User">DESKTOP-RL1K13Q\Bluecheap</Data>
</EventData>
</Event>

<Event xmlns="http://schemas.microsoft.com/win/2004/08/events/event"><System><Provider Name="Microsoft-Windows-Sysmon" Guid="{5770385f-c22a-43e0-bf4c-06f5698ffbd9}"></Provider>
<EventID Qualifiers="">11</EventID>
<Version>2</Version>
<Level>4</Level>
<Task>11</Task>
<Opcode>0</Opcode>
<Keywords>0x8000000000000000</Keywords>
<TimeCreated SystemTime="2025-04-24 05:13:06.385393+00:00"></TimeCreated>
<EventRecordID>1173</EventRecordID>
<Correlation ActivityID="" RelatedActivityID=""></Correlation>
<Execution ProcessID="3288" ThreadID="3532"></Execution>
<Channel>Microsoft-Windows-Sysmon/Operational</Channel>
<Computer>DESKTOP-RL1K13Q</Computer>
<Security UserID="S-1-5-18"></Security>
</System>
<EventData><Data Name="RuleName">EXE</Data>
<Data Name="UtcTime">2025-04-24 05:13:06.382</Data>
<Data Name="ProcessGuid">{59d32d4f-c85d-6809-8601-000000001500}</Data>
<Data Name="ProcessId">4944</Data>
<Data Name="Image">C:\Program Files\7-Zip\7zG.exe</Data>
<Data Name="TargetFilename">C:\Users\Bluecheap\Desktop\SysinternalsSuite\procexp64.exe</Data>
<Data Name="CreationUtcTime">2025-04-24 05:13:06.382</Data>
<Data Name="User">DESKTOP-RL1K13Q\Bluecheap</Data>
</EventData>
</Event>

<Event xmlns="http://schemas.microsoft.com/win/2004/08/events/event"><System><Provider Name="Microsoft-Windows-Sysmon" Guid="{5770385f-c22a-43e0-bf4c-06f5698ffbd9}"></Provider>
<EventID Qualifiers="">11</EventID>
<Version>2</Version>
<Level>4</Level>
<Task>11</Task>
<Opcode>0</Opcode>
<Keywords>0x8000000000000000</Keywords>
<TimeCreated SystemTime="2025-04-24 05:13:06.432728+00:00"></TimeCreated>
<EventRecordID>1174</EventRecordID>
<Correlation ActivityID="" RelatedActivityID=""></Correlation>
<Execution ProcessID="3288" ThreadID="3532"></Execution>
<Channel>Microsoft-Windows-Sysmon/Operational</Channel>
<Computer>DESKTOP-RL1K13Q</Computer>
<Security UserID="S-1-5-18"></Security>
</System>
<EventData><Data Name="RuleName">EXE</Data>
<Data Name="UtcTime">2025-04-24 05:13:06.428</Data>
<Data Name="ProcessGuid">{59d32d4f-c85d-6809-8601-000000001500}</Data>
<Data Name="ProcessId">4944</Data>
<Data Name="Image">C:\Program Files\7-Zip\7zG.exe</Data>
<Data Name="TargetFilename">C:\Users\Bluecheap\Desktop\SysinternalsSuite\ADExplorer.exe</Data>
<Data Name="CreationUtcTime">2025-04-24 05:13:06.428</Data>
<Data Name="User">DESKTOP-RL1K13Q\Bluecheap</Data>
</EventData>
</Event>

<Event xmlns="http://schemas.microsoft.com/win/2004/08/events/event"><System><Provider Name="Microsoft-Windows-Sysmon" Guid="{5770385f-c22a-43e0-bf4c-06f5698ffbd9}"></Provider>
<EventID Qualifiers="">11</EventID>
<Version>2</Version>
<Level>4</Level>
<Task>11</Task>
<Opcode>0</Opcode>
<Keywords>0x8000000000000000</Keywords>
<TimeCreated SystemTime="2025-04-24 05:13:06.462730+00:00"></TimeCreated>
<EventRecordID>1175</EventRecordID>
<Correlation ActivityID="" RelatedActivityID=""></Correlation>
<Execution ProcessID="3288" ThreadID="3532"></Execution>
<Channel>Microsoft-Windows-Sysmon/Operational</Channel>
<Computer>DESKTOP-RL1K13Q</Computer>
<Security UserID="S-1-5-18"></Security>
</System>
<EventData><Data Name="RuleName">EXE</Data>
<Data Name="UtcTime">2025-04-24 05:13:06.446</Data>
<Data Name="ProcessGuid">{59d32d4f-c85d-6809-8601-000000001500}</Data>
<Data Name="ProcessId">4944</Data>
<Data Name="Image">C:\Program Files\7-Zip\7zG.exe</Data>
<Data Name="TargetFilename">C:\Users\Bluecheap\Desktop\SysinternalsSuite\ADExplorer64.exe</Data>
<Data Name="CreationUtcTime">2025-04-24 05:13:06.446</Data>
<Data Name="User">DESKTOP-RL1K13Q\Bluecheap</Data>
</EventData>
</Event>

<Event xmlns="http://schemas.microsoft.com/win/2004/08/events/event"><System><Provider Name="Microsoft-Windows-Sysmon" Guid="{5770385f-c22a-43e0-bf4c-06f5698ffbd9}"></Provider>
<EventID Qualifiers="">11</EventID>
<Version>2</Version>
<Level>4</Level>
<Task>11</Task>
<Opcode>0</Opcode>
<Keywords>0x8000000000000000</Keywords>
<TimeCreated SystemTime="2025-04-24 05:13:06.478321+00:00"></TimeCreated>
<EventRecordID>1176</EventRecordID>
<Correlation ActivityID="" RelatedActivityID=""></Correlation>
<Execution ProcessID="3288" ThreadID="3532"></Execution>
<Channel>Microsoft-Windows-Sysmon/Operational</Channel>
<Computer>DESKTOP-RL1K13Q</Computer>
<Security UserID="S-1-5-18"></Security>
</System>
<EventData><Data Name="RuleName">-</Data>
<Data Name="UtcTime">2025-04-24 05:13:06.476</Data>
<Data Name="ProcessGuid">{59d32d4f-c85d-6809-8601-000000001500}</Data>
<Data Name="ProcessId">4944</Data>
<Data Name="Image">C:\Program Files\7-Zip\7zG.exe</Data>
<Data Name="TargetFilename">C:\Users\Bluecheap\Desktop\SysinternalsSuite\AdExplorer.chm</Data>
<Data Name="CreationUtcTime">2025-04-24 05:13:06.476</Data>
<Data Name="User">DESKTOP-RL1K13Q\Bluecheap</Data>
</EventData>
</Event>

<Event xmlns="http://schemas.microsoft.com/win/2004/08/events/event"><System><Provider Name="Microsoft-Windows-Sysmon" Guid="{5770385f-c22a-43e0-bf4c-06f5698ffbd9}"></Provider>
<EventID Qualifiers="">11</EventID>
<Version>2</Version>
<Level>4</Level>
<Task>11</Task>
<Opcode>0</Opcode>
<Keywords>0x8000000000000000</Keywords>
<TimeCreated SystemTime="2025-04-24 05:13:06.480799+00:00"></TimeCreated>
<EventRecordID>1177</EventRecordID>
<Correlation ActivityID="" RelatedActivityID=""></Correlation>
<Execution ProcessID="3288" ThreadID="3532"></Execution>
<Channel>Microsoft-Windows-Sysmon/Operational</Channel>
<Computer>DESKTOP-RL1K13Q</Computer>
<Security UserID="S-1-5-18"></Security>
</System>
<EventData><Data Name="RuleName">EXE</Data>
<Data Name="UtcTime">2025-04-24 05:13:06.476</Data>
<Data Name="ProcessGuid">{59d32d4f-c85d-6809-8601-000000001500}</Data>
<Data Name="ProcessId">4944</Data>
<Data Name="Image">C:\Program Files\7-Zip\7zG.exe</Data>
<Data Name="TargetFilename">C:\Users\Bluecheap\Desktop\SysinternalsSuite\Contig.exe</Data>
<Data Name="CreationUtcTime">2025-04-24 05:13:06.476</Data>
<Data Name="User">DESKTOP-RL1K13Q\Bluecheap</Data>
</EventData>
</Event>

<Event xmlns="http://schemas.microsoft.com/win/2004/08/events/event"><System><Provider Name="Microsoft-Windows-Sysmon" Guid="{5770385f-c22a-43e0-bf4c-06f5698ffbd9}"></Provider>
<EventID Qualifiers="">11</EventID>
<Version>2</Version>
<Level>4</Level>
<Task>11</Task>
<Opcode>0</Opcode>
<Keywords>0x8000000000000000</Keywords>
<TimeCreated SystemTime="2025-04-24 05:13:06.488100+00:00"></TimeCreated>
<EventRecordID>1178</EventRecordID>
<Correlation ActivityID="" RelatedActivityID=""></Correlation>
<Execution ProcessID="3288" ThreadID="3532"></Execution>
<Channel>Microsoft-Windows-Sysmon/Operational</Channel>
<Computer>DESKTOP-RL1K13Q</Computer>
<Security UserID="S-1-5-18"></Security>
</System>
<EventData><Data Name="RuleName">EXE</Data>
<Data Name="UtcTime">2025-04-24 05:13:06.476</Data>
<Data Name="ProcessGuid">{59d32d4f-c85d-6809-8601-000000001500}</Data>
<Data Name="ProcessId">4944</Data>
<Data Name="Image">C:\Program Files\7-Zip\7zG.exe</Data>
<Data Name="TargetFilename">C:\Users\Bluecheap\Desktop\SysinternalsSuite\Contig64.exe</Data>
<Data Name="CreationUtcTime">2025-04-24 05:13:06.476</Data>
<Data Name="User">DESKTOP-RL1K13Q\Bluecheap</Data>
</EventData>
</Event>

<Event xmlns="http://schemas.microsoft.com/win/2004/08/events/event"><System><Provider Name="Microsoft-Windows-Sysmon" Guid="{5770385f-c22a-43e0-bf4c-06f5698ffbd9}"></Provider>
<EventID Qualifiers="">11</EventID>
<Version>2</Version>
<Level>4</Level>
<Task>11</Task>
<Opcode>0</Opcode>
<Keywords>0x8000000000000000</Keywords>
<TimeCreated SystemTime="2025-04-24 05:13:06.497221+00:00"></TimeCreated>
<EventRecordID>1179</EventRecordID>
<Correlation ActivityID="" RelatedActivityID=""></Correlation>
<Execution ProcessID="3288" ThreadID="3532"></Execution>
<Channel>Microsoft-Windows-Sysmon/Operational</Channel>
<Computer>DESKTOP-RL1K13Q</Computer>
<Security UserID="S-1-5-18"></Security>
</System>
<EventData><Data Name="RuleName">EXE</Data>
<Data Name="UtcTime">2025-04-24 05:13:06.493</Data>
<Data Name="ProcessGuid">{59d32d4f-c85d-6809-8601-000000001500}</Data>
<Data Name="ProcessId">4944</Data>
<Data Name="Image">C:\Program Files\7-Zip\7zG.exe</Data>
<Data Name="TargetFilename">C:\Users\Bluecheap\Desktop\SysinternalsSuite\RDCMan.exe</Data>
<Data Name="CreationUtcTime">2025-04-24 05:13:06.493</Data>
<Data Name="User">DESKTOP-RL1K13Q\Bluecheap</Data>
</EventData>
</Event>

<Event xmlns="http://schemas.microsoft.com/win/2004/08/events/event"><System><Provider Name="Microsoft-Windows-Sysmon" Guid="{5770385f-c22a-43e0-bf4c-06f5698ffbd9}"></Provider>
<EventID Qualifiers="">11</EventID>
<Version>2</Version>
<Level>4</Level>
<Task>11</Task>
<Opcode>0</Opcode>
<Keywords>0x8000000000000000</Keywords>
<TimeCreated SystemTime="2025-04-24 05:13:06.522429+00:00"></TimeCreated>
<EventRecordID>1180</EventRecordID>
<Correlation ActivityID="" RelatedActivityID=""></Correlation>
<Execution ProcessID="3288" ThreadID="3532"></Execution>
<Channel>Microsoft-Windows-Sysmon/Operational</Channel>
<Computer>DESKTOP-RL1K13Q</Computer>
<Security UserID="S-1-5-18"></Security>
</System>
<EventData><Data Name="RuleName">EXE</Data>
<Data Name="UtcTime">2025-04-24 05:13:06.507</Data>
<Data Name="ProcessGuid">{59d32d4f-c85d-6809-8601-000000001500}</Data>
<Data Name="ProcessId">4944</Data>
<Data Name="Image">C:\Program Files\7-Zip\7zG.exe</Data>
<Data Name="TargetFilename">C:\Users\Bluecheap\Desktop\SysinternalsSuite\Sysmon.exe</Data>
<Data Name="CreationUtcTime">2025-04-24 05:13:06.507</Data>
<Data Name="User">DESKTOP-RL1K13Q\Bluecheap</Data>
</EventData>
</Event>

<Event xmlns="http://schemas.microsoft.com/win/2004/08/events/event"><System><Provider Name="Microsoft-Windows-Sysmon" Guid="{5770385f-c22a-43e0-bf4c-06f5698ffbd9}"></Provider>
<EventID Qualifiers="">11</EventID>
<Version>2</Version>
<Level>4</Level>
<Task>11</Task>
<Opcode>0</Opcode>
<Keywords>0x8000000000000000</Keywords>
<TimeCreated SystemTime="2025-04-24 05:13:06.639891+00:00"></TimeCreated>
<EventRecordID>1181</EventRecordID>
<Correlation ActivityID="" RelatedActivityID=""></Correlation>
<Execution ProcessID="3288" ThreadID="3532"></Execution>
<Channel>Microsoft-Windows-Sysmon/Operational</Channel>
<Computer>DESKTOP-RL1K13Q</Computer>
<Security UserID="S-1-5-18"></Security>
</System>
<EventData><Data Name="RuleName">EXE</Data>
<Data Name="UtcTime">2025-04-24 05:13:06.632</Data>
<Data Name="ProcessGuid">{59d32d4f-c85d-6809-8601-000000001500}</Data>
<Data Name="ProcessId">4944</Data>
<Data Name="Image">C:\Program Files\7-Zip\7zG.exe</Data>
<Data Name="TargetFilename">C:\Users\Bluecheap\Desktop\SysinternalsSuite\Sysmon64.exe</Data>
<Data Name="CreationUtcTime">2025-04-24 05:13:06.632</Data>
<Data Name="User">DESKTOP-RL1K13Q\Bluecheap</Data>
</EventData>
</Event>

<Event xmlns="http://schemas.microsoft.com/win/2004/08/events/event"><System><Provider Name="Microsoft-Windows-Sysmon" Guid="{5770385f-c22a-43e0-bf4c-06f5698ffbd9}"></Provider>
<EventID Qualifiers="">11</EventID>
<Version>2</Version>
<Level>4</Level>
<Task>11</Task>
<Opcode>0</Opcode>
<Keywords>0x8000000000000000</Keywords>
<TimeCreated SystemTime="2025-04-24 05:13:06.713560+00:00"></TimeCreated>
<EventRecordID>1182</EventRecordID>
<Correlation ActivityID="" RelatedActivityID=""></Correlation>
<Execution ProcessID="3288" ThreadID="3532"></Execution>
<Channel>Microsoft-Windows-Sysmon/Operational</Channel>
<Computer>DESKTOP-RL1K13Q</Computer>
<Security UserID="S-1-5-18"></Security>
</System>
<EventData><Data Name="RuleName">EXE</Data>
<Data Name="UtcTime">2025-04-24 05:13:06.694</Data>
<Data Name="ProcessGuid">{59d32d4f-c85d-6809-8601-000000001500}</Data>
<Data Name="ProcessId">4944</Data>
<Data Name="Image">C:\Program Files\7-Zip\7zG.exe</Data>
<Data Name="TargetFilename">C:\Users\Bluecheap\Desktop\SysinternalsSuite\ZoomIt.exe</Data>
<Data Name="CreationUtcTime">2025-04-24 05:13:06.694</Data>
<Data Name="User">DESKTOP-RL1K13Q\Bluecheap</Data>
</EventData>
</Event>

<Event xmlns="http://schemas.microsoft.com/win/2004/08/events/event"><System><Provider Name="Microsoft-Windows-Sysmon" Guid="{5770385f-c22a-43e0-bf4c-06f5698ffbd9}"></Provider>
<EventID Qualifiers="">11</EventID>
<Version>2</Version>
<Level>4</Level>
<Task>11</Task>
<Opcode>0</Opcode>
<Keywords>0x8000000000000000</Keywords>
<TimeCreated SystemTime="2025-04-24 05:13:06.735361+00:00"></TimeCreated>
<EventRecordID>1183</EventRecordID>
<Correlation ActivityID="" RelatedActivityID=""></Correlation>
<Execution ProcessID="3288" ThreadID="3532"></Execution>
<Channel>Microsoft-Windows-Sysmon/Operational</Channel>
<Computer>DESKTOP-RL1K13Q</Computer>
<Security UserID="S-1-5-18"></Security>
</System>
<EventData><Data Name="RuleName">EXE</Data>
<Data Name="UtcTime">2025-04-24 05:13:06.727</Data>
<Data Name="ProcessGuid">{59d32d4f-c85d-6809-8601-000000001500}</Data>
<Data Name="ProcessId">4944</Data>
<Data Name="Image">C:\Program Files\7-Zip\7zG.exe</Data>
<Data Name="TargetFilename">C:\Users\Bluecheap\Desktop\SysinternalsSuite\ZoomIt64.exe</Data>
<Data Name="CreationUtcTime">2025-04-24 05:13:06.727</Data>
<Data Name="User">DESKTOP-RL1K13Q\Bluecheap</Data>
</EventData>
</Event>

<Event xmlns="http://schemas.microsoft.com/win/2004/08/events/event"><System><Provider Name="Microsoft-Windows-Sysmon" Guid="{5770385f-c22a-43e0-bf4c-06f5698ffbd9}"></Provider>
<EventID Qualifiers="">13</EventID>
<Version>2</Version>
<Level>4</Level>
<Task>13</Task>
<Opcode>0</Opcode>
<Keywords>0x8000000000000000</Keywords>
<TimeCreated SystemTime="2025-04-24 05:13:12.540024+00:00"></TimeCreated>
<EventRecordID>1184</EventRecordID>
<Correlation ActivityID="" RelatedActivityID=""></Correlation>
<Execution ProcessID="3288" ThreadID="3532"></Execution>
<Channel>Microsoft-Windows-Sysmon/Operational</Channel>
<Computer>DESKTOP-RL1K13Q</Computer>
<Security UserID="S-1-5-18"></Security>
</System>
<EventData><Data Name="RuleName">Suspicious,ImageBeginWithBackslash</Data>
<Data Name="EventType">SetValue</Data>
<Data Name="UtcTime">2025-04-24 05:13:12.538</Data>
<Data Name="ProcessGuid">{59d32d4f-c72a-6809-e800-000000001500}</Data>
<Data Name="ProcessId">5360</Data>
<Data Name="Image">\\?\C:\Windows\system32\wbem\WMIADAP.EXE</Data>
<Data Name="TargetObject">HKLM\SOFTWARE\Microsoft\Wbem\PROVIDERS\Performance\Performance Data</Data>
<Data Name="Details">Binary Data</Data>
<Data Name="User">NT AUTHORITY\SYSTEM</Data>
</EventData>
</Event>

<Event xmlns="http://schemas.microsoft.com/win/2004/08/events/event"><System><Provider Name="Microsoft-Windows-Sysmon" Guid="{5770385f-c22a-43e0-bf4c-06f5698ffbd9}"></Provider>
<EventID Qualifiers="">12</EventID>
<Version>2</Version>
<Level>4</Level>
<Task>12</Task>
<Opcode>0</Opcode>
<Keywords>0x8000000000000000</Keywords>
<TimeCreated SystemTime="2025-04-24 05:13:12.540483+00:00"></TimeCreated>
<EventRecordID>1185</EventRecordID>
<Correlation ActivityID="" RelatedActivityID=""></Correlation>
<Execution ProcessID="3288" ThreadID="3532"></Execution>
<Channel>Microsoft-Windows-Sysmon/Operational</Channel>
<Computer>DESKTOP-RL1K13Q</Computer>
<Security UserID="S-1-5-18"></Security>
</System>
<EventData><Data Name="RuleName">Suspicious,ImageBeginWithBackslash</Data>
<Data Name="EventType">DeleteKey</Data>
<Data Name="UtcTime">2025-04-24 05:13:12.538</Data>
<Data Name="ProcessGuid">{59d32d4f-c72a-6809-e800-000000001500}</Data>
<Data Name="ProcessId">5360</Data>
<Data Name="Image">\\?\C:\Windows\system32\wbem\WMIADAP.EXE</Data>
<Data Name="TargetObject">HKLM\SOFTWARE\Microsoft\Wbem\WDM\DREDGE</Data>
<Data Name="User">NT AUTHORITY\SYSTEM</Data>
</EventData>
</Event>

<Event xmlns="http://schemas.microsoft.com/win/2004/08/events/event"><System><Provider Name="Microsoft-Windows-Sysmon" Guid="{5770385f-c22a-43e0-bf4c-06f5698ffbd9}"></Provider>
<EventID Qualifiers="">13</EventID>
<Version>2</Version>
<Level>4</Level>
<Task>13</Task>
<Opcode>0</Opcode>
<Keywords>0x8000000000000000</Keywords>
<TimeCreated SystemTime="2025-04-24 05:13:12.541105+00:00"></TimeCreated>
<EventRecordID>1186</EventRecordID>
<Correlation ActivityID="" RelatedActivityID=""></Correlation>
<Execution ProcessID="3288" ThreadID="3532"></Execution>
<Channel>Microsoft-Windows-Sysmon/Operational</Channel>
<Computer>DESKTOP-RL1K13Q</Computer>
<Security UserID="S-1-5-18"></Security>
</System>
<EventData><Data Name="RuleName">Suspicious,ImageBeginWithBackslash</Data>
<Data Name="EventType">SetValue</Data>
<Data Name="UtcTime">2025-04-24 05:13:12.538</Data>
<Data Name="ProcessGuid">{59d32d4f-c72a-6809-e800-000000001500}</Data>
<Data Name="ProcessId">5360</Data>
<Data Name="Image">\\?\C:\Windows\system32\wbem\WMIADAP.EXE</Data>
<Data Name="TargetObject">HKLM\SOFTWARE\Microsoft\Wbem\WDM\DREDGE\C:\Windows\system32\kernelbase.dll[MofResourceName]</Data>
<Data Name="Details">LowDateTime:-468606429,HighDateTime:31089448***Binary mof compiled successfully</Data>
<Data Name="User">NT AUTHORITY\SYSTEM</Data>
</EventData>
</Event>

<Event xmlns="http://schemas.microsoft.com/win/2004/08/events/event"><System><Provider Name="Microsoft-Windows-Sysmon" Guid="{5770385f-c22a-43e0-bf4c-06f5698ffbd9}"></Provider>
<EventID Qualifiers="">13</EventID>
<Version>2</Version>
<Level>4</Level>
<Task>13</Task>
<Opcode>0</Opcode>
<Keywords>0x8000000000000000</Keywords>
<TimeCreated SystemTime="2025-04-24 05:13:12.541286+00:00"></TimeCreated>
<EventRecordID>1187</EventRecordID>
<Correlation ActivityID="" RelatedActivityID=""></Correlation>
<Execution ProcessID="3288" ThreadID="3532"></Execution>
<Channel>Microsoft-Windows-Sysmon/Operational</Channel>
<Computer>DESKTOP-RL1K13Q</Computer>
<Security UserID="S-1-5-18"></Security>
</System>
<EventData><Data Name="RuleName">Suspicious,ImageBeginWithBackslash</Data>
<Data Name="EventType">SetValue</Data>
<Data Name="UtcTime">2025-04-24 05:13:12.538</Data>
<Data Name="ProcessGuid">{59d32d4f-c72a-6809-e800-000000001500}</Data>
<Data Name="ProcessId">5360</Data>
<Data Name="Image">\\?\C:\Windows\system32\wbem\WMIADAP.EXE</Data>
<Data Name="TargetObject">HKLM\SOFTWARE\Microsoft\Wbem\WDM\DREDGE\C:\Windows\system32\en-US\kernelbase.dll.mui[MofResourceName]</Data>
<Data Name="Details">LowDateTime:1324573991,HighDateTime:31086656***Binary mof compiled successfully</Data>
<Data Name="User">NT AUTHORITY\SYSTEM</Data>
</EventData>
</Event>

<Event xmlns="http://schemas.microsoft.com/win/2004/08/events/event"><System><Provider Name="Microsoft-Windows-Sysmon" Guid="{5770385f-c22a-43e0-bf4c-06f5698ffbd9}"></Provider>
<EventID Qualifiers="">13</EventID>
<Version>2</Version>
<Level>4</Level>
<Task>13</Task>
<Opcode>0</Opcode>
<Keywords>0x8000000000000000</Keywords>
<TimeCreated SystemTime="2025-04-24 05:13:12.541447+00:00"></TimeCreated>
<EventRecordID>1188</EventRecordID>
<Correlation ActivityID="" RelatedActivityID=""></Correlation>
<Execution ProcessID="3288" ThreadID="3532"></Execution>
<Channel>Microsoft-Windows-Sysmon/Operational</Channel>
<Computer>DESKTOP-RL1K13Q</Computer>
<Security UserID="S-1-5-18"></Security>
</System>
<EventData><Data Name="RuleName">Suspicious,ImageBeginWithBackslash</Data>
<Data Name="EventType">SetValue</Data>
<Data Name="UtcTime">2025-04-24 05:13:12.538</Data>
<Data Name="ProcessGuid">{59d32d4f-c72a-6809-e800-000000001500}</Data>
<Data Name="ProcessId">5360</Data>
<Data Name="Image">\\?\C:\Windows\system32\wbem\WMIADAP.EXE</Data>
<Data Name="TargetObject">HKLM\SOFTWARE\Microsoft\Wbem\WDM\DREDGE\C:\Windows\System32\drivers\ACPI.sys[ACPIMOFResource]</Data>
<Data Name="Details">LowDateTime:-854301037,HighDateTime:31089448***Binary mof compiled successfully</Data>
<Data Name="User">NT AUTHORITY\SYSTEM</Data>
</EventData>
</Event>

<Event xmlns="http://schemas.microsoft.com/win/2004/08/events/event"><System><Provider Name="Microsoft-Windows-Sysmon" Guid="{5770385f-c22a-43e0-bf4c-06f5698ffbd9}"></Provider>
<EventID Qualifiers="">13</EventID>
<Version>2</Version>
<Level>4</Level>
<Task>13</Task>
<Opcode>0</Opcode>
<Keywords>0x8000000000000000</Keywords>
<TimeCreated SystemTime="2025-04-24 05:13:12.541616+00:00"></TimeCreated>
<EventRecordID>1189</EventRecordID>
<Correlation ActivityID="" RelatedActivityID=""></Correlation>
<Execution ProcessID="3288" ThreadID="3532"></Execution>
<Channel>Microsoft-Windows-Sysmon/Operational</Channel>
<Computer>DESKTOP-RL1K13Q</Computer>
<Security UserID="S-1-5-18"></Security>
</System>
<EventData><Data Name="RuleName">Suspicious,ImageBeginWithBackslash</Data>
<Data Name="EventType">SetValue</Data>
<Data Name="UtcTime">2025-04-24 05:13:12.538</Data>
<Data Name="ProcessGuid">{59d32d4f-c72a-6809-e800-000000001500}</Data>
<Data Name="ProcessId">5360</Data>
<Data Name="Image">\\?\C:\Windows\system32\wbem\WMIADAP.EXE</Data>
<Data Name="TargetObject">HKLM\SOFTWARE\Microsoft\Wbem\WDM\DREDGE\C:\Windows\System32\drivers\en-US\ACPI.sys.mui[ACPIMOFResource]</Data>
<Data Name="Details">LowDateTime:1456784014,HighDateTime:30780702***Binary mof compiled successfully</Data>
<Data Name="User">NT AUTHORITY\SYSTEM</Data>
</EventData>
</Event>

<Event xmlns="http://schemas.microsoft.com/win/2004/08/events/event"><System><Provider Name="Microsoft-Windows-Sysmon" Guid="{5770385f-c22a-43e0-bf4c-06f5698ffbd9}"></Provider>
<EventID Qualifiers="">13</EventID>
<Version>2</Version>
<Level>4</Level>
<Task>13</Task>
<Opcode>0</Opcode>
<Keywords>0x8000000000000000</Keywords>
<TimeCreated SystemTime="2025-04-24 05:13:12.541773+00:00"></TimeCreated>
<EventRecordID>1190</EventRecordID>
<Correlation ActivityID="" RelatedActivityID=""></Correlation>
<Execution ProcessID="3288" ThreadID="3532"></Execution>
<Channel>Microsoft-Windows-Sysmon/Operational</Channel>
<Computer>DESKTOP-RL1K13Q</Computer>
<Security UserID="S-1-5-18"></Security>
</System>
<EventData><Data Name="RuleName">Suspicious,ImageBeginWithBackslash</Data>
<Data Name="EventType">SetValue</Data>
<Data Name="UtcTime">2025-04-24 05:13:12.538</Data>
<Data Name="ProcessGuid">{59d32d4f-c72a-6809-e800-000000001500}</Data>
<Data Name="ProcessId">5360</Data>
<Data Name="Image">\\?\C:\Windows\system32\wbem\WMIADAP.EXE</Data>
<Data Name="TargetObject">HKLM\SOFTWARE\Microsoft\Wbem\WDM\DREDGE\C:\Windows\System32\drivers\mssmbios.sys[MofResource]</Data>
<Data Name="Details">LowDateTime:2079713024,HighDateTime:30780696***Binary mof compiled successfully</Data>
<Data Name="User">NT AUTHORITY\SYSTEM</Data>
</EventData>
</Event>

<Event xmlns="http://schemas.microsoft.com/win/2004/08/events/event"><System><Provider Name="Microsoft-Windows-Sysmon" Guid="{5770385f-c22a-43e0-bf4c-06f5698ffbd9}"></Provider>
<EventID Qualifiers="">13</EventID>
<Version>2</Version>
<Level>4</Level>
<Task>13</Task>
<Opcode>0</Opcode>
<Keywords>0x8000000000000000</Keywords>
<TimeCreated SystemTime="2025-04-24 05:13:12.541941+00:00"></TimeCreated>
<EventRecordID>1191</EventRecordID>
<Correlation ActivityID="" RelatedActivityID=""></Correlation>
<Execution ProcessID="3288" ThreadID="3532"></Execution>
<Channel>Microsoft-Windows-Sysmon/Operational</Channel>
<Computer>DESKTOP-RL1K13Q</Computer>
<Security UserID="S-1-5-18"></Security>
</System>
<EventData><Data Name="RuleName">Suspicious,ImageBeginWithBackslash</Data>
<Data Name="EventType">SetValue</Data>
<Data Name="UtcTime">2025-04-24 05:13:12.538</Data>
<Data Name="ProcessGuid">{59d32d4f-c72a-6809-e800-000000001500}</Data>
<Data Name="ProcessId">5360</Data>
<Data Name="Image">\\?\C:\Windows\system32\wbem\WMIADAP.EXE</Data>
<Data Name="TargetObject">HKLM\SOFTWARE\Microsoft\Wbem\WDM\DREDGE\C:\Windows\System32\drivers\en-US\mssmbios.sys.mui[MofResource]</Data>
<Data Name="Details">LowDateTime:1463823182,HighDateTime:30780702***Binary mof compiled successfully</Data>
<Data Name="User">NT AUTHORITY\SYSTEM</Data>
</EventData>
</Event>

<Event xmlns="http://schemas.microsoft.com/win/2004/08/events/event"><System><Provider Name="Microsoft-Windows-Sysmon" Guid="{5770385f-c22a-43e0-bf4c-06f5698ffbd9}"></Provider>
<EventID Qualifiers="">13</EventID>
<Version>2</Version>
<Level>4</Level>
<Task>13</Task>
<Opcode>0</Opcode>
<Keywords>0x8000000000000000</Keywords>
<TimeCreated SystemTime="2025-04-24 05:13:12.542099+00:00"></TimeCreated>
<EventRecordID>1192</EventRecordID>
<Correlation ActivityID="" RelatedActivityID=""></Correlation>
<Execution ProcessID="3288" ThreadID="3532"></Execution>
<Channel>Microsoft-Windows-Sysmon/Operational</Channel>
<Computer>DESKTOP-RL1K13Q</Computer>
<Security UserID="S-1-5-18"></Security>
</System>
<EventData><Data Name="RuleName">Suspicious,ImageBeginWithBackslash</Data>
<Data Name="EventType">SetValue</Data>
<Data Name="UtcTime">2025-04-24 05:13:12.538</Data>
<Data Name="ProcessGuid">{59d32d4f-c72a-6809-e800-000000001500}</Data>
<Data Name="ProcessId">5360</Data>
<Data Name="Image">\\?\C:\Windows\system32\wbem\WMIADAP.EXE</Data>
<Data Name="TargetObject">HKLM\SOFTWARE\Microsoft\Wbem\WDM\DREDGE\C:\Windows\System32\drivers\processr.sys[PROCESSORWMI]</Data>
<Data Name="Details">LowDateTime:-853885448,HighDateTime:31089448***Binary mof compiled successfully</Data>
<Data Name="User">NT AUTHORITY\SYSTEM</Data>
</EventData>
</Event>

