<Event xmlns="http://schemas.microsoft.com/win/2004/08/events/event"><System><Provider Name="Microsoft-Windows-Sysmon" Guid="{5770385f-c22a-43e0-bf4c-06f5698ffbd9}"></Provider>
<EventID Qualifiers="">1</EventID>
<Version>5</Version>
<Level>4</Level>
<Task>1</Task>
<Opcode>0</Opcode>
<Keywords>0x8000000000000000</Keywords>
<TimeCreated SystemTime="2025-04-24 05:12:23.458851+00:00"></TimeCreated>
<EventRecordID>964</EventRecordID>
<Correlation ActivityID="" RelatedActivityID=""></Correlation>
<Execution ProcessID="3288" ThreadID="3532"></Execution>
<Channel>Microsoft-Windows-Sysmon/Operational</Channel>
<Computer>DESKTOP-RL1K13Q</Computer>
<Security UserID="S-1-5-18"></Security>
</System>
<EventData><Data Name="RuleName">-</Data>
<Data Name="UtcTime">2025-04-24 05:12:23.403</Data>
<Data Name="ProcessGuid">{59d32d4f-c837-6809-7c01-000000001500}</Data>
<Data Name="ProcessId">7872</Data>
<Data Name="Image">C:\Program Files (x86)\Microsoft\Edge\Application\135.0.3179.85\elevation_service.exe</Data>
<Data Name="FileVersion">135.0.3179.85</Data>
<Data Name="Description">Microsoft Edge</Data>
<Data Name="Product">Microsoft Edge</Data>
<Data Name="Company">Microsoft Corporation</Data>
<Data Name="OriginalFileName">elevation_service.exe</Data>
<Data Name="CommandLine">"C:\Program Files (x86)\Microsoft\Edge\Application\135.0.3179.85\elevation_service.exe"</Data>
<Data Name="CurrentDirectory">C:\Windows\system32\</Data>
<Data Name="User">NT AUTHORITY\SYSTEM</Data>
<Data Name="LogonGuid">{59d32d4f-c62e-6809-e703-000000000000}</Data>
<Data Name="LogonId">0x00000000000003e7</Data>
<Data Name="TerminalSessionId">0</Data>
<Data Name="IntegrityLevel">System</Data>
<Data Name="Hashes">MD5=AAE1F44411CD48913E8F8AB89C55EA14,SHA256=BDE11E94C223D0016E5911D4B08D8522A0FFEF7442E97D317379E97582AB64CC,IMPHASH=02F62D0BC71E3A12B4E36372D9810FBF</Data>
<Data Name="ParentProcessGuid">{59d32d4f-c62d-6809-0b00-000000001500}</Data>
<Data Name="ParentProcessId">696</Data>
<Data Name="ParentImage">C:\Windows\System32\services.exe</Data>
<Data Name="ParentCommandLine">C:\Windows\system32\services.exe</Data>
<Data Name="ParentUser">NT AUTHORITY\SYSTEM</Data>
</EventData>
</Event>

<Event xmlns="http://schemas.microsoft.com/win/2004/08/events/event"><System><Provider Name="Microsoft-Windows-Sysmon" Guid="{5770385f-c22a-43e0-bf4c-06f5698ffbd9}"></Provider>
<EventID Qualifiers="">1</EventID>
<Version>5</Version>
<Level>4</Level>
<Task>1</Task>
<Opcode>0</Opcode>
<Keywords>0x8000000000000000</Keywords>
<TimeCreated SystemTime="2025-04-24 05:12:24.173750+00:00"></TimeCreated>
<EventRecordID>965</EventRecordID>
<Correlation ActivityID="" RelatedActivityID=""></Correlation>
<Execution ProcessID="3288" ThreadID="3532"></Execution>
<Channel>Microsoft-Windows-Sysmon/Operational</Channel>
<Computer>DESKTOP-RL1K13Q</Computer>
<Security UserID="S-1-5-18"></Security>
</System>
<EventData><Data Name="RuleName">-</Data>
<Data Name="UtcTime">2025-04-24 05:12:24.169</Data>
<Data Name="ProcessGuid">{59d32d4f-c838-6809-7d01-000000001500}</Data>
<Data Name="ProcessId">7628</Data>
<Data Name="Image">C:\Program Files (x86)\Microsoft\Edge\Application\msedge.exe</Data>
<Data Name="FileVersion">135.0.3179.85</Data>
<Data Name="Description">Microsoft Edge</Data>
<Data Name="Product">Microsoft Edge</Data>
<Data Name="Company">Microsoft Corporation</Data>
<Data Name="OriginalFileName">msedge.exe</Data>
<Data Name="CommandLine">"C:\Program Files (x86)\Microsoft\Edge\Application\msedge.exe" --default-search-provider=? --out-pipe-name=MSEdgeDefault412cda9fhf7f8h46cch8008hf5bd63ee1a7a</Data>
<Data Name="CurrentDirectory">C:\Windows\ImmersiveControlPanel\</Data>
<Data Name="User">DESKTOP-RL1K13Q\Bluecheap</Data>
<Data Name="LogonGuid">{59d32d4f-c774-6809-c1b4-260000000000}</Data>
<Data Name="LogonId">0x000000000026b4c1</Data>
<Data Name="TerminalSessionId">1</Data>
<Data Name="IntegrityLevel">Medium</Data>
<Data Name="Hashes">MD5=1908445F47C7A0FE8C20BC2E2BDAAD7B,SHA256=A56B12715BBAE82B63104F3C6FD50FB3B63FDC9A320AEE2DF809C5E1829B96FB,IMPHASH=74475222411108C1ED69E4D62A8D8903</Data>
<Data Name="ParentProcessGuid">{59d32d4f-c776-6809-0501-000000001500}</Data>
<Data Name="ParentProcessId">2552</Data>
<Data Name="ParentImage">C:\Windows\System32\sihost.exe</Data>
<Data Name="ParentCommandLine">sihost.exe</Data>
<Data Name="ParentUser">DESKTOP-RL1K13Q\Bluecheap</Data>
</EventData>
</Event>

<Event xmlns="http://schemas.microsoft.com/win/2004/08/events/event"><System><Provider Name="Microsoft-Windows-Sysmon" Guid="{5770385f-c22a-43e0-bf4c-06f5698ffbd9}"></Provider>
<EventID Qualifiers="">1</EventID>
<Version>5</Version>
<Level>4</Level>
<Task>1</Task>
<Opcode>0</Opcode>
<Keywords>0x8000000000000000</Keywords>
<TimeCreated SystemTime="2025-04-24 05:12:24.381779+00:00"></TimeCreated>
<EventRecordID>966</EventRecordID>
<Correlation ActivityID="" RelatedActivityID=""></Correlation>
<Execution ProcessID="3288" ThreadID="3532"></Execution>
<Channel>Microsoft-Windows-Sysmon/Operational</Channel>
<Computer>DESKTOP-RL1K13Q</Computer>
<Security UserID="S-1-5-18"></Security>
</System>
<EventData><Data Name="RuleName">-</Data>
<Data Name="UtcTime">2025-04-24 05:12:24.370</Data>
<Data Name="ProcessGuid">{59d32d4f-c838-6809-7e01-000000001500}</Data>
<Data Name="ProcessId">6732</Data>
<Data Name="Image">C:\Program Files (x86)\Microsoft\Edge\Application\msedge.exe</Data>
<Data Name="FileVersion">135.0.3179.85</Data>
<Data Name="Description">Microsoft Edge</Data>
<Data Name="Product">Microsoft Edge</Data>
<Data Name="Company">Microsoft Corporation</Data>
<Data Name="OriginalFileName">msedge.exe</Data>
<Data Name="CommandLine">"C:\Program Files (x86)\Microsoft\Edge\Application\msedge.exe" --type=crashpad-handler "--user-data-dir=C:\Users\Bluecheap\AppData\Local\Microsoft\Edge\User Data" /prefetch:4 --monitor-self-annotation=ptype=crashpad-handler "--database=C:\Users\Bluecheap\AppData\Local\Microsoft\Edge\User Data\Crashpad" "--metrics-dir=C:\Users\Bluecheap\AppData\Local\Microsoft\Edge\User Data" --annotation=IsOfficialBuild=1 --annotation=channel= --annotation=chromium-version=135.0.7049.96 "--annotation=exe=C:\Program Files (x86)\Microsoft\Edge\Application\msedge.exe" --annotation=plat=Win64 --annotation=prod=Edge --annotation=ver=135.0.3179.85 --initial-client-data=0x278,0x27c,0x280,0x274,0x2ec,0x7ff8093c9240,0x7ff8093c924c,0x7ff8093c9258</Data>
<Data Name="CurrentDirectory">C:\Program Files (x86)\Microsoft\Edge\Application\135.0.3179.85\</Data>
<Data Name="User">DESKTOP-RL1K13Q\Bluecheap</Data>
<Data Name="LogonGuid">{59d32d4f-c774-6809-c1b4-260000000000}</Data>
<Data Name="LogonId">0x000000000026b4c1</Data>
<Data Name="TerminalSessionId">1</Data>
<Data Name="IntegrityLevel">Medium</Data>
<Data Name="Hashes">MD5=1908445F47C7A0FE8C20BC2E2BDAAD7B,SHA256=A56B12715BBAE82B63104F3C6FD50FB3B63FDC9A320AEE2DF809C5E1829B96FB,IMPHASH=74475222411108C1ED69E4D62A8D8903</Data>
<Data Name="ParentProcessGuid">{59d32d4f-c838-6809-7d01-000000001500}</Data>
<Data Name="ParentProcessId">7628</Data>
<Data Name="ParentImage">C:\Program Files (x86)\Microsoft\Edge\Application\msedge.exe</Data>
<Data Name="ParentCommandLine">"C:\Program Files (x86)\Microsoft\Edge\Application\msedge.exe" --default-search-provider=? --out-pipe-name=MSEdgeDefault412cda9fhf7f8h46cch8008hf5bd63ee1a7a</Data>
<Data Name="ParentUser">DESKTOP-RL1K13Q\Bluecheap</Data>
</EventData>
</Event>

<Event xmlns="http://schemas.microsoft.com/win/2004/08/events/event"><System><Provider Name="Microsoft-Windows-Sysmon" Guid="{5770385f-c22a-43e0-bf4c-06f5698ffbd9}"></Provider>
<EventID Qualifiers="">1</EventID>
<Version>5</Version>
<Level>4</Level>
<Task>1</Task>
<Opcode>0</Opcode>
<Keywords>0x8000000000000000</Keywords>
<TimeCreated SystemTime="2025-04-24 05:12:24.706156+00:00"></TimeCreated>
<EventRecordID>967</EventRecordID>
<Correlation ActivityID="" RelatedActivityID=""></Correlation>
<Execution ProcessID="3288" ThreadID="3532"></Execution>
<Channel>Microsoft-Windows-Sysmon/Operational</Channel>
<Computer>DESKTOP-RL1K13Q</Computer>
<Security UserID="S-1-5-18"></Security>
</System>
<EventData><Data Name="RuleName">-</Data>
<Data Name="UtcTime">2025-04-24 05:12:24.635</Data>
<Data Name="ProcessGuid">{59d32d4f-c838-6809-7f01-000000001500}</Data>
<Data Name="ProcessId">8260</Data>
<Data Name="Image">C:\Program Files (x86)\Microsoft\Edge\Application\msedge.exe</Data>
<Data Name="FileVersion">135.0.3179.85</Data>
<Data Name="Description">Microsoft Edge</Data>
<Data Name="Product">Microsoft Edge</Data>
<Data Name="Company">Microsoft Corporation</Data>
<Data Name="OriginalFileName">msedge.exe</Data>
<Data Name="CommandLine">"C:\Program Files (x86)\Microsoft\Edge\Application\msedge.exe" --type=utility --utility-sub-type=network.mojom.NetworkService --lang=en-US --service-sandbox-type=none --no-pre-read-main-dll --always-read-main-dll --field-trial-handle=2032,i,9658172772171579533,10405836277526032813,262144 --variations-seed-version --mojo-platform-channel-handle=2260 /prefetch:3</Data>
<Data Name="CurrentDirectory">C:\Program Files (x86)\Microsoft\Edge\Application\135.0.3179.85\</Data>
<Data Name="User">DESKTOP-RL1K13Q\Bluecheap</Data>
<Data Name="LogonGuid">{59d32d4f-c774-6809-c1b4-260000000000}</Data>
<Data Name="LogonId">0x000000000026b4c1</Data>
<Data Name="TerminalSessionId">1</Data>
<Data Name="IntegrityLevel">Medium</Data>
<Data Name="Hashes">MD5=1908445F47C7A0FE8C20BC2E2BDAAD7B,SHA256=A56B12715BBAE82B63104F3C6FD50FB3B63FDC9A320AEE2DF809C5E1829B96FB,IMPHASH=74475222411108C1ED69E4D62A8D8903</Data>
<Data Name="ParentProcessGuid">{59d32d4f-c838-6809-7d01-000000001500}</Data>
<Data Name="ParentProcessId">7628</Data>
<Data Name="ParentImage">C:\Program Files (x86)\Microsoft\Edge\Application\msedge.exe</Data>
<Data Name="ParentCommandLine">"C:\Program Files (x86)\Microsoft\Edge\Application\msedge.exe" --default-search-provider=? --out-pipe-name=MSEdgeDefault412cda9fhf7f8h46cch8008hf5bd63ee1a7a</Data>
<Data Name="ParentUser">DESKTOP-RL1K13Q\Bluecheap</Data>
</EventData>
</Event>

<Event xmlns="http://schemas.microsoft.com/win/2004/08/events/event"><System><Provider Name="Microsoft-Windows-Sysmon" Guid="{5770385f-c22a-43e0-bf4c-06f5698ffbd9}"></Provider>
<EventID Qualifiers="">1</EventID>
<Version>5</Version>
<Level>4</Level>
<Task>1</Task>
<Opcode>0</Opcode>
<Keywords>0x8000000000000000</Keywords>
<TimeCreated SystemTime="2025-04-24 05:12:24.708611+00:00"></TimeCreated>
<EventRecordID>968</EventRecordID>
<Correlation ActivityID="" RelatedActivityID=""></Correlation>
<Execution ProcessID="3288" ThreadID="3532"></Execution>
<Channel>Microsoft-Windows-Sysmon/Operational</Channel>
<Computer>DESKTOP-RL1K13Q</Computer>
<Security UserID="S-1-5-18"></Security>
</System>
<EventData><Data Name="RuleName">-</Data>
<Data Name="UtcTime">2025-04-24 05:12:24.677</Data>
<Data Name="ProcessGuid">{59d32d4f-c838-6809-8001-000000001500}</Data>
<Data Name="ProcessId">8852</Data>
<Data Name="Image">C:\Program Files (x86)\Microsoft\Edge\Application\msedge.exe</Data>
<Data Name="FileVersion">135.0.3179.85</Data>
<Data Name="Description">Microsoft Edge</Data>
<Data Name="Product">Microsoft Edge</Data>
<Data Name="Company">Microsoft Corporation</Data>
<Data Name="OriginalFileName">msedge.exe</Data>
<Data Name="CommandLine">"C:\Program Files (x86)\Microsoft\Edge\Application\msedge.exe" --type=gpu-process --no-pre-read-main-dll --gpu-preferences=UAAAAAAAAADgAAAEAAAAAAAAAAAAAAAAAABgAAEAAAAAAAAAAAAAAAAAAAACAAAAAAAAAAAAAAAAAAAAAAAAABAAAAAAAAAAEAAAAAAAAAAIAAAAAAAAAAgAAAAAAAAA --always-read-main-dll --field-trial-handle=2032,i,9658172772171579533,10405836277526032813,262144 --variations-seed-version --mojo-platform-channel-handle=2024 /prefetch:2</Data>
<Data Name="CurrentDirectory">C:\Program Files (x86)\Microsoft\Edge\Application\135.0.3179.85\</Data>
<Data Name="User">DESKTOP-RL1K13Q\Bluecheap</Data>
<Data Name="LogonGuid">{59d32d4f-c774-6809-c1b4-260000000000}</Data>
<Data Name="LogonId">0x000000000026b4c1</Data>
<Data Name="TerminalSessionId">1</Data>
<Data Name="IntegrityLevel">Low</Data>
<Data Name="Hashes">MD5=1908445F47C7A0FE8C20BC2E2BDAAD7B,SHA256=A56B12715BBAE82B63104F3C6FD50FB3B63FDC9A320AEE2DF809C5E1829B96FB,IMPHASH=74475222411108C1ED69E4D62A8D8903</Data>
<Data Name="ParentProcessGuid">{59d32d4f-c838-6809-7d01-000000001500}</Data>
<Data Name="ParentProcessId">7628</Data>
<Data Name="ParentImage">C:\Program Files (x86)\Microsoft\Edge\Application\msedge.exe</Data>
<Data Name="ParentCommandLine">"C:\Program Files (x86)\Microsoft\Edge\Application\msedge.exe" --default-search-provider=? --out-pipe-name=MSEdgeDefault412cda9fhf7f8h46cch8008hf5bd63ee1a7a</Data>
<Data Name="ParentUser">DESKTOP-RL1K13Q\Bluecheap</Data>
</EventData>
</Event>

<Event xmlns="http://schemas.microsoft.com/win/2004/08/events/event"><System><Provider Name="Microsoft-Windows-Sysmon" Guid="{5770385f-c22a-43e0-bf4c-06f5698ffbd9}"></Provider>
<EventID Qualifiers="">1</EventID>
<Version>5</Version>
<Level>4</Level>
<Task>1</Task>
<Opcode>0</Opcode>
<Keywords>0x8000000000000000</Keywords>
<TimeCreated SystemTime="2025-04-24 05:12:24.709908+00:00"></TimeCreated>
<EventRecordID>969</EventRecordID>
<Correlation ActivityID="" RelatedActivityID=""></Correlation>
<Execution ProcessID="3288" ThreadID="3532"></Execution>
<Channel>Microsoft-Windows-Sysmon/Operational</Channel>
<Computer>DESKTOP-RL1K13Q</Computer>
<Security UserID="S-1-5-18"></Security>
</System>
<EventData><Data Name="RuleName">-</Data>
<Data Name="UtcTime">2025-04-24 05:12:24.692</Data>
<Data Name="ProcessGuid">{59d32d4f-c838-6809-8101-000000001500}</Data>
<Data Name="ProcessId">7836</Data>
<Data Name="Image">C:\Program Files (x86)\Microsoft\Edge\Application\msedge.exe</Data>
<Data Name="FileVersion">135.0.3179.85</Data>
<Data Name="Description">Microsoft Edge</Data>
<Data Name="Product">Microsoft Edge</Data>
<Data Name="Company">Microsoft Corporation</Data>
<Data Name="OriginalFileName">msedge.exe</Data>
<Data Name="CommandLine">"C:\Program Files (x86)\Microsoft\Edge\Application\msedge.exe" --type=utility --utility-sub-type=storage.mojom.StorageService --lang=en-US --service-sandbox-type=service --no-pre-read-main-dll --always-read-main-dll --field-trial-handle=2032,i,9658172772171579533,10405836277526032813,262144 --variations-seed-version --mojo-platform-channel-handle=2368 /prefetch:8</Data>
<Data Name="CurrentDirectory">C:\Program Files (x86)\Microsoft\Edge\Application\135.0.3179.85\</Data>
<Data Name="User">DESKTOP-RL1K13Q\Bluecheap</Data>
<Data Name="LogonGuid">{59d32d4f-c774-6809-c1b4-260000000000}</Data>
<Data Name="LogonId">0x000000000026b4c1</Data>
<Data Name="TerminalSessionId">1</Data>
<Data Name="IntegrityLevel">Low</Data>
<Data Name="Hashes">MD5=1908445F47C7A0FE8C20BC2E2BDAAD7B,SHA256=A56B12715BBAE82B63104F3C6FD50FB3B63FDC9A320AEE2DF809C5E1829B96FB,IMPHASH=74475222411108C1ED69E4D62A8D8903</Data>
<Data Name="ParentProcessGuid">{59d32d4f-c838-6809-7d01-000000001500}</Data>
<Data Name="ParentProcessId">7628</Data>
<Data Name="ParentImage">C:\Program Files (x86)\Microsoft\Edge\Application\msedge.exe</Data>
<Data Name="ParentCommandLine">"C:\Program Files (x86)\Microsoft\Edge\Application\msedge.exe" --default-search-provider=? --out-pipe-name=MSEdgeDefault412cda9fhf7f8h46cch8008hf5bd63ee1a7a</Data>
<Data Name="ParentUser">DESKTOP-RL1K13Q\Bluecheap</Data>
</EventData>
</Event>

<Event xmlns="http://schemas.microsoft.com/win/2004/08/events/event"><System><Provider Name="Microsoft-Windows-Sysmon" Guid="{5770385f-c22a-43e0-bf4c-06f5698ffbd9}"></Provider>
<EventID Qualifiers="">13</EventID>
<Version>2</Version>
<Level>4</Level>
<Task>13</Task>
<Opcode>0</Opcode>
<Keywords>0x8000000000000000</Keywords>
<TimeCreated SystemTime="2025-04-24 05:12:25.204250+00:00"></TimeCreated>
<EventRecordID>970</EventRecordID>
<Correlation ActivityID="" RelatedActivityID=""></Correlation>
<Execution ProcessID="3288" ThreadID="3532"></Execution>
<Channel>Microsoft-Windows-Sysmon/Operational</Channel>
<Computer>DESKTOP-RL1K13Q</Computer>
<Security UserID="S-1-5-18"></Security>
</System>
<EventData><Data Name="RuleName">Suspicious,ImageBeginWithBackslash</Data>
<Data Name="EventType">SetValue</Data>
<Data Name="UtcTime">2025-04-24 05:12:25.179</Data>
<Data Name="ProcessGuid">{59d32d4f-c72a-6809-e800-000000001500}</Data>
<Data Name="ProcessId">5360</Data>
<Data Name="Image">\\?\C:\Windows\system32\wbem\WMIADAP.EXE</Data>
<Data Name="TargetObject">HKLM\SOFTWARE\Microsoft\Windows NT\CurrentVersion\Perflib\Updating</Data>
<Data Name="Details">WmiApRpl</Data>
<Data Name="User">NT AUTHORITY\SYSTEM</Data>
</EventData>
</Event>

<Event xmlns="http://schemas.microsoft.com/win/2004/08/events/event"><System><Provider Name="Microsoft-Windows-Sysmon" Guid="{5770385f-c22a-43e0-bf4c-06f5698ffbd9}"></Provider>
<EventID Qualifiers="">13</EventID>
<Version>2</Version>
<Level>4</Level>
<Task>13</Task>
<Opcode>0</Opcode>
<Keywords>0x8000000000000000</Keywords>
<TimeCreated SystemTime="2025-04-24 05:12:25.299053+00:00"></TimeCreated>
<EventRecordID>971</EventRecordID>
<Correlation ActivityID="" RelatedActivityID=""></Correlation>
<Execution ProcessID="3288" ThreadID="3532"></Execution>
<Channel>Microsoft-Windows-Sysmon/Operational</Channel>
<Computer>DESKTOP-RL1K13Q</Computer>
<Security UserID="S-1-5-18"></Security>
</System>
<EventData><Data Name="RuleName">Suspicious,ImageBeginWithBackslash</Data>
<Data Name="EventType">SetValue</Data>
<Data Name="UtcTime">2025-04-24 05:12:25.257</Data>
<Data Name="ProcessGuid">{59d32d4f-c72a-6809-e800-000000001500}</Data>
<Data Name="ProcessId">5360</Data>
<Data Name="Image">\\?\C:\Windows\system32\wbem\WMIADAP.EXE</Data>
<Data Name="TargetObject">HKLM\SOFTWARE\Microsoft\Windows NT\CurrentVersion\Perflib\Last Counter</Data>
<Data Name="Details">DWORD (0x0000269c)</Data>
<Data Name="User">NT AUTHORITY\SYSTEM</Data>
</EventData>
</Event>

<Event xmlns="http://schemas.microsoft.com/win/2004/08/events/event"><System><Provider Name="Microsoft-Windows-Sysmon" Guid="{5770385f-c22a-43e0-bf4c-06f5698ffbd9}"></Provider>
<EventID Qualifiers="">13</EventID>
<Version>2</Version>
<Level>4</Level>
<Task>13</Task>
<Opcode>0</Opcode>
<Keywords>0x8000000000000000</Keywords>
<TimeCreated SystemTime="2025-04-24 05:12:25.299187+00:00"></TimeCreated>
<EventRecordID>972</EventRecordID>
<Correlation ActivityID="" RelatedActivityID=""></Correlation>
<Execution ProcessID="3288" ThreadID="3532"></Execution>
<Channel>Microsoft-Windows-Sysmon/Operational</Channel>
<Computer>DESKTOP-RL1K13Q</Computer>
<Security UserID="S-1-5-18"></Security>
</System>
<EventData><Data Name="RuleName">Suspicious,ImageBeginWithBackslash</Data>
<Data Name="EventType">SetValue</Data>
<Data Name="UtcTime">2025-04-24 05:12:25.257</Data>
<Data Name="ProcessGuid">{59d32d4f-c72a-6809-e800-000000001500}</Data>
<Data Name="ProcessId">5360</Data>
<Data Name="Image">\\?\C:\Windows\system32\wbem\WMIADAP.EXE</Data>
<Data Name="TargetObject">HKLM\SOFTWARE\Microsoft\Windows NT\CurrentVersion\Perflib\Last Help</Data>
<Data Name="Details">DWORD (0x0000269d)</Data>
<Data Name="User">NT AUTHORITY\SYSTEM</Data>
</EventData>
</Event>

<Event xmlns="http://schemas.microsoft.com/win/2004/08/events/event"><System><Provider Name="Microsoft-Windows-Sysmon" Guid="{5770385f-c22a-43e0-bf4c-06f5698ffbd9}"></Provider>
<EventID Qualifiers="">12</EventID>
<Version>2</Version>
<Level>4</Level>
<Task>12</Task>
<Opcode>0</Opcode>
<Keywords>0x8000000000000000</Keywords>
<TimeCreated SystemTime="2025-04-24 05:12:25.299320+00:00"></TimeCreated>
<EventRecordID>973</EventRecordID>
<Correlation ActivityID="" RelatedActivityID=""></Correlation>
<Execution ProcessID="3288" ThreadID="3532"></Execution>
<Channel>Microsoft-Windows-Sysmon/Operational</Channel>
<Computer>DESKTOP-RL1K13Q</Computer>
<Security UserID="S-1-5-18"></Security>
</System>
<EventData><Data Name="RuleName">Suspicious,ImageBeginWithBackslash</Data>
<Data Name="EventType">DeleteValue</Data>
<Data Name="UtcTime">2025-04-24 05:12:25.257</Data>
<Data Name="ProcessGuid">{59d32d4f-c72a-6809-e800-000000001500}</Data>
<Data Name="ProcessId">5360</Data>
<Data Name="Image">\\?\C:\Windows\system32\wbem\WMIADAP.EXE</Data>
<Data Name="TargetObject">HKLM\System\CurrentControlSet\Services\WmiApRpl\Performance\First Counter</Data>
<Data Name="User">NT AUTHORITY\SYSTEM</Data>
</EventData>
</Event>

<Event xmlns="http://schemas.microsoft.com/win/2004/08/events/event"><System><Provider Name="Microsoft-Windows-Sysmon" Guid="{5770385f-c22a-43e0-bf4c-06f5698ffbd9}"></Provider>
<EventID Qualifiers="">12</EventID>
<Version>2</Version>
<Level>4</Level>
<Task>12</Task>
<Opcode>0</Opcode>
<Keywords>0x8000000000000000</Keywords>
<TimeCreated SystemTime="2025-04-24 05:12:25.299448+00:00"></TimeCreated>
<EventRecordID>974</EventRecordID>
<Correlation ActivityID="" RelatedActivityID=""></Correlation>
<Execution ProcessID="3288" ThreadID="3532"></Execution>
<Channel>Microsoft-Windows-Sysmon/Operational</Channel>
<Computer>DESKTOP-RL1K13Q</Computer>
<Security UserID="S-1-5-18"></Security>
</System>
<EventData><Data Name="RuleName">Suspicious,ImageBeginWithBackslash</Data>
<Data Name="EventType">DeleteValue</Data>
<Data Name="UtcTime">2025-04-24 05:12:25.257</Data>
<Data Name="ProcessGuid">{59d32d4f-c72a-6809-e800-000000001500}</Data>
<Data Name="ProcessId">5360</Data>
<Data Name="Image">\\?\C:\Windows\system32\wbem\WMIADAP.EXE</Data>
<Data Name="TargetObject">HKLM\System\CurrentControlSet\Services\WmiApRpl\Performance\Last Counter</Data>
<Data Name="User">NT AUTHORITY\SYSTEM</Data>
</EventData>
</Event>

<Event xmlns="http://schemas.microsoft.com/win/2004/08/events/event"><System><Provider Name="Microsoft-Windows-Sysmon" Guid="{5770385f-c22a-43e0-bf4c-06f5698ffbd9}"></Provider>
<EventID Qualifiers="">12</EventID>
<Version>2</Version>
<Level>4</Level>
<Task>12</Task>
<Opcode>0</Opcode>
<Keywords>0x8000000000000000</Keywords>
<TimeCreated SystemTime="2025-04-24 05:12:25.299574+00:00"></TimeCreated>
<EventRecordID>975</EventRecordID>
<Correlation ActivityID="" RelatedActivityID=""></Correlation>
<Execution ProcessID="3288" ThreadID="3532"></Execution>
<Channel>Microsoft-Windows-Sysmon/Operational</Channel>
<Computer>DESKTOP-RL1K13Q</Computer>
<Security UserID="S-1-5-18"></Security>
</System>
<EventData><Data Name="RuleName">Suspicious,ImageBeginWithBackslash</Data>
<Data Name="EventType">DeleteValue</Data>
<Data Name="UtcTime">2025-04-24 05:12:25.257</Data>
<Data Name="ProcessGuid">{59d32d4f-c72a-6809-e800-000000001500}</Data>
<Data Name="ProcessId">5360</Data>
<Data Name="Image">\\?\C:\Windows\system32\wbem\WMIADAP.EXE</Data>
<Data Name="TargetObject">HKLM\System\CurrentControlSet\Services\WmiApRpl\Performance\First Help</Data>
<Data Name="User">NT AUTHORITY\SYSTEM</Data>
</EventData>
</Event>

<Event xmlns="http://schemas.microsoft.com/win/2004/08/events/event"><System><Provider Name="Microsoft-Windows-Sysmon" Guid="{5770385f-c22a-43e0-bf4c-06f5698ffbd9}"></Provider>
<EventID Qualifiers="">12</EventID>
<Version>2</Version>
<Level>4</Level>
<Task>12</Task>
<Opcode>0</Opcode>
<Keywords>0x8000000000000000</Keywords>
<TimeCreated SystemTime="2025-04-24 05:12:25.299698+00:00"></TimeCreated>
<EventRecordID>976</EventRecordID>
<Correlation ActivityID="" RelatedActivityID=""></Correlation>
<Execution ProcessID="3288" ThreadID="3532"></Execution>
<Channel>Microsoft-Windows-Sysmon/Operational</Channel>
<Computer>DESKTOP-RL1K13Q</Computer>
<Security UserID="S-1-5-18"></Security>
</System>
<EventData><Data Name="RuleName">Suspicious,ImageBeginWithBackslash</Data>
<Data Name="EventType">DeleteValue</Data>
<Data Name="UtcTime">2025-04-24 05:12:25.257</Data>
<Data Name="ProcessGuid">{59d32d4f-c72a-6809-e800-000000001500}</Data>
<Data Name="ProcessId">5360</Data>
<Data Name="Image">\\?\C:\Windows\system32\wbem\WMIADAP.EXE</Data>
<Data Name="TargetObject">HKLM\System\CurrentControlSet\Services\WmiApRpl\Performance\Last Help</Data>
<Data Name="User">NT AUTHORITY\SYSTEM</Data>
</EventData>
</Event>

<Event xmlns="http://schemas.microsoft.com/win/2004/08/events/event"><System><Provider Name="Microsoft-Windows-Sysmon" Guid="{5770385f-c22a-43e0-bf4c-06f5698ffbd9}"></Provider>
<EventID Qualifiers="">12</EventID>
<Version>2</Version>
<Level>4</Level>
<Task>12</Task>
<Opcode>0</Opcode>
<Keywords>0x8000000000000000</Keywords>
<TimeCreated SystemTime="2025-04-24 05:12:25.299824+00:00"></TimeCreated>
<EventRecordID>977</EventRecordID>
<Correlation ActivityID="" RelatedActivityID=""></Correlation>
<Execution ProcessID="3288" ThreadID="3532"></Execution>
<Channel>Microsoft-Windows-Sysmon/Operational</Channel>
<Computer>DESKTOP-RL1K13Q</Computer>
<Security UserID="S-1-5-18"></Security>
</System>
<EventData><Data Name="RuleName">Suspicious,ImageBeginWithBackslash</Data>
<Data Name="EventType">DeleteValue</Data>
<Data Name="UtcTime">2025-04-24 05:12:25.257</Data>
<Data Name="ProcessGuid">{59d32d4f-c72a-6809-e800-000000001500}</Data>
<Data Name="ProcessId">5360</Data>
<Data Name="Image">\\?\C:\Windows\system32\wbem\WMIADAP.EXE</Data>
<Data Name="TargetObject">HKLM\System\CurrentControlSet\Services\WmiApRpl\Performance\Object List</Data>
<Data Name="User">NT AUTHORITY\SYSTEM</Data>
</EventData>
</Event>

<Event xmlns="http://schemas.microsoft.com/win/2004/08/events/event"><System><Provider Name="Microsoft-Windows-Sysmon" Guid="{5770385f-c22a-43e0-bf4c-06f5698ffbd9}"></Provider>
<EventID Qualifiers="">12</EventID>
<Version>2</Version>
<Level>4</Level>
<Task>12</Task>
<Opcode>0</Opcode>
<Keywords>0x8000000000000000</Keywords>
<TimeCreated SystemTime="2025-04-24 05:12:25.300016+00:00"></TimeCreated>
<EventRecordID>978</EventRecordID>
<Correlation ActivityID="" RelatedActivityID=""></Correlation>
<Execution ProcessID="3288" ThreadID="3532"></Execution>
<Channel>Microsoft-Windows-Sysmon/Operational</Channel>
<Computer>DESKTOP-RL1K13Q</Computer>
<Security UserID="S-1-5-18"></Security>
</System>
<EventData><Data Name="RuleName">Suspicious,ImageBeginWithBackslash</Data>
<Data Name="EventType">DeleteValue</Data>
<Data Name="UtcTime">2025-04-24 05:12:25.257</Data>
<Data Name="ProcessGuid">{59d32d4f-c72a-6809-e800-000000001500}</Data>
<Data Name="ProcessId">5360</Data>
<Data Name="Image">\\?\C:\Windows\system32\wbem\WMIADAP.EXE</Data>
<Data Name="TargetObject">HKLM\SOFTWARE\Microsoft\Windows NT\CurrentVersion\Perflib\Updating</Data>
<Data Name="User">NT AUTHORITY\SYSTEM</Data>
</EventData>
</Event>

<Event xmlns="http://schemas.microsoft.com/win/2004/08/events/event"><System><Provider Name="Microsoft-Windows-Sysmon" Guid="{5770385f-c22a-43e0-bf4c-06f5698ffbd9}"></Provider>
<EventID Qualifiers="">1</EventID>
<Version>5</Version>
<Level>4</Level>
<Task>1</Task>
<Opcode>0</Opcode>
<Keywords>0x8000000000000000</Keywords>
<TimeCreated SystemTime="2025-04-24 05:12:25.301170+00:00"></TimeCreated>
<EventRecordID>979</EventRecordID>
<Correlation ActivityID="" RelatedActivityID=""></Correlation>
<Execution ProcessID="3288" ThreadID="3532"></Execution>
<Channel>Microsoft-Windows-Sysmon/Operational</Channel>
<Computer>DESKTOP-RL1K13Q</Computer>
<Security UserID="S-1-5-18"></Security>
</System>
<EventData><Data Name="RuleName">-</Data>
<Data Name="UtcTime">2025-04-24 05:12:25.272</Data>
<Data Name="ProcessGuid">{59d32d4f-c839-6809-8201-000000001500}</Data>
<Data Name="ProcessId">1028</Data>
<Data Name="Image">C:\Program Files (x86)\Microsoft\Edge\Application\135.0.3179.85\elevation_service.exe</Data>
<Data Name="FileVersion">135.0.3179.85</Data>
<Data Name="Description">Microsoft Edge</Data>
<Data Name="Product">Microsoft Edge</Data>
<Data Name="Company">Microsoft Corporation</Data>
<Data Name="OriginalFileName">elevation_service.exe</Data>
<Data Name="CommandLine">"C:\Program Files (x86)\Microsoft\Edge\Application\135.0.3179.85\elevation_service.exe"</Data>
<Data Name="CurrentDirectory">C:\Windows\system32\</Data>
<Data Name="User">NT AUTHORITY\SYSTEM</Data>
<Data Name="LogonGuid">{59d32d4f-c62e-6809-e703-000000000000}</Data>
<Data Name="LogonId">0x00000000000003e7</Data>
<Data Name="TerminalSessionId">0</Data>
<Data Name="IntegrityLevel">System</Data>
<Data Name="Hashes">MD5=AAE1F44411CD48913E8F8AB89C55EA14,SHA256=BDE11E94C223D0016E5911D4B08D8522A0FFEF7442E97D317379E97582AB64CC,IMPHASH=02F62D0BC71E3A12B4E36372D9810FBF</Data>
<Data Name="ParentProcessGuid">{59d32d4f-c62d-6809-0b00-000000001500}</Data>
<Data Name="ParentProcessId">696</Data>
<Data Name="ParentImage">C:\Windows\System32\services.exe</Data>
<Data Name="ParentCommandLine">C:\Windows\system32\services.exe</Data>
<Data Name="ParentUser">NT AUTHORITY\SYSTEM</Data>
</EventData>
</Event>

<Event xmlns="http://schemas.microsoft.com/win/2004/08/events/event"><System><Provider Name="Microsoft-Windows-Sysmon" Guid="{5770385f-c22a-43e0-bf4c-06f5698ffbd9}"></Provider>
<EventID Qualifiers="">13</EventID>
<Version>2</Version>
<Level>4</Level>
<Task>13</Task>
<Opcode>0</Opcode>
<Keywords>0x8000000000000000</Keywords>
<TimeCreated SystemTime="2025-04-24 05:12:25.369303+00:00"></TimeCreated>
<EventRecordID>980</EventRecordID>
<Correlation ActivityID="" RelatedActivityID=""></Correlation>
<Execution ProcessID="3288" ThreadID="3532"></Execution>
<Channel>Microsoft-Windows-Sysmon/Operational</Channel>
<Computer>DESKTOP-RL1K13Q</Computer>
<Security UserID="S-1-5-18"></Security>
</System>
<EventData><Data Name="RuleName">Suspicious,ImageBeginWithBackslash</Data>
<Data Name="EventType">SetValue</Data>
<Data Name="UtcTime">2025-04-24 05:12:25.319</Data>
<Data Name="ProcessGuid">{59d32d4f-c72a-6809-e800-000000001500}</Data>
<Data Name="ProcessId">5360</Data>
<Data Name="Image">\\?\C:\Windows\system32\wbem\WMIADAP.EXE</Data>
<Data Name="TargetObject">HKLM\System\CurrentControlSet\Services\WmiApRpl\Performance\PerfIniFile</Data>
<Data Name="Details">WmiApRpl.ini</Data>
<Data Name="User">NT AUTHORITY\SYSTEM</Data>
</EventData>
</Event>

<Event xmlns="http://schemas.microsoft.com/win/2004/08/events/event"><System><Provider Name="Microsoft-Windows-Sysmon" Guid="{5770385f-c22a-43e0-bf4c-06f5698ffbd9}"></Provider>
<EventID Qualifiers="">13</EventID>
<Version>2</Version>
<Level>4</Level>
<Task>13</Task>
<Opcode>0</Opcode>
<Keywords>0x8000000000000000</Keywords>
<TimeCreated SystemTime="2025-04-24 05:12:25.369434+00:00"></TimeCreated>
<EventRecordID>981</EventRecordID>
<Correlation ActivityID="" RelatedActivityID=""></Correlation>
<Execution ProcessID="3288" ThreadID="3532"></Execution>
<Channel>Microsoft-Windows-Sysmon/Operational</Channel>
<Computer>DESKTOP-RL1K13Q</Computer>
<Security UserID="S-1-5-18"></Security>
</System>
<EventData><Data Name="RuleName">Suspicious,ImageBeginWithBackslash</Data>
<Data Name="EventType">SetValue</Data>
<Data Name="UtcTime">2025-04-24 05:12:25.335</Data>
<Data Name="ProcessGuid">{59d32d4f-c72a-6809-e800-000000001500}</Data>
<Data Name="ProcessId">5360</Data>
<Data Name="Image">\\?\C:\Windows\system32\wbem\WMIADAP.EXE</Data>
<Data Name="TargetObject">HKLM\SOFTWARE\Microsoft\Windows NT\CurrentVersion\Perflib\Updating</Data>
<Data Name="Details">WmiApRpl</Data>
<Data Name="User">NT AUTHORITY\SYSTEM</Data>
</EventData>
</Event>

<Event xmlns="http://schemas.microsoft.com/win/2004/08/events/event"><System><Provider Name="Microsoft-Windows-Sysmon" Guid="{5770385f-c22a-43e0-bf4c-06f5698ffbd9}"></Provider>
<EventID Qualifiers="">13</EventID>
<Version>2</Version>
<Level>4</Level>
<Task>13</Task>
<Opcode>0</Opcode>
<Keywords>0x8000000000000000</Keywords>
<TimeCreated SystemTime="2025-04-24 05:12:26.047800+00:00"></TimeCreated>
<EventRecordID>982</EventRecordID>
<Correlation ActivityID="" RelatedActivityID=""></Correlation>
<Execution ProcessID="3288" ThreadID="3532"></Execution>
<Channel>Microsoft-Windows-Sysmon/Operational</Channel>
<Computer>DESKTOP-RL1K13Q</Computer>
<Security UserID="S-1-5-18"></Security>
</System>
<EventData><Data Name="RuleName">Suspicious,ImageBeginWithBackslash</Data>
<Data Name="EventType">SetValue</Data>
<Data Name="UtcTime">2025-04-24 05:12:26.038</Data>
<Data Name="ProcessGuid">{59d32d4f-c72a-6809-e800-000000001500}</Data>
<Data Name="ProcessId">5360</Data>
<Data Name="Image">\\?\C:\Windows\system32\wbem\WMIADAP.EXE</Data>
<Data Name="TargetObject">HKLM\SOFTWARE\Microsoft\Windows NT\CurrentVersion\Perflib\Last Counter</Data>
<Data Name="Details">DWORD (0x00002744)</Data>
<Data Name="User">NT AUTHORITY\SYSTEM</Data>
</EventData>
</Event>

<Event xmlns="http://schemas.microsoft.com/win/2004/08/events/event"><System><Provider Name="Microsoft-Windows-Sysmon" Guid="{5770385f-c22a-43e0-bf4c-06f5698ffbd9}"></Provider>
<EventID Qualifiers="">13</EventID>
<Version>2</Version>
<Level>4</Level>
<Task>13</Task>
<Opcode>0</Opcode>
<Keywords>0x8000000000000000</Keywords>
<TimeCreated SystemTime="2025-04-24 05:12:26.047974+00:00"></TimeCreated>
<EventRecordID>983</EventRecordID>
<Correlation ActivityID="" RelatedActivityID=""></Correlation>
<Execution ProcessID="3288" ThreadID="3532"></Execution>
<Channel>Microsoft-Windows-Sysmon/Operational</Channel>
<Computer>DESKTOP-RL1K13Q</Computer>
<Security UserID="S-1-5-18"></Security>
</System>
<EventData><Data Name="RuleName">Suspicious,ImageBeginWithBackslash</Data>
<Data Name="EventType">SetValue</Data>
<Data Name="UtcTime">2025-04-24 05:12:26.038</Data>
<Data Name="ProcessGuid">{59d32d4f-c72a-6809-e800-000000001500}</Data>
<Data Name="ProcessId">5360</Data>
<Data Name="Image">\\?\C:\Windows\system32\wbem\WMIADAP.EXE</Data>
<Data Name="TargetObject">HKLM\SOFTWARE\Microsoft\Windows NT\CurrentVersion\Perflib\Last Help</Data>
<Data Name="Details">DWORD (0x00002745)</Data>
<Data Name="User">NT AUTHORITY\SYSTEM</Data>
</EventData>
</Event>

<Event xmlns="http://schemas.microsoft.com/win/2004/08/events/event"><System><Provider Name="Microsoft-Windows-Sysmon" Guid="{5770385f-c22a-43e0-bf4c-06f5698ffbd9}"></Provider>
<EventID Qualifiers="">13</EventID>
<Version>2</Version>
<Level>4</Level>
<Task>13</Task>
<Opcode>0</Opcode>
<Keywords>0x8000000000000000</Keywords>
<TimeCreated SystemTime="2025-04-24 05:12:26.048107+00:00"></TimeCreated>
<EventRecordID>984</EventRecordID>
<Correlation ActivityID="" RelatedActivityID=""></Correlation>
<Execution ProcessID="3288" ThreadID="3532"></Execution>
<Channel>Microsoft-Windows-Sysmon/Operational</Channel>
<Computer>DESKTOP-RL1K13Q</Computer>
<Security UserID="S-1-5-18"></Security>
</System>
<EventData><Data Name="RuleName">Suspicious,ImageBeginWithBackslash</Data>
<Data Name="EventType">SetValue</Data>
<Data Name="UtcTime">2025-04-24 05:12:26.038</Data>
<Data Name="ProcessGuid">{59d32d4f-c72a-6809-e800-000000001500}</Data>
<Data Name="ProcessId">5360</Data>
<Data Name="Image">\\?\C:\Windows\system32\wbem\WMIADAP.EXE</Data>
<Data Name="TargetObject">HKLM\System\CurrentControlSet\Services\WmiApRpl\Performance\Last Counter</Data>
<Data Name="Details">DWORD (0x00002744)</Data>
<Data Name="User">NT AUTHORITY\SYSTEM</Data>
</EventData>
</Event>

<Event xmlns="http://schemas.microsoft.com/win/2004/08/events/event"><System><Provider Name="Microsoft-Windows-Sysmon" Guid="{5770385f-c22a-43e0-bf4c-06f5698ffbd9}"></Provider>
<EventID Qualifiers="">13</EventID>
<Version>2</Version>
<Level>4</Level>
<Task>13</Task>
<Opcode>0</Opcode>
<Keywords>0x8000000000000000</Keywords>
<TimeCreated SystemTime="2025-04-24 05:12:26.048229+00:00"></TimeCreated>
<EventRecordID>985</EventRecordID>
<Correlation ActivityID="" RelatedActivityID=""></Correlation>
<Execution ProcessID="3288" ThreadID="3532"></Execution>
<Channel>Microsoft-Windows-Sysmon/Operational</Channel>
<Computer>DESKTOP-RL1K13Q</Computer>
<Security UserID="S-1-5-18"></Security>
</System>
<EventData><Data Name="RuleName">Suspicious,ImageBeginWithBackslash</Data>
<Data Name="EventType">SetValue</Data>
<Data Name="UtcTime">2025-04-24 05:12:26.038</Data>
<Data Name="ProcessGuid">{59d32d4f-c72a-6809-e800-000000001500}</Data>
<Data Name="ProcessId">5360</Data>
<Data Name="Image">\\?\C:\Windows\system32\wbem\WMIADAP.EXE</Data>
<Data Name="TargetObject">HKLM\System\CurrentControlSet\Services\WmiApRpl\Performance\Last Help</Data>
<Data Name="Details">DWORD (0x00002745)</Data>
<Data Name="User">NT AUTHORITY\SYSTEM</Data>
</EventData>
</Event>

<Event xmlns="http://schemas.microsoft.com/win/2004/08/events/event"><System><Provider Name="Microsoft-Windows-Sysmon" Guid="{5770385f-c22a-43e0-bf4c-06f5698ffbd9}"></Provider>
<EventID Qualifiers="">13</EventID>
<Version>2</Version>
<Level>4</Level>
<Task>13</Task>
<Opcode>0</Opcode>
<Keywords>0x8000000000000000</Keywords>
<TimeCreated SystemTime="2025-04-24 05:12:26.048645+00:00"></TimeCreated>
<EventRecordID>986</EventRecordID>
<Correlation ActivityID="" RelatedActivityID=""></Correlation>
<Execution ProcessID="3288" ThreadID="3532"></Execution>
<Channel>Microsoft-Windows-Sysmon/Operational</Channel>
<Computer>DESKTOP-RL1K13Q</Computer>
<Security UserID="S-1-5-18"></Security>
</System>
<EventData><Data Name="RuleName">Suspicious,ImageBeginWithBackslash</Data>
<Data Name="EventType">SetValue</Data>
<Data Name="UtcTime">2025-04-24 05:12:26.038</Data>
<Data Name="ProcessGuid">{59d32d4f-c72a-6809-e800-000000001500}</Data>
<Data Name="ProcessId">5360</Data>
<Data Name="Image">\\?\C:\Windows\system32\wbem\WMIADAP.EXE</Data>
<Data Name="TargetObject">HKLM\System\CurrentControlSet\Services\WmiApRpl\Performance\First Counter</Data>
<Data Name="Details">DWORD (0x0000269e)</Data>
<Data Name="User">NT AUTHORITY\SYSTEM</Data>
</EventData>
</Event>

<Event xmlns="http://schemas.microsoft.com/win/2004/08/events/event"><System><Provider Name="Microsoft-Windows-Sysmon" Guid="{5770385f-c22a-43e0-bf4c-06f5698ffbd9}"></Provider>
<EventID Qualifiers="">13</EventID>
<Version>2</Version>
<Level>4</Level>
<Task>13</Task>
<Opcode>0</Opcode>
<Keywords>0x8000000000000000</Keywords>
<TimeCreated SystemTime="2025-04-24 05:12:26.048790+00:00"></TimeCreated>
<EventRecordID>987</EventRecordID>
<Correlation ActivityID="" RelatedActivityID=""></Correlation>
<Execution ProcessID="3288" ThreadID="3532"></Execution>
<Channel>Microsoft-Windows-Sysmon/Operational</Channel>
<Computer>DESKTOP-RL1K13Q</Computer>
<Security UserID="S-1-5-18"></Security>
</System>
<EventData><Data Name="RuleName">Suspicious,ImageBeginWithBackslash</Data>
<Data Name="EventType">SetValue</Data>
<Data Name="UtcTime">2025-04-24 05:12:26.038</Data>
<Data Name="ProcessGuid">{59d32d4f-c72a-6809-e800-000000001500}</Data>
<Data Name="ProcessId">5360</Data>
<Data Name="Image">\\?\C:\Windows\system32\wbem\WMIADAP.EXE</Data>
<Data Name="TargetObject">HKLM\System\CurrentControlSet\Services\WmiApRpl\Performance\First Help</Data>
<Data Name="Details">DWORD (0x0000269f)</Data>
<Data Name="User">NT AUTHORITY\SYSTEM</Data>
</EventData>
</Event>

<Event xmlns="http://schemas.microsoft.com/win/2004/08/events/event"><System><Provider Name="Microsoft-Windows-Sysmon" Guid="{5770385f-c22a-43e0-bf4c-06f5698ffbd9}"></Provider>
<EventID Qualifiers="">13</EventID>
<Version>2</Version>
<Level>4</Level>
<Task>13</Task>
<Opcode>0</Opcode>
<Keywords>0x8000000000000000</Keywords>
<TimeCreated SystemTime="2025-04-24 05:12:26.048922+00:00"></TimeCreated>
<EventRecordID>988</EventRecordID>
<Correlation ActivityID="" RelatedActivityID=""></Correlation>
<Execution ProcessID="3288" ThreadID="3532"></Execution>
<Channel>Microsoft-Windows-Sysmon/Operational</Channel>
<Computer>DESKTOP-RL1K13Q</Computer>
<Security UserID="S-1-5-18"></Security>
</System>
<EventData><Data Name="RuleName">Suspicious,ImageBeginWithBackslash</Data>
<Data Name="EventType">SetValue</Data>
<Data Name="UtcTime">2025-04-24 05:12:26.038</Data>
<Data Name="ProcessGuid">{59d32d4f-c72a-6809-e800-000000001500}</Data>
<Data Name="ProcessId">5360</Data>
<Data Name="Image">\\?\C:\Windows\system32\wbem\WMIADAP.EXE</Data>
<Data Name="TargetObject">HKLM\System\CurrentControlSet\Services\WmiApRpl\Performance\Object List</Data>
<Data Name="Details">9886 9892 9902 9912 9932 9976 9986 10024 10030 10046</Data>
<Data Name="User">NT AUTHORITY\SYSTEM</Data>
</EventData>
</Event>

<Event xmlns="http://schemas.microsoft.com/win/2004/08/events/event"><System><Provider Name="Microsoft-Windows-Sysmon" Guid="{5770385f-c22a-43e0-bf4c-06f5698ffbd9}"></Provider>
<EventID Qualifiers="">12</EventID>
<Version>2</Version>
<Level>4</Level>
<Task>12</Task>
<Opcode>0</Opcode>
<Keywords>0x8000000000000000</Keywords>
<TimeCreated SystemTime="2025-04-24 05:12:26.049047+00:00"></TimeCreated>
<EventRecordID>989</EventRecordID>
<Correlation ActivityID="" RelatedActivityID=""></Correlation>
<Execution ProcessID="3288" ThreadID="3532"></Execution>
<Channel>Microsoft-Windows-Sysmon/Operational</Channel>
<Computer>DESKTOP-RL1K13Q</Computer>
<Security UserID="S-1-5-18"></Security>
</System>
<EventData><Data Name="RuleName">Suspicious,ImageBeginWithBackslash</Data>
<Data Name="EventType">DeleteValue</Data>
<Data Name="UtcTime">2025-04-24 05:12:26.038</Data>
<Data Name="ProcessGuid">{59d32d4f-c72a-6809-e800-000000001500}</Data>
<Data Name="ProcessId">5360</Data>
<Data Name="Image">\\?\C:\Windows\system32\wbem\WMIADAP.EXE</Data>
<Data Name="TargetObject">HKLM\SOFTWARE\Microsoft\Windows NT\CurrentVersion\Perflib\Updating</Data>
<Data Name="User">NT AUTHORITY\SYSTEM</Data>
</EventData>
</Event>

<Event xmlns="http://schemas.microsoft.com/win/2004/08/events/event"><System><Provider Name="Microsoft-Windows-Sysmon" Guid="{5770385f-c22a-43e0-bf4c-06f5698ffbd9}"></Provider>
<EventID Qualifiers="">5</EventID>
<Version>3</Version>
<Level>4</Level>
<Task>5</Task>
<Opcode>0</Opcode>
<Keywords>0x8000000000000000</Keywords>
<TimeCreated SystemTime="2025-04-24 05:12:27.035343+00:00"></TimeCreated>
<EventRecordID>990</EventRecordID>
<Correlation ActivityID="" RelatedActivityID=""></Correlation>
<Execution ProcessID="3288" ThreadID="3532"></Execution>
<Channel>Microsoft-Windows-Sysmon/Operational</Channel>
<Computer>DESKTOP-RL1K13Q</Computer>
<Security UserID="S-1-5-18"></Security>
</System>
<EventData><Data Name="RuleName">-</Data>
<Data Name="UtcTime">2025-04-24 05:12:27.022</Data>
<Data Name="ProcessGuid">{59d32d4f-c830-6809-7101-000000001500}</Data>
<Data Name="ProcessId">4380</Data>
<Data Name="Image">C:\Users\Bluecheap\AppData\Local\Microsoft\OneDrive\25.056.0324.0003\FileCoAuth.exe</Data>
<Data Name="User">DESKTOP-RL1K13Q\Bluecheap</Data>
</EventData>
</Event>

<Event xmlns="http://schemas.microsoft.com/win/2004/08/events/event"><System><Provider Name="Microsoft-Windows-Sysmon" Guid="{5770385f-c22a-43e0-bf4c-06f5698ffbd9}"></Provider>
<EventID Qualifiers="">13</EventID>
<Version>2</Version>
<Level>4</Level>
<Task>13</Task>
<Opcode>0</Opcode>
<Keywords>0x8000000000000000</Keywords>
<TimeCreated SystemTime="2025-04-24 05:12:28.152962+00:00"></TimeCreated>
<EventRecordID>991</EventRecordID>
<Correlation ActivityID="" RelatedActivityID=""></Correlation>
<Execution ProcessID="3288" ThreadID="3532"></Execution>
<Channel>Microsoft-Windows-Sysmon/Operational</Channel>
<Computer>DESKTOP-RL1K13Q</Computer>
<Security UserID="S-1-5-18"></Security>
</System>
<EventData><Data Name="RuleName">InvDB-Pub</Data>
<Data Name="EventType">SetValue</Data>
<Data Name="UtcTime">2025-04-24 05:12:28.147</Data>
<Data Name="ProcessGuid">{59d32d4f-c833-6809-7301-000000001500}</Data>
<Data Name="ProcessId">1816</Data>
<Data Name="Image">C:\Program Files (x86)\Microsoft\EdgeUpdate\Install\{5D38E898-F5DB-47D9-AC5E-FC8AEF3214CD}\EDGEMITMP_2AEAE.tmp\setup.exe</Data>
<Data Name="TargetObject">HKLM\SOFTWARE\WOW6432Node\Microsoft\Windows\CurrentVersion\Uninstall\Microsoft EdgeWebView\Publisher</Data>
<Data Name="Details">Microsoft Corporation</Data>
<Data Name="User">NT AUTHORITY\SYSTEM</Data>
</EventData>
</Event>

<Event xmlns="http://schemas.microsoft.com/win/2004/08/events/event"><System><Provider Name="Microsoft-Windows-Sysmon" Guid="{5770385f-c22a-43e0-bf4c-06f5698ffbd9}"></Provider>
<EventID Qualifiers="">13</EventID>
<Version>2</Version>
<Level>4</Level>
<Task>13</Task>
<Opcode>0</Opcode>
<Keywords>0x8000000000000000</Keywords>
<TimeCreated SystemTime="2025-04-24 05:12:28.612272+00:00"></TimeCreated>
<EventRecordID>992</EventRecordID>
<Correlation ActivityID="" RelatedActivityID=""></Correlation>
<Execution ProcessID="3288" ThreadID="3532"></Execution>
<Channel>Microsoft-Windows-Sysmon/Operational</Channel>
<Computer>DESKTOP-RL1K13Q</Computer>
<Security UserID="S-1-5-18"></Security>
</System>
<EventData><Data Name="RuleName">InvDB</Data>
<Data Name="EventType">SetValue</Data>
<Data Name="UtcTime">2025-04-24 05:12:28.601</Data>
<Data Name="ProcessGuid">{59d32d4f-c70b-6809-e000-000000001500}</Data>
<Data Name="ProcessId">1192</Data>
<Data Name="Image">C:\Windows\system32\svchost.exe</Data>
<Data Name="TargetObject">HKU\S-1-5-21-2636795918-1848476775-1458562315-1001\SOFTWARE\Microsoft\Windows NT\CurrentVersion\AppCompatFlags\Compatibility Assistant\Store\C:\Program Files (x86)\Microsoft\Edge\Application\msedge.exe</Data>
<Data Name="Details">Binary Data</Data>
<Data Name="User">NT AUTHORITY\SYSTEM</Data>
</EventData>
</Event>

