<Event xmlns="http://schemas.microsoft.com/win/2004/08/events/event"><System><Provider Name="Microsoft-Windows-Sysmon" Guid="{5770385f-c22a-43e0-bf4c-06f5698ffbd9}"></Provider>
<EventID Qualifiers="">1</EventID>
<Version>5</Version>
<Level>4</Level>
<Task>1</Task>
<Opcode>0</Opcode>
<Keywords>0x8000000000000000</Keywords>
<TimeCreated SystemTime="2025-04-24 05:06:47.320827+00:00"></TimeCreated>
<EventRecordID>200</EventRecordID>
<Correlation ActivityID="" RelatedActivityID=""></Correlation>
<Execution ProcessID="3288" ThreadID="3532"></Execution>
<Channel>Microsoft-Windows-Sysmon/Operational</Channel>
<Computer>DESKTOP-RL1K13Q</Computer>
<Security UserID="S-1-5-18"></Security>
</System>
<EventData><Data Name="RuleName">-</Data>
<Data Name="UtcTime">2025-04-24 05:06:47.292</Data>
<Data Name="ProcessGuid">{59d32d4f-c6e7-6809-c000-000000001500}</Data>
<Data Name="ProcessId">3804</Data>
<Data Name="Image">C:\Windows\System32\sc.exe</Data>
<Data Name="FileVersion">10.0.19041.1 (WinBuild.160101.0800)</Data>
<Data Name="Description">Service Control Manager Configuration Tool</Data>
<Data Name="Product">Microsoft&#174; Windows&#174; Operating System</Data>
<Data Name="Company">Microsoft Corporation</Data>
<Data Name="OriginalFileName">sc.exe</Data>
<Data Name="CommandLine">"C:\Windows\system32\sc.exe" start pushtoinstall registration</Data>
<Data Name="CurrentDirectory">C:\Windows\system32\</Data>
<Data Name="User">NT AUTHORITY\SYSTEM</Data>
<Data Name="LogonGuid">{59d32d4f-c62e-6809-e703-000000000000}</Data>
<Data Name="LogonId">0x00000000000003e7</Data>
<Data Name="TerminalSessionId">0</Data>
<Data Name="IntegrityLevel">System</Data>
<Data Name="Hashes">MD5=3FB5CF71F7E7EB49790CB0E663434D80,SHA256=41F067C3A11B02FE39947F9EBA68AE5C7CB5BD1872A6009A4CD1506554A9ABA9,IMPHASH=803254E010814E69947095A2725B2AFD</Data>
<Data Name="ParentProcessGuid">{59d32d4f-c631-6809-2600-000000001500}</Data>
<Data Name="ParentProcessId">1652</Data>
<Data Name="ParentImage">C:\Windows\System32\svchost.exe</Data>
<Data Name="ParentCommandLine">C:\Windows\system32\svchost.exe -k netsvcs -p -s Schedule</Data>
<Data Name="ParentUser">NT AUTHORITY\SYSTEM</Data>
</EventData>
</Event>

<Event xmlns="http://schemas.microsoft.com/win/2004/08/events/event"><System><Provider Name="Microsoft-Windows-Sysmon" Guid="{5770385f-c22a-43e0-bf4c-06f5698ffbd9}"></Provider>
<EventID Qualifiers="">1</EventID>
<Version>5</Version>
<Level>4</Level>
<Task>1</Task>
<Opcode>0</Opcode>
<Keywords>0x8000000000000000</Keywords>
<TimeCreated SystemTime="2025-04-24 05:06:47.321901+00:00"></TimeCreated>
<EventRecordID>201</EventRecordID>
<Correlation ActivityID="" RelatedActivityID=""></Correlation>
<Execution ProcessID="3288" ThreadID="3532"></Execution>
<Channel>Microsoft-Windows-Sysmon/Operational</Channel>
<Computer>DESKTOP-RL1K13Q</Computer>
<Security UserID="S-1-5-18"></Security>
</System>
<EventData><Data Name="RuleName">-</Data>
<Data Name="UtcTime">2025-04-24 05:06:47.310</Data>
<Data Name="ProcessGuid">{59d32d4f-c6e7-6809-c100-000000001500}</Data>
<Data Name="ProcessId">1348</Data>
<Data Name="Image">C:\Windows\System32\DeviceCensus.exe</Data>
<Data Name="FileVersion">10.0.19645.1046 (WinBuild.160101.0800)</Data>
<Data Name="Description">Device Census</Data>
<Data Name="Product">Microsoft&#174; Windows&#174; Operating System</Data>
<Data Name="Company">Microsoft Corporation</Data>
<Data Name="OriginalFileName">DeviceCensus.exe</Data>
<Data Name="CommandLine">"C:\Windows\system32\devicecensus.exe" SystemCxt</Data>
<Data Name="CurrentDirectory">C:\Windows\system32\</Data>
<Data Name="User">NT AUTHORITY\SYSTEM</Data>
<Data Name="LogonGuid">{59d32d4f-c62e-6809-e703-000000000000}</Data>
<Data Name="LogonId">0x00000000000003e7</Data>
<Data Name="TerminalSessionId">0</Data>
<Data Name="IntegrityLevel">System</Data>
<Data Name="Hashes">MD5=D9CDB1EAD57E55DAAAB887EEA91548C6,SHA256=D20976CBEE1C09DE8E3EA69A4963C59E173E23DF69E9F5FAA9D16469645522E3,IMPHASH=69755EB5A4F06F0B816F7B23B33E44E8</Data>
<Data Name="ParentProcessGuid">{59d32d4f-c631-6809-2600-000000001500}</Data>
<Data Name="ParentProcessId">1652</Data>
<Data Name="ParentImage">C:\Windows\System32\svchost.exe</Data>
<Data Name="ParentCommandLine">C:\Windows\system32\svchost.exe -k netsvcs -p -s Schedule</Data>
<Data Name="ParentUser">NT AUTHORITY\SYSTEM</Data>
</EventData>
</Event>

<Event xmlns="http://schemas.microsoft.com/win/2004/08/events/event"><System><Provider Name="Microsoft-Windows-Sysmon" Guid="{5770385f-c22a-43e0-bf4c-06f5698ffbd9}"></Provider>
<EventID Qualifiers="">1</EventID>
<Version>5</Version>
<Level>4</Level>
<Task>1</Task>
<Opcode>0</Opcode>
<Keywords>0x8000000000000000</Keywords>
<TimeCreated SystemTime="2025-04-24 05:06:47.388498+00:00"></TimeCreated>
<EventRecordID>202</EventRecordID>
<Correlation ActivityID="" RelatedActivityID=""></Correlation>
<Execution ProcessID="3288" ThreadID="3532"></Execution>
<Channel>Microsoft-Windows-Sysmon/Operational</Channel>
<Computer>DESKTOP-RL1K13Q</Computer>
<Security UserID="S-1-5-18"></Security>
</System>
<EventData><Data Name="RuleName">-</Data>
<Data Name="UtcTime">2025-04-24 05:06:47.324</Data>
<Data Name="ProcessGuid">{59d32d4f-c6e7-6809-c200-000000001500}</Data>
<Data Name="ProcessId">5412</Data>
<Data Name="Image">C:\Program Files (x86)\Microsoft\EdgeUpdate\MicrosoftEdgeUpdate.exe</Data>
<Data Name="FileVersion">1.3.133.5</Data>
<Data Name="Description">Microsoft Edge Update</Data>
<Data Name="Product">Microsoft Edge Update</Data>
<Data Name="Company">Microsoft Corporation</Data>
<Data Name="OriginalFileName">msedgeupdate.dll</Data>
<Data Name="CommandLine">"C:\Program Files (x86)\Microsoft\EdgeUpdate\MicrosoftEdgeUpdate.exe" /ua /installsource scheduler</Data>
<Data Name="CurrentDirectory">C:\Windows\system32\</Data>
<Data Name="User">NT AUTHORITY\SYSTEM</Data>
<Data Name="LogonGuid">{59d32d4f-c62e-6809-e703-000000000000}</Data>
<Data Name="LogonId">0x00000000000003e7</Data>
<Data Name="TerminalSessionId">0</Data>
<Data Name="IntegrityLevel">System</Data>
<Data Name="Hashes">MD5=B55AD19C6C110E9BF985BC8674F7BCB3,SHA256=9991BA022173F283EE99068B708F60AC5143FE0C81C9E3673CC7835B108A4F44,IMPHASH=30AD68B9DC9737D8C720DD9284051ADD</Data>
<Data Name="ParentProcessGuid">{59d32d4f-c631-6809-2600-000000001500}</Data>
<Data Name="ParentProcessId">1652</Data>
<Data Name="ParentImage">C:\Windows\System32\svchost.exe</Data>
<Data Name="ParentCommandLine">C:\Windows\system32\svchost.exe -k netsvcs -p -s Schedule</Data>
<Data Name="ParentUser">NT AUTHORITY\SYSTEM</Data>
</EventData>
</Event>

<Event xmlns="http://schemas.microsoft.com/win/2004/08/events/event"><System><Provider Name="Microsoft-Windows-Sysmon" Guid="{5770385f-c22a-43e0-bf4c-06f5698ffbd9}"></Provider>
<EventID Qualifiers="">1</EventID>
<Version>5</Version>
<Level>4</Level>
<Task>1</Task>
<Opcode>0</Opcode>
<Keywords>0x8000000000000000</Keywords>
<TimeCreated SystemTime="2025-04-24 05:06:47.389894+00:00"></TimeCreated>
<EventRecordID>203</EventRecordID>
<Correlation ActivityID="" RelatedActivityID=""></Correlation>
<Execution ProcessID="3288" ThreadID="3532"></Execution>
<Channel>Microsoft-Windows-Sysmon/Operational</Channel>
<Computer>DESKTOP-RL1K13Q</Computer>
<Security UserID="S-1-5-18"></Security>
</System>
<EventData><Data Name="RuleName">-</Data>
<Data Name="UtcTime">2025-04-24 05:06:47.340</Data>
<Data Name="ProcessGuid">{59d32d4f-c6e7-6809-c300-000000001500}</Data>
<Data Name="ProcessId">3836</Data>
<Data Name="Image">C:\Program Files\RUXIM\PLUGScheduler.exe</Data>
<Data Name="FileVersion">10.0.19041.5067 (WinBuild.160101.0800)</Data>
<Data Name="Description">Windows Update LifeCycle Component Scheduler</Data>
<Data Name="Product">Microsoft&#174; Windows&#174; Operating System</Data>
<Data Name="Company">Microsoft Corporation</Data>
<Data Name="OriginalFileName">PLUGScheduler.exe</Data>
<Data Name="CommandLine">"C:\Program Files\RUXIM\PLUGscheduler.exe"</Data>
<Data Name="CurrentDirectory">C:\Program Files\RUXIM\</Data>
<Data Name="User">NT AUTHORITY\SYSTEM</Data>
<Data Name="LogonGuid">{59d32d4f-c62e-6809-e703-000000000000}</Data>
<Data Name="LogonId">0x00000000000003e7</Data>
<Data Name="TerminalSessionId">0</Data>
<Data Name="IntegrityLevel">System</Data>
<Data Name="Hashes">MD5=FA7592E31D4CD67F779DF2076B3E9520,SHA256=EFFBA0E62C1D7669BEC25853BF0B8E3DD7C7EA0A35DDEAE5622426EE139048F2,IMPHASH=616991E42E6828F12DC351BA64185C79</Data>
<Data Name="ParentProcessGuid">{59d32d4f-c631-6809-2600-000000001500}</Data>
<Data Name="ParentProcessId">1652</Data>
<Data Name="ParentImage">C:\Windows\System32\svchost.exe</Data>
<Data Name="ParentCommandLine">C:\Windows\system32\svchost.exe -k netsvcs -p -s Schedule</Data>
<Data Name="ParentUser">NT AUTHORITY\SYSTEM</Data>
</EventData>
</Event>

<Event xmlns="http://schemas.microsoft.com/win/2004/08/events/event"><System><Provider Name="Microsoft-Windows-Sysmon" Guid="{5770385f-c22a-43e0-bf4c-06f5698ffbd9}"></Provider>
<EventID Qualifiers="">1</EventID>
<Version>5</Version>
<Level>4</Level>
<Task>1</Task>
<Opcode>0</Opcode>
<Keywords>0x8000000000000000</Keywords>
<TimeCreated SystemTime="2025-04-24 05:06:47.393732+00:00"></TimeCreated>
<EventRecordID>204</EventRecordID>
<Correlation ActivityID="" RelatedActivityID=""></Correlation>
<Execution ProcessID="3288" ThreadID="3532"></Execution>
<Channel>Microsoft-Windows-Sysmon/Operational</Channel>
<Computer>DESKTOP-RL1K13Q</Computer>
<Security UserID="S-1-5-18"></Security>
</System>
<EventData><Data Name="RuleName">-</Data>
<Data Name="UtcTime">2025-04-24 05:06:47.375</Data>
<Data Name="ProcessGuid">{59d32d4f-c6e7-6809-c500-000000001500}</Data>
<Data Name="ProcessId">4396</Data>
<Data Name="Image">C:\Windows\System32\sc.exe</Data>
<Data Name="FileVersion">10.0.19041.1 (WinBuild.160101.0800)</Data>
<Data Name="Description">Service Control Manager Configuration Tool</Data>
<Data Name="Product">Microsoft&#174; Windows&#174; Operating System</Data>
<Data Name="Company">Microsoft Corporation</Data>
<Data Name="OriginalFileName">sc.exe</Data>
<Data Name="CommandLine">"C:\Windows\system32\sc.exe" start wuauserv</Data>
<Data Name="CurrentDirectory">C:\Windows\system32\</Data>
<Data Name="User">NT AUTHORITY\SYSTEM</Data>
<Data Name="LogonGuid">{59d32d4f-c62e-6809-e703-000000000000}</Data>
<Data Name="LogonId">0x00000000000003e7</Data>
<Data Name="TerminalSessionId">0</Data>
<Data Name="IntegrityLevel">System</Data>
<Data Name="Hashes">MD5=3FB5CF71F7E7EB49790CB0E663434D80,SHA256=41F067C3A11B02FE39947F9EBA68AE5C7CB5BD1872A6009A4CD1506554A9ABA9,IMPHASH=803254E010814E69947095A2725B2AFD</Data>
<Data Name="ParentProcessGuid">{59d32d4f-c631-6809-2600-000000001500}</Data>
<Data Name="ParentProcessId">1652</Data>
<Data Name="ParentImage">C:\Windows\System32\svchost.exe</Data>
<Data Name="ParentCommandLine">C:\Windows\system32\svchost.exe -k netsvcs -p -s Schedule</Data>
<Data Name="ParentUser">NT AUTHORITY\SYSTEM</Data>
</EventData>
</Event>

<Event xmlns="http://schemas.microsoft.com/win/2004/08/events/event"><System><Provider Name="Microsoft-Windows-Sysmon" Guid="{5770385f-c22a-43e0-bf4c-06f5698ffbd9}"></Provider>
<EventID Qualifiers="">1</EventID>
<Version>5</Version>
<Level>4</Level>
<Task>1</Task>
<Opcode>0</Opcode>
<Keywords>0x8000000000000000</Keywords>
<TimeCreated SystemTime="2025-04-24 05:06:47.427805+00:00"></TimeCreated>
<EventRecordID>205</EventRecordID>
<Correlation ActivityID="" RelatedActivityID=""></Correlation>
<Execution ProcessID="3288" ThreadID="3532"></Execution>
<Channel>Microsoft-Windows-Sysmon/Operational</Channel>
<Computer>DESKTOP-RL1K13Q</Computer>
<Security UserID="S-1-5-18"></Security>
</System>
<EventData><Data Name="RuleName">-</Data>
<Data Name="UtcTime">2025-04-24 05:06:47.405</Data>
<Data Name="ProcessGuid">{59d32d4f-c6e7-6809-c600-000000001500}</Data>
<Data Name="ProcessId">5772</Data>
<Data Name="Image">C:\Windows\System32\taskhostw.exe</Data>
<Data Name="FileVersion">10.0.19041.3636 (WinBuild.160101.0800)</Data>
<Data Name="Description">Host Process for Windows Tasks</Data>
<Data Name="Product">Microsoft&#174; Windows&#174; Operating System</Data>
<Data Name="Company">Microsoft Corporation</Data>
<Data Name="OriginalFileName">taskhostw.exe</Data>
<Data Name="CommandLine">taskhostw.exe</Data>
<Data Name="CurrentDirectory">C:\Windows\system32\</Data>
<Data Name="User">NT AUTHORITY\SYSTEM</Data>
<Data Name="LogonGuid">{59d32d4f-c62e-6809-e703-000000000000}</Data>
<Data Name="LogonId">0x00000000000003e7</Data>
<Data Name="TerminalSessionId">0</Data>
<Data Name="IntegrityLevel">System</Data>
<Data Name="Hashes">MD5=9D68EEF2D82A328F0ECE1B641E5728CC,SHA256=976BB3FB062818E9643EC7F65BE2F267B90F63BD9F8BE0E6212D131183136140,IMPHASH=3A0C6863CDE566AF997DB2DEFFF9D924</Data>
<Data Name="ParentProcessGuid">{59d32d4f-c631-6809-2600-000000001500}</Data>
<Data Name="ParentProcessId">1652</Data>
<Data Name="ParentImage">C:\Windows\System32\svchost.exe</Data>
<Data Name="ParentCommandLine">C:\Windows\system32\svchost.exe -k netsvcs -p -s Schedule</Data>
<Data Name="ParentUser">NT AUTHORITY\SYSTEM</Data>
</EventData>
</Event>

<Event xmlns="http://schemas.microsoft.com/win/2004/08/events/event"><System><Provider Name="Microsoft-Windows-Sysmon" Guid="{5770385f-c22a-43e0-bf4c-06f5698ffbd9}"></Provider>
<EventID Qualifiers="">1</EventID>
<Version>5</Version>
<Level>4</Level>
<Task>1</Task>
<Opcode>0</Opcode>
<Keywords>0x8000000000000000</Keywords>
<TimeCreated SystemTime="2025-04-24 05:06:47.428783+00:00"></TimeCreated>
<EventRecordID>206</EventRecordID>
<Correlation ActivityID="" RelatedActivityID=""></Correlation>
<Execution ProcessID="3288" ThreadID="3532"></Execution>
<Channel>Microsoft-Windows-Sysmon/Operational</Channel>
<Computer>DESKTOP-RL1K13Q</Computer>
<Security UserID="S-1-5-18"></Security>
</System>
<EventData><Data Name="RuleName">-</Data>
<Data Name="UtcTime">2025-04-24 05:06:47.411</Data>
<Data Name="ProcessGuid">{59d32d4f-c6e7-6809-c700-000000001500}</Data>
<Data Name="ProcessId">3996</Data>
<Data Name="Image">C:\Windows\System32\UsoClient.exe</Data>
<Data Name="FileVersion">10.0.19041.3758 (WinBuild.160101.0800)</Data>
<Data Name="Description">UsoClient</Data>
<Data Name="Product">Microsoft&#174; Windows&#174; Operating System</Data>
<Data Name="Company">Microsoft Corporation</Data>
<Data Name="OriginalFileName">UsoClient</Data>
<Data Name="CommandLine">"C:\Windows\system32\usoclient.exe" StartScan</Data>
<Data Name="CurrentDirectory">C:\Windows\system32\</Data>
<Data Name="User">NT AUTHORITY\SYSTEM</Data>
<Data Name="LogonGuid">{59d32d4f-c62e-6809-e703-000000000000}</Data>
<Data Name="LogonId">0x00000000000003e7</Data>
<Data Name="TerminalSessionId">0</Data>
<Data Name="IntegrityLevel">System</Data>
<Data Name="Hashes">MD5=56AA8F087C6BE7911A0C567DD4FC94CB,SHA256=AC1DD7DE072C0114635FD7F05C8033518B6B480CB925B3DD789C0B815F6D20BA,IMPHASH=6E7DA394C3973D54667DAA437FA88BE5</Data>
<Data Name="ParentProcessGuid">{59d32d4f-c631-6809-2600-000000001500}</Data>
<Data Name="ParentProcessId">1652</Data>
<Data Name="ParentImage">C:\Windows\System32\svchost.exe</Data>
<Data Name="ParentCommandLine">C:\Windows\system32\svchost.exe -k netsvcs -p -s Schedule</Data>
<Data Name="ParentUser">NT AUTHORITY\SYSTEM</Data>
</EventData>
</Event>

<Event xmlns="http://schemas.microsoft.com/win/2004/08/events/event"><System><Provider Name="Microsoft-Windows-Sysmon" Guid="{5770385f-c22a-43e0-bf4c-06f5698ffbd9}"></Provider>
<EventID Qualifiers="">1</EventID>
<Version>5</Version>
<Level>4</Level>
<Task>1</Task>
<Opcode>0</Opcode>
<Keywords>0x8000000000000000</Keywords>
<TimeCreated SystemTime="2025-04-24 05:06:47.449825+00:00"></TimeCreated>
<EventRecordID>207</EventRecordID>
<Correlation ActivityID="" RelatedActivityID=""></Correlation>
<Execution ProcessID="3288" ThreadID="3532"></Execution>
<Channel>Microsoft-Windows-Sysmon/Operational</Channel>
<Computer>DESKTOP-RL1K13Q</Computer>
<Security UserID="S-1-5-18"></Security>
</System>
<EventData><Data Name="RuleName">-</Data>
<Data Name="UtcTime">2025-04-24 05:06:47.413</Data>
<Data Name="ProcessGuid">{59d32d4f-c6e7-6809-c800-000000001500}</Data>
<Data Name="ProcessId">1660</Data>
<Data Name="Image">C:\Windows\System32\wsqmcons.exe</Data>
<Data Name="FileVersion">10.0.19041.3636 (WinBuild.160101.0800)</Data>
<Data Name="Description">Windows SQM Consolidator</Data>
<Data Name="Product">Microsoft&#174; Windows&#174; Operating System</Data>
<Data Name="Company">Microsoft Corporation</Data>
<Data Name="OriginalFileName">wsqmcons.exe</Data>
<Data Name="CommandLine">"C:\Windows\System32\wsqmcons.exe"</Data>
<Data Name="CurrentDirectory">C:\Windows\system32\</Data>
<Data Name="User">NT AUTHORITY\SYSTEM</Data>
<Data Name="LogonGuid">{59d32d4f-c62e-6809-e703-000000000000}</Data>
<Data Name="LogonId">0x00000000000003e7</Data>
<Data Name="TerminalSessionId">0</Data>
<Data Name="IntegrityLevel">System</Data>
<Data Name="Hashes">MD5=4D54637AAAA670750B95D9F7D3A84851,SHA256=10330E364E59CC35EC1D24E52382DDECBD8F27B749D0D12EA3BF9F0E59ACBB2E,IMPHASH=8026EF5B10ED9F476FB385B936C31F2A</Data>
<Data Name="ParentProcessGuid">{59d32d4f-c631-6809-2600-000000001500}</Data>
<Data Name="ParentProcessId">1652</Data>
<Data Name="ParentImage">C:\Windows\System32\svchost.exe</Data>
<Data Name="ParentCommandLine">C:\Windows\system32\svchost.exe -k netsvcs -p -s Schedule</Data>
<Data Name="ParentUser">NT AUTHORITY\SYSTEM</Data>
</EventData>
</Event>

<Event xmlns="http://schemas.microsoft.com/win/2004/08/events/event"><System><Provider Name="Microsoft-Windows-Sysmon" Guid="{5770385f-c22a-43e0-bf4c-06f5698ffbd9}"></Provider>
<EventID Qualifiers="">1</EventID>
<Version>5</Version>
<Level>4</Level>
<Task>1</Task>
<Opcode>0</Opcode>
<Keywords>0x8000000000000000</Keywords>
<TimeCreated SystemTime="2025-04-24 05:06:47.528746+00:00"></TimeCreated>
<EventRecordID>208</EventRecordID>
<Correlation ActivityID="" RelatedActivityID=""></Correlation>
<Execution ProcessID="3288" ThreadID="3532"></Execution>
<Channel>Microsoft-Windows-Sysmon/Operational</Channel>
<Computer>DESKTOP-RL1K13Q</Computer>
<Security UserID="S-1-5-18"></Security>
</System>
<EventData><Data Name="RuleName">-</Data>
<Data Name="UtcTime">2025-04-24 05:06:47.524</Data>
<Data Name="ProcessGuid">{59d32d4f-c6e7-6809-c900-000000001500}</Data>
<Data Name="ProcessId">4872</Data>
<Data Name="Image">C:\Program Files (x86)\Microsoft\EdgeUpdate\MicrosoftEdgeUpdate.exe</Data>
<Data Name="FileVersion">1.3.133.5</Data>
<Data Name="Description">Microsoft Edge Update</Data>
<Data Name="Product">Microsoft Edge Update</Data>
<Data Name="Company">Microsoft Corporation</Data>
<Data Name="OriginalFileName">msedgeupdate.dll</Data>
<Data Name="CommandLine">"C:\Program Files (x86)\Microsoft\EdgeUpdate\MicrosoftEdgeUpdate.exe" /ua /installsource core</Data>
<Data Name="CurrentDirectory">C:\Program Files (x86)\Microsoft\EdgeUpdate\1.3.195.49\</Data>
<Data Name="User">NT AUTHORITY\SYSTEM</Data>
<Data Name="LogonGuid">{59d32d4f-c62e-6809-e703-000000000000}</Data>
<Data Name="LogonId">0x00000000000003e7</Data>
<Data Name="TerminalSessionId">0</Data>
<Data Name="IntegrityLevel">System</Data>
<Data Name="Hashes">MD5=B55AD19C6C110E9BF985BC8674F7BCB3,SHA256=9991BA022173F283EE99068B708F60AC5143FE0C81C9E3673CC7835B108A4F44,IMPHASH=30AD68B9DC9737D8C720DD9284051ADD</Data>
<Data Name="ParentProcessGuid">{59d32d4f-c6e7-6809-bd00-000000001500}</Data>
<Data Name="ParentProcessId">5588</Data>
<Data Name="ParentImage">C:\Program Files (x86)\Microsoft\EdgeUpdate\MicrosoftEdgeUpdate.exe</Data>
<Data Name="ParentCommandLine">"C:\Program Files (x86)\Microsoft\EdgeUpdate\MicrosoftEdgeUpdate.exe" /c</Data>
<Data Name="ParentUser">NT AUTHORITY\SYSTEM</Data>
</EventData>
</Event>

<Event xmlns="http://schemas.microsoft.com/win/2004/08/events/event"><System><Provider Name="Microsoft-Windows-Sysmon" Guid="{5770385f-c22a-43e0-bf4c-06f5698ffbd9}"></Provider>
<EventID Qualifiers="">1</EventID>
<Version>5</Version>
<Level>4</Level>
<Task>1</Task>
<Opcode>0</Opcode>
<Keywords>0x8000000000000000</Keywords>
<TimeCreated SystemTime="2025-04-24 05:06:47.956928+00:00"></TimeCreated>
<EventRecordID>209</EventRecordID>
<Correlation ActivityID="" RelatedActivityID=""></Correlation>
<Execution ProcessID="3288" ThreadID="3532"></Execution>
<Channel>Microsoft-Windows-Sysmon/Operational</Channel>
<Computer>DESKTOP-RL1K13Q</Computer>
<Security UserID="S-1-5-18"></Security>
</System>
<EventData><Data Name="RuleName">-</Data>
<Data Name="UtcTime">2025-04-24 05:06:47.641</Data>
<Data Name="ProcessGuid">{59d32d4f-c6e7-6809-ca00-000000001500}</Data>
<Data Name="ProcessId">1104</Data>
<Data Name="Image">C:\Program Files (x86)\Google\GoogleUpdater\137.0.7129.0\updater.exe</Data>
<Data Name="FileVersion">137.0.7129.0</Data>
<Data Name="Description">Google Updater (x64)</Data>
<Data Name="Product">Google Updater (x64)</Data>
<Data Name="Company">Google LLC</Data>
<Data Name="OriginalFileName">updater.exe</Data>
<Data Name="CommandLine">"C:\Program Files (x86)\Google\GoogleUpdater\137.0.7129.0\updater.exe" --crash-handler --system "--database=C:\Program Files (x86)\Google\GoogleUpdater\137.0.7129.0\Crashpad" --url=https://clients2.google.com/cr/report --annotation=prod=Update4 --annotation=ver=137.0.7129.0 "--attachment=C:\Program Files (x86)\Google\GoogleUpdater\updater.log" --initial-client-data=0x268,0x26c,0x270,0x220,0x274,0x7ff7106205d8,0x7ff7106205e4,0x7ff7106205f0</Data>
<Data Name="CurrentDirectory">C:\Windows\system32\</Data>
<Data Name="User">NT AUTHORITY\SYSTEM</Data>
<Data Name="LogonGuid">{59d32d4f-c62e-6809-e703-000000000000}</Data>
<Data Name="LogonId">0x00000000000003e7</Data>
<Data Name="TerminalSessionId">0</Data>
<Data Name="IntegrityLevel">System</Data>
<Data Name="Hashes">MD5=DCDE1606573F4FD0D0B1802424BEFBF2,SHA256=8FF75A69C58B3DF5FF554B91DECEE0E6AAEE77C6A341BCC2C9A60CC67F044961,IMPHASH=B413F35F15CA6B901BF948B6208B60E0</Data>
<Data Name="ParentProcessGuid">{59d32d4f-c6e7-6809-bc00-000000001500}</Data>
<Data Name="ParentProcessId">508</Data>
<Data Name="ParentImage">C:\Program Files (x86)\Google\GoogleUpdater\137.0.7129.0\updater.exe</Data>
<Data Name="ParentCommandLine">"C:\Program Files (x86)\Google\GoogleUpdater\137.0.7129.0\updater.exe" --wake --system</Data>
<Data Name="ParentUser">NT AUTHORITY\SYSTEM</Data>
</EventData>
</Event>

<Event xmlns="http://schemas.microsoft.com/win/2004/08/events/event"><System><Provider Name="Microsoft-Windows-Sysmon" Guid="{5770385f-c22a-43e0-bf4c-06f5698ffbd9}"></Provider>
<EventID Qualifiers="">1</EventID>
<Version>5</Version>
<Level>4</Level>
<Task>1</Task>
<Opcode>0</Opcode>
<Keywords>0x8000000000000000</Keywords>
<TimeCreated SystemTime="2025-04-24 05:06:47.959459+00:00"></TimeCreated>
<EventRecordID>210</EventRecordID>
<Correlation ActivityID="" RelatedActivityID=""></Correlation>
<Execution ProcessID="3288" ThreadID="3532"></Execution>
<Channel>Microsoft-Windows-Sysmon/Operational</Channel>
<Computer>DESKTOP-RL1K13Q</Computer>
<Security UserID="S-1-5-18"></Security>
</System>
<EventData><Data Name="RuleName">-</Data>
<Data Name="UtcTime">2025-04-24 05:06:47.823</Data>
<Data Name="ProcessGuid">{59d32d4f-c6e7-6809-ce00-000000001500}</Data>
<Data Name="ProcessId">1296</Data>
<Data Name="Image">C:\Program Files\RUXIM\RUXIMICS.exe</Data>
<Data Name="FileVersion">10.0.19041.5067 (WinBuild.160101.0800)</Data>
<Data Name="Description">Reusable UX Interaction Manager</Data>
<Data Name="Product">Microsoft&#174; Windows&#174; Operating System</Data>
<Data Name="Company">Microsoft Corporation</Data>
<Data Name="OriginalFileName">RUXIMICS.exe</Data>
<Data Name="CommandLine">%%ProgramFiles%%\RUXIM\RUXIMICS.EXE /onlyloadcampaigns</Data>
<Data Name="CurrentDirectory">C:\Program Files\RUXIM\</Data>
<Data Name="User">NT AUTHORITY\SYSTEM</Data>
<Data Name="LogonGuid">{59d32d4f-c62e-6809-e703-000000000000}</Data>
<Data Name="LogonId">0x00000000000003e7</Data>
<Data Name="TerminalSessionId">0</Data>
<Data Name="IntegrityLevel">System</Data>
<Data Name="Hashes">MD5=A24BE562FE541B7EB25D630145C83207,SHA256=3BDD8C774071B82A08629F271D14A8FB0C096A3C279E797377E034B03A217949,IMPHASH=6C7A79ED0D9D243FE605E8569621DC8C</Data>
<Data Name="ParentProcessGuid">{59d32d4f-c6e7-6809-c300-000000001500}</Data>
<Data Name="ParentProcessId">3836</Data>
<Data Name="ParentImage">C:\Program Files\RUXIM\PLUGScheduler.exe</Data>
<Data Name="ParentCommandLine">"C:\Program Files\RUXIM\PLUGscheduler.exe"</Data>
<Data Name="ParentUser">NT AUTHORITY\SYSTEM</Data>
</EventData>
</Event>

<Event xmlns="http://schemas.microsoft.com/win/2004/08/events/event"><System><Provider Name="Microsoft-Windows-Sysmon" Guid="{5770385f-c22a-43e0-bf4c-06f5698ffbd9}"></Provider>
<EventID Qualifiers="">1</EventID>
<Version>5</Version>
<Level>4</Level>
<Task>1</Task>
<Opcode>0</Opcode>
<Keywords>0x8000000000000000</Keywords>
<TimeCreated SystemTime="2025-04-24 05:06:48.890951+00:00"></TimeCreated>
<EventRecordID>211</EventRecordID>
<Correlation ActivityID="" RelatedActivityID=""></Correlation>
<Execution ProcessID="3288" ThreadID="3532"></Execution>
<Channel>Microsoft-Windows-Sysmon/Operational</Channel>
<Computer>DESKTOP-RL1K13Q</Computer>
<Security UserID="S-1-5-18"></Security>
</System>
<EventData><Data Name="RuleName">-</Data>
<Data Name="UtcTime">2025-04-24 05:06:48.884</Data>
<Data Name="ProcessGuid">{59d32d4f-c6e8-6809-d000-000000001500}</Data>
<Data Name="ProcessId">2704</Data>
<Data Name="Image">C:\Windows\System32\svchost.exe</Data>
<Data Name="FileVersion">10.0.19041.3636 (WinBuild.160101.0800)</Data>
<Data Name="Description">Host Process for Windows Services</Data>
<Data Name="Product">Microsoft&#174; Windows&#174; Operating System</Data>
<Data Name="Company">Microsoft Corporation</Data>
<Data Name="OriginalFileName">svchost.exe</Data>
<Data Name="CommandLine">C:\Windows\System32\svchost.exe -k netsvcs -p</Data>
<Data Name="CurrentDirectory">C:\Windows\system32\</Data>
<Data Name="User">NT AUTHORITY\SYSTEM</Data>
<Data Name="LogonGuid">{59d32d4f-c62e-6809-e703-000000000000}</Data>
<Data Name="LogonId">0x00000000000003e7</Data>
<Data Name="TerminalSessionId">0</Data>
<Data Name="IntegrityLevel">System</Data>
<Data Name="Hashes">MD5=145DCF6706EEEA5B066885EE17964C09,SHA256=F13DE58416730D210DAB465B242E9C949FB0A0245EEF45B07C381F0C6C8A43C3,IMPHASH=247B9220E5D9B720A82B2C8B5069AD69</Data>
<Data Name="ParentProcessGuid">{59d32d4f-c62d-6809-0b00-000000001500}</Data>
<Data Name="ParentProcessId">696</Data>
<Data Name="ParentImage">C:\Windows\System32\services.exe</Data>
<Data Name="ParentCommandLine">C:\Windows\system32\services.exe</Data>
<Data Name="ParentUser">NT AUTHORITY\SYSTEM</Data>
</EventData>
</Event>

<Event xmlns="http://schemas.microsoft.com/win/2004/08/events/event"><System><Provider Name="Microsoft-Windows-Sysmon" Guid="{5770385f-c22a-43e0-bf4c-06f5698ffbd9}"></Provider>
<EventID Qualifiers="">1</EventID>
<Version>5</Version>
<Level>4</Level>
<Task>1</Task>
<Opcode>0</Opcode>
<Keywords>0x8000000000000000</Keywords>
<TimeCreated SystemTime="2025-04-24 05:06:49.659721+00:00"></TimeCreated>
<EventRecordID>212</EventRecordID>
<Correlation ActivityID="" RelatedActivityID=""></Correlation>
<Execution ProcessID="3288" ThreadID="3532"></Execution>
<Channel>Microsoft-Windows-Sysmon/Operational</Channel>
<Computer>DESKTOP-RL1K13Q</Computer>
<Security UserID="S-1-5-18"></Security>
</System>
<EventData><Data Name="RuleName">-</Data>
<Data Name="UtcTime">2025-04-24 05:06:49.649</Data>
<Data Name="ProcessGuid">{59d32d4f-c6e9-6809-d100-000000001500}</Data>
<Data Name="ProcessId">3328</Data>
<Data Name="Image">C:\Windows\System32\svchost.exe</Data>
<Data Name="FileVersion">10.0.19041.3636 (WinBuild.160101.0800)</Data>
<Data Name="Description">Host Process for Windows Services</Data>
<Data Name="Product">Microsoft&#174; Windows&#174; Operating System</Data>
<Data Name="Company">Microsoft Corporation</Data>
<Data Name="OriginalFileName">svchost.exe</Data>
<Data Name="CommandLine">C:\Windows\System32\svchost.exe -k netsvcs -p -s PushToInstall</Data>
<Data Name="CurrentDirectory">C:\Windows\system32\</Data>
<Data Name="User">NT AUTHORITY\SYSTEM</Data>
<Data Name="LogonGuid">{59d32d4f-c62e-6809-e703-000000000000}</Data>
<Data Name="LogonId">0x00000000000003e7</Data>
<Data Name="TerminalSessionId">0</Data>
<Data Name="IntegrityLevel">System</Data>
<Data Name="Hashes">MD5=145DCF6706EEEA5B066885EE17964C09,SHA256=F13DE58416730D210DAB465B242E9C949FB0A0245EEF45B07C381F0C6C8A43C3,IMPHASH=247B9220E5D9B720A82B2C8B5069AD69</Data>
<Data Name="ParentProcessGuid">{59d32d4f-c62d-6809-0b00-000000001500}</Data>
<Data Name="ParentProcessId">696</Data>
<Data Name="ParentImage">C:\Windows\System32\services.exe</Data>
<Data Name="ParentCommandLine">C:\Windows\system32\services.exe</Data>
<Data Name="ParentUser">NT AUTHORITY\SYSTEM</Data>
</EventData>
</Event>

<Event xmlns="http://schemas.microsoft.com/win/2004/08/events/event"><System><Provider Name="Microsoft-Windows-Sysmon" Guid="{5770385f-c22a-43e0-bf4c-06f5698ffbd9}"></Provider>
<EventID Qualifiers="">3</EventID>
<Version>5</Version>
<Level>4</Level>
<Task>3</Task>
<Opcode>0</Opcode>
<Keywords>0x8000000000000000</Keywords>
<TimeCreated SystemTime="2025-04-24 05:06:50.023298+00:00"></TimeCreated>
<EventRecordID>213</EventRecordID>
<Correlation ActivityID="" RelatedActivityID=""></Correlation>
<Execution ProcessID="3288" ThreadID="4840"></Execution>
<Channel>Microsoft-Windows-Sysmon/Operational</Channel>
<Computer>DESKTOP-RL1K13Q</Computer>
<Security UserID="S-1-5-18"></Security>
</System>
<EventData><Data Name="RuleName">-</Data>
<Data Name="UtcTime">2025-04-24 05:06:48.484</Data>
<Data Name="ProcessGuid">{59d32d4f-c6e7-6809-be00-000000001500}</Data>
<Data Name="ProcessId">5600</Data>
<Data Name="Image">C:\Windows\System32\rundll32.exe</Data>
<Data Name="User">NT AUTHORITY\SYSTEM</Data>
<Data Name="Protocol">tcp</Data>
<Data Name="Initiated">True</Data>
<Data Name="SourceIsIpv6">False</Data>
<Data Name="SourceIp">192.168.80.9</Data>
<Data Name="SourceHostname">DESKTOP-RL1K13Q.localdomain</Data>
<Data Name="SourcePort">49765</Data>
<Data Name="SourcePortName">-</Data>
<Data Name="DestinationIsIpv6">False</Data>
<Data Name="DestinationIp">40.119.249.228</Data>
<Data Name="DestinationHostname">-</Data>
<Data Name="DestinationPort">443</Data>
<Data Name="DestinationPortName">https</Data>
</EventData>
</Event>

<Event xmlns="http://schemas.microsoft.com/win/2004/08/events/event"><System><Provider Name="Microsoft-Windows-Sysmon" Guid="{5770385f-c22a-43e0-bf4c-06f5698ffbd9}"></Provider>
<EventID Qualifiers="">1</EventID>
<Version>5</Version>
<Level>4</Level>
<Task>1</Task>
<Opcode>0</Opcode>
<Keywords>0x8000000000000000</Keywords>
<TimeCreated SystemTime="2025-04-24 05:06:50.231979+00:00"></TimeCreated>
<EventRecordID>214</EventRecordID>
<Correlation ActivityID="" RelatedActivityID=""></Correlation>
<Execution ProcessID="3288" ThreadID="3532"></Execution>
<Channel>Microsoft-Windows-Sysmon/Operational</Channel>
<Computer>DESKTOP-RL1K13Q</Computer>
<Security UserID="S-1-5-18"></Security>
</System>
<EventData><Data Name="RuleName">-</Data>
<Data Name="UtcTime">2025-04-24 05:06:50.227</Data>
<Data Name="ProcessGuid">{59d32d4f-c6ea-6809-d200-000000001500}</Data>
<Data Name="ProcessId">5960</Data>
<Data Name="Image">C:\Windows\System32\wermgr.exe</Data>
<Data Name="FileVersion">10.0.19041.3996 (WinBuild.160101.0800)</Data>
<Data Name="Description">Windows Problem Reporting</Data>
<Data Name="Product">Microsoft&#174; Windows&#174; Operating System</Data>
<Data Name="Company">Microsoft Corporation</Data>
<Data Name="OriginalFileName">WerMgr</Data>
<Data Name="CommandLine">"C:\Windows\system32\wermgr.exe" -upload</Data>
<Data Name="CurrentDirectory">C:\Windows\system32\</Data>
<Data Name="User">NT AUTHORITY\SYSTEM</Data>
<Data Name="LogonGuid">{59d32d4f-c62e-6809-e703-000000000000}</Data>
<Data Name="LogonId">0x00000000000003e7</Data>
<Data Name="TerminalSessionId">0</Data>
<Data Name="IntegrityLevel">System</Data>
<Data Name="Hashes">MD5=AF2F2648EBF1E62B6A88C991233C8612,SHA256=A6D33438D6DEE238DE1A16BF18AFB55002D15987525044351D2EC131D91992EF,IMPHASH=9F236556F51749A0CA4BDF2040EA2478</Data>
<Data Name="ParentProcessGuid">{59d32d4f-c631-6809-2600-000000001500}</Data>
<Data Name="ParentProcessId">1652</Data>
<Data Name="ParentImage">C:\Windows\System32\svchost.exe</Data>
<Data Name="ParentCommandLine">C:\Windows\system32\svchost.exe -k netsvcs -p -s Schedule</Data>
<Data Name="ParentUser">NT AUTHORITY\SYSTEM</Data>
</EventData>
</Event>

<Event xmlns="http://schemas.microsoft.com/win/2004/08/events/event"><System><Provider Name="Microsoft-Windows-Sysmon" Guid="{5770385f-c22a-43e0-bf4c-06f5698ffbd9}"></Provider>
<EventID Qualifiers="">1</EventID>
<Version>5</Version>
<Level>4</Level>
<Task>1</Task>
<Opcode>0</Opcode>
<Keywords>0x8000000000000000</Keywords>
<TimeCreated SystemTime="2025-04-24 05:06:50.309637+00:00"></TimeCreated>
<EventRecordID>215</EventRecordID>
<Correlation ActivityID="" RelatedActivityID=""></Correlation>
<Execution ProcessID="3288" ThreadID="3532"></Execution>
<Channel>Microsoft-Windows-Sysmon/Operational</Channel>
<Computer>DESKTOP-RL1K13Q</Computer>
<Security UserID="S-1-5-18"></Security>
</System>
<EventData><Data Name="RuleName">-</Data>
<Data Name="UtcTime">2025-04-24 05:06:50.305</Data>
<Data Name="ProcessGuid">{59d32d4f-c6ea-6809-d300-000000001500}</Data>
<Data Name="ProcessId">2228</Data>
<Data Name="Image">C:\Program Files (x86)\Google\GoogleUpdater\137.0.7129.0\updater.exe</Data>
<Data Name="FileVersion">137.0.7129.0</Data>
<Data Name="Description">Google Updater (x64)</Data>
<Data Name="Product">Google Updater (x64)</Data>
<Data Name="Company">Google LLC</Data>
<Data Name="OriginalFileName">updater.exe</Data>
<Data Name="CommandLine">"C:\Program Files (x86)\Google\GoogleUpdater\137.0.7129.0\updater.exe" --system --windows-service --service=update-internal</Data>
<Data Name="CurrentDirectory">C:\Windows\system32\</Data>
<Data Name="User">NT AUTHORITY\SYSTEM</Data>
<Data Name="LogonGuid">{59d32d4f-c62e-6809-e703-000000000000}</Data>
<Data Name="LogonId">0x00000000000003e7</Data>
<Data Name="TerminalSessionId">0</Data>
<Data Name="IntegrityLevel">System</Data>
<Data Name="Hashes">MD5=DCDE1606573F4FD0D0B1802424BEFBF2,SHA256=8FF75A69C58B3DF5FF554B91DECEE0E6AAEE77C6A341BCC2C9A60CC67F044961,IMPHASH=B413F35F15CA6B901BF948B6208B60E0</Data>
<Data Name="ParentProcessGuid">{59d32d4f-c62d-6809-0b00-000000001500}</Data>
<Data Name="ParentProcessId">696</Data>
<Data Name="ParentImage">C:\Windows\System32\services.exe</Data>
<Data Name="ParentCommandLine">C:\Windows\system32\services.exe</Data>
<Data Name="ParentUser">NT AUTHORITY\SYSTEM</Data>
</EventData>
</Event>

<Event xmlns="http://schemas.microsoft.com/win/2004/08/events/event"><System><Provider Name="Microsoft-Windows-Sysmon" Guid="{5770385f-c22a-43e0-bf4c-06f5698ffbd9}"></Provider>
<EventID Qualifiers="">1</EventID>
<Version>5</Version>
<Level>4</Level>
<Task>1</Task>
<Opcode>0</Opcode>
<Keywords>0x8000000000000000</Keywords>
<TimeCreated SystemTime="2025-04-24 05:06:50.353472+00:00"></TimeCreated>
<EventRecordID>216</EventRecordID>
<Correlation ActivityID="" RelatedActivityID=""></Correlation>
<Execution ProcessID="3288" ThreadID="3532"></Execution>
<Channel>Microsoft-Windows-Sysmon/Operational</Channel>
<Computer>DESKTOP-RL1K13Q</Computer>
<Security UserID="S-1-5-18"></Security>
</System>
<EventData><Data Name="RuleName">-</Data>
<Data Name="UtcTime">2025-04-24 05:06:50.347</Data>
<Data Name="ProcessGuid">{59d32d4f-c6ea-6809-d400-000000001500}</Data>
<Data Name="ProcessId">1316</Data>
<Data Name="Image">C:\Program Files (x86)\Google\GoogleUpdater\137.0.7129.0\updater.exe</Data>
<Data Name="FileVersion">137.0.7129.0</Data>
<Data Name="Description">Google Updater (x64)</Data>
<Data Name="Product">Google Updater (x64)</Data>
<Data Name="Company">Google LLC</Data>
<Data Name="OriginalFileName">updater.exe</Data>
<Data Name="CommandLine">"C:\Program Files (x86)\Google\GoogleUpdater\137.0.7129.0\updater.exe" --crash-handler --system "--database=C:\Program Files (x86)\Google\GoogleUpdater\137.0.7129.0\Crashpad" --url=https://clients2.google.com/cr/report --annotation=prod=Update4 --annotation=ver=137.0.7129.0 "--attachment=C:\Program Files (x86)\Google\GoogleUpdater\updater.log" --initial-client-data=0x264,0x268,0x26c,0x240,0x270,0x7ff7106205d8,0x7ff7106205e4,0x7ff7106205f0</Data>
<Data Name="CurrentDirectory">C:\Windows\system32\</Data>
<Data Name="User">NT AUTHORITY\SYSTEM</Data>
<Data Name="LogonGuid">{59d32d4f-c62e-6809-e703-000000000000}</Data>
<Data Name="LogonId">0x00000000000003e7</Data>
<Data Name="TerminalSessionId">0</Data>
<Data Name="IntegrityLevel">System</Data>
<Data Name="Hashes">MD5=DCDE1606573F4FD0D0B1802424BEFBF2,SHA256=8FF75A69C58B3DF5FF554B91DECEE0E6AAEE77C6A341BCC2C9A60CC67F044961,IMPHASH=B413F35F15CA6B901BF948B6208B60E0</Data>
<Data Name="ParentProcessGuid">{59d32d4f-c6ea-6809-d300-000000001500}</Data>
<Data Name="ParentProcessId">2228</Data>
<Data Name="ParentImage">C:\Program Files (x86)\Google\GoogleUpdater\137.0.7129.0\updater.exe</Data>
<Data Name="ParentCommandLine">"C:\Program Files (x86)\Google\GoogleUpdater\137.0.7129.0\updater.exe" --system --windows-service --service=update-internal</Data>
<Data Name="ParentUser">NT AUTHORITY\SYSTEM</Data>
</EventData>
</Event>

<Event xmlns="http://schemas.microsoft.com/win/2004/08/events/event"><System><Provider Name="Microsoft-Windows-Sysmon" Guid="{5770385f-c22a-43e0-bf4c-06f5698ffbd9}"></Provider>
<EventID Qualifiers="">1</EventID>
<Version>5</Version>
<Level>4</Level>
<Task>1</Task>
<Opcode>0</Opcode>
<Keywords>0x8000000000000000</Keywords>
<TimeCreated SystemTime="2025-04-24 05:06:50.520605+00:00"></TimeCreated>
<EventRecordID>217</EventRecordID>
<Correlation ActivityID="" RelatedActivityID=""></Correlation>
<Execution ProcessID="3288" ThreadID="3532"></Execution>
<Channel>Microsoft-Windows-Sysmon/Operational</Channel>
<Computer>DESKTOP-RL1K13Q</Computer>
<Security UserID="S-1-5-18"></Security>
</System>
<EventData><Data Name="RuleName">-</Data>
<Data Name="UtcTime">2025-04-24 05:06:50.515</Data>
<Data Name="ProcessGuid">{59d32d4f-c6ea-6809-d500-000000001500}</Data>
<Data Name="ProcessId">1376</Data>
<Data Name="Image">C:\Program Files (x86)\Google\GoogleUpdater\137.0.7129.0\updater.exe</Data>
<Data Name="FileVersion">137.0.7129.0</Data>
<Data Name="Description">Google Updater (x64)</Data>
<Data Name="Product">Google Updater (x64)</Data>
<Data Name="Company">Google LLC</Data>
<Data Name="OriginalFileName">updater.exe</Data>
<Data Name="CommandLine">"C:\Program Files (x86)\Google\GoogleUpdater\137.0.7129.0\updater.exe" --system --windows-service --service=update</Data>
<Data Name="CurrentDirectory">C:\Windows\system32\</Data>
<Data Name="User">NT AUTHORITY\SYSTEM</Data>
<Data Name="LogonGuid">{59d32d4f-c62e-6809-e703-000000000000}</Data>
<Data Name="LogonId">0x00000000000003e7</Data>
<Data Name="TerminalSessionId">0</Data>
<Data Name="IntegrityLevel">System</Data>
<Data Name="Hashes">MD5=DCDE1606573F4FD0D0B1802424BEFBF2,SHA256=8FF75A69C58B3DF5FF554B91DECEE0E6AAEE77C6A341BCC2C9A60CC67F044961,IMPHASH=B413F35F15CA6B901BF948B6208B60E0</Data>
<Data Name="ParentProcessGuid">{59d32d4f-c62d-6809-0b00-000000001500}</Data>
<Data Name="ParentProcessId">696</Data>
<Data Name="ParentImage">C:\Windows\System32\services.exe</Data>
<Data Name="ParentCommandLine">C:\Windows\system32\services.exe</Data>
<Data Name="ParentUser">NT AUTHORITY\SYSTEM</Data>
</EventData>
</Event>

<Event xmlns="http://schemas.microsoft.com/win/2004/08/events/event"><System><Provider Name="Microsoft-Windows-Sysmon" Guid="{5770385f-c22a-43e0-bf4c-06f5698ffbd9}"></Provider>
<EventID Qualifiers="">1</EventID>
<Version>5</Version>
<Level>4</Level>
<Task>1</Task>
<Opcode>0</Opcode>
<Keywords>0x8000000000000000</Keywords>
<TimeCreated SystemTime="2025-04-24 05:06:50.563236+00:00"></TimeCreated>
<EventRecordID>218</EventRecordID>
<Correlation ActivityID="" RelatedActivityID=""></Correlation>
<Execution ProcessID="3288" ThreadID="3532"></Execution>
<Channel>Microsoft-Windows-Sysmon/Operational</Channel>
<Computer>DESKTOP-RL1K13Q</Computer>
<Security UserID="S-1-5-18"></Security>
</System>
<EventData><Data Name="RuleName">-</Data>
<Data Name="UtcTime">2025-04-24 05:06:50.556</Data>
<Data Name="ProcessGuid">{59d32d4f-c6ea-6809-d600-000000001500}</Data>
<Data Name="ProcessId">4492</Data>
<Data Name="Image">C:\Program Files (x86)\Google\GoogleUpdater\137.0.7129.0\updater.exe</Data>
<Data Name="FileVersion">137.0.7129.0</Data>
<Data Name="Description">Google Updater (x64)</Data>
<Data Name="Product">Google Updater (x64)</Data>
<Data Name="Company">Google LLC</Data>
<Data Name="OriginalFileName">updater.exe</Data>
<Data Name="CommandLine">"C:\Program Files (x86)\Google\GoogleUpdater\137.0.7129.0\updater.exe" --crash-handler --system "--database=C:\Program Files (x86)\Google\GoogleUpdater\137.0.7129.0\Crashpad" --url=https://clients2.google.com/cr/report --annotation=prod=Update4 --annotation=ver=137.0.7129.0 "--attachment=C:\Program Files (x86)\Google\GoogleUpdater\updater.log" --initial-client-data=0x264,0x268,0x26c,0x240,0x270,0x7ff7106205d8,0x7ff7106205e4,0x7ff7106205f0</Data>
<Data Name="CurrentDirectory">C:\Windows\system32\</Data>
<Data Name="User">NT AUTHORITY\SYSTEM</Data>
<Data Name="LogonGuid">{59d32d4f-c62e-6809-e703-000000000000}</Data>
<Data Name="LogonId">0x00000000000003e7</Data>
<Data Name="TerminalSessionId">0</Data>
<Data Name="IntegrityLevel">System</Data>
<Data Name="Hashes">MD5=DCDE1606573F4FD0D0B1802424BEFBF2,SHA256=8FF75A69C58B3DF5FF554B91DECEE0E6AAEE77C6A341BCC2C9A60CC67F044961,IMPHASH=B413F35F15CA6B901BF948B6208B60E0</Data>
<Data Name="ParentProcessGuid">{59d32d4f-c6ea-6809-d500-000000001500}</Data>
<Data Name="ParentProcessId">1376</Data>
<Data Name="ParentImage">C:\Program Files (x86)\Google\GoogleUpdater\137.0.7129.0\updater.exe</Data>
<Data Name="ParentCommandLine">"C:\Program Files (x86)\Google\GoogleUpdater\137.0.7129.0\updater.exe" --system --windows-service --service=update</Data>
<Data Name="ParentUser">NT AUTHORITY\SYSTEM</Data>
</EventData>
</Event>

<Event xmlns="http://schemas.microsoft.com/win/2004/08/events/event"><System><Provider Name="Microsoft-Windows-Sysmon" Guid="{5770385f-c22a-43e0-bf4c-06f5698ffbd9}"></Provider>
<EventID Qualifiers="">1</EventID>
<Version>5</Version>
<Level>4</Level>
<Task>1</Task>
<Opcode>0</Opcode>
<Keywords>0x8000000000000000</Keywords>
<TimeCreated SystemTime="2025-04-24 05:06:50.830557+00:00"></TimeCreated>
<EventRecordID>219</EventRecordID>
<Correlation ActivityID="" RelatedActivityID=""></Correlation>
<Execution ProcessID="3288" ThreadID="3532"></Execution>
<Channel>Microsoft-Windows-Sysmon/Operational</Channel>
<Computer>DESKTOP-RL1K13Q</Computer>
<Security UserID="S-1-5-18"></Security>
</System>
<EventData><Data Name="RuleName">-</Data>
<Data Name="UtcTime">2025-04-24 05:06:50.825</Data>
<Data Name="ProcessGuid">{59d32d4f-c6ea-6809-d700-000000001500}</Data>
<Data Name="ProcessId">3696</Data>
<Data Name="Image">C:\Program Files\RUXIM\RUXIMICS.exe</Data>
<Data Name="FileVersion">10.0.19041.5067 (WinBuild.160101.0800)</Data>
<Data Name="Description">Reusable UX Interaction Manager</Data>
<Data Name="Product">Microsoft&#174; Windows&#174; Operating System</Data>
<Data Name="Company">Microsoft Corporation</Data>
<Data Name="OriginalFileName">RUXIMICS.exe</Data>
<Data Name="CommandLine">%%ProgramFiles%%\RUXIM\RUXIMICS.EXE /nonetwork</Data>
<Data Name="CurrentDirectory">C:\Program Files\RUXIM\</Data>
<Data Name="User">NT AUTHORITY\SYSTEM</Data>
<Data Name="LogonGuid">{59d32d4f-c62e-6809-e703-000000000000}</Data>
<Data Name="LogonId">0x00000000000003e7</Data>
<Data Name="TerminalSessionId">0</Data>
<Data Name="IntegrityLevel">System</Data>
<Data Name="Hashes">MD5=A24BE562FE541B7EB25D630145C83207,SHA256=3BDD8C774071B82A08629F271D14A8FB0C096A3C279E797377E034B03A217949,IMPHASH=6C7A79ED0D9D243FE605E8569621DC8C</Data>
<Data Name="ParentProcessGuid">{59d32d4f-c6e7-6809-c300-000000001500}</Data>
<Data Name="ParentProcessId">3836</Data>
<Data Name="ParentImage">C:\Program Files\RUXIM\PLUGScheduler.exe</Data>
<Data Name="ParentCommandLine">"C:\Program Files\RUXIM\PLUGscheduler.exe"</Data>
<Data Name="ParentUser">NT AUTHORITY\SYSTEM</Data>
</EventData>
</Event>

<Event xmlns="http://schemas.microsoft.com/win/2004/08/events/event"><System><Provider Name="Microsoft-Windows-Sysmon" Guid="{5770385f-c22a-43e0-bf4c-06f5698ffbd9}"></Provider>
<EventID Qualifiers="">1</EventID>
<Version>5</Version>
<Level>4</Level>
<Task>1</Task>
<Opcode>0</Opcode>
<Keywords>0x8000000000000000</Keywords>
<TimeCreated SystemTime="2025-04-24 05:06:54.361465+00:00"></TimeCreated>
<EventRecordID>220</EventRecordID>
<Correlation ActivityID="" RelatedActivityID=""></Correlation>
<Execution ProcessID="3288" ThreadID="3532"></Execution>
<Channel>Microsoft-Windows-Sysmon/Operational</Channel>
<Computer>DESKTOP-RL1K13Q</Computer>
<Security UserID="S-1-5-18"></Security>
</System>
<EventData><Data Name="RuleName">-</Data>
<Data Name="UtcTime">2025-04-24 05:06:54.353</Data>
<Data Name="ProcessGuid">{59d32d4f-c6ee-6809-db00-000000001500}</Data>
<Data Name="ProcessId">1984</Data>
<Data Name="Image">C:\Program Files (x86)\Google\GoogleUpdater\126.0.6462.0\updater.exe</Data>
<Data Name="FileVersion">126.0.6462.0</Data>
<Data Name="Description">GoogleUpdater (x86)</Data>
<Data Name="Product">GoogleUpdater (x86)</Data>
<Data Name="Company">Google LLC</Data>
<Data Name="OriginalFileName">updater.exe</Data>
<Data Name="CommandLine">"C:\Program Files (x86)\Google\GoogleUpdater\126.0.6462.0\updater.exe" --uninstall-self --system</Data>
<Data Name="CurrentDirectory">C:\Windows\system32\</Data>
<Data Name="User">NT AUTHORITY\SYSTEM</Data>
<Data Name="LogonGuid">{59d32d4f-c62e-6809-e703-000000000000}</Data>
<Data Name="LogonId">0x00000000000003e7</Data>
<Data Name="TerminalSessionId">0</Data>
<Data Name="IntegrityLevel">System</Data>
<Data Name="Hashes">MD5=95222FAEEAB2CEBE9502F2E123D5DD2A,SHA256=B8AF4588875E697E49DB4E1FF5833EF8F89FFDE327AB9DC9FAD101551D6AEC28,IMPHASH=77545C0CA032087F7C9F2CB313014B41</Data>
<Data Name="ParentProcessGuid">{59d32d4f-c6ea-6809-d500-000000001500}</Data>
<Data Name="ParentProcessId">1376</Data>
<Data Name="ParentImage">C:\Program Files (x86)\Google\GoogleUpdater\137.0.7129.0\updater.exe</Data>
<Data Name="ParentCommandLine">"C:\Program Files (x86)\Google\GoogleUpdater\137.0.7129.0\updater.exe" --system --windows-service --service=update</Data>
<Data Name="ParentUser">NT AUTHORITY\SYSTEM</Data>
</EventData>
</Event>

<Event xmlns="http://schemas.microsoft.com/win/2004/08/events/event"><System><Provider Name="Microsoft-Windows-Sysmon" Guid="{5770385f-c22a-43e0-bf4c-06f5698ffbd9}"></Provider>
<EventID Qualifiers="">1</EventID>
<Version>5</Version>
<Level>4</Level>
<Task>1</Task>
<Opcode>0</Opcode>
<Keywords>0x8000000000000000</Keywords>
<TimeCreated SystemTime="2025-04-24 05:06:54.432375+00:00"></TimeCreated>
<EventRecordID>221</EventRecordID>
<Correlation ActivityID="" RelatedActivityID=""></Correlation>
<Execution ProcessID="3288" ThreadID="3532"></Execution>
<Channel>Microsoft-Windows-Sysmon/Operational</Channel>
<Computer>DESKTOP-RL1K13Q</Computer>
<Security UserID="S-1-5-18"></Security>
</System>
<EventData><Data Name="RuleName">-</Data>
<Data Name="UtcTime">2025-04-24 05:06:54.427</Data>
<Data Name="ProcessGuid">{59d32d4f-c6ee-6809-dc00-000000001500}</Data>
<Data Name="ProcessId">1056</Data>
<Data Name="Image">C:\Program Files (x86)\Google\GoogleUpdater\126.0.6462.0\updater.exe</Data>
<Data Name="FileVersion">126.0.6462.0</Data>
<Data Name="Description">GoogleUpdater (x86)</Data>
<Data Name="Product">GoogleUpdater (x86)</Data>
<Data Name="Company">Google LLC</Data>
<Data Name="OriginalFileName">updater.exe</Data>
<Data Name="CommandLine">"C:\Program Files (x86)\Google\GoogleUpdater\126.0.6462.0\updater.exe" --crash-handler --system "--database=C:\Program Files (x86)\Google\GoogleUpdater\126.0.6462.0\Crashpad" --url=https://clients2.google.com/cr/report --annotation=prod=Update4 --annotation=ver=126.0.6462.0 "--attachment=C:\Program Files (x86)\Google\GoogleUpdater\updater.log" --initial-client-data=0x29c,0x2a0,0x2a4,0x278,0x2a8,0x6f965c,0x6f9668,0x6f9674</Data>
<Data Name="CurrentDirectory">C:\Windows\system32\</Data>
<Data Name="User">NT AUTHORITY\SYSTEM</Data>
<Data Name="LogonGuid">{59d32d4f-c62e-6809-e703-000000000000}</Data>
<Data Name="LogonId">0x00000000000003e7</Data>
<Data Name="TerminalSessionId">0</Data>
<Data Name="IntegrityLevel">System</Data>
<Data Name="Hashes">MD5=95222FAEEAB2CEBE9502F2E123D5DD2A,SHA256=B8AF4588875E697E49DB4E1FF5833EF8F89FFDE327AB9DC9FAD101551D6AEC28,IMPHASH=77545C0CA032087F7C9F2CB313014B41</Data>
<Data Name="ParentProcessGuid">{59d32d4f-c6ee-6809-db00-000000001500}</Data>
<Data Name="ParentProcessId">1984</Data>
<Data Name="ParentImage">C:\Program Files (x86)\Google\GoogleUpdater\126.0.6462.0\updater.exe</Data>
<Data Name="ParentCommandLine">"C:\Program Files (x86)\Google\GoogleUpdater\126.0.6462.0\updater.exe" --uninstall-self --system</Data>
<Data Name="ParentUser">NT AUTHORITY\SYSTEM</Data>
</EventData>
</Event>

