<Event xmlns="http://schemas.microsoft.com/win/2004/08/events/event"><System><Provider Name="Microsoft-Windows-Sysmon" Guid="{5770385f-c22a-43e0-bf4c-06f5698ffbd9}"></Provider>
<EventID Qualifiers="">13</EventID>
<Version>2</Version>
<Level>4</Level>
<Task>13</Task>
<Opcode>0</Opcode>
<Keywords>0x8000000000000000</Keywords>
<TimeCreated SystemTime="2025-04-24 05:10:58.524883+00:00"></TimeCreated>
<EventRecordID>844</EventRecordID>
<Correlation ActivityID="" RelatedActivityID=""></Correlation>
<Execution ProcessID="3288" ThreadID="3532"></Execution>
<Channel>Microsoft-Windows-Sysmon/Operational</Channel>
<Computer>DESKTOP-RL1K13Q</Computer>
<Security UserID="S-1-5-18"></Security>
</System>
<EventData><Data Name="RuleName">T1122</Data>
<Data Name="EventType">SetValue</Data>
<Data Name="UtcTime">2025-04-24 05:10:58.476</Data>
<Data Name="ProcessGuid">{59d32d4f-c7df-6809-4c01-000000001500}</Data>
<Data Name="ProcessId">8404</Data>
<Data Name="Image">C:\Users\Bluecheap\AppData\Local\Microsoft\OneDrive\OneDrive.exe</Data>
<Data Name="TargetObject">HKU\S-1-5-21-2636795918-1848476775-1458562315-1001_Classes\WOW6432Node\CLSID\{4410DC33-BC7C-496B-AA84-4AEA3EEE75F7}\InProcServer32\(Default)</Data>
<Data Name="Details">C:\Users\Bluecheap\AppData\Local\Microsoft\OneDrive\25.056.0324.0003\i386\FileCoAuthLib.dll</Data>
<Data Name="User">DESKTOP-RL1K13Q\Bluecheap</Data>
</EventData>
</Event>

<Event xmlns="http://schemas.microsoft.com/win/2004/08/events/event"><System><Provider Name="Microsoft-Windows-Sysmon" Guid="{5770385f-c22a-43e0-bf4c-06f5698ffbd9}"></Provider>
<EventID Qualifiers="">13</EventID>
<Version>2</Version>
<Level>4</Level>
<Task>13</Task>
<Opcode>0</Opcode>
<Keywords>0x8000000000000000</Keywords>
<TimeCreated SystemTime="2025-04-24 05:10:58.549324+00:00"></TimeCreated>
<EventRecordID>845</EventRecordID>
<Correlation ActivityID="" RelatedActivityID=""></Correlation>
<Execution ProcessID="3288" ThreadID="3532"></Execution>
<Channel>Microsoft-Windows-Sysmon/Operational</Channel>
<Computer>DESKTOP-RL1K13Q</Computer>
<Security UserID="S-1-5-18"></Security>
</System>
<EventData><Data Name="RuleName">T1122</Data>
<Data Name="EventType">SetValue</Data>
<Data Name="UtcTime">2025-04-24 05:10:58.507</Data>
<Data Name="ProcessGuid">{59d32d4f-c7df-6809-4c01-000000001500}</Data>
<Data Name="ProcessId">8404</Data>
<Data Name="Image">C:\Users\Bluecheap\AppData\Local\Microsoft\OneDrive\OneDrive.exe</Data>
<Data Name="TargetObject">HKU\S-1-5-21-2636795918-1848476775-1458562315-1001_Classes\CLSID\{4410DC33-BC7C-496B-AA84-4AEA3EEE75F7}\InProcServer32\(Default)</Data>
<Data Name="Details">C:\Users\Bluecheap\AppData\Local\Microsoft\OneDrive\25.056.0324.0003\FileCoAuthLib64.dll</Data>
<Data Name="User">DESKTOP-RL1K13Q\Bluecheap</Data>
</EventData>
</Event>

<Event xmlns="http://schemas.microsoft.com/win/2004/08/events/event"><System><Provider Name="Microsoft-Windows-Sysmon" Guid="{5770385f-c22a-43e0-bf4c-06f5698ffbd9}"></Provider>
<EventID Qualifiers="">13</EventID>
<Version>2</Version>
<Level>4</Level>
<Task>13</Task>
<Opcode>0</Opcode>
<Keywords>0x8000000000000000</Keywords>
<TimeCreated SystemTime="2025-04-24 05:10:58.551941+00:00"></TimeCreated>
<EventRecordID>846</EventRecordID>
<Correlation ActivityID="" RelatedActivityID=""></Correlation>
<Execution ProcessID="3288" ThreadID="3532"></Execution>
<Channel>Microsoft-Windows-Sysmon/Operational</Channel>
<Computer>DESKTOP-RL1K13Q</Computer>
<Security UserID="S-1-5-18"></Security>
</System>
<EventData><Data Name="RuleName">T1042</Data>
<Data Name="EventType">SetValue</Data>
<Data Name="UtcTime">2025-04-24 05:10:58.507</Data>
<Data Name="ProcessGuid">{59d32d4f-c7df-6809-4c01-000000001500}</Data>
<Data Name="ProcessId">8404</Data>
<Data Name="Image">C:\Users\Bluecheap\AppData\Local\Microsoft\OneDrive\OneDrive.exe</Data>
<Data Name="TargetObject">HKU\S-1-5-21-2636795918-1848476775-1458562315-1001_Classes\odopen\shell\open\command\(Default)</Data>
<Data Name="Details">"C:\Users\Bluecheap\AppData\Local\Microsoft\OneDrive\OneDrive.exe" /url:"%%1"</Data>
<Data Name="User">DESKTOP-RL1K13Q\Bluecheap</Data>
</EventData>
</Event>

<Event xmlns="http://schemas.microsoft.com/win/2004/08/events/event"><System><Provider Name="Microsoft-Windows-Sysmon" Guid="{5770385f-c22a-43e0-bf4c-06f5698ffbd9}"></Provider>
<EventID Qualifiers="">13</EventID>
<Version>2</Version>
<Level>4</Level>
<Task>13</Task>
<Opcode>0</Opcode>
<Keywords>0x8000000000000000</Keywords>
<TimeCreated SystemTime="2025-04-24 05:10:58.552069+00:00"></TimeCreated>
<EventRecordID>847</EventRecordID>
<Correlation ActivityID="" RelatedActivityID=""></Correlation>
<Execution ProcessID="3288" ThreadID="3532"></Execution>
<Channel>Microsoft-Windows-Sysmon/Operational</Channel>
<Computer>DESKTOP-RL1K13Q</Computer>
<Security UserID="S-1-5-18"></Security>
</System>
<EventData><Data Name="RuleName">T1042</Data>
<Data Name="EventType">SetValue</Data>
<Data Name="UtcTime">2025-04-24 05:10:58.507</Data>
<Data Name="ProcessGuid">{59d32d4f-c7df-6809-4c01-000000001500}</Data>
<Data Name="ProcessId">8404</Data>
<Data Name="Image">C:\Users\Bluecheap\AppData\Local\Microsoft\OneDrive\OneDrive.exe</Data>
<Data Name="TargetObject">HKU\S-1-5-21-2636795918-1848476775-1458562315-1001_Classes\odopen\shell\open\command\(Default)</Data>
<Data Name="Details">"C:\Users\Bluecheap\AppData\Local\Microsoft\OneDrive\OneDrive.exe" /url:"%%1"</Data>
<Data Name="User">DESKTOP-RL1K13Q\Bluecheap</Data>
</EventData>
</Event>

<Event xmlns="http://schemas.microsoft.com/win/2004/08/events/event"><System><Provider Name="Microsoft-Windows-Sysmon" Guid="{5770385f-c22a-43e0-bf4c-06f5698ffbd9}"></Provider>
<EventID Qualifiers="">13</EventID>
<Version>2</Version>
<Level>4</Level>
<Task>13</Task>
<Opcode>0</Opcode>
<Keywords>0x8000000000000000</Keywords>
<TimeCreated SystemTime="2025-04-24 05:10:58.552433+00:00"></TimeCreated>
<EventRecordID>848</EventRecordID>
<Correlation ActivityID="" RelatedActivityID=""></Correlation>
<Execution ProcessID="3288" ThreadID="3532"></Execution>
<Channel>Microsoft-Windows-Sysmon/Operational</Channel>
<Computer>DESKTOP-RL1K13Q</Computer>
<Security UserID="S-1-5-18"></Security>
</System>
<EventData><Data Name="RuleName">T1042</Data>
<Data Name="EventType">SetValue</Data>
<Data Name="UtcTime">2025-04-24 05:10:58.507</Data>
<Data Name="ProcessGuid">{59d32d4f-c7df-6809-4c01-000000001500}</Data>
<Data Name="ProcessId">8404</Data>
<Data Name="Image">C:\Users\Bluecheap\AppData\Local\Microsoft\OneDrive\OneDrive.exe</Data>
<Data Name="TargetObject">HKU\S-1-5-21-2636795918-1848476775-1458562315-1001_Classes\grvopen\shell\open\command\(Default)</Data>
<Data Name="Details">"C:\Users\Bluecheap\AppData\Local\Microsoft\OneDrive\OneDrive.exe" /url:"%%1"</Data>
<Data Name="User">DESKTOP-RL1K13Q\Bluecheap</Data>
</EventData>
</Event>

<Event xmlns="http://schemas.microsoft.com/win/2004/08/events/event"><System><Provider Name="Microsoft-Windows-Sysmon" Guid="{5770385f-c22a-43e0-bf4c-06f5698ffbd9}"></Provider>
<EventID Qualifiers="">13</EventID>
<Version>2</Version>
<Level>4</Level>
<Task>13</Task>
<Opcode>0</Opcode>
<Keywords>0x8000000000000000</Keywords>
<TimeCreated SystemTime="2025-04-24 05:10:58.552822+00:00"></TimeCreated>
<EventRecordID>849</EventRecordID>
<Correlation ActivityID="" RelatedActivityID=""></Correlation>
<Execution ProcessID="3288" ThreadID="3532"></Execution>
<Channel>Microsoft-Windows-Sysmon/Operational</Channel>
<Computer>DESKTOP-RL1K13Q</Computer>
<Security UserID="S-1-5-18"></Security>
</System>
<EventData><Data Name="RuleName">T1042</Data>
<Data Name="EventType">SetValue</Data>
<Data Name="UtcTime">2025-04-24 05:10:58.507</Data>
<Data Name="ProcessGuid">{59d32d4f-c7df-6809-4c01-000000001500}</Data>
<Data Name="ProcessId">8404</Data>
<Data Name="Image">C:\Users\Bluecheap\AppData\Local\Microsoft\OneDrive\OneDrive.exe</Data>
<Data Name="TargetObject">HKU\S-1-5-21-2636795918-1848476775-1458562315-1001_Classes\grvopen\shell\open\command\(Default)</Data>
<Data Name="Details">"C:\Users\Bluecheap\AppData\Local\Microsoft\OneDrive\OneDrive.exe" /url:"%%1"</Data>
<Data Name="User">DESKTOP-RL1K13Q\Bluecheap</Data>
</EventData>
</Event>

<Event xmlns="http://schemas.microsoft.com/win/2004/08/events/event"><System><Provider Name="Microsoft-Windows-Sysmon" Guid="{5770385f-c22a-43e0-bf4c-06f5698ffbd9}"></Provider>
<EventID Qualifiers="">1</EventID>
<Version>5</Version>
<Level>4</Level>
<Task>1</Task>
<Opcode>0</Opcode>
<Keywords>0x8000000000000000</Keywords>
<TimeCreated SystemTime="2025-04-24 05:11:00.145445+00:00"></TimeCreated>
<EventRecordID>850</EventRecordID>
<Correlation ActivityID="" RelatedActivityID=""></Correlation>
<Execution ProcessID="3288" ThreadID="3532"></Execution>
<Channel>Microsoft-Windows-Sysmon/Operational</Channel>
<Computer>DESKTOP-RL1K13Q</Computer>
<Security UserID="S-1-5-18"></Security>
</System>
<EventData><Data Name="RuleName">-</Data>
<Data Name="UtcTime">2025-04-24 05:11:00.128</Data>
<Data Name="ProcessGuid">{59d32d4f-c7e4-6809-4d01-000000001500}</Data>
<Data Name="ProcessId">9128</Data>
<Data Name="Image">C:\Users\Bluecheap\AppData\Local\Microsoft\OneDrive\25.056.0324.0003\FileCoAuth.exe</Data>
<Data Name="FileVersion">25.056.0324.0003</Data>
<Data Name="Description">Microsoft OneDriveFile Co-Authoring Executable</Data>
<Data Name="Product">Microsoft OneDrive</Data>
<Data Name="Company">Microsoft Corporation</Data>
<Data Name="OriginalFileName">FileCoAuth.exe</Data>
<Data Name="CommandLine">"C:\Users\Bluecheap\AppData\Local\Microsoft\OneDrive\25.056.0324.0003\FileCoAuth.exe" -Embedding</Data>
<Data Name="CurrentDirectory">C:\Windows\system32\</Data>
<Data Name="User">DESKTOP-RL1K13Q\Bluecheap</Data>
<Data Name="LogonGuid">{59d32d4f-c774-6809-c1b4-260000000000}</Data>
<Data Name="LogonId">0x000000000026b4c1</Data>
<Data Name="TerminalSessionId">1</Data>
<Data Name="IntegrityLevel">Medium</Data>
<Data Name="Hashes">MD5=D0CAABC04A4307736F396B9B3E995FE0,SHA256=01F5B2DA53636896A67EDDBCD399789A5C0952D727775B1133287E6883DEDFD5,IMPHASH=2103EB14CFB196A2C5154F253B61064C</Data>
<Data Name="ParentProcessGuid">{59d32d4f-c62e-6809-0d00-000000001500}</Data>
<Data Name="ParentProcessId">820</Data>
<Data Name="ParentImage">C:\Windows\System32\svchost.exe</Data>
<Data Name="ParentCommandLine">C:\Windows\system32\svchost.exe -k DcomLaunch -p</Data>
<Data Name="ParentUser">NT AUTHORITY\SYSTEM</Data>
</EventData>
</Event>

<Event xmlns="http://schemas.microsoft.com/win/2004/08/events/event"><System><Provider Name="Microsoft-Windows-Sysmon" Guid="{5770385f-c22a-43e0-bf4c-06f5698ffbd9}"></Provider>
<EventID Qualifiers="">22</EventID>
<Version>5</Version>
<Level>4</Level>
<Task>22</Task>
<Opcode>0</Opcode>
<Keywords>0x8000000000000000</Keywords>
<TimeCreated SystemTime="2025-04-24 05:11:01.066198+00:00"></TimeCreated>
<EventRecordID>851</EventRecordID>
<Correlation ActivityID="" RelatedActivityID=""></Correlation>
<Execution ProcessID="3288" ThreadID="1836"></Execution>
<Channel>Microsoft-Windows-Sysmon/Operational</Channel>
<Computer>DESKTOP-RL1K13Q</Computer>
<Security UserID="S-1-5-18"></Security>
</System>
<EventData><Data Name="RuleName">-</Data>
<Data Name="UtcTime">2025-04-24 05:10:59.982</Data>
<Data Name="ProcessGuid">{59d32d4f-c7df-6809-4c01-000000001500}</Data>
<Data Name="ProcessId">8404</Data>
<Data Name="QueryName">ecs.office.com</Data>
<Data Name="QueryStatus">0</Data>
<Data Name="QueryResults">type:  5 ecs.office.trafficmanager.net;type:  5 dual-s-0005-office.config.skype.com;type:  5 ecs-office.s-0005.dual-s-msedge.net;type:  5 s-0005.dual-s-msedge.net;::ffff:52.123.129.14;::ffff:52.123.128.14;</Data>
<Data Name="Image">C:\Users\Bluecheap\AppData\Local\Microsoft\OneDrive\OneDrive.exe</Data>
<Data Name="User">DESKTOP-RL1K13Q\Bluecheap</Data>
</EventData>
</Event>

<Event xmlns="http://schemas.microsoft.com/win/2004/08/events/event"><System><Provider Name="Microsoft-Windows-Sysmon" Guid="{5770385f-c22a-43e0-bf4c-06f5698ffbd9}"></Provider>
<EventID Qualifiers="">3</EventID>
<Version>5</Version>
<Level>4</Level>
<Task>3</Task>
<Opcode>0</Opcode>
<Keywords>0x8000000000000000</Keywords>
<TimeCreated SystemTime="2025-04-24 05:11:01.608877+00:00"></TimeCreated>
<EventRecordID>852</EventRecordID>
<Correlation ActivityID="" RelatedActivityID=""></Correlation>
<Execution ProcessID="3288" ThreadID="4840"></Execution>
<Channel>Microsoft-Windows-Sysmon/Operational</Channel>
<Computer>DESKTOP-RL1K13Q</Computer>
<Security UserID="S-1-5-18"></Security>
</System>
<EventData><Data Name="RuleName">Usermode</Data>
<Data Name="UtcTime">2025-04-24 05:10:59.991</Data>
<Data Name="ProcessGuid">{59d32d4f-c7df-6809-4c01-000000001500}</Data>
<Data Name="ProcessId">8404</Data>
<Data Name="Image">C:\Users\Bluecheap\AppData\Local\Microsoft\OneDrive\OneDrive.exe</Data>
<Data Name="User">DESKTOP-RL1K13Q\Bluecheap</Data>
<Data Name="Protocol">tcp</Data>
<Data Name="Initiated">True</Data>
<Data Name="SourceIsIpv6">False</Data>
<Data Name="SourceIp">192.168.80.9</Data>
<Data Name="SourceHostname">DESKTOP-RL1K13Q.localdomain</Data>
<Data Name="SourcePort">49831</Data>
<Data Name="SourcePortName">-</Data>
<Data Name="DestinationIsIpv6">False</Data>
<Data Name="DestinationIp">52.123.129.14</Data>
<Data Name="DestinationHostname">-</Data>
<Data Name="DestinationPort">443</Data>
<Data Name="DestinationPortName">https</Data>
</EventData>
</Event>

<Event xmlns="http://schemas.microsoft.com/win/2004/08/events/event"><System><Provider Name="Microsoft-Windows-Sysmon" Guid="{5770385f-c22a-43e0-bf4c-06f5698ffbd9}"></Provider>
<EventID Qualifiers="">3</EventID>
<Version>5</Version>
<Level>4</Level>
<Task>3</Task>
<Opcode>0</Opcode>
<Keywords>0x8000000000000000</Keywords>
<TimeCreated SystemTime="2025-04-24 05:11:01.608906+00:00"></TimeCreated>
<EventRecordID>853</EventRecordID>
<Correlation ActivityID="" RelatedActivityID=""></Correlation>
<Execution ProcessID="3288" ThreadID="4840"></Execution>
<Channel>Microsoft-Windows-Sysmon/Operational</Channel>
<Computer>DESKTOP-RL1K13Q</Computer>
<Security UserID="S-1-5-18"></Security>
</System>
<EventData><Data Name="RuleName">Usermode</Data>
<Data Name="UtcTime">2025-04-24 05:11:00.056</Data>
<Data Name="ProcessGuid">{59d32d4f-c7df-6809-4c01-000000001500}</Data>
<Data Name="ProcessId">8404</Data>
<Data Name="Image">C:\Users\Bluecheap\AppData\Local\Microsoft\OneDrive\OneDrive.exe</Data>
<Data Name="User">DESKTOP-RL1K13Q\Bluecheap</Data>
<Data Name="Protocol">tcp</Data>
<Data Name="Initiated">True</Data>
<Data Name="SourceIsIpv6">False</Data>
<Data Name="SourceIp">192.168.80.9</Data>
<Data Name="SourceHostname">DESKTOP-RL1K13Q.localdomain</Data>
<Data Name="SourcePort">49830</Data>
<Data Name="SourcePortName">-</Data>
<Data Name="DestinationIsIpv6">False</Data>
<Data Name="DestinationIp">52.231.186.36</Data>
<Data Name="DestinationHostname">-</Data>
<Data Name="DestinationPort">443</Data>
<Data Name="DestinationPortName">https</Data>
</EventData>
</Event>

<Event xmlns="http://schemas.microsoft.com/win/2004/08/events/event"><System><Provider Name="Microsoft-Windows-Sysmon" Guid="{5770385f-c22a-43e0-bf4c-06f5698ffbd9}"></Provider>
<EventID Qualifiers="">3</EventID>
<Version>5</Version>
<Level>4</Level>
<Task>3</Task>
<Opcode>0</Opcode>
<Keywords>0x8000000000000000</Keywords>
<TimeCreated SystemTime="2025-04-24 05:11:01.875553+00:00"></TimeCreated>
<EventRecordID>854</EventRecordID>
<Correlation ActivityID="" RelatedActivityID=""></Correlation>
<Execution ProcessID="3288" ThreadID="4840"></Execution>
<Channel>Microsoft-Windows-Sysmon/Operational</Channel>
<Computer>DESKTOP-RL1K13Q</Computer>
<Security UserID="S-1-5-18"></Security>
</System>
<EventData><Data Name="RuleName">Usermode</Data>
<Data Name="UtcTime">2025-04-24 05:11:00.775</Data>
<Data Name="ProcessGuid">{59d32d4f-c7df-6809-4c01-000000001500}</Data>
<Data Name="ProcessId">8404</Data>
<Data Name="Image">C:\Users\Bluecheap\AppData\Local\Microsoft\OneDrive\OneDrive.exe</Data>
<Data Name="User">DESKTOP-RL1K13Q\Bluecheap</Data>
<Data Name="Protocol">tcp</Data>
<Data Name="Initiated">True</Data>
<Data Name="SourceIsIpv6">False</Data>
<Data Name="SourceIp">192.168.80.9</Data>
<Data Name="SourceHostname">DESKTOP-RL1K13Q.localdomain</Data>
<Data Name="SourcePort">49832</Data>
<Data Name="SourcePortName">-</Data>
<Data Name="DestinationIsIpv6">False</Data>
<Data Name="DestinationIp">103.154.227.72</Data>
<Data Name="DestinationHostname">ip-103-154-227-72.moratelindo.net.id</Data>
<Data Name="DestinationPort">443</Data>
<Data Name="DestinationPortName">https</Data>
</EventData>
</Event>

<Event xmlns="http://schemas.microsoft.com/win/2004/08/events/event"><System><Provider Name="Microsoft-Windows-Sysmon" Guid="{5770385f-c22a-43e0-bf4c-06f5698ffbd9}"></Provider>
<EventID Qualifiers="">22</EventID>
<Version>5</Version>
<Level>4</Level>
<Task>22</Task>
<Opcode>0</Opcode>
<Keywords>0x8000000000000000</Keywords>
<TimeCreated SystemTime="2025-04-24 05:11:02.025131+00:00"></TimeCreated>
<EventRecordID>855</EventRecordID>
<Correlation ActivityID="" RelatedActivityID=""></Correlation>
<Execution ProcessID="3288" ThreadID="1836"></Execution>
<Channel>Microsoft-Windows-Sysmon/Operational</Channel>
<Computer>DESKTOP-RL1K13Q</Computer>
<Security UserID="S-1-5-18"></Security>
</System>
<EventData><Data Name="RuleName">-</Data>
<Data Name="UtcTime">2025-04-24 05:11:00.775</Data>
<Data Name="ProcessGuid">{59d32d4f-c7df-6809-4c01-000000001500}</Data>
<Data Name="ProcessId">8404</Data>
<Data Name="QueryName">oneclient.sfx.ms</Data>
<Data Name="QueryStatus">0</Data>
<Data Name="QueryResults">type:  5 oneclient.sfx.ms.edgesuite.net;type:  5 a124.dscd.akamai.net;::ffff:103.154.227.72;::ffff:103.154.227.250;</Data>
<Data Name="Image">C:\Users\Bluecheap\AppData\Local\Microsoft\OneDrive\OneDrive.exe</Data>
<Data Name="User">DESKTOP-RL1K13Q\Bluecheap</Data>
</EventData>
</Event>

<Event xmlns="http://schemas.microsoft.com/win/2004/08/events/event"><System><Provider Name="Microsoft-Windows-Sysmon" Guid="{5770385f-c22a-43e0-bf4c-06f5698ffbd9}"></Provider>
<EventID Qualifiers="">13</EventID>
<Version>2</Version>
<Level>4</Level>
<Task>13</Task>
<Opcode>0</Opcode>
<Keywords>0x8000000000000000</Keywords>
<TimeCreated SystemTime="2025-04-24 05:11:02.410225+00:00"></TimeCreated>
<EventRecordID>856</EventRecordID>
<Correlation ActivityID="" RelatedActivityID=""></Correlation>
<Execution ProcessID="3288" ThreadID="3532"></Execution>
<Channel>Microsoft-Windows-Sysmon/Operational</Channel>
<Computer>DESKTOP-RL1K13Q</Computer>
<Security UserID="S-1-5-18"></Security>
</System>
<EventData><Data Name="RuleName">T1042</Data>
<Data Name="EventType">SetValue</Data>
<Data Name="UtcTime">2025-04-24 05:11:02.381</Data>
<Data Name="ProcessGuid">{59d32d4f-c7df-6809-4c01-000000001500}</Data>
<Data Name="ProcessId">8404</Data>
<Data Name="Image">C:\Users\Bluecheap\AppData\Local\Microsoft\OneDrive\OneDrive.exe</Data>
<Data Name="TargetObject">HKU\S-1-5-21-2636795918-1848476775-1458562315-1001_Classes\grvopen\shell\open\command\(Default)</Data>
<Data Name="Details">"C:\Users\Bluecheap\AppData\Local\Microsoft\OneDrive\OneDrive.exe" /url:"%%1"</Data>
<Data Name="User">DESKTOP-RL1K13Q\Bluecheap</Data>
</EventData>
</Event>

<Event xmlns="http://schemas.microsoft.com/win/2004/08/events/event"><System><Provider Name="Microsoft-Windows-Sysmon" Guid="{5770385f-c22a-43e0-bf4c-06f5698ffbd9}"></Provider>
<EventID Qualifiers="">13</EventID>
<Version>2</Version>
<Level>4</Level>
<Task>13</Task>
<Opcode>0</Opcode>
<Keywords>0x8000000000000000</Keywords>
<TimeCreated SystemTime="2025-04-24 05:11:02.410368+00:00"></TimeCreated>
<EventRecordID>857</EventRecordID>
<Correlation ActivityID="" RelatedActivityID=""></Correlation>
<Execution ProcessID="3288" ThreadID="3532"></Execution>
<Channel>Microsoft-Windows-Sysmon/Operational</Channel>
<Computer>DESKTOP-RL1K13Q</Computer>
<Security UserID="S-1-5-18"></Security>
</System>
<EventData><Data Name="RuleName">T1042</Data>
<Data Name="EventType">SetValue</Data>
<Data Name="UtcTime">2025-04-24 05:11:02.381</Data>
<Data Name="ProcessGuid">{59d32d4f-c7df-6809-4c01-000000001500}</Data>
<Data Name="ProcessId">8404</Data>
<Data Name="Image">C:\Users\Bluecheap\AppData\Local\Microsoft\OneDrive\OneDrive.exe</Data>
<Data Name="TargetObject">HKU\S-1-5-21-2636795918-1848476775-1458562315-1001_Classes\grvopen\shell\open\command\(Default)</Data>
<Data Name="Details">"C:\Users\Bluecheap\AppData\Local\Microsoft\OneDrive\OneDrive.exe" /url:"%%1"</Data>
<Data Name="User">DESKTOP-RL1K13Q\Bluecheap</Data>
</EventData>
</Event>

<Event xmlns="http://schemas.microsoft.com/win/2004/08/events/event"><System><Provider Name="Microsoft-Windows-Sysmon" Guid="{5770385f-c22a-43e0-bf4c-06f5698ffbd9}"></Provider>
<EventID Qualifiers="">3</EventID>
<Version>5</Version>
<Level>4</Level>
<Task>3</Task>
<Opcode>0</Opcode>
<Keywords>0x8000000000000000</Keywords>
<TimeCreated SystemTime="2025-04-24 05:11:02.719835+00:00"></TimeCreated>
<EventRecordID>858</EventRecordID>
<Correlation ActivityID="" RelatedActivityID=""></Correlation>
<Execution ProcessID="3288" ThreadID="4840"></Execution>
<Channel>Microsoft-Windows-Sysmon/Operational</Channel>
<Computer>DESKTOP-RL1K13Q</Computer>
<Security UserID="S-1-5-18"></Security>
</System>
<EventData><Data Name="RuleName">Usermode</Data>
<Data Name="UtcTime">2025-04-24 05:11:01.420</Data>
<Data Name="ProcessGuid">{59d32d4f-c7df-6809-4c01-000000001500}</Data>
<Data Name="ProcessId">8404</Data>
<Data Name="Image">C:\Users\Bluecheap\AppData\Local\Microsoft\OneDrive\OneDrive.exe</Data>
<Data Name="User">DESKTOP-RL1K13Q\Bluecheap</Data>
<Data Name="Protocol">tcp</Data>
<Data Name="Initiated">True</Data>
<Data Name="SourceIsIpv6">False</Data>
<Data Name="SourceIp">192.168.80.9</Data>
<Data Name="SourceHostname">DESKTOP-RL1K13Q.localdomain</Data>
<Data Name="SourcePort">49833</Data>
<Data Name="SourcePortName">-</Data>
<Data Name="DestinationIsIpv6">False</Data>
<Data Name="DestinationIp">23.15.147.118</Data>
<Data Name="DestinationHostname">118.147.15.23.in-addr.arpa</Data>
<Data Name="DestinationPort">80</Data>
<Data Name="DestinationPortName">http</Data>
</EventData>
</Event>

<Event xmlns="http://schemas.microsoft.com/win/2004/08/events/event"><System><Provider Name="Microsoft-Windows-Sysmon" Guid="{5770385f-c22a-43e0-bf4c-06f5698ffbd9}"></Provider>
<EventID Qualifiers="">1</EventID>
<Version>5</Version>
<Level>4</Level>
<Task>1</Task>
<Opcode>0</Opcode>
<Keywords>0x8000000000000000</Keywords>
<TimeCreated SystemTime="2025-04-24 05:11:04.093500+00:00"></TimeCreated>
<EventRecordID>859</EventRecordID>
<Correlation ActivityID="" RelatedActivityID=""></Correlation>
<Execution ProcessID="3288" ThreadID="3532"></Execution>
<Channel>Microsoft-Windows-Sysmon/Operational</Channel>
<Computer>DESKTOP-RL1K13Q</Computer>
<Security UserID="S-1-5-18"></Security>
</System>
<EventData><Data Name="RuleName">-</Data>
<Data Name="UtcTime">2025-04-24 05:11:04.052</Data>
<Data Name="ProcessGuid">{59d32d4f-c7e8-6809-5001-000000001500}</Data>
<Data Name="ProcessId">1136</Data>
<Data Name="Image">C:\Program Files\OpenVPN\bin\openvpn-gui.exe</Data>
<Data Name="FileVersion">-</Data>
<Data Name="Description">-</Data>
<Data Name="Product">-</Data>
<Data Name="Company">-</Data>
<Data Name="OriginalFileName">-</Data>
<Data Name="CommandLine">"C:\Program Files\OpenVPN\bin\openvpn-gui.exe" </Data>
<Data Name="CurrentDirectory">C:\Windows\system32\</Data>
<Data Name="User">DESKTOP-RL1K13Q\Bluecheap</Data>
<Data Name="LogonGuid">{59d32d4f-c774-6809-c1b4-260000000000}</Data>
<Data Name="LogonId">0x000000000026b4c1</Data>
<Data Name="TerminalSessionId">1</Data>
<Data Name="IntegrityLevel">Medium</Data>
<Data Name="Hashes">MD5=BDBC5EC736D52EF85D53E41A16CFFE91,SHA256=61E8F7B0ADE7FE7CC4C7E8F70A3ED731FBA53B242C0CC133EFF1709CE7AF4381,IMPHASH=9FBFD1FD6DDA22D604479A1B97D8D106</Data>
<Data Name="ParentProcessGuid">{59d32d4f-c779-6809-0f01-000000001500}</Data>
<Data Name="ParentProcessId">3384</Data>
<Data Name="ParentImage">C:\Windows\explorer.exe</Data>
<Data Name="ParentCommandLine">C:\Windows\Explorer.EXE</Data>
<Data Name="ParentUser">DESKTOP-RL1K13Q\Bluecheap</Data>
</EventData>
</Event>

<Event xmlns="http://schemas.microsoft.com/win/2004/08/events/event"><System><Provider Name="Microsoft-Windows-Sysmon" Guid="{5770385f-c22a-43e0-bf4c-06f5698ffbd9}"></Provider>
<EventID Qualifiers="">1</EventID>
<Version>5</Version>
<Level>4</Level>
<Task>1</Task>
<Opcode>0</Opcode>
<Keywords>0x8000000000000000</Keywords>
<TimeCreated SystemTime="2025-04-24 05:11:04.320141+00:00"></TimeCreated>
<EventRecordID>860</EventRecordID>
<Correlation ActivityID="" RelatedActivityID=""></Correlation>
<Execution ProcessID="3288" ThreadID="3532"></Execution>
<Channel>Microsoft-Windows-Sysmon/Operational</Channel>
<Computer>DESKTOP-RL1K13Q</Computer>
<Security UserID="S-1-5-18"></Security>
</System>
<EventData><Data Name="RuleName">-</Data>
<Data Name="UtcTime">2025-04-24 05:11:04.276</Data>
<Data Name="ProcessGuid">{59d32d4f-c7e8-6809-5101-000000001500}</Data>
<Data Name="ProcessId">4188</Data>
<Data Name="Image">C:\Program Files\OpenVPN\bin\openvpn.exe</Data>
<Data Name="FileVersion">2.6.9.0</Data>
<Data Name="Description">OpenVPN Daemon</Data>
<Data Name="Product">OpenVPN</Data>
<Data Name="Company">The OpenVPN Project</Data>
<Data Name="OriginalFileName">openvpn.exe</Data>
<Data Name="CommandLine">openvpn --version</Data>
<Data Name="CurrentDirectory">C:\Program Files\OpenVPN\bin\</Data>
<Data Name="User">DESKTOP-RL1K13Q\Bluecheap</Data>
<Data Name="LogonGuid">{59d32d4f-c774-6809-c1b4-260000000000}</Data>
<Data Name="LogonId">0x000000000026b4c1</Data>
<Data Name="TerminalSessionId">1</Data>
<Data Name="IntegrityLevel">Medium</Data>
<Data Name="Hashes">MD5=B0EBF81C5862EBD99265743DB38917D1,SHA256=528796CAAC8380DCBBA4F20F8B50D005AA6481AE1C513107F1AE3F59C156AE38,IMPHASH=73CB936AFAAF050BE2659F56929930B6</Data>
<Data Name="ParentProcessGuid">{59d32d4f-c7e8-6809-5001-000000001500}</Data>
<Data Name="ParentProcessId">1136</Data>
<Data Name="ParentImage">C:\Program Files\OpenVPN\bin\openvpn-gui.exe</Data>
<Data Name="ParentCommandLine">"C:\Program Files\OpenVPN\bin\openvpn-gui.exe" </Data>
<Data Name="ParentUser">DESKTOP-RL1K13Q\Bluecheap</Data>
</EventData>
</Event>

<Event xmlns="http://schemas.microsoft.com/win/2004/08/events/event"><System><Provider Name="Microsoft-Windows-Sysmon" Guid="{5770385f-c22a-43e0-bf4c-06f5698ffbd9}"></Provider>
<EventID Qualifiers="">5</EventID>
<Version>3</Version>
<Level>4</Level>
<Task>5</Task>
<Opcode>0</Opcode>
<Keywords>0x8000000000000000</Keywords>
<TimeCreated SystemTime="2025-04-24 05:11:07.161377+00:00"></TimeCreated>
<EventRecordID>861</EventRecordID>
<Correlation ActivityID="" RelatedActivityID=""></Correlation>
<Execution ProcessID="3288" ThreadID="3532"></Execution>
<Channel>Microsoft-Windows-Sysmon/Operational</Channel>
<Computer>DESKTOP-RL1K13Q</Computer>
<Security UserID="S-1-5-18"></Security>
</System>
<EventData><Data Name="RuleName">-</Data>
<Data Name="UtcTime">2025-04-24 05:11:07.147</Data>
<Data Name="ProcessGuid">{59d32d4f-c7e4-6809-4d01-000000001500}</Data>
<Data Name="ProcessId">9128</Data>
<Data Name="Image">C:\Users\Bluecheap\AppData\Local\Microsoft\OneDrive\25.056.0324.0003\FileCoAuth.exe</Data>
<Data Name="User">DESKTOP-RL1K13Q\Bluecheap</Data>
</EventData>
</Event>

<Event xmlns="http://schemas.microsoft.com/win/2004/08/events/event"><System><Provider Name="Microsoft-Windows-Sysmon" Guid="{5770385f-c22a-43e0-bf4c-06f5698ffbd9}"></Provider>
<EventID Qualifiers="">22</EventID>
<Version>5</Version>
<Level>4</Level>
<Task>22</Task>
<Opcode>0</Opcode>
<Keywords>0x8000000000000000</Keywords>
<TimeCreated SystemTime="2025-04-24 05:11:10.282957+00:00"></TimeCreated>
<EventRecordID>862</EventRecordID>
<Correlation ActivityID="" RelatedActivityID=""></Correlation>
<Execution ProcessID="3288" ThreadID="1836"></Execution>
<Channel>Microsoft-Windows-Sysmon/Operational</Channel>
<Computer>DESKTOP-RL1K13Q</Computer>
<Security UserID="S-1-5-18"></Security>
</System>
<EventData><Data Name="RuleName">-</Data>
<Data Name="UtcTime">2025-04-24 05:11:08.546</Data>
<Data Name="ProcessGuid">{59d32d4f-c7e4-6809-4e01-000000001500}</Data>
<Data Name="ProcessId">8864</Data>
<Data Name="QueryName">oneclient.sfx.ms</Data>
<Data Name="QueryStatus">0</Data>
<Data Name="QueryResults">type:  5 oneclient.sfx.ms.edgesuite.net;type:  5 a124.dscd.akamai.net;::ffff:103.154.227.250;::ffff:103.154.227.72;</Data>
<Data Name="Image">C:\Windows\System32\svchost.exe</Data>
<Data Name="User">NT AUTHORITY\SYSTEM</Data>
</EventData>
</Event>

<Event xmlns="http://schemas.microsoft.com/win/2004/08/events/event"><System><Provider Name="Microsoft-Windows-Sysmon" Guid="{5770385f-c22a-43e0-bf4c-06f5698ffbd9}"></Provider>
<EventID Qualifiers="">13</EventID>
<Version>2</Version>
<Level>4</Level>
<Task>13</Task>
<Opcode>0</Opcode>
<Keywords>0x8000000000000000</Keywords>
<TimeCreated SystemTime="2025-04-24 05:11:10.544758+00:00"></TimeCreated>
<EventRecordID>863</EventRecordID>
<Correlation ActivityID="" RelatedActivityID=""></Correlation>
<Execution ProcessID="3288" ThreadID="3532"></Execution>
<Channel>Microsoft-Windows-Sysmon/Operational</Channel>
<Computer>DESKTOP-RL1K13Q</Computer>
<Security UserID="S-1-5-18"></Security>
</System>
<EventData><Data Name="RuleName">T1042</Data>
<Data Name="EventType">SetValue</Data>
<Data Name="UtcTime">2025-04-24 05:11:10.475</Data>
<Data Name="ProcessGuid">{59d32d4f-c7df-6809-4c01-000000001500}</Data>
<Data Name="ProcessId">8404</Data>
<Data Name="Image">C:\Users\Bluecheap\AppData\Local\Microsoft\OneDrive\OneDrive.exe</Data>
<Data Name="TargetObject">HKU\S-1-5-21-2636795918-1848476775-1458562315-1001_Classes\grvopen\shell\open\command\(Default)</Data>
<Data Name="Details">"C:\Users\Bluecheap\AppData\Local\Microsoft\OneDrive\OneDrive.exe" /url:"%%1"</Data>
<Data Name="User">DESKTOP-RL1K13Q\Bluecheap</Data>
</EventData>
</Event>

<Event xmlns="http://schemas.microsoft.com/win/2004/08/events/event"><System><Provider Name="Microsoft-Windows-Sysmon" Guid="{5770385f-c22a-43e0-bf4c-06f5698ffbd9}"></Provider>
<EventID Qualifiers="">13</EventID>
<Version>2</Version>
<Level>4</Level>
<Task>13</Task>
<Opcode>0</Opcode>
<Keywords>0x8000000000000000</Keywords>
<TimeCreated SystemTime="2025-04-24 05:11:10.545216+00:00"></TimeCreated>
<EventRecordID>864</EventRecordID>
<Correlation ActivityID="" RelatedActivityID=""></Correlation>
<Execution ProcessID="3288" ThreadID="3532"></Execution>
<Channel>Microsoft-Windows-Sysmon/Operational</Channel>
<Computer>DESKTOP-RL1K13Q</Computer>
<Security UserID="S-1-5-18"></Security>
</System>
<EventData><Data Name="RuleName">T1042</Data>
<Data Name="EventType">SetValue</Data>
<Data Name="UtcTime">2025-04-24 05:11:10.475</Data>
<Data Name="ProcessGuid">{59d32d4f-c7df-6809-4c01-000000001500}</Data>
<Data Name="ProcessId">8404</Data>
<Data Name="Image">C:\Users\Bluecheap\AppData\Local\Microsoft\OneDrive\OneDrive.exe</Data>
<Data Name="TargetObject">HKU\S-1-5-21-2636795918-1848476775-1458562315-1001_Classes\grvopen\shell\open\command\(Default)</Data>
<Data Name="Details">"C:\Users\Bluecheap\AppData\Local\Microsoft\OneDrive\OneDrive.exe" /url:"%%1"</Data>
<Data Name="User">DESKTOP-RL1K13Q\Bluecheap</Data>
</EventData>
</Event>

<Event xmlns="http://schemas.microsoft.com/win/2004/08/events/event"><System><Provider Name="Microsoft-Windows-Sysmon" Guid="{5770385f-c22a-43e0-bf4c-06f5698ffbd9}"></Provider>
<EventID Qualifiers="">11</EventID>
<Version>2</Version>
<Level>4</Level>
<Task>11</Task>
<Opcode>0</Opcode>
<Keywords>0x8000000000000000</Keywords>
<TimeCreated SystemTime="2025-04-24 05:11:20.603920+00:00"></TimeCreated>
<EventRecordID>865</EventRecordID>
<Correlation ActivityID="" RelatedActivityID=""></Correlation>
<Execution ProcessID="3288" ThreadID="3532"></Execution>
<Channel>Microsoft-Windows-Sysmon/Operational</Channel>
<Computer>DESKTOP-RL1K13Q</Computer>
<Security UserID="S-1-5-18"></Security>
</System>
<EventData><Data Name="RuleName">EXE</Data>
<Data Name="UtcTime">2025-04-24 05:11:20.600</Data>
<Data Name="ProcessGuid">{59d32d4f-c727-6809-e600-000000001500}</Data>
<Data Name="ProcessId">5688</Data>
<Data Name="Image">C:\Program Files (x86)\Microsoft\EdgeUpdate\Install\{29BE3D68-08E4-435C-A074-4C248B9868F6}\EDGEMITMP_7987E.tmp\setup.exe</Data>
<Data Name="TargetFilename">C:\Program Files (x86)\Microsoft\EdgeCore\135.0.3179.85\msedge.exe</Data>
<Data Name="CreationUtcTime">2025-04-24 05:11:20.600</Data>
<Data Name="User">NT AUTHORITY\SYSTEM</Data>
</EventData>
</Event>

<Event xmlns="http://schemas.microsoft.com/win/2004/08/events/event"><System><Provider Name="Microsoft-Windows-Sysmon" Guid="{5770385f-c22a-43e0-bf4c-06f5698ffbd9}"></Provider>
<EventID Qualifiers="">11</EventID>
<Version>2</Version>
<Level>4</Level>
<Task>11</Task>
<Opcode>0</Opcode>
<Keywords>0x8000000000000000</Keywords>
<TimeCreated SystemTime="2025-04-24 05:11:20.844479+00:00"></TimeCreated>
<EventRecordID>866</EventRecordID>
<Correlation ActivityID="" RelatedActivityID=""></Correlation>
<Execution ProcessID="3288" ThreadID="3532"></Execution>
<Channel>Microsoft-Windows-Sysmon/Operational</Channel>
<Computer>DESKTOP-RL1K13Q</Computer>
<Security UserID="S-1-5-18"></Security>
</System>
<EventData><Data Name="RuleName">EXE</Data>
<Data Name="UtcTime">2025-04-24 05:11:20.835</Data>
<Data Name="ProcessGuid">{59d32d4f-c727-6809-e600-000000001500}</Data>
<Data Name="ProcessId">5688</Data>
<Data Name="Image">C:\Program Files (x86)\Microsoft\EdgeUpdate\Install\{29BE3D68-08E4-435C-A074-4C248B9868F6}\EDGEMITMP_7987E.tmp\setup.exe</Data>
<Data Name="TargetFilename">C:\Program Files (x86)\Microsoft\EdgeCore\135.0.3179.85\msedgewebview2.exe</Data>
<Data Name="CreationUtcTime">2025-04-24 05:11:20.835</Data>
<Data Name="User">NT AUTHORITY\SYSTEM</Data>
</EventData>
</Event>

<Event xmlns="http://schemas.microsoft.com/win/2004/08/events/event"><System><Provider Name="Microsoft-Windows-Sysmon" Guid="{5770385f-c22a-43e0-bf4c-06f5698ffbd9}"></Provider>
<EventID Qualifiers="">11</EventID>
<Version>2</Version>
<Level>4</Level>
<Task>11</Task>
<Opcode>0</Opcode>
<Keywords>0x8000000000000000</Keywords>
<TimeCreated SystemTime="2025-04-24 05:11:21.253954+00:00"></TimeCreated>
<EventRecordID>867</EventRecordID>
<Correlation ActivityID="" RelatedActivityID=""></Correlation>
<Execution ProcessID="3288" ThreadID="3532"></Execution>
<Channel>Microsoft-Windows-Sysmon/Operational</Channel>
<Computer>DESKTOP-RL1K13Q</Computer>
<Security UserID="S-1-5-18"></Security>
</System>
<EventData><Data Name="RuleName">DLL</Data>
<Data Name="UtcTime">2025-04-24 05:11:21.242</Data>
<Data Name="ProcessGuid">{59d32d4f-c727-6809-e600-000000001500}</Data>
<Data Name="ProcessId">5688</Data>
<Data Name="Image">C:\Program Files (x86)\Microsoft\EdgeUpdate\Install\{29BE3D68-08E4-435C-A074-4C248B9868F6}\EDGEMITMP_7987E.tmp\setup.exe</Data>
<Data Name="TargetFilename">C:\Program Files (x86)\Microsoft\EdgeCore\135.0.3179.85\msedge_elf.dll</Data>
<Data Name="CreationUtcTime">2025-04-24 05:11:21.242</Data>
<Data Name="User">NT AUTHORITY\SYSTEM</Data>
</EventData>
</Event>

<Event xmlns="http://schemas.microsoft.com/win/2004/08/events/event"><System><Provider Name="Microsoft-Windows-Sysmon" Guid="{5770385f-c22a-43e0-bf4c-06f5698ffbd9}"></Provider>
<EventID Qualifiers="">11</EventID>
<Version>2</Version>
<Level>4</Level>
<Task>11</Task>
<Opcode>0</Opcode>
<Keywords>0x8000000000000000</Keywords>
<TimeCreated SystemTime="2025-04-24 05:11:21.465963+00:00"></TimeCreated>
<EventRecordID>868</EventRecordID>
<Correlation ActivityID="" RelatedActivityID=""></Correlation>
<Execution ProcessID="3288" ThreadID="3532"></Execution>
<Channel>Microsoft-Windows-Sysmon/Operational</Channel>
<Computer>DESKTOP-RL1K13Q</Computer>
<Security UserID="S-1-5-18"></Security>
</System>
<EventData><Data Name="RuleName">EXE</Data>
<Data Name="UtcTime">2025-04-24 05:11:21.460</Data>
<Data Name="ProcessGuid">{59d32d4f-c727-6809-e600-000000001500}</Data>
<Data Name="ProcessId">5688</Data>
<Data Name="Image">C:\Program Files (x86)\Microsoft\EdgeUpdate\Install\{29BE3D68-08E4-435C-A074-4C248B9868F6}\EDGEMITMP_7987E.tmp\setup.exe</Data>
<Data Name="TargetFilename">C:\Program Files (x86)\Microsoft\EdgeCore\135.0.3179.85\msedge_proxy.exe</Data>
<Data Name="CreationUtcTime">2025-04-24 05:11:21.460</Data>
<Data Name="User">NT AUTHORITY\SYSTEM</Data>
</EventData>
</Event>

<Event xmlns="http://schemas.microsoft.com/win/2004/08/events/event"><System><Provider Name="Microsoft-Windows-Sysmon" Guid="{5770385f-c22a-43e0-bf4c-06f5698ffbd9}"></Provider>
<EventID Qualifiers="">11</EventID>
<Version>2</Version>
<Level>4</Level>
<Task>11</Task>
<Opcode>0</Opcode>
<Keywords>0x8000000000000000</Keywords>
<TimeCreated SystemTime="2025-04-24 05:11:21.562794+00:00"></TimeCreated>
<EventRecordID>869</EventRecordID>
<Correlation ActivityID="" RelatedActivityID=""></Correlation>
<Execution ProcessID="3288" ThreadID="3532"></Execution>
<Channel>Microsoft-Windows-Sysmon/Operational</Channel>
<Computer>DESKTOP-RL1K13Q</Computer>
<Security UserID="S-1-5-18"></Security>
</System>
<EventData><Data Name="RuleName">EXE</Data>
<Data Name="UtcTime">2025-04-24 05:11:21.554</Data>
<Data Name="ProcessGuid">{59d32d4f-c727-6809-e600-000000001500}</Data>
<Data Name="ProcessId">5688</Data>
<Data Name="Image">C:\Program Files (x86)\Microsoft\EdgeUpdate\Install\{29BE3D68-08E4-435C-A074-4C248B9868F6}\EDGEMITMP_7987E.tmp\setup.exe</Data>
<Data Name="TargetFilename">C:\Program Files (x86)\Microsoft\EdgeCore\135.0.3179.85\msedge_pwa_launcher.exe</Data>
<Data Name="CreationUtcTime">2025-04-24 05:11:21.554</Data>
<Data Name="User">NT AUTHORITY\SYSTEM</Data>
</EventData>
</Event>

<Event xmlns="http://schemas.microsoft.com/win/2004/08/events/event"><System><Provider Name="Microsoft-Windows-Sysmon" Guid="{5770385f-c22a-43e0-bf4c-06f5698ffbd9}"></Provider>
<EventID Qualifiers="">11</EventID>
<Version>2</Version>
<Level>4</Level>
<Task>11</Task>
<Opcode>0</Opcode>
<Keywords>0x8000000000000000</Keywords>
<TimeCreated SystemTime="2025-04-24 05:11:21.655146+00:00"></TimeCreated>
<EventRecordID>870</EventRecordID>
<Correlation ActivityID="" RelatedActivityID=""></Correlation>
<Execution ProcessID="3288" ThreadID="3532"></Execution>
<Channel>Microsoft-Windows-Sysmon/Operational</Channel>
<Computer>DESKTOP-RL1K13Q</Computer>
<Security UserID="S-1-5-18"></Security>
</System>
<EventData><Data Name="RuleName">DLL</Data>
<Data Name="UtcTime">2025-04-24 05:11:21.648</Data>
<Data Name="ProcessGuid">{59d32d4f-c727-6809-e600-000000001500}</Data>
<Data Name="ProcessId">5688</Data>
<Data Name="Image">C:\Program Files (x86)\Microsoft\EdgeUpdate\Install\{29BE3D68-08E4-435C-A074-4C248B9868F6}\EDGEMITMP_7987E.tmp\setup.exe</Data>
<Data Name="TargetFilename">C:\Program Files (x86)\Microsoft\EdgeCore\135.0.3179.85\msedge_wer.dll</Data>
<Data Name="CreationUtcTime">2025-04-24 05:11:21.648</Data>
<Data Name="User">NT AUTHORITY\SYSTEM</Data>
</EventData>
</Event>

<Event xmlns="http://schemas.microsoft.com/win/2004/08/events/event"><System><Provider Name="Microsoft-Windows-Sysmon" Guid="{5770385f-c22a-43e0-bf4c-06f5698ffbd9}"></Provider>
<EventID Qualifiers="">11</EventID>
<Version>2</Version>
<Level>4</Level>
<Task>11</Task>
<Opcode>0</Opcode>
<Keywords>0x8000000000000000</Keywords>
<TimeCreated SystemTime="2025-04-24 05:11:21.685400+00:00"></TimeCreated>
<EventRecordID>871</EventRecordID>
<Correlation ActivityID="" RelatedActivityID=""></Correlation>
<Execution ProcessID="3288" ThreadID="3532"></Execution>
<Channel>Microsoft-Windows-Sysmon/Operational</Channel>
<Computer>DESKTOP-RL1K13Q</Computer>
<Security UserID="S-1-5-18"></Security>
</System>
<EventData><Data Name="RuleName">DLL</Data>
<Data Name="UtcTime">2025-04-24 05:11:21.679</Data>
<Data Name="ProcessGuid">{59d32d4f-c727-6809-e600-000000001500}</Data>
<Data Name="ProcessId">5688</Data>
<Data Name="Image">C:\Program Files (x86)\Microsoft\EdgeUpdate\Install\{29BE3D68-08E4-435C-A074-4C248B9868F6}\EDGEMITMP_7987E.tmp\setup.exe</Data>
<Data Name="TargetFilename">C:\Program Files (x86)\Microsoft\EdgeCore\135.0.3179.85\mspdf.dll</Data>
<Data Name="CreationUtcTime">2025-04-24 05:11:21.679</Data>
<Data Name="User">NT AUTHORITY\SYSTEM</Data>
</EventData>
</Event>

<Event xmlns="http://schemas.microsoft.com/win/2004/08/events/event"><System><Provider Name="Microsoft-Windows-Sysmon" Guid="{5770385f-c22a-43e0-bf4c-06f5698ffbd9}"></Provider>
<EventID Qualifiers="">1</EventID>
<Version>5</Version>
<Level>4</Level>
<Task>1</Task>
<Opcode>0</Opcode>
<Keywords>0x8000000000000000</Keywords>
<TimeCreated SystemTime="2025-04-24 05:11:22.352871+00:00"></TimeCreated>
<EventRecordID>872</EventRecordID>
<Correlation ActivityID="" RelatedActivityID=""></Correlation>
<Execution ProcessID="3288" ThreadID="3532"></Execution>
<Channel>Microsoft-Windows-Sysmon/Operational</Channel>
<Computer>DESKTOP-RL1K13Q</Computer>
<Security UserID="S-1-5-18"></Security>
</System>
<EventData><Data Name="RuleName">-</Data>
<Data Name="UtcTime">2025-04-24 05:11:22.347</Data>
<Data Name="ProcessGuid">{59d32d4f-c7fa-6809-5501-000000001500}</Data>
<Data Name="ProcessId">5472</Data>
<Data Name="Image">C:\Windows\System32\svchost.exe</Data>
<Data Name="FileVersion">10.0.19041.3636 (WinBuild.160101.0800)</Data>
<Data Name="Description">Host Process for Windows Services</Data>
<Data Name="Product">Microsoft&#174; Windows&#174; Operating System</Data>
<Data Name="Company">Microsoft Corporation</Data>
<Data Name="OriginalFileName">svchost.exe</Data>
<Data Name="CommandLine">C:\Windows\system32\svchost.exe -k netsvcs -p -s lfsvc</Data>
<Data Name="CurrentDirectory">C:\Windows\system32\</Data>
<Data Name="User">NT AUTHORITY\SYSTEM</Data>
<Data Name="LogonGuid">{59d32d4f-c62e-6809-e703-000000000000}</Data>
<Data Name="LogonId">0x00000000000003e7</Data>
<Data Name="TerminalSessionId">0</Data>
<Data Name="IntegrityLevel">System</Data>
<Data Name="Hashes">MD5=145DCF6706EEEA5B066885EE17964C09,SHA256=F13DE58416730D210DAB465B242E9C949FB0A0245EEF45B07C381F0C6C8A43C3,IMPHASH=247B9220E5D9B720A82B2C8B5069AD69</Data>
<Data Name="ParentProcessGuid">{59d32d4f-c62d-6809-0b00-000000001500}</Data>
<Data Name="ParentProcessId">696</Data>
<Data Name="ParentImage">C:\Windows\System32\services.exe</Data>
<Data Name="ParentCommandLine">C:\Windows\system32\services.exe</Data>
<Data Name="ParentUser">NT AUTHORITY\SYSTEM</Data>
</EventData>
</Event>

<Event xmlns="http://schemas.microsoft.com/win/2004/08/events/event"><System><Provider Name="Microsoft-Windows-Sysmon" Guid="{5770385f-c22a-43e0-bf4c-06f5698ffbd9}"></Provider>
<EventID Qualifiers="">11</EventID>
<Version>2</Version>
<Level>4</Level>
<Task>11</Task>
<Opcode>0</Opcode>
<Keywords>0x8000000000000000</Keywords>
<TimeCreated SystemTime="2025-04-24 05:11:22.418480+00:00"></TimeCreated>
<EventRecordID>873</EventRecordID>
<Correlation ActivityID="" RelatedActivityID=""></Correlation>
<Execution ProcessID="3288" ThreadID="3532"></Execution>
<Channel>Microsoft-Windows-Sysmon/Operational</Channel>
<Computer>DESKTOP-RL1K13Q</Computer>
<Security UserID="S-1-5-18"></Security>
</System>
<EventData><Data Name="RuleName">DLL</Data>
<Data Name="UtcTime">2025-04-24 05:11:22.413</Data>
<Data Name="ProcessGuid">{59d32d4f-c727-6809-e600-000000001500}</Data>
<Data Name="ProcessId">5688</Data>
<Data Name="Image">C:\Program Files (x86)\Microsoft\EdgeUpdate\Install\{29BE3D68-08E4-435C-A074-4C248B9868F6}\EDGEMITMP_7987E.tmp\setup.exe</Data>
<Data Name="TargetFilename">C:\Program Files (x86)\Microsoft\EdgeCore\135.0.3179.85\msvcp140.dll</Data>
<Data Name="CreationUtcTime">2025-04-24 05:11:22.413</Data>
<Data Name="User">NT AUTHORITY\SYSTEM</Data>
</EventData>
</Event>

<Event xmlns="http://schemas.microsoft.com/win/2004/08/events/event"><System><Provider Name="Microsoft-Windows-Sysmon" Guid="{5770385f-c22a-43e0-bf4c-06f5698ffbd9}"></Provider>
<EventID Qualifiers="">11</EventID>
<Version>2</Version>
<Level>4</Level>
<Task>11</Task>
<Opcode>0</Opcode>
<Keywords>0x8000000000000000</Keywords>
<TimeCreated SystemTime="2025-04-24 05:11:22.790388+00:00"></TimeCreated>
<EventRecordID>874</EventRecordID>
<Correlation ActivityID="" RelatedActivityID=""></Correlation>
<Execution ProcessID="3288" ThreadID="3532"></Execution>
<Channel>Microsoft-Windows-Sysmon/Operational</Channel>
<Computer>DESKTOP-RL1K13Q</Computer>
<Security UserID="S-1-5-18"></Security>
</System>
<EventData><Data Name="RuleName">DLL</Data>
<Data Name="UtcTime">2025-04-24 05:11:22.788</Data>
<Data Name="ProcessGuid">{59d32d4f-c727-6809-e600-000000001500}</Data>
<Data Name="ProcessId">5688</Data>
<Data Name="Image">C:\Program Files (x86)\Microsoft\EdgeUpdate\Install\{29BE3D68-08E4-435C-A074-4C248B9868F6}\EDGEMITMP_7987E.tmp\setup.exe</Data>
<Data Name="TargetFilename">C:\Program Files (x86)\Microsoft\EdgeCore\135.0.3179.85\msvcp140_codecvt_ids.dll</Data>
<Data Name="CreationUtcTime">2025-04-24 05:11:22.772</Data>
<Data Name="User">NT AUTHORITY\SYSTEM</Data>
</EventData>
</Event>

<Event xmlns="http://schemas.microsoft.com/win/2004/08/events/event"><System><Provider Name="Microsoft-Windows-Sysmon" Guid="{5770385f-c22a-43e0-bf4c-06f5698ffbd9}"></Provider>
<EventID Qualifiers="">11</EventID>
<Version>2</Version>
<Level>4</Level>
<Task>11</Task>
<Opcode>0</Opcode>
<Keywords>0x8000000000000000</Keywords>
<TimeCreated SystemTime="2025-04-24 05:11:22.850267+00:00"></TimeCreated>
<EventRecordID>875</EventRecordID>
<Correlation ActivityID="" RelatedActivityID=""></Correlation>
<Execution ProcessID="3288" ThreadID="3532"></Execution>
<Channel>Microsoft-Windows-Sysmon/Operational</Channel>
<Computer>DESKTOP-RL1K13Q</Computer>
<Security UserID="S-1-5-18"></Security>
</System>
<EventData><Data Name="RuleName">EXE</Data>
<Data Name="UtcTime">2025-04-24 05:11:22.835</Data>
<Data Name="ProcessGuid">{59d32d4f-c727-6809-e600-000000001500}</Data>
<Data Name="ProcessId">5688</Data>
<Data Name="Image">C:\Program Files (x86)\Microsoft\EdgeUpdate\Install\{29BE3D68-08E4-435C-A074-4C248B9868F6}\EDGEMITMP_7987E.tmp\setup.exe</Data>
<Data Name="TargetFilename">C:\Program Files (x86)\Microsoft\EdgeCore\135.0.3179.85\notification_helper.exe</Data>
<Data Name="CreationUtcTime">2025-04-24 05:11:22.835</Data>
<Data Name="User">NT AUTHORITY\SYSTEM</Data>
</EventData>
</Event>

<Event xmlns="http://schemas.microsoft.com/win/2004/08/events/event"><System><Provider Name="Microsoft-Windows-Sysmon" Guid="{5770385f-c22a-43e0-bf4c-06f5698ffbd9}"></Provider>
<EventID Qualifiers="">11</EventID>
<Version>2</Version>
<Level>4</Level>
<Task>11</Task>
<Opcode>0</Opcode>
<Keywords>0x8000000000000000</Keywords>
<TimeCreated SystemTime="2025-04-24 05:11:23.046249+00:00"></TimeCreated>
<EventRecordID>876</EventRecordID>
<Correlation ActivityID="" RelatedActivityID=""></Correlation>
<Execution ProcessID="3288" ThreadID="3532"></Execution>
<Channel>Microsoft-Windows-Sysmon/Operational</Channel>
<Computer>DESKTOP-RL1K13Q</Computer>
<Security UserID="S-1-5-18"></Security>
</System>
<EventData><Data Name="RuleName">DLL</Data>
<Data Name="UtcTime">2025-04-24 05:11:23.038</Data>
<Data Name="ProcessGuid">{59d32d4f-c727-6809-e600-000000001500}</Data>
<Data Name="ProcessId">5688</Data>
<Data Name="Image">C:\Program Files (x86)\Microsoft\EdgeUpdate\Install\{29BE3D68-08E4-435C-A074-4C248B9868F6}\EDGEMITMP_7987E.tmp\setup.exe</Data>
<Data Name="TargetFilename">C:\Program Files (x86)\Microsoft\EdgeCore\135.0.3179.85\oneauth.dll</Data>
<Data Name="CreationUtcTime">2025-04-24 05:11:23.038</Data>
<Data Name="User">NT AUTHORITY\SYSTEM</Data>
</EventData>
</Event>

<Event xmlns="http://schemas.microsoft.com/win/2004/08/events/event"><System><Provider Name="Microsoft-Windows-Sysmon" Guid="{5770385f-c22a-43e0-bf4c-06f5698ffbd9}"></Provider>
<EventID Qualifiers="">11</EventID>
<Version>2</Version>
<Level>4</Level>
<Task>11</Task>
<Opcode>0</Opcode>
<Keywords>0x8000000000000000</Keywords>
<TimeCreated SystemTime="2025-04-24 05:11:23.345037+00:00"></TimeCreated>
<EventRecordID>877</EventRecordID>
<Correlation ActivityID="" RelatedActivityID=""></Correlation>
<Execution ProcessID="3288" ThreadID="3532"></Execution>
<Channel>Microsoft-Windows-Sysmon/Operational</Channel>
<Computer>DESKTOP-RL1K13Q</Computer>
<Security UserID="S-1-5-18"></Security>
</System>
<EventData><Data Name="RuleName">DLL</Data>
<Data Name="UtcTime">2025-04-24 05:11:23.335</Data>
<Data Name="ProcessGuid">{59d32d4f-c727-6809-e600-000000001500}</Data>
<Data Name="ProcessId">5688</Data>
<Data Name="Image">C:\Program Files (x86)\Microsoft\EdgeUpdate\Install\{29BE3D68-08E4-435C-A074-4C248B9868F6}\EDGEMITMP_7987E.tmp\setup.exe</Data>
<Data Name="TargetFilename">C:\Program Files (x86)\Microsoft\EdgeCore\135.0.3179.85\oneds.dll</Data>
<Data Name="CreationUtcTime">2025-04-24 05:11:23.335</Data>
<Data Name="User">NT AUTHORITY\SYSTEM</Data>
</EventData>
</Event>

