<Event xmlns="http://schemas.microsoft.com/win/2004/08/events/event"><System><Provider Name="Microsoft-Windows-Sysmon" Guid="{5770385f-c22a-43e0-bf4c-06f5698ffbd9}"></Provider>
<EventID Qualifiers="">1</EventID>
<Version>5</Version>
<Level>4</Level>
<Task>1</Task>
<Opcode>0</Opcode>
<Keywords>0x8000000000000000</Keywords>
<TimeCreated SystemTime="2025-04-24 07:13:19.576910+00:00"></TimeCreated>
<EventRecordID>1219</EventRecordID>
<Correlation ActivityID="" RelatedActivityID=""></Correlation>
<Execution ProcessID="3288" ThreadID="3532"></Execution>
<Channel>Microsoft-Windows-Sysmon/Operational</Channel>
<Computer>DESKTOP-RL1K13Q</Computer>
<Security UserID="S-1-5-18"></Security>
</System>
<EventData><Data Name="RuleName">-</Data>
<Data Name="UtcTime">2025-04-24 07:13:19.526</Data>
<Data Name="ProcessGuid">{59d32d4f-e48f-6809-ce01-000000001500}</Data>
<Data Name="ProcessId">4564</Data>
<Data Name="Image">C:\Program Files (x86)\Microsoft\EdgeUpdate\MicrosoftEdgeUpdate.exe</Data>
<Data Name="FileVersion">1.3.133.5</Data>
<Data Name="Description">Microsoft Edge Update</Data>
<Data Name="Product">Microsoft Edge Update</Data>
<Data Name="Company">Microsoft Corporation</Data>
<Data Name="OriginalFileName">msedgeupdate.dll</Data>
<Data Name="CommandLine">"C:\Program Files (x86)\Microsoft\EdgeUpdate\MicrosoftEdgeUpdate.exe" /ua /installsource scheduler</Data>
<Data Name="CurrentDirectory">C:\Windows\system32\</Data>
<Data Name="User">NT AUTHORITY\SYSTEM</Data>
<Data Name="LogonGuid">{59d32d4f-c62e-6809-e703-000000000000}</Data>
<Data Name="LogonId">0x00000000000003e7</Data>
<Data Name="TerminalSessionId">0</Data>
<Data Name="IntegrityLevel">System</Data>
<Data Name="Hashes">MD5=B55AD19C6C110E9BF985BC8674F7BCB3,SHA256=9991BA022173F283EE99068B708F60AC5143FE0C81C9E3673CC7835B108A4F44,IMPHASH=30AD68B9DC9737D8C720DD9284051ADD</Data>
<Data Name="ParentProcessGuid">{59d32d4f-c631-6809-2600-000000001500}</Data>
<Data Name="ParentProcessId">1652</Data>
<Data Name="ParentImage">C:\Windows\System32\svchost.exe</Data>
<Data Name="ParentCommandLine">C:\Windows\system32\svchost.exe -k netsvcs -p -s Schedule</Data>
<Data Name="ParentUser">NT AUTHORITY\SYSTEM</Data>
</EventData>
</Event>

<Event xmlns="http://schemas.microsoft.com/win/2004/08/events/event"><System><Provider Name="Microsoft-Windows-Sysmon" Guid="{5770385f-c22a-43e0-bf4c-06f5698ffbd9}"></Provider>
<EventID Qualifiers="">1</EventID>
<Version>5</Version>
<Level>4</Level>
<Task>1</Task>
<Opcode>0</Opcode>
<Keywords>0x8000000000000000</Keywords>
<TimeCreated SystemTime="2025-04-24 07:13:20.066050+00:00"></TimeCreated>
<EventRecordID>1220</EventRecordID>
<Correlation ActivityID="" RelatedActivityID=""></Correlation>
<Execution ProcessID="3288" ThreadID="3532"></Execution>
<Channel>Microsoft-Windows-Sysmon/Operational</Channel>
<Computer>DESKTOP-RL1K13Q</Computer>
<Security UserID="S-1-5-18"></Security>
</System>
<EventData><Data Name="RuleName">-</Data>
<Data Name="UtcTime">2025-04-24 07:13:19.562</Data>
<Data Name="ProcessGuid">{59d32d4f-e48f-6809-cf01-000000001500}</Data>
<Data Name="ProcessId">5988</Data>
<Data Name="Image">C:\Program Files (x86)\Google\GoogleUpdater\137.0.7129.0\updater.exe</Data>
<Data Name="FileVersion">137.0.7129.0</Data>
<Data Name="Description">Google Updater (x64)</Data>
<Data Name="Product">Google Updater (x64)</Data>
<Data Name="Company">Google LLC</Data>
<Data Name="OriginalFileName">updater.exe</Data>
<Data Name="CommandLine">"C:\Program Files (x86)\Google\GoogleUpdater\137.0.7129.0\updater.exe" --wake --system</Data>
<Data Name="CurrentDirectory">C:\Windows\system32\</Data>
<Data Name="User">NT AUTHORITY\SYSTEM</Data>
<Data Name="LogonGuid">{59d32d4f-c62e-6809-e703-000000000000}</Data>
<Data Name="LogonId">0x00000000000003e7</Data>
<Data Name="TerminalSessionId">0</Data>
<Data Name="IntegrityLevel">System</Data>
<Data Name="Hashes">MD5=DCDE1606573F4FD0D0B1802424BEFBF2,SHA256=8FF75A69C58B3DF5FF554B91DECEE0E6AAEE77C6A341BCC2C9A60CC67F044961,IMPHASH=B413F35F15CA6B901BF948B6208B60E0</Data>
<Data Name="ParentProcessGuid">{59d32d4f-c631-6809-2600-000000001500}</Data>
<Data Name="ParentProcessId">1652</Data>
<Data Name="ParentImage">C:\Windows\System32\svchost.exe</Data>
<Data Name="ParentCommandLine">C:\Windows\system32\svchost.exe -k netsvcs -p -s Schedule</Data>
<Data Name="ParentUser">NT AUTHORITY\SYSTEM</Data>
</EventData>
</Event>

<Event xmlns="http://schemas.microsoft.com/win/2004/08/events/event"><System><Provider Name="Microsoft-Windows-Sysmon" Guid="{5770385f-c22a-43e0-bf4c-06f5698ffbd9}"></Provider>
<EventID Qualifiers="">13</EventID>
<Version>2</Version>
<Level>4</Level>
<Task>13</Task>
<Opcode>0</Opcode>
<Keywords>0x8000000000000000</Keywords>
<TimeCreated SystemTime="2025-04-24 07:13:20.583641+00:00"></TimeCreated>
<EventRecordID>1221</EventRecordID>
<Correlation ActivityID="" RelatedActivityID=""></Correlation>
<Execution ProcessID="3288" ThreadID="3532"></Execution>
<Channel>Microsoft-Windows-Sysmon/Operational</Channel>
<Computer>DESKTOP-RL1K13Q</Computer>
<Security UserID="S-1-5-18"></Security>
</System>
<EventData><Data Name="RuleName">-</Data>
<Data Name="EventType">SetValue</Data>
<Data Name="UtcTime">2025-04-24 07:13:20.506</Data>
<Data Name="ProcessGuid">{59d32d4f-c632-6809-2d00-000000001500}</Data>
<Data Name="ProcessId">1852</Data>
<Data Name="Image">C:\Windows\System32\svchost.exe</Data>
<Data Name="TargetObject">HKLM\SOFTWARE\Microsoft\Windows NT\CurrentVersion\NetworkList\Profiles\{7C8CED3B-AE81-44EF-B92A-25C41EFECE0C}\DateLastConnected</Data>
<Data Name="Details">Binary Data</Data>
<Data Name="User">NT AUTHORITY\LOCAL SERVICE</Data>
</EventData>
</Event>

<Event xmlns="http://schemas.microsoft.com/win/2004/08/events/event"><System><Provider Name="Microsoft-Windows-Sysmon" Guid="{5770385f-c22a-43e0-bf4c-06f5698ffbd9}"></Provider>
<EventID Qualifiers="">1</EventID>
<Version>5</Version>
<Level>4</Level>
<Task>1</Task>
<Opcode>0</Opcode>
<Keywords>0x8000000000000000</Keywords>
<TimeCreated SystemTime="2025-04-24 07:13:21.306692+00:00"></TimeCreated>
<EventRecordID>1222</EventRecordID>
<Correlation ActivityID="" RelatedActivityID=""></Correlation>
<Execution ProcessID="3288" ThreadID="3532"></Execution>
<Channel>Microsoft-Windows-Sysmon/Operational</Channel>
<Computer>DESKTOP-RL1K13Q</Computer>
<Security UserID="S-1-5-18"></Security>
</System>
<EventData><Data Name="RuleName">-</Data>
<Data Name="UtcTime">2025-04-24 07:13:20.992</Data>
<Data Name="ProcessGuid">{59d32d4f-e490-6809-d001-000000001500}</Data>
<Data Name="ProcessId">6664</Data>
<Data Name="Image">C:\Windows\System32\UsoClient.exe</Data>
<Data Name="FileVersion">10.0.19041.3758 (WinBuild.160101.0800)</Data>
<Data Name="Description">UsoClient</Data>
<Data Name="Product">Microsoft&#174; Windows&#174; Operating System</Data>
<Data Name="Company">Microsoft Corporation</Data>
<Data Name="OriginalFileName">UsoClient</Data>
<Data Name="CommandLine">"C:\Windows\system32\usoclient.exe" StartScan</Data>
<Data Name="CurrentDirectory">C:\Windows\system32\</Data>
<Data Name="User">NT AUTHORITY\SYSTEM</Data>
<Data Name="LogonGuid">{59d32d4f-c62e-6809-e703-000000000000}</Data>
<Data Name="LogonId">0x00000000000003e7</Data>
<Data Name="TerminalSessionId">0</Data>
<Data Name="IntegrityLevel">System</Data>
<Data Name="Hashes">MD5=56AA8F087C6BE7911A0C567DD4FC94CB,SHA256=AC1DD7DE072C0114635FD7F05C8033518B6B480CB925B3DD789C0B815F6D20BA,IMPHASH=6E7DA394C3973D54667DAA437FA88BE5</Data>
<Data Name="ParentProcessGuid">{59d32d4f-c631-6809-2600-000000001500}</Data>
<Data Name="ParentProcessId">1652</Data>
<Data Name="ParentImage">C:\Windows\System32\svchost.exe</Data>
<Data Name="ParentCommandLine">C:\Windows\system32\svchost.exe -k netsvcs -p -s Schedule</Data>
<Data Name="ParentUser">NT AUTHORITY\SYSTEM</Data>
</EventData>
</Event>

<Event xmlns="http://schemas.microsoft.com/win/2004/08/events/event"><System><Provider Name="Microsoft-Windows-Sysmon" Guid="{5770385f-c22a-43e0-bf4c-06f5698ffbd9}"></Provider>
<EventID Qualifiers="">1</EventID>
<Version>5</Version>
<Level>4</Level>
<Task>1</Task>
<Opcode>0</Opcode>
<Keywords>0x8000000000000000</Keywords>
<TimeCreated SystemTime="2025-04-24 07:13:21.309319+00:00"></TimeCreated>
<EventRecordID>1223</EventRecordID>
<Correlation ActivityID="" RelatedActivityID=""></Correlation>
<Execution ProcessID="3288" ThreadID="3532"></Execution>
<Channel>Microsoft-Windows-Sysmon/Operational</Channel>
<Computer>DESKTOP-RL1K13Q</Computer>
<Security UserID="S-1-5-18"></Security>
</System>
<EventData><Data Name="RuleName">-</Data>
<Data Name="UtcTime">2025-04-24 07:13:21.062</Data>
<Data Name="ProcessGuid">{59d32d4f-e491-6809-d101-000000001500}</Data>
<Data Name="ProcessId">5508</Data>
<Data Name="Image">C:\Windows\System32\wermgr.exe</Data>
<Data Name="FileVersion">10.0.19041.3996 (WinBuild.160101.0800)</Data>
<Data Name="Description">Windows Problem Reporting</Data>
<Data Name="Product">Microsoft&#174; Windows&#174; Operating System</Data>
<Data Name="Company">Microsoft Corporation</Data>
<Data Name="OriginalFileName">WerMgr</Data>
<Data Name="CommandLine">"C:\Windows\system32\wermgr.exe" -upload</Data>
<Data Name="CurrentDirectory">C:\Windows\system32\</Data>
<Data Name="User">NT AUTHORITY\SYSTEM</Data>
<Data Name="LogonGuid">{59d32d4f-c62e-6809-e703-000000000000}</Data>
<Data Name="LogonId">0x00000000000003e7</Data>
<Data Name="TerminalSessionId">0</Data>
<Data Name="IntegrityLevel">System</Data>
<Data Name="Hashes">MD5=AF2F2648EBF1E62B6A88C991233C8612,SHA256=A6D33438D6DEE238DE1A16BF18AFB55002D15987525044351D2EC131D91992EF,IMPHASH=9F236556F51749A0CA4BDF2040EA2478</Data>
<Data Name="ParentProcessGuid">{59d32d4f-c631-6809-2600-000000001500}</Data>
<Data Name="ParentProcessId">1652</Data>
<Data Name="ParentImage">C:\Windows\System32\svchost.exe</Data>
<Data Name="ParentCommandLine">C:\Windows\system32\svchost.exe -k netsvcs -p -s Schedule</Data>
<Data Name="ParentUser">NT AUTHORITY\SYSTEM</Data>
</EventData>
</Event>

<Event xmlns="http://schemas.microsoft.com/win/2004/08/events/event"><System><Provider Name="Microsoft-Windows-Sysmon" Guid="{5770385f-c22a-43e0-bf4c-06f5698ffbd9}"></Provider>
<EventID Qualifiers="">1</EventID>
<Version>5</Version>
<Level>4</Level>
<Task>1</Task>
<Opcode>0</Opcode>
<Keywords>0x8000000000000000</Keywords>
<TimeCreated SystemTime="2025-04-24 07:13:22.228418+00:00"></TimeCreated>
<EventRecordID>1224</EventRecordID>
<Correlation ActivityID="" RelatedActivityID=""></Correlation>
<Execution ProcessID="3288" ThreadID="3532"></Execution>
<Channel>Microsoft-Windows-Sysmon/Operational</Channel>
<Computer>DESKTOP-RL1K13Q</Computer>
<Security UserID="S-1-5-18"></Security>
</System>
<EventData><Data Name="RuleName">-</Data>
<Data Name="UtcTime">2025-04-24 07:13:21.292</Data>
<Data Name="ProcessGuid">{59d32d4f-e491-6809-d201-000000001500}</Data>
<Data Name="ProcessId">7932</Data>
<Data Name="Image">C:\Users\Bluecheap\AppData\Local\Microsoft\OneDrive\OneDriveStandaloneUpdater.exe</Data>
<Data Name="FileVersion">25.056.0324.0003</Data>
<Data Name="Description">Standalone Updater</Data>
<Data Name="Product">Microsoft OneDrive</Data>
<Data Name="Company">Microsoft Corporation</Data>
<Data Name="OriginalFileName">OneDriveStandaloneUpdater.exe</Data>
<Data Name="CommandLine">"C:\Users\Bluecheap\AppData\Local\Microsoft\OneDrive\OneDriveStandaloneUpdater.exe" /reporting</Data>
<Data Name="CurrentDirectory">C:\Windows\system32\</Data>
<Data Name="User">DESKTOP-RL1K13Q\Bluecheap</Data>
<Data Name="LogonGuid">{59d32d4f-c774-6809-c1b4-260000000000}</Data>
<Data Name="LogonId">0x000000000026b4c1</Data>
<Data Name="TerminalSessionId">1</Data>
<Data Name="IntegrityLevel">Medium</Data>
<Data Name="Hashes">MD5=1660767548088080B96E8F0532FDF904,SHA256=4B7AF0DC205F63148CAA2925D5F9B81F2C4D1842803877D6FFF4ECD64E2C3D58,IMPHASH=2BA4EC213D7275E6DF618910E5DEBECD</Data>
<Data Name="ParentProcessGuid">{59d32d4f-c631-6809-2600-000000001500}</Data>
<Data Name="ParentProcessId">1652</Data>
<Data Name="ParentImage">C:\Windows\System32\svchost.exe</Data>
<Data Name="ParentCommandLine">C:\Windows\system32\svchost.exe -k netsvcs -p -s Schedule</Data>
<Data Name="ParentUser">NT AUTHORITY\SYSTEM</Data>
</EventData>
</Event>

<Event xmlns="http://schemas.microsoft.com/win/2004/08/events/event"><System><Provider Name="Microsoft-Windows-Sysmon" Guid="{5770385f-c22a-43e0-bf4c-06f5698ffbd9}"></Provider>
<EventID Qualifiers="">1</EventID>
<Version>5</Version>
<Level>4</Level>
<Task>1</Task>
<Opcode>0</Opcode>
<Keywords>0x8000000000000000</Keywords>
<TimeCreated SystemTime="2025-04-24 07:13:22.231483+00:00"></TimeCreated>
<EventRecordID>1225</EventRecordID>
<Correlation ActivityID="" RelatedActivityID=""></Correlation>
<Execution ProcessID="3288" ThreadID="3532"></Execution>
<Channel>Microsoft-Windows-Sysmon/Operational</Channel>
<Computer>DESKTOP-RL1K13Q</Computer>
<Security UserID="S-1-5-18"></Security>
</System>
<EventData><Data Name="RuleName">-</Data>
<Data Name="UtcTime">2025-04-24 07:13:21.884</Data>
<Data Name="ProcessGuid">{59d32d4f-e491-6809-d301-000000001500}</Data>
<Data Name="ProcessId">6684</Data>
<Data Name="Image">C:\Windows\System32\taskhostw.exe</Data>
<Data Name="FileVersion">10.0.19041.3636 (WinBuild.160101.0800)</Data>
<Data Name="Description">Host Process for Windows Tasks</Data>
<Data Name="Product">Microsoft&#174; Windows&#174; Operating System</Data>
<Data Name="Company">Microsoft Corporation</Data>
<Data Name="OriginalFileName">taskhostw.exe</Data>
<Data Name="CommandLine">taskhostw.exe network</Data>
<Data Name="CurrentDirectory">C:\Windows\system32\</Data>
<Data Name="User">NT AUTHORITY\NETWORK SERVICE</Data>
<Data Name="LogonGuid">{59d32d4f-c62f-6809-e403-000000000000}</Data>
<Data Name="LogonId">0x00000000000003e4</Data>
<Data Name="TerminalSessionId">0</Data>
<Data Name="IntegrityLevel">System</Data>
<Data Name="Hashes">MD5=9D68EEF2D82A328F0ECE1B641E5728CC,SHA256=976BB3FB062818E9643EC7F65BE2F267B90F63BD9F8BE0E6212D131183136140,IMPHASH=3A0C6863CDE566AF997DB2DEFFF9D924</Data>
<Data Name="ParentProcessGuid">{59d32d4f-c631-6809-2600-000000001500}</Data>
<Data Name="ParentProcessId">1652</Data>
<Data Name="ParentImage">C:\Windows\System32\svchost.exe</Data>
<Data Name="ParentCommandLine">C:\Windows\system32\svchost.exe -k netsvcs -p -s Schedule</Data>
<Data Name="ParentUser">NT AUTHORITY\SYSTEM</Data>
</EventData>
</Event>

<Event xmlns="http://schemas.microsoft.com/win/2004/08/events/event"><System><Provider Name="Microsoft-Windows-Sysmon" Guid="{5770385f-c22a-43e0-bf4c-06f5698ffbd9}"></Provider>
<EventID Qualifiers="">22</EventID>
<Version>5</Version>
<Level>4</Level>
<Task>22</Task>
<Opcode>0</Opcode>
<Keywords>0x8000000000000000</Keywords>
<TimeCreated SystemTime="2025-04-24 07:13:22.704912+00:00"></TimeCreated>
<EventRecordID>1226</EventRecordID>
<Correlation ActivityID="" RelatedActivityID=""></Correlation>
<Execution ProcessID="3288" ThreadID="1836"></Execution>
<Channel>Microsoft-Windows-Sysmon/Operational</Channel>
<Computer>DESKTOP-RL1K13Q</Computer>
<Security UserID="S-1-5-18"></Security>
</System>
<EventData><Data Name="RuleName">-</Data>
<Data Name="UtcTime">2025-04-24 05:16:04.050</Data>
<Data Name="ProcessGuid">{59d32d4f-c634-6809-3300-000000001500}</Data>
<Data Name="ProcessId">2204</Data>
<Data Name="QueryName">DESKTOP-RL1K13Q</Data>
<Data Name="QueryStatus">0</Data>
<Data Name="QueryResults">fe80::c3f9:1e0f:fc22:8c2f;192.168.80.9;</Data>
<Data Name="Image">C:\Windows\System32\svchost.exe</Data>
<Data Name="User">NT AUTHORITY\NETWORK SERVICE</Data>
</EventData>
</Event>

<Event xmlns="http://schemas.microsoft.com/win/2004/08/events/event"><System><Provider Name="Microsoft-Windows-Sysmon" Guid="{5770385f-c22a-43e0-bf4c-06f5698ffbd9}"></Provider>
<EventID Qualifiers="">1</EventID>
<Version>5</Version>
<Level>4</Level>
<Task>1</Task>
<Opcode>0</Opcode>
<Keywords>0x8000000000000000</Keywords>
<TimeCreated SystemTime="2025-04-24 07:13:23.393421+00:00"></TimeCreated>
<EventRecordID>1227</EventRecordID>
<Correlation ActivityID="" RelatedActivityID=""></Correlation>
<Execution ProcessID="3288" ThreadID="3532"></Execution>
<Channel>Microsoft-Windows-Sysmon/Operational</Channel>
<Computer>DESKTOP-RL1K13Q</Computer>
<Security UserID="S-1-5-18"></Security>
</System>
<EventData><Data Name="RuleName">-</Data>
<Data Name="UtcTime">2025-04-24 07:13:23.230</Data>
<Data Name="ProcessGuid">{59d32d4f-e493-6809-d501-000000001500}</Data>
<Data Name="ProcessId">6424</Data>
<Data Name="Image">C:\Windows\System32\svchost.exe</Data>
<Data Name="FileVersion">10.0.19041.3636 (WinBuild.160101.0800)</Data>
<Data Name="Description">Host Process for Windows Services</Data>
<Data Name="Product">Microsoft&#174; Windows&#174; Operating System</Data>
<Data Name="Company">Microsoft Corporation</Data>
<Data Name="OriginalFileName">svchost.exe</Data>
<Data Name="CommandLine">C:\Windows\system32\svchost.exe -k netsvcs -s LxpSvc</Data>
<Data Name="CurrentDirectory">C:\Windows\system32\</Data>
<Data Name="User">NT AUTHORITY\SYSTEM</Data>
<Data Name="LogonGuid">{59d32d4f-c62e-6809-e703-000000000000}</Data>
<Data Name="LogonId">0x00000000000003e7</Data>
<Data Name="TerminalSessionId">0</Data>
<Data Name="IntegrityLevel">System</Data>
<Data Name="Hashes">MD5=145DCF6706EEEA5B066885EE17964C09,SHA256=F13DE58416730D210DAB465B242E9C949FB0A0245EEF45B07C381F0C6C8A43C3,IMPHASH=247B9220E5D9B720A82B2C8B5069AD69</Data>
<Data Name="ParentProcessGuid">{59d32d4f-c62d-6809-0b00-000000001500}</Data>
<Data Name="ParentProcessId">696</Data>
<Data Name="ParentImage">C:\Windows\System32\services.exe</Data>
<Data Name="ParentCommandLine">C:\Windows\system32\services.exe</Data>
<Data Name="ParentUser">NT AUTHORITY\SYSTEM</Data>
</EventData>
</Event>

<Event xmlns="http://schemas.microsoft.com/win/2004/08/events/event"><System><Provider Name="Microsoft-Windows-Sysmon" Guid="{5770385f-c22a-43e0-bf4c-06f5698ffbd9}"></Provider>
<EventID Qualifiers="">1</EventID>
<Version>5</Version>
<Level>4</Level>
<Task>1</Task>
<Opcode>0</Opcode>
<Keywords>0x8000000000000000</Keywords>
<TimeCreated SystemTime="2025-04-24 07:13:23.397198+00:00"></TimeCreated>
<EventRecordID>1228</EventRecordID>
<Correlation ActivityID="" RelatedActivityID=""></Correlation>
<Execution ProcessID="3288" ThreadID="3532"></Execution>
<Channel>Microsoft-Windows-Sysmon/Operational</Channel>
<Computer>DESKTOP-RL1K13Q</Computer>
<Security UserID="S-1-5-18"></Security>
</System>
<EventData><Data Name="RuleName">-</Data>
<Data Name="UtcTime">2025-04-24 07:13:23.311</Data>
<Data Name="ProcessGuid">{59d32d4f-e493-6809-d601-000000001500}</Data>
<Data Name="ProcessId">5952</Data>
<Data Name="Image">C:\Windows\servicing\TrustedInstaller.exe</Data>
<Data Name="FileVersion">10.0.19041.4170 (WinBuild.160101.0800)</Data>
<Data Name="Description">Windows Modules Installer</Data>
<Data Name="Product">Microsoft&#174; Windows&#174; Operating System</Data>
<Data Name="Company">Microsoft Corporation</Data>
<Data Name="OriginalFileName">TrustedInstaller.exe</Data>
<Data Name="CommandLine">C:\Windows\servicing\TrustedInstaller.exe</Data>
<Data Name="CurrentDirectory">C:\Windows\system32\</Data>
<Data Name="User">NT AUTHORITY\SYSTEM</Data>
<Data Name="LogonGuid">{59d32d4f-c62e-6809-e703-000000000000}</Data>
<Data Name="LogonId">0x00000000000003e7</Data>
<Data Name="TerminalSessionId">0</Data>
<Data Name="IntegrityLevel">System</Data>
<Data Name="Hashes">MD5=A0EB4304E6D92BB29FEEBD1D60C7C5BA,SHA256=FCB7A309BD96A073D591AD22DC53A1947E438F57F76597692550E6D0A4114654,IMPHASH=B898664253FDA776233DB48555E7463B</Data>
<Data Name="ParentProcessGuid">{59d32d4f-c62d-6809-0b00-000000001500}</Data>
<Data Name="ParentProcessId">696</Data>
<Data Name="ParentImage">C:\Windows\System32\services.exe</Data>
<Data Name="ParentCommandLine">C:\Windows\system32\services.exe</Data>
<Data Name="ParentUser">NT AUTHORITY\SYSTEM</Data>
</EventData>
</Event>

<Event xmlns="http://schemas.microsoft.com/win/2004/08/events/event"><System><Provider Name="Microsoft-Windows-Sysmon" Guid="{5770385f-c22a-43e0-bf4c-06f5698ffbd9}"></Provider>
<EventID Qualifiers="">1</EventID>
<Version>5</Version>
<Level>4</Level>
<Task>1</Task>
<Opcode>0</Opcode>
<Keywords>0x8000000000000000</Keywords>
<TimeCreated SystemTime="2025-04-24 07:13:24.757490+00:00"></TimeCreated>
<EventRecordID>1229</EventRecordID>
<Correlation ActivityID="" RelatedActivityID=""></Correlation>
<Execution ProcessID="3288" ThreadID="3532"></Execution>
<Channel>Microsoft-Windows-Sysmon/Operational</Channel>
<Computer>DESKTOP-RL1K13Q</Computer>
<Security UserID="S-1-5-18"></Security>
</System>
<EventData><Data Name="RuleName">-</Data>
<Data Name="UtcTime">2025-04-24 07:13:24.693</Data>
<Data Name="ProcessGuid">{59d32d4f-e494-6809-dc01-000000001500}</Data>
<Data Name="ProcessId">2892</Data>
<Data Name="Image">C:\Windows\WinSxS\amd64_microsoft-windows-servicingstack_31bf3856ad364e35_10.0.19041.4351_none_7e19dc327c844a77\TiWorker.exe</Data>
<Data Name="FileVersion">10.0.19041.4351 (WinBuild.160101.0800)</Data>
<Data Name="Description">Windows Modules Installer Worker</Data>
<Data Name="Product">Microsoft&#174; Windows&#174; Operating System</Data>
<Data Name="Company">Microsoft Corporation</Data>
<Data Name="OriginalFileName">TiWorker.exe</Data>
<Data Name="CommandLine">C:\Windows\winsxs\amd64_microsoft-windows-servicingstack_31bf3856ad364e35_10.0.19041.4351_none_7e19dc327c844a77\TiWorker.exe -Embedding</Data>
<Data Name="CurrentDirectory">C:\Windows\system32\</Data>
<Data Name="User">NT AUTHORITY\SYSTEM</Data>
<Data Name="LogonGuid">{59d32d4f-c62e-6809-e703-000000000000}</Data>
<Data Name="LogonId">0x00000000000003e7</Data>
<Data Name="TerminalSessionId">0</Data>
<Data Name="IntegrityLevel">System</Data>
<Data Name="Hashes">MD5=A33398482ACB24F243C61B4679925C6B,SHA256=1F6E5554B0FE1A02637BE5278B0001C76937D2CA04835D88D817C803C7D7F2DA,IMPHASH=C139ED9A7073C8648B89D9641D69031A</Data>
<Data Name="ParentProcessGuid">{59d32d4f-c62e-6809-0d00-000000001500}</Data>
<Data Name="ParentProcessId">820</Data>
<Data Name="ParentImage">C:\Windows\System32\svchost.exe</Data>
<Data Name="ParentCommandLine">C:\Windows\system32\svchost.exe -k DcomLaunch -p</Data>
<Data Name="ParentUser">NT AUTHORITY\SYSTEM</Data>
</EventData>
</Event>

<Event xmlns="http://schemas.microsoft.com/win/2004/08/events/event"><System><Provider Name="Microsoft-Windows-Sysmon" Guid="{5770385f-c22a-43e0-bf4c-06f5698ffbd9}"></Provider>
<EventID Qualifiers="">1</EventID>
<Version>5</Version>
<Level>4</Level>
<Task>1</Task>
<Opcode>0</Opcode>
<Keywords>0x8000000000000000</Keywords>
<TimeCreated SystemTime="2025-04-24 07:13:25.079983+00:00"></TimeCreated>
<EventRecordID>1230</EventRecordID>
<Correlation ActivityID="" RelatedActivityID=""></Correlation>
<Execution ProcessID="3288" ThreadID="3532"></Execution>
<Channel>Microsoft-Windows-Sysmon/Operational</Channel>
<Computer>DESKTOP-RL1K13Q</Computer>
<Security UserID="S-1-5-18"></Security>
</System>
<EventData><Data Name="RuleName">-</Data>
<Data Name="UtcTime">2025-04-24 07:13:25.016</Data>
<Data Name="ProcessGuid">{59d32d4f-e495-6809-dd01-000000001500}</Data>
<Data Name="ProcessId">8896</Data>
<Data Name="Image">C:\Users\Bluecheap\AppData\Local\Microsoft\OneDrive\25.056.0324.0003\OneDriveLauncher.exe</Data>
<Data Name="FileVersion">25.056.0324.0003</Data>
<Data Name="Description">OneDriveLauncher</Data>
<Data Name="Product">Microsoft OneDrive</Data>
<Data Name="Company">Microsoft Corporation</Data>
<Data Name="OriginalFileName">OneDriveLauncher.exe</Data>
<Data Name="CommandLine">"C:\Users\Bluecheap\AppData\Local\Microsoft\OneDrive\25.056.0324.0003\OneDriveLauncher.exe" /startInstances</Data>
<Data Name="CurrentDirectory">C:\Windows\system32\</Data>
<Data Name="User">DESKTOP-RL1K13Q\Bluecheap</Data>
<Data Name="LogonGuid">{59d32d4f-c774-6809-c1b4-260000000000}</Data>
<Data Name="LogonId">0x000000000026b4c1</Data>
<Data Name="TerminalSessionId">1</Data>
<Data Name="IntegrityLevel">Medium</Data>
<Data Name="Hashes">MD5=D2CF3E03D9EC2BB693A78305C9F5791E,SHA256=30B09F8976EE887C100692A228D4FAF5F62F774E3EDEC68AC1DD1AED98AE58C8,IMPHASH=EA53B5EF3F0997308DC7978A84E8027C</Data>
<Data Name="ParentProcessGuid">{59d32d4f-c631-6809-2600-000000001500}</Data>
<Data Name="ParentProcessId">1652</Data>
<Data Name="ParentImage">C:\Windows\System32\svchost.exe</Data>
<Data Name="ParentCommandLine">C:\Windows\system32\svchost.exe -k netsvcs -p -s Schedule</Data>
<Data Name="ParentUser">NT AUTHORITY\SYSTEM</Data>
</EventData>
</Event>

<Event xmlns="http://schemas.microsoft.com/win/2004/08/events/event"><System><Provider Name="Microsoft-Windows-Sysmon" Guid="{5770385f-c22a-43e0-bf4c-06f5698ffbd9}"></Provider>
<EventID Qualifiers="">1</EventID>
<Version>5</Version>
<Level>4</Level>
<Task>1</Task>
<Opcode>0</Opcode>
<Keywords>0x8000000000000000</Keywords>
<TimeCreated SystemTime="2025-04-24 07:13:26.774931+00:00"></TimeCreated>
<EventRecordID>1231</EventRecordID>
<Correlation ActivityID="" RelatedActivityID=""></Correlation>
<Execution ProcessID="3288" ThreadID="3532"></Execution>
<Channel>Microsoft-Windows-Sysmon/Operational</Channel>
<Computer>DESKTOP-RL1K13Q</Computer>
<Security UserID="S-1-5-18"></Security>
</System>
<EventData><Data Name="RuleName">-</Data>
<Data Name="UtcTime">2025-04-24 07:13:26.723</Data>
<Data Name="ProcessGuid">{59d32d4f-e496-6809-df01-000000001500}</Data>
<Data Name="ProcessId">604</Data>
<Data Name="Image">C:\Windows\System32\ipconfig.exe</Data>
<Data Name="FileVersion">10.0.19041.1 (WinBuild.160101.0800)</Data>
<Data Name="Description">IP Configuration Utility</Data>
<Data Name="Product">Microsoft&#174; Windows&#174; Operating System</Data>
<Data Name="Company">Microsoft Corporation</Data>
<Data Name="OriginalFileName">ipconfig.exe</Data>
<Data Name="CommandLine">C:\Windows\system32\ipconfig  /renew</Data>
<Data Name="CurrentDirectory">C:\Windows\system32\</Data>
<Data Name="User">NT AUTHORITY\SYSTEM</Data>
<Data Name="LogonGuid">{59d32d4f-c62e-6809-e703-000000000000}</Data>
<Data Name="LogonId">0x00000000000003e7</Data>
<Data Name="TerminalSessionId">0</Data>
<Data Name="IntegrityLevel">System</Data>
<Data Name="Hashes">MD5=62F170FB07FDBB79CEB7147101406EB8,SHA256=53E000F5AA9B3A00934319DB8080BB99CB323BF48FC628A64F75D7847C265606,IMPHASH=1002D523645A81BC52877D82D9E88417</Data>
<Data Name="ParentProcessGuid">{59d32d4f-e48e-6809-cb01-000000001500}</Data>
<Data Name="ParentProcessId">8812</Data>
<Data Name="ParentImage">C:\Windows\System32\cmd.exe</Data>
<Data Name="ParentCommandLine">C:\Windows\system32\cmd.exe /c ""C:\Program Files\VMware\VMware Tools\resume-vm-default.bat""</Data>
<Data Name="ParentUser">NT AUTHORITY\SYSTEM</Data>
</EventData>
</Event>

<Event xmlns="http://schemas.microsoft.com/win/2004/08/events/event"><System><Provider Name="Microsoft-Windows-Sysmon" Guid="{5770385f-c22a-43e0-bf4c-06f5698ffbd9}"></Provider>
<EventID Qualifiers="">1</EventID>
<Version>5</Version>
<Level>4</Level>
<Task>1</Task>
<Opcode>0</Opcode>
<Keywords>0x8000000000000000</Keywords>
<TimeCreated SystemTime="2025-04-24 07:13:36.132010+00:00"></TimeCreated>
<EventRecordID>1232</EventRecordID>
<Correlation ActivityID="" RelatedActivityID=""></Correlation>
<Execution ProcessID="3288" ThreadID="3532"></Execution>
<Channel>Microsoft-Windows-Sysmon/Operational</Channel>
<Computer>DESKTOP-RL1K13Q</Computer>
<Security UserID="S-1-5-18"></Security>
</System>
<EventData><Data Name="RuleName">-</Data>
<Data Name="UtcTime">2025-04-24 07:13:35.846</Data>
<Data Name="ProcessGuid">{59d32d4f-e49f-6809-e101-000000001500}</Data>
<Data Name="ProcessId">1572</Data>
<Data Name="Image">C:\Program Files (x86)\Google\GoogleUpdater\137.0.7129.0\updater.exe</Data>
<Data Name="FileVersion">137.0.7129.0</Data>
<Data Name="Description">Google Updater (x64)</Data>
<Data Name="Product">Google Updater (x64)</Data>
<Data Name="Company">Google LLC</Data>
<Data Name="OriginalFileName">updater.exe</Data>
<Data Name="CommandLine">"C:\Program Files (x86)\Google\GoogleUpdater\137.0.7129.0\updater.exe" --crash-handler --system "--database=C:\Program Files (x86)\Google\GoogleUpdater\137.0.7129.0\Crashpad" --url=https://clients2.google.com/cr/report --annotation=prod=Update4 --annotation=ver=137.0.7129.0 "--attachment=C:\Program Files (x86)\Google\GoogleUpdater\updater.log" --initial-client-data=0x264,0x268,0x26c,0x240,0x270,0x7ff7106205d8,0x7ff7106205e4,0x7ff7106205f0</Data>
<Data Name="CurrentDirectory">C:\Windows\system32\</Data>
<Data Name="User">NT AUTHORITY\SYSTEM</Data>
<Data Name="LogonGuid">{59d32d4f-c62e-6809-e703-000000000000}</Data>
<Data Name="LogonId">0x00000000000003e7</Data>
<Data Name="TerminalSessionId">0</Data>
<Data Name="IntegrityLevel">System</Data>
<Data Name="Hashes">MD5=DCDE1606573F4FD0D0B1802424BEFBF2,SHA256=8FF75A69C58B3DF5FF554B91DECEE0E6AAEE77C6A341BCC2C9A60CC67F044961,IMPHASH=B413F35F15CA6B901BF948B6208B60E0</Data>
<Data Name="ParentProcessGuid">{59d32d4f-e48f-6809-cf01-000000001500}</Data>
<Data Name="ParentProcessId">5988</Data>
<Data Name="ParentImage">C:\Program Files (x86)\Google\GoogleUpdater\137.0.7129.0\updater.exe</Data>
<Data Name="ParentCommandLine">"C:\Program Files (x86)\Google\GoogleUpdater\137.0.7129.0\updater.exe" --wake --system</Data>
<Data Name="ParentUser">NT AUTHORITY\SYSTEM</Data>
</EventData>
</Event>

<Event xmlns="http://schemas.microsoft.com/win/2004/08/events/event"><System><Provider Name="Microsoft-Windows-Sysmon" Guid="{5770385f-c22a-43e0-bf4c-06f5698ffbd9}"></Provider>
<EventID Qualifiers="">22</EventID>
<Version>5</Version>
<Level>4</Level>
<Task>22</Task>
<Opcode>0</Opcode>
<Keywords>0x8000000000000000</Keywords>
<TimeCreated SystemTime="2025-04-24 07:13:36.910032+00:00"></TimeCreated>
<EventRecordID>1233</EventRecordID>
<Correlation ActivityID="" RelatedActivityID=""></Correlation>
<Execution ProcessID="3288" ThreadID="1836"></Execution>
<Channel>Microsoft-Windows-Sysmon/Operational</Channel>
<Computer>DESKTOP-RL1K13Q</Computer>
<Security UserID="S-1-5-18"></Security>
</System>
<EventData><Data Name="RuleName">-</Data>
<Data Name="UtcTime">2025-04-24 05:16:18.172</Data>
<Data Name="ProcessGuid">{59d32d4f-c634-6809-3300-000000001500}</Data>
<Data Name="ProcessId">2204</Data>
<Data Name="QueryName">localdomain</Data>
<Data Name="QueryStatus">1460</Data>
<Data Name="QueryResults">-</Data>
<Data Name="Image">C:\Windows\System32\svchost.exe</Data>
<Data Name="User">NT AUTHORITY\NETWORK SERVICE</Data>
</EventData>
</Event>

<Event xmlns="http://schemas.microsoft.com/win/2004/08/events/event"><System><Provider Name="Microsoft-Windows-Sysmon" Guid="{5770385f-c22a-43e0-bf4c-06f5698ffbd9}"></Provider>
<EventID Qualifiers="">1</EventID>
<Version>5</Version>
<Level>4</Level>
<Task>1</Task>
<Opcode>0</Opcode>
<Keywords>0x8000000000000000</Keywords>
<TimeCreated SystemTime="2025-04-24 07:13:37.409891+00:00"></TimeCreated>
<EventRecordID>1234</EventRecordID>
<Correlation ActivityID="" RelatedActivityID=""></Correlation>
<Execution ProcessID="3288" ThreadID="3532"></Execution>
<Channel>Microsoft-Windows-Sysmon/Operational</Channel>
<Computer>DESKTOP-RL1K13Q</Computer>
<Security UserID="S-1-5-18"></Security>
</System>
<EventData><Data Name="RuleName">-</Data>
<Data Name="UtcTime">2025-04-24 07:13:37.393</Data>
<Data Name="ProcessGuid">{59d32d4f-e4a1-6809-e501-000000001500}</Data>
<Data Name="ProcessId">7032</Data>
<Data Name="Image">C:\Windows\System32\slui.exe</Data>
<Data Name="FileVersion">10.0.19041.3636 (WinBuild.160101.0800)</Data>
<Data Name="Description">Windows Activation Client</Data>
<Data Name="Product">Microsoft&#174; Windows&#174; Operating System</Data>
<Data Name="Company">Microsoft Corporation</Data>
<Data Name="OriginalFileName">slui.exe</Data>
<Data Name="CommandLine">"C:\Windows\System32\SLUI.exe" RuleId=31e71c49-8da7-4a2f-ad92-45d98a1c79ba;Action=AutoActivate;AppId=55c92734-d682-4d71-983e-d6ec3f16059f;SkuId=4de7cb65-cdf1-4de9-8ae8-e3cce27b9f2c;NotificationInterval=1440;Trigger=NetworkAvailable</Data>
<Data Name="CurrentDirectory">C:\Windows\system32\</Data>
<Data Name="User">NT AUTHORITY\NETWORK SERVICE</Data>
<Data Name="LogonGuid">{59d32d4f-c62f-6809-e403-000000000000}</Data>
<Data Name="LogonId">0x00000000000003e4</Data>
<Data Name="TerminalSessionId">0</Data>
<Data Name="IntegrityLevel">System</Data>
<Data Name="Hashes">MD5=D46E8D1455C8CB43555F76FB77BF7E99,SHA256=E8AEDE3B2E70E058FF15091FFC5C9694A0B5AB0A83D9E1EE31FF3A1DB2D1DB21,IMPHASH=F2014F5555EEFEC494A169DEEBA0FEE5</Data>
<Data Name="ParentProcessGuid">{59d32d4f-e4a1-6809-e401-000000001500}</Data>
<Data Name="ParentProcessId">8440</Data>
<Data Name="ParentImage">C:\Windows\System32\SppExtComObj.Exe</Data>
<Data Name="ParentCommandLine">C:\Windows\system32\SppExtComObj.exe -Embedding</Data>
<Data Name="ParentUser">NT AUTHORITY\NETWORK SERVICE</Data>
</EventData>
</Event>

<Event xmlns="http://schemas.microsoft.com/win/2004/08/events/event"><System><Provider Name="Microsoft-Windows-Sysmon" Guid="{5770385f-c22a-43e0-bf4c-06f5698ffbd9}"></Provider>
<EventID Qualifiers="">1</EventID>
<Version>5</Version>
<Level>4</Level>
<Task>1</Task>
<Opcode>0</Opcode>
<Keywords>0x8000000000000000</Keywords>
<TimeCreated SystemTime="2025-04-24 07:13:38.548883+00:00"></TimeCreated>
<EventRecordID>1235</EventRecordID>
<Correlation ActivityID="" RelatedActivityID=""></Correlation>
<Execution ProcessID="3288" ThreadID="3532"></Execution>
<Channel>Microsoft-Windows-Sysmon/Operational</Channel>
<Computer>DESKTOP-RL1K13Q</Computer>
<Security UserID="S-1-5-18"></Security>
</System>
<EventData><Data Name="RuleName">-</Data>
<Data Name="UtcTime">2025-04-24 07:13:38.541</Data>
<Data Name="ProcessGuid">{59d32d4f-e4a2-6809-e601-000000001500}</Data>
<Data Name="ProcessId">7304</Data>
<Data Name="Image">C:\Program Files (x86)\Google\GoogleUpdater\137.0.7129.0\updater.exe</Data>
<Data Name="FileVersion">137.0.7129.0</Data>
<Data Name="Description">Google Updater (x64)</Data>
<Data Name="Product">Google Updater (x64)</Data>
<Data Name="Company">Google LLC</Data>
<Data Name="OriginalFileName">updater.exe</Data>
<Data Name="CommandLine">"C:\Program Files (x86)\Google\GoogleUpdater\137.0.7129.0\updater.exe" --system --windows-service --service=update-internal</Data>
<Data Name="CurrentDirectory">C:\Windows\system32\</Data>
<Data Name="User">NT AUTHORITY\SYSTEM</Data>
<Data Name="LogonGuid">{59d32d4f-c62e-6809-e703-000000000000}</Data>
<Data Name="LogonId">0x00000000000003e7</Data>
<Data Name="TerminalSessionId">0</Data>
<Data Name="IntegrityLevel">System</Data>
<Data Name="Hashes">MD5=DCDE1606573F4FD0D0B1802424BEFBF2,SHA256=8FF75A69C58B3DF5FF554B91DECEE0E6AAEE77C6A341BCC2C9A60CC67F044961,IMPHASH=B413F35F15CA6B901BF948B6208B60E0</Data>
<Data Name="ParentProcessGuid">{59d32d4f-c62d-6809-0b00-000000001500}</Data>
<Data Name="ParentProcessId">696</Data>
<Data Name="ParentImage">C:\Windows\System32\services.exe</Data>
<Data Name="ParentCommandLine">C:\Windows\system32\services.exe</Data>
<Data Name="ParentUser">NT AUTHORITY\SYSTEM</Data>
</EventData>
</Event>

<Event xmlns="http://schemas.microsoft.com/win/2004/08/events/event"><System><Provider Name="Microsoft-Windows-Sysmon" Guid="{5770385f-c22a-43e0-bf4c-06f5698ffbd9}"></Provider>
<EventID Qualifiers="">1</EventID>
<Version>5</Version>
<Level>4</Level>
<Task>1</Task>
<Opcode>0</Opcode>
<Keywords>0x8000000000000000</Keywords>
<TimeCreated SystemTime="2025-04-24 07:13:38.623844+00:00"></TimeCreated>
<EventRecordID>1236</EventRecordID>
<Correlation ActivityID="" RelatedActivityID=""></Correlation>
<Execution ProcessID="3288" ThreadID="3532"></Execution>
<Channel>Microsoft-Windows-Sysmon/Operational</Channel>
<Computer>DESKTOP-RL1K13Q</Computer>
<Security UserID="S-1-5-18"></Security>
</System>
<EventData><Data Name="RuleName">-</Data>
<Data Name="UtcTime">2025-04-24 07:13:38.604</Data>
<Data Name="ProcessGuid">{59d32d4f-e4a2-6809-e701-000000001500}</Data>
<Data Name="ProcessId">4940</Data>
<Data Name="Image">C:\Program Files (x86)\Google\GoogleUpdater\137.0.7129.0\updater.exe</Data>
<Data Name="FileVersion">137.0.7129.0</Data>
<Data Name="Description">Google Updater (x64)</Data>
<Data Name="Product">Google Updater (x64)</Data>
<Data Name="Company">Google LLC</Data>
<Data Name="OriginalFileName">updater.exe</Data>
<Data Name="CommandLine">"C:\Program Files (x86)\Google\GoogleUpdater\137.0.7129.0\updater.exe" --crash-handler --system "--database=C:\Program Files (x86)\Google\GoogleUpdater\137.0.7129.0\Crashpad" --url=https://clients2.google.com/cr/report --annotation=prod=Update4 --annotation=ver=137.0.7129.0 "--attachment=C:\Program Files (x86)\Google\GoogleUpdater\updater.log" --initial-client-data=0x264,0x268,0x26c,0x240,0x270,0x7ff7106205d8,0x7ff7106205e4,0x7ff7106205f0</Data>
<Data Name="CurrentDirectory">C:\Windows\system32\</Data>
<Data Name="User">NT AUTHORITY\SYSTEM</Data>
<Data Name="LogonGuid">{59d32d4f-c62e-6809-e703-000000000000}</Data>
<Data Name="LogonId">0x00000000000003e7</Data>
<Data Name="TerminalSessionId">0</Data>
<Data Name="IntegrityLevel">System</Data>
<Data Name="Hashes">MD5=DCDE1606573F4FD0D0B1802424BEFBF2,SHA256=8FF75A69C58B3DF5FF554B91DECEE0E6AAEE77C6A341BCC2C9A60CC67F044961,IMPHASH=B413F35F15CA6B901BF948B6208B60E0</Data>
<Data Name="ParentProcessGuid">{59d32d4f-e4a2-6809-e601-000000001500}</Data>
<Data Name="ParentProcessId">7304</Data>
<Data Name="ParentImage">C:\Program Files (x86)\Google\GoogleUpdater\137.0.7129.0\updater.exe</Data>
<Data Name="ParentCommandLine">"C:\Program Files (x86)\Google\GoogleUpdater\137.0.7129.0\updater.exe" --system --windows-service --service=update-internal</Data>
<Data Name="ParentUser">NT AUTHORITY\SYSTEM</Data>
</EventData>
</Event>

<Event xmlns="http://schemas.microsoft.com/win/2004/08/events/event"><System><Provider Name="Microsoft-Windows-Sysmon" Guid="{5770385f-c22a-43e0-bf4c-06f5698ffbd9}"></Provider>
<EventID Qualifiers="">1</EventID>
<Version>5</Version>
<Level>4</Level>
<Task>1</Task>
<Opcode>0</Opcode>
<Keywords>0x8000000000000000</Keywords>
<TimeCreated SystemTime="2025-04-24 07:13:38.836992+00:00"></TimeCreated>
<EventRecordID>1237</EventRecordID>
<Correlation ActivityID="" RelatedActivityID=""></Correlation>
<Execution ProcessID="3288" ThreadID="3532"></Execution>
<Channel>Microsoft-Windows-Sysmon/Operational</Channel>
<Computer>DESKTOP-RL1K13Q</Computer>
<Security UserID="S-1-5-18"></Security>
</System>
<EventData><Data Name="RuleName">-</Data>
<Data Name="UtcTime">2025-04-24 07:13:38.829</Data>
<Data Name="ProcessGuid">{59d32d4f-e4a2-6809-e801-000000001500}</Data>
<Data Name="ProcessId">7476</Data>
<Data Name="Image">C:\Program Files (x86)\Google\GoogleUpdater\137.0.7129.0\updater.exe</Data>
<Data Name="FileVersion">137.0.7129.0</Data>
<Data Name="Description">Google Updater (x64)</Data>
<Data Name="Product">Google Updater (x64)</Data>
<Data Name="Company">Google LLC</Data>
<Data Name="OriginalFileName">updater.exe</Data>
<Data Name="CommandLine">"C:\Program Files (x86)\Google\GoogleUpdater\137.0.7129.0\updater.exe" --system --windows-service --service=update</Data>
<Data Name="CurrentDirectory">C:\Windows\system32\</Data>
<Data Name="User">NT AUTHORITY\SYSTEM</Data>
<Data Name="LogonGuid">{59d32d4f-c62e-6809-e703-000000000000}</Data>
<Data Name="LogonId">0x00000000000003e7</Data>
<Data Name="TerminalSessionId">0</Data>
<Data Name="IntegrityLevel">System</Data>
<Data Name="Hashes">MD5=DCDE1606573F4FD0D0B1802424BEFBF2,SHA256=8FF75A69C58B3DF5FF554B91DECEE0E6AAEE77C6A341BCC2C9A60CC67F044961,IMPHASH=B413F35F15CA6B901BF948B6208B60E0</Data>
<Data Name="ParentProcessGuid">{59d32d4f-c62d-6809-0b00-000000001500}</Data>
<Data Name="ParentProcessId">696</Data>
<Data Name="ParentImage">C:\Windows\System32\services.exe</Data>
<Data Name="ParentCommandLine">C:\Windows\system32\services.exe</Data>
<Data Name="ParentUser">NT AUTHORITY\SYSTEM</Data>
</EventData>
</Event>

<Event xmlns="http://schemas.microsoft.com/win/2004/08/events/event"><System><Provider Name="Microsoft-Windows-Sysmon" Guid="{5770385f-c22a-43e0-bf4c-06f5698ffbd9}"></Provider>
<EventID Qualifiers="">1</EventID>
<Version>5</Version>
<Level>4</Level>
<Task>1</Task>
<Opcode>0</Opcode>
<Keywords>0x8000000000000000</Keywords>
<TimeCreated SystemTime="2025-04-24 07:13:38.895813+00:00"></TimeCreated>
<EventRecordID>1238</EventRecordID>
<Correlation ActivityID="" RelatedActivityID=""></Correlation>
<Execution ProcessID="3288" ThreadID="3532"></Execution>
<Channel>Microsoft-Windows-Sysmon/Operational</Channel>
<Computer>DESKTOP-RL1K13Q</Computer>
<Security UserID="S-1-5-18"></Security>
</System>
<EventData><Data Name="RuleName">-</Data>
<Data Name="UtcTime">2025-04-24 07:13:38.887</Data>
<Data Name="ProcessGuid">{59d32d4f-e4a2-6809-e901-000000001500}</Data>
<Data Name="ProcessId">7896</Data>
<Data Name="Image">C:\Program Files (x86)\Google\GoogleUpdater\137.0.7129.0\updater.exe</Data>
<Data Name="FileVersion">137.0.7129.0</Data>
<Data Name="Description">Google Updater (x64)</Data>
<Data Name="Product">Google Updater (x64)</Data>
<Data Name="Company">Google LLC</Data>
<Data Name="OriginalFileName">updater.exe</Data>
<Data Name="CommandLine">"C:\Program Files (x86)\Google\GoogleUpdater\137.0.7129.0\updater.exe" --crash-handler --system "--database=C:\Program Files (x86)\Google\GoogleUpdater\137.0.7129.0\Crashpad" --url=https://clients2.google.com/cr/report --annotation=prod=Update4 --annotation=ver=137.0.7129.0 "--attachment=C:\Program Files (x86)\Google\GoogleUpdater\updater.log" --initial-client-data=0x264,0x268,0x26c,0x240,0x270,0x7ff7106205d8,0x7ff7106205e4,0x7ff7106205f0</Data>
<Data Name="CurrentDirectory">C:\Windows\system32\</Data>
<Data Name="User">NT AUTHORITY\SYSTEM</Data>
<Data Name="LogonGuid">{59d32d4f-c62e-6809-e703-000000000000}</Data>
<Data Name="LogonId">0x00000000000003e7</Data>
<Data Name="TerminalSessionId">0</Data>
<Data Name="IntegrityLevel">System</Data>
<Data Name="Hashes">MD5=DCDE1606573F4FD0D0B1802424BEFBF2,SHA256=8FF75A69C58B3DF5FF554B91DECEE0E6AAEE77C6A341BCC2C9A60CC67F044961,IMPHASH=B413F35F15CA6B901BF948B6208B60E0</Data>
<Data Name="ParentProcessGuid">{59d32d4f-e4a2-6809-e801-000000001500}</Data>
<Data Name="ParentProcessId">7476</Data>
<Data Name="ParentImage">C:\Program Files (x86)\Google\GoogleUpdater\137.0.7129.0\updater.exe</Data>
<Data Name="ParentCommandLine">"C:\Program Files (x86)\Google\GoogleUpdater\137.0.7129.0\updater.exe" --system --windows-service --service=update</Data>
<Data Name="ParentUser">NT AUTHORITY\SYSTEM</Data>
</EventData>
</Event>

<Event xmlns="http://schemas.microsoft.com/win/2004/08/events/event"><System><Provider Name="Microsoft-Windows-Sysmon" Guid="{5770385f-c22a-43e0-bf4c-06f5698ffbd9}"></Provider>
<EventID Qualifiers="">1</EventID>
<Version>5</Version>
<Level>4</Level>
<Task>1</Task>
<Opcode>0</Opcode>
<Keywords>0x8000000000000000</Keywords>
<TimeCreated SystemTime="2025-04-24 07:13:38.923855+00:00"></TimeCreated>
<EventRecordID>1239</EventRecordID>
<Correlation ActivityID="" RelatedActivityID=""></Correlation>
<Execution ProcessID="3288" ThreadID="3532"></Execution>
<Channel>Microsoft-Windows-Sysmon/Operational</Channel>
<Computer>DESKTOP-RL1K13Q</Computer>
<Security UserID="S-1-5-18"></Security>
</System>
<EventData><Data Name="RuleName">-</Data>
<Data Name="UtcTime">2025-04-24 07:13:38.920</Data>
<Data Name="ProcessGuid">{59d32d4f-e4a2-6809-ea01-000000001500}</Data>
<Data Name="ProcessId">2572</Data>
<Data Name="Image">C:\Windows\System32\slui.exe</Data>
<Data Name="FileVersion">10.0.19041.3636 (WinBuild.160101.0800)</Data>
<Data Name="Description">Windows Activation Client</Data>
<Data Name="Product">Microsoft&#174; Windows&#174; Operating System</Data>
<Data Name="Company">Microsoft Corporation</Data>
<Data Name="OriginalFileName">slui.exe</Data>
<Data Name="CommandLine">C:\Windows\System32\slui.exe -Embedding</Data>
<Data Name="CurrentDirectory">C:\Windows\system32\</Data>
<Data Name="User">DESKTOP-RL1K13Q\Bluecheap</Data>
<Data Name="LogonGuid">{59d32d4f-c774-6809-c1b4-260000000000}</Data>
<Data Name="LogonId">0x000000000026b4c1</Data>
<Data Name="TerminalSessionId">1</Data>
<Data Name="IntegrityLevel">Medium</Data>
<Data Name="Hashes">MD5=D46E8D1455C8CB43555F76FB77BF7E99,SHA256=E8AEDE3B2E70E058FF15091FFC5C9694A0B5AB0A83D9E1EE31FF3A1DB2D1DB21,IMPHASH=F2014F5555EEFEC494A169DEEBA0FEE5</Data>
<Data Name="ParentProcessGuid">{59d32d4f-c62e-6809-0d00-000000001500}</Data>
<Data Name="ParentProcessId">820</Data>
<Data Name="ParentImage">C:\Windows\System32\svchost.exe</Data>
<Data Name="ParentCommandLine">C:\Windows\system32\svchost.exe -k DcomLaunch -p</Data>
<Data Name="ParentUser">NT AUTHORITY\SYSTEM</Data>
</EventData>
</Event>

<Event xmlns="http://schemas.microsoft.com/win/2004/08/events/event"><System><Provider Name="Microsoft-Windows-Sysmon" Guid="{5770385f-c22a-43e0-bf4c-06f5698ffbd9}"></Provider>
<EventID Qualifiers="">22</EventID>
<Version>5</Version>
<Level>4</Level>
<Task>22</Task>
<Opcode>0</Opcode>
<Keywords>0x8000000000000000</Keywords>
<TimeCreated SystemTime="2025-04-24 07:13:40.998413+00:00"></TimeCreated>
<EventRecordID>1240</EventRecordID>
<Correlation ActivityID="" RelatedActivityID=""></Correlation>
<Execution ProcessID="3288" ThreadID="1836"></Execution>
<Channel>Microsoft-Windows-Sysmon/Operational</Channel>
<Computer>DESKTOP-RL1K13Q</Computer>
<Security UserID="S-1-5-18"></Security>
</System>
<EventData><Data Name="RuleName">-</Data>
<Data Name="UtcTime">2025-04-24 05:16:22.057</Data>
<Data Name="ProcessGuid">{59d32d4f-c8d5-6809-be01-000000001500}</Data>
<Data Name="ProcessId">3924</Data>
<Data Name="QueryName">oneclient.sfx.ms</Data>
<Data Name="QueryStatus">0</Data>
<Data Name="QueryResults">type:  5 oneclient.sfx.ms.edgesuite.net;type:  5 a124.dscd.akamai.net;::ffff:103.154.227.72;::ffff:103.154.227.250;</Data>
<Data Name="Image">C:\Windows\System32\svchost.exe</Data>
<Data Name="User">NT AUTHORITY\SYSTEM</Data>
</EventData>
</Event>

<Event xmlns="http://schemas.microsoft.com/win/2004/08/events/event"><System><Provider Name="Microsoft-Windows-Sysmon" Guid="{5770385f-c22a-43e0-bf4c-06f5698ffbd9}"></Provider>
<EventID Qualifiers="">22</EventID>
<Version>5</Version>
<Level>4</Level>
<Task>22</Task>
<Opcode>0</Opcode>
<Keywords>0x8000000000000000</Keywords>
<TimeCreated SystemTime="2025-04-24 07:13:42.006376+00:00"></TimeCreated>
<EventRecordID>1241</EventRecordID>
<Correlation ActivityID="" RelatedActivityID=""></Correlation>
<Execution ProcessID="3288" ThreadID="1836"></Execution>
<Channel>Microsoft-Windows-Sysmon/Operational</Channel>
<Computer>DESKTOP-RL1K13Q</Computer>
<Security UserID="S-1-5-18"></Security>
</System>
<EventData><Data Name="RuleName">-</Data>
<Data Name="UtcTime">2025-04-24 05:16:22.775</Data>
<Data Name="ProcessGuid">{59d32d4f-e491-6809-d201-000000001500}</Data>
<Data Name="ProcessId">7932</Data>
<Data Name="QueryName">ecs.office.com</Data>
<Data Name="QueryStatus">0</Data>
<Data Name="QueryResults">type:  5 ecs.office.trafficmanager.net;type:  5 dual-s-0005-office.config.skype.com;type:  5 ecs-office.s-0005.dual-s-msedge.net;type:  5 s-0005.dual-s-msedge.net;::ffff:52.123.128.14;::ffff:52.123.129.14;</Data>
<Data Name="Image">C:\Users\Bluecheap\AppData\Local\Microsoft\OneDrive\OneDriveStandaloneUpdater.exe</Data>
<Data Name="User">DESKTOP-RL1K13Q\Bluecheap</Data>
</EventData>
</Event>

<Event xmlns="http://schemas.microsoft.com/win/2004/08/events/event"><System><Provider Name="Microsoft-Windows-Sysmon" Guid="{5770385f-c22a-43e0-bf4c-06f5698ffbd9}"></Provider>
<EventID Qualifiers="">3</EventID>
<Version>5</Version>
<Level>4</Level>
<Task>3</Task>
<Opcode>0</Opcode>
<Keywords>0x8000000000000000</Keywords>
<TimeCreated SystemTime="2025-04-24 07:13:42.538105+00:00"></TimeCreated>
<EventRecordID>1242</EventRecordID>
<Correlation ActivityID="" RelatedActivityID=""></Correlation>
<Execution ProcessID="3288" ThreadID="4840"></Execution>
<Channel>Microsoft-Windows-Sysmon/Operational</Channel>
<Computer>DESKTOP-RL1K13Q</Computer>
<Security UserID="S-1-5-18"></Security>
</System>
<EventData><Data Name="RuleName">Usermode</Data>
<Data Name="UtcTime">2025-04-24 05:16:22.786</Data>
<Data Name="ProcessGuid">{59d32d4f-e491-6809-d201-000000001500}</Data>
<Data Name="ProcessId">7932</Data>
<Data Name="Image">C:\Users\Bluecheap\AppData\Local\Microsoft\OneDrive\OneDriveStandaloneUpdater.exe</Data>
<Data Name="User">DESKTOP-RL1K13Q\Bluecheap</Data>
<Data Name="Protocol">tcp</Data>
<Data Name="Initiated">True</Data>
<Data Name="SourceIsIpv6">False</Data>
<Data Name="SourceIp">192.168.80.9</Data>
<Data Name="SourceHostname">DESKTOP-RL1K13Q.localdomain</Data>
<Data Name="SourcePort">49905</Data>
<Data Name="SourcePortName">-</Data>
<Data Name="DestinationIsIpv6">False</Data>
<Data Name="DestinationIp">52.123.128.14</Data>
<Data Name="DestinationHostname">-</Data>
<Data Name="DestinationPort">443</Data>
<Data Name="DestinationPortName">https</Data>
</EventData>
</Event>

