<Event xmlns="http://schemas.microsoft.com/win/2004/08/events/event"><System><Provider Name="Microsoft-Windows-Sysmon" Guid="{5770385f-c22a-43e0-bf4c-06f5698ffbd9}"></Provider>
<EventID Qualifiers="">1</EventID>
<Version>5</Version>
<Level>4</Level>
<Task>1</Task>
<Opcode>0</Opcode>
<Keywords>0x8000000000000000</Keywords>
<TimeCreated SystemTime="2025-04-24 05:04:09.577667+00:00"></TimeCreated>
<EventRecordID>98</EventRecordID>
<Correlation ActivityID="" RelatedActivityID=""></Correlation>
<Execution ProcessID="3288" ThreadID="3532"></Execution>
<Channel>Microsoft-Windows-Sysmon/Operational</Channel>
<Computer>DESKTOP-RL1K13Q</Computer>
<Security UserID="S-1-5-18"></Security>
</System>
<EventData><Data Name="RuleName">-</Data>
<Data Name="UtcTime">2025-04-24 05:03:54.683</Data>
<Data Name="ProcessGuid">{59d32d4f-c63a-6809-5800-000000001500}</Data>
<Data Name="ProcessId">3488</Data>
<Data Name="Image">C:\Program Files (x86)\Google\GoogleUpdater\137.0.7129.0\updater.exe</Data>
<Data Name="FileVersion">137.0.7129.0</Data>
<Data Name="Description">Google Updater (x64)</Data>
<Data Name="Product">Google Updater (x64)</Data>
<Data Name="Company">Google LLC</Data>
<Data Name="OriginalFileName">updater.exe</Data>
<Data Name="CommandLine">"C:\Program Files (x86)\Google\GoogleUpdater\137.0.7129.0\updater.exe" --crash-handler --system "--database=C:\Program Files (x86)\Google\GoogleUpdater\137.0.7129.0\Crashpad" --url=https://clients2.google.com/cr/report --annotation=prod=Update4 --annotation=ver=137.0.7129.0 "--attachment=C:\Program Files (x86)\Google\GoogleUpdater\updater.log" --initial-client-data=0x264,0x268,0x26c,0x240,0x270,0x7ff7106205d8,0x7ff7106205e4,0x7ff7106205f0</Data>
<Data Name="CurrentDirectory">C:\Windows\system32\</Data>
<Data Name="User">NT AUTHORITY\SYSTEM</Data>
<Data Name="LogonGuid">{59d32d4f-c62e-6809-e703-000000000000}</Data>
<Data Name="LogonId">0x00000000000003e7</Data>
<Data Name="TerminalSessionId">0</Data>
<Data Name="IntegrityLevel">System</Data>
<Data Name="Hashes">MD5=DCDE1606573F4FD0D0B1802424BEFBF2,SHA256=8FF75A69C58B3DF5FF554B91DECEE0E6AAEE77C6A341BCC2C9A60CC67F044961,IMPHASH=B413F35F15CA6B901BF948B6208B60E0</Data>
<Data Name="ParentProcessGuid">{59d32d4f-c638-6809-4500-000000001500}</Data>
<Data Name="ParentProcessId">3068</Data>
<Data Name="ParentImage">C:\Program Files (x86)\Google\GoogleUpdater\137.0.7129.0\updater.exe</Data>
<Data Name="ParentCommandLine">"C:\Program Files (x86)\Google\GoogleUpdater\137.0.7129.0\updater.exe" --system --windows-service --service=update-internal</Data>
<Data Name="ParentUser">NT AUTHORITY\SYSTEM</Data>
</EventData>
</Event>

<Event xmlns="http://schemas.microsoft.com/win/2004/08/events/event"><System><Provider Name="Microsoft-Windows-Sysmon" Guid="{5770385f-c22a-43e0-bf4c-06f5698ffbd9}"></Provider>
<EventID Qualifiers="">1</EventID>
<Version>5</Version>
<Level>4</Level>
<Task>1</Task>
<Opcode>0</Opcode>
<Keywords>0x8000000000000000</Keywords>
<TimeCreated SystemTime="2025-04-24 05:04:09.756399+00:00"></TimeCreated>
<EventRecordID>99</EventRecordID>
<Correlation ActivityID="" RelatedActivityID=""></Correlation>
<Execution ProcessID="3288" ThreadID="3532"></Execution>
<Channel>Microsoft-Windows-Sysmon/Operational</Channel>
<Computer>DESKTOP-RL1K13Q</Computer>
<Security UserID="S-1-5-18"></Security>
</System>
<EventData><Data Name="RuleName">-</Data>
<Data Name="UtcTime">2025-04-24 05:03:54.234</Data>
<Data Name="ProcessGuid">{59d32d4f-c63a-6809-5400-000000001500}</Data>
<Data Name="ProcessId">3356</Data>
<Data Name="Image">C:\ProgramData\Microsoft\Windows Defender\Platform\4.18.25030.2-0\MsMpEng.exe</Data>
<Data Name="FileVersion">4.18.25030.2 (000028f0c1f345a538ea89b768605447f1c02bdf)</Data>
<Data Name="Description">Antimalware Service Executable</Data>
<Data Name="Product">Microsoft&#174; Windows&#174; Operating System</Data>
<Data Name="Company">Microsoft Corporation</Data>
<Data Name="OriginalFileName">MsMpEng.exe</Data>
<Data Name="CommandLine">"C:\ProgramData\Microsoft\Windows Defender\Platform\4.18.25030.2-0\MsMpEng.exe"</Data>
<Data Name="CurrentDirectory">C:\Windows\system32\</Data>
<Data Name="User">NT AUTHORITY\SYSTEM</Data>
<Data Name="LogonGuid">{59d32d4f-c62e-6809-e703-000000000000}</Data>
<Data Name="LogonId">0x00000000000003e7</Data>
<Data Name="TerminalSessionId">0</Data>
<Data Name="IntegrityLevel">System</Data>
<Data Name="Hashes">MD5=839531A7C3F9C817C325B828B84C3639,SHA256=CEC865D08C4ABFFE12F3A8F96C8C47F9125DDFBEA1065CF21665B50024E41A3C,IMPHASH=9E6FEF225E6109F5F5FB665D462F060E</Data>
<Data Name="ParentProcessGuid">{59d32d4f-c62d-6809-0b00-000000001500}</Data>
<Data Name="ParentProcessId">696</Data>
<Data Name="ParentImage">C:\Windows\System32\services.exe</Data>
<Data Name="ParentCommandLine">C:\Windows\system32\services.exe</Data>
<Data Name="ParentUser">NT AUTHORITY\SYSTEM</Data>
</EventData>
</Event>

<Event xmlns="http://schemas.microsoft.com/win/2004/08/events/event"><System><Provider Name="Microsoft-Windows-Sysmon" Guid="{5770385f-c22a-43e0-bf4c-06f5698ffbd9}"></Provider>
<EventID Qualifiers="">1</EventID>
<Version>5</Version>
<Level>4</Level>
<Task>1</Task>
<Opcode>0</Opcode>
<Keywords>0x8000000000000000</Keywords>
<TimeCreated SystemTime="2025-04-24 05:04:09.815653+00:00"></TimeCreated>
<EventRecordID>100</EventRecordID>
<Correlation ActivityID="" RelatedActivityID=""></Correlation>
<Execution ProcessID="3288" ThreadID="3532"></Execution>
<Channel>Microsoft-Windows-Sysmon/Operational</Channel>
<Computer>DESKTOP-RL1K13Q</Computer>
<Security UserID="S-1-5-18"></Security>
</System>
<EventData><Data Name="RuleName">-</Data>
<Data Name="UtcTime">2025-04-24 05:03:55.737</Data>
<Data Name="ProcessGuid">{59d32d4f-c63b-6809-5900-000000001500}</Data>
<Data Name="ProcessId">3812</Data>
<Data Name="Image">C:\Program Files (x86)\Google\GoogleUpdater\137.0.7129.0\updater.exe</Data>
<Data Name="FileVersion">137.0.7129.0</Data>
<Data Name="Description">Google Updater (x64)</Data>
<Data Name="Product">Google Updater (x64)</Data>
<Data Name="Company">Google LLC</Data>
<Data Name="OriginalFileName">updater.exe</Data>
<Data Name="CommandLine">"C:\Program Files (x86)\Google\GoogleUpdater\137.0.7129.0\updater.exe" --wake --system</Data>
<Data Name="CurrentDirectory">C:\Windows\system32\</Data>
<Data Name="User">NT AUTHORITY\SYSTEM</Data>
<Data Name="LogonGuid">{59d32d4f-c62e-6809-e703-000000000000}</Data>
<Data Name="LogonId">0x00000000000003e7</Data>
<Data Name="TerminalSessionId">0</Data>
<Data Name="IntegrityLevel">System</Data>
<Data Name="Hashes">MD5=DCDE1606573F4FD0D0B1802424BEFBF2,SHA256=8FF75A69C58B3DF5FF554B91DECEE0E6AAEE77C6A341BCC2C9A60CC67F044961,IMPHASH=B413F35F15CA6B901BF948B6208B60E0</Data>
<Data Name="ParentProcessGuid">{59d32d4f-c638-6809-4500-000000001500}</Data>
<Data Name="ParentProcessId">3068</Data>
<Data Name="ParentImage">C:\Program Files (x86)\Google\GoogleUpdater\137.0.7129.0\updater.exe</Data>
<Data Name="ParentCommandLine">"C:\Program Files (x86)\Google\GoogleUpdater\137.0.7129.0\updater.exe" --system --windows-service --service=update-internal</Data>
<Data Name="ParentUser">NT AUTHORITY\SYSTEM</Data>
</EventData>
</Event>

<Event xmlns="http://schemas.microsoft.com/win/2004/08/events/event"><System><Provider Name="Microsoft-Windows-Sysmon" Guid="{5770385f-c22a-43e0-bf4c-06f5698ffbd9}"></Provider>
<EventID Qualifiers="">1</EventID>
<Version>5</Version>
<Level>4</Level>
<Task>1</Task>
<Opcode>0</Opcode>
<Keywords>0x8000000000000000</Keywords>
<TimeCreated SystemTime="2025-04-24 05:04:09.892059+00:00"></TimeCreated>
<EventRecordID>101</EventRecordID>
<Correlation ActivityID="" RelatedActivityID=""></Correlation>
<Execution ProcessID="3288" ThreadID="3532"></Execution>
<Channel>Microsoft-Windows-Sysmon/Operational</Channel>
<Computer>DESKTOP-RL1K13Q</Computer>
<Security UserID="S-1-5-18"></Security>
</System>
<EventData><Data Name="RuleName">-</Data>
<Data Name="UtcTime">2025-04-24 05:03:56.155</Data>
<Data Name="ProcessGuid">{59d32d4f-c63c-6809-5a00-000000001500}</Data>
<Data Name="ProcessId">3888</Data>
<Data Name="Image">C:\Program Files (x86)\Google\GoogleUpdater\137.0.7129.0\updater.exe</Data>
<Data Name="FileVersion">137.0.7129.0</Data>
<Data Name="Description">Google Updater (x64)</Data>
<Data Name="Product">Google Updater (x64)</Data>
<Data Name="Company">Google LLC</Data>
<Data Name="OriginalFileName">updater.exe</Data>
<Data Name="CommandLine">"C:\Program Files (x86)\Google\GoogleUpdater\137.0.7129.0\updater.exe" --crash-handler --system "--database=C:\Program Files (x86)\Google\GoogleUpdater\137.0.7129.0\Crashpad" --url=https://clients2.google.com/cr/report --annotation=prod=Update4 --annotation=ver=137.0.7129.0 "--attachment=C:\Program Files (x86)\Google\GoogleUpdater\updater.log" --initial-client-data=0x264,0x268,0x26c,0x240,0x270,0x7ff7106205d8,0x7ff7106205e4,0x7ff7106205f0</Data>
<Data Name="CurrentDirectory">C:\Windows\system32\</Data>
<Data Name="User">NT AUTHORITY\SYSTEM</Data>
<Data Name="LogonGuid">{59d32d4f-c62e-6809-e703-000000000000}</Data>
<Data Name="LogonId">0x00000000000003e7</Data>
<Data Name="TerminalSessionId">0</Data>
<Data Name="IntegrityLevel">System</Data>
<Data Name="Hashes">MD5=DCDE1606573F4FD0D0B1802424BEFBF2,SHA256=8FF75A69C58B3DF5FF554B91DECEE0E6AAEE77C6A341BCC2C9A60CC67F044961,IMPHASH=B413F35F15CA6B901BF948B6208B60E0</Data>
<Data Name="ParentProcessGuid">{59d32d4f-c63b-6809-5900-000000001500}</Data>
<Data Name="ParentProcessId">3812</Data>
<Data Name="ParentImage">C:\Program Files (x86)\Google\GoogleUpdater\137.0.7129.0\updater.exe</Data>
<Data Name="ParentCommandLine">"C:\Program Files (x86)\Google\GoogleUpdater\137.0.7129.0\updater.exe" --wake --system</Data>
<Data Name="ParentUser">NT AUTHORITY\SYSTEM</Data>
</EventData>
</Event>

<Event xmlns="http://schemas.microsoft.com/win/2004/08/events/event"><System><Provider Name="Microsoft-Windows-Sysmon" Guid="{5770385f-c22a-43e0-bf4c-06f5698ffbd9}"></Provider>
<EventID Qualifiers="">1</EventID>
<Version>5</Version>
<Level>4</Level>
<Task>1</Task>
<Opcode>0</Opcode>
<Keywords>0x8000000000000000</Keywords>
<TimeCreated SystemTime="2025-04-24 05:04:09.959778+00:00"></TimeCreated>
<EventRecordID>102</EventRecordID>
<Correlation ActivityID="" RelatedActivityID=""></Correlation>
<Execution ProcessID="3288" ThreadID="3532"></Execution>
<Channel>Microsoft-Windows-Sysmon/Operational</Channel>
<Computer>DESKTOP-RL1K13Q</Computer>
<Security UserID="S-1-5-18"></Security>
</System>
<EventData><Data Name="RuleName">-</Data>
<Data Name="UtcTime">2025-04-24 05:03:57.101</Data>
<Data Name="ProcessGuid">{59d32d4f-c63d-6809-5c00-000000001500}</Data>
<Data Name="ProcessId">4084</Data>
<Data Name="Image">C:\Windows\System32\cmd.exe</Data>
<Data Name="FileVersion">10.0.19041.3636 (WinBuild.160101.0800)</Data>
<Data Name="Description">Windows Command Processor</Data>
<Data Name="Product">Microsoft&#174; Windows&#174; Operating System</Data>
<Data Name="Company">Microsoft Corporation</Data>
<Data Name="OriginalFileName">Cmd.Exe</Data>
<Data Name="CommandLine">C:\Windows\system32\cmd.exe /c ""C:\Program Files\VMware\VMware Tools\poweron-vm-default.bat""</Data>
<Data Name="CurrentDirectory">C:\Windows\system32\</Data>
<Data Name="User">NT AUTHORITY\SYSTEM</Data>
<Data Name="LogonGuid">{59d32d4f-c62e-6809-e703-000000000000}</Data>
<Data Name="LogonId">0x00000000000003e7</Data>
<Data Name="TerminalSessionId">0</Data>
<Data Name="IntegrityLevel">System</Data>
<Data Name="Hashes">MD5=CB6CD09F6A25744A8FA6E4B3E4D260C5,SHA256=265B69033CEA7A9F8214A34CD9B17912909AF46C7A47395DD7BB893A24507E59,IMPHASH=272245E2988E1E430500B852C4FB5E18</Data>
<Data Name="ParentProcessGuid">{59d32d4f-c63a-6809-5300-000000001500}</Data>
<Data Name="ParentProcessId">3316</Data>
<Data Name="ParentImage">C:\Program Files\VMware\VMware Tools\vmtoolsd.exe</Data>
<Data Name="ParentCommandLine">"C:\Program Files\VMware\VMware Tools\vmtoolsd.exe"</Data>
<Data Name="ParentUser">NT AUTHORITY\SYSTEM</Data>
</EventData>
</Event>

<Event xmlns="http://schemas.microsoft.com/win/2004/08/events/event"><System><Provider Name="Microsoft-Windows-Sysmon" Guid="{5770385f-c22a-43e0-bf4c-06f5698ffbd9}"></Provider>
<EventID Qualifiers="">1</EventID>
<Version>5</Version>
<Level>4</Level>
<Task>1</Task>
<Opcode>0</Opcode>
<Keywords>0x8000000000000000</Keywords>
<TimeCreated SystemTime="2025-04-24 05:04:09.965849+00:00"></TimeCreated>
<EventRecordID>103</EventRecordID>
<Correlation ActivityID="" RelatedActivityID=""></Correlation>
<Execution ProcessID="3288" ThreadID="3532"></Execution>
<Channel>Microsoft-Windows-Sysmon/Operational</Channel>
<Computer>DESKTOP-RL1K13Q</Computer>
<Security UserID="S-1-5-18"></Security>
</System>
<EventData><Data Name="RuleName">-</Data>
<Data Name="UtcTime">2025-04-24 05:03:57.252</Data>
<Data Name="ProcessGuid">{59d32d4f-c63d-6809-5f00-000000001500}</Data>
<Data Name="ProcessId">3168</Data>
<Data Name="Image">C:\Program Files\VMware\VMware Tools\VMwareResolutionSet.exe</Data>
<Data Name="FileVersion">12.4.0.48309</Data>
<Data Name="Description">VMware Resolution Set</Data>
<Data Name="Product">VMware Tools</Data>
<Data Name="Company">VMware, Inc.</Data>
<Data Name="OriginalFileName">ResolutionSet.exe</Data>
<Data Name="CommandLine">"C:\Program Files\VMware\VMware Tools\VMwareResolutionSet.exe" 0 1 , 0 0 2558 1359 0</Data>
<Data Name="CurrentDirectory">C:\Windows\system32\</Data>
<Data Name="User">NT AUTHORITY\SYSTEM</Data>
<Data Name="LogonGuid">{59d32d4f-c62e-6809-e703-000000000000}</Data>
<Data Name="LogonId">0x00000000000003e7</Data>
<Data Name="TerminalSessionId">1</Data>
<Data Name="IntegrityLevel">System</Data>
<Data Name="Hashes">MD5=71A37A59A1B193ECF5F0175F81F376A9,SHA256=41579F1B52036C399915FAD6EEAB58E9D8200D9DFB17C0DB73738C6C1953BBFB,IMPHASH=CA02941D2D066F95955EDA9E78667962</Data>
<Data Name="ParentProcessGuid">{59d32d4f-c63a-6809-5300-000000001500}</Data>
<Data Name="ParentProcessId">3316</Data>
<Data Name="ParentImage">C:\Program Files\VMware\VMware Tools\vmtoolsd.exe</Data>
<Data Name="ParentCommandLine">"C:\Program Files\VMware\VMware Tools\vmtoolsd.exe"</Data>
<Data Name="ParentUser">NT AUTHORITY\SYSTEM</Data>
</EventData>
</Event>

<Event xmlns="http://schemas.microsoft.com/win/2004/08/events/event"><System><Provider Name="Microsoft-Windows-Sysmon" Guid="{5770385f-c22a-43e0-bf4c-06f5698ffbd9}"></Provider>
<EventID Qualifiers="">1</EventID>
<Version>5</Version>
<Level>4</Level>
<Task>1</Task>
<Opcode>0</Opcode>
<Keywords>0x8000000000000000</Keywords>
<TimeCreated SystemTime="2025-04-24 05:04:10.025505+00:00"></TimeCreated>
<EventRecordID>104</EventRecordID>
<Correlation ActivityID="" RelatedActivityID=""></Correlation>
<Execution ProcessID="3288" ThreadID="3532"></Execution>
<Channel>Microsoft-Windows-Sysmon/Operational</Channel>
<Computer>DESKTOP-RL1K13Q</Computer>
<Security UserID="S-1-5-18"></Security>
</System>
<EventData><Data Name="RuleName">-</Data>
<Data Name="UtcTime">2025-04-24 05:03:57.535</Data>
<Data Name="ProcessGuid">{59d32d4f-c63d-6809-6100-000000001500}</Data>
<Data Name="ProcessId">3748</Data>
<Data Name="Image">C:\Program Files (x86)\Google\GoogleUpdater\137.0.7129.0\updater.exe</Data>
<Data Name="FileVersion">137.0.7129.0</Data>
<Data Name="Description">Google Updater (x64)</Data>
<Data Name="Product">Google Updater (x64)</Data>
<Data Name="Company">Google LLC</Data>
<Data Name="OriginalFileName">updater.exe</Data>
<Data Name="CommandLine">"C:\Program Files (x86)\Google\GoogleUpdater\137.0.7129.0\updater.exe" --system --windows-service --service=update-internal</Data>
<Data Name="CurrentDirectory">C:\Windows\system32\</Data>
<Data Name="User">NT AUTHORITY\SYSTEM</Data>
<Data Name="LogonGuid">{59d32d4f-c62e-6809-e703-000000000000}</Data>
<Data Name="LogonId">0x00000000000003e7</Data>
<Data Name="TerminalSessionId">0</Data>
<Data Name="IntegrityLevel">System</Data>
<Data Name="Hashes">MD5=DCDE1606573F4FD0D0B1802424BEFBF2,SHA256=8FF75A69C58B3DF5FF554B91DECEE0E6AAEE77C6A341BCC2C9A60CC67F044961,IMPHASH=B413F35F15CA6B901BF948B6208B60E0</Data>
<Data Name="ParentProcessGuid">{59d32d4f-c62d-6809-0b00-000000001500}</Data>
<Data Name="ParentProcessId">696</Data>
<Data Name="ParentImage">C:\Windows\System32\services.exe</Data>
<Data Name="ParentCommandLine">C:\Windows\system32\services.exe</Data>
<Data Name="ParentUser">NT AUTHORITY\SYSTEM</Data>
</EventData>
</Event>

<Event xmlns="http://schemas.microsoft.com/win/2004/08/events/event"><System><Provider Name="Microsoft-Windows-Sysmon" Guid="{5770385f-c22a-43e0-bf4c-06f5698ffbd9}"></Provider>
<EventID Qualifiers="">11</EventID>
<Version>2</Version>
<Level>4</Level>
<Task>11</Task>
<Opcode>0</Opcode>
<Keywords>0x8000000000000000</Keywords>
<TimeCreated SystemTime="2025-04-24 05:04:10.030504+00:00"></TimeCreated>
<EventRecordID>105</EventRecordID>
<Correlation ActivityID="" RelatedActivityID=""></Correlation>
<Execution ProcessID="3288" ThreadID="3532"></Execution>
<Channel>Microsoft-Windows-Sysmon/Operational</Channel>
<Computer>DESKTOP-RL1K13Q</Computer>
<Security UserID="S-1-5-18"></Security>
</System>
<EventData><Data Name="RuleName">-</Data>
<Data Name="UtcTime">2025-04-24 05:03:57.600</Data>
<Data Name="ProcessGuid">{59d32d4f-c638-6809-4700-000000001500}</Data>
<Data Name="ProcessId">2484</Data>
<Data Name="Image">C:\Windows\system32\svchost.exe</Data>
<Data Name="TargetFilename">C:\Windows\System32\wbem\Repository\WRITABLE.TST</Data>
<Data Name="CreationUtcTime">2025-04-24 05:03:57.600</Data>
<Data Name="User">NT AUTHORITY\SYSTEM</Data>
</EventData>
</Event>

<Event xmlns="http://schemas.microsoft.com/win/2004/08/events/event"><System><Provider Name="Microsoft-Windows-Sysmon" Guid="{5770385f-c22a-43e0-bf4c-06f5698ffbd9}"></Provider>
<EventID Qualifiers="">1</EventID>
<Version>5</Version>
<Level>4</Level>
<Task>1</Task>
<Opcode>0</Opcode>
<Keywords>0x8000000000000000</Keywords>
<TimeCreated SystemTime="2025-04-24 05:04:10.111618+00:00"></TimeCreated>
<EventRecordID>106</EventRecordID>
<Correlation ActivityID="" RelatedActivityID=""></Correlation>
<Execution ProcessID="3288" ThreadID="3532"></Execution>
<Channel>Microsoft-Windows-Sysmon/Operational</Channel>
<Computer>DESKTOP-RL1K13Q</Computer>
<Security UserID="S-1-5-18"></Security>
</System>
<EventData><Data Name="RuleName">-</Data>
<Data Name="UtcTime">2025-04-24 05:03:58.214</Data>
<Data Name="ProcessGuid">{59d32d4f-c63e-6809-6200-000000001500}</Data>
<Data Name="ProcessId">4168</Data>
<Data Name="Image">C:\Program Files (x86)\Google\GoogleUpdater\137.0.7129.0\updater.exe</Data>
<Data Name="FileVersion">137.0.7129.0</Data>
<Data Name="Description">Google Updater (x64)</Data>
<Data Name="Product">Google Updater (x64)</Data>
<Data Name="Company">Google LLC</Data>
<Data Name="OriginalFileName">updater.exe</Data>
<Data Name="CommandLine">"C:\Program Files (x86)\Google\GoogleUpdater\137.0.7129.0\updater.exe" --crash-handler --system "--database=C:\Program Files (x86)\Google\GoogleUpdater\137.0.7129.0\Crashpad" --url=https://clients2.google.com/cr/report --annotation=prod=Update4 --annotation=ver=137.0.7129.0 "--attachment=C:\Program Files (x86)\Google\GoogleUpdater\updater.log" --initial-client-data=0x264,0x268,0x26c,0x240,0x270,0x7ff7106205d8,0x7ff7106205e4,0x7ff7106205f0</Data>
<Data Name="CurrentDirectory">C:\Windows\system32\</Data>
<Data Name="User">NT AUTHORITY\SYSTEM</Data>
<Data Name="LogonGuid">{59d32d4f-c62e-6809-e703-000000000000}</Data>
<Data Name="LogonId">0x00000000000003e7</Data>
<Data Name="TerminalSessionId">0</Data>
<Data Name="IntegrityLevel">System</Data>
<Data Name="Hashes">MD5=DCDE1606573F4FD0D0B1802424BEFBF2,SHA256=8FF75A69C58B3DF5FF554B91DECEE0E6AAEE77C6A341BCC2C9A60CC67F044961,IMPHASH=B413F35F15CA6B901BF948B6208B60E0</Data>
<Data Name="ParentProcessGuid">{59d32d4f-c63d-6809-6100-000000001500}</Data>
<Data Name="ParentProcessId">3748</Data>
<Data Name="ParentImage">C:\Program Files (x86)\Google\GoogleUpdater\137.0.7129.0\updater.exe</Data>
<Data Name="ParentCommandLine">"C:\Program Files (x86)\Google\GoogleUpdater\137.0.7129.0\updater.exe" --system --windows-service --service=update-internal</Data>
<Data Name="ParentUser">NT AUTHORITY\SYSTEM</Data>
</EventData>
</Event>

<Event xmlns="http://schemas.microsoft.com/win/2004/08/events/event"><System><Provider Name="Microsoft-Windows-Sysmon" Guid="{5770385f-c22a-43e0-bf4c-06f5698ffbd9}"></Provider>
<EventID Qualifiers="">8</EventID>
<Version>2</Version>
<Level>4</Level>
<Task>8</Task>
<Opcode>0</Opcode>
<Keywords>0x8000000000000000</Keywords>
<TimeCreated SystemTime="2025-04-24 05:04:10.176901+00:00"></TimeCreated>
<EventRecordID>107</EventRecordID>
<Correlation ActivityID="" RelatedActivityID=""></Correlation>
<Execution ProcessID="3288" ThreadID="3532"></Execution>
<Channel>Microsoft-Windows-Sysmon/Operational</Channel>
<Computer>DESKTOP-RL1K13Q</Computer>
<Security UserID="S-1-5-18"></Security>
</System>
<EventData><Data Name="RuleName">-</Data>
<Data Name="UtcTime">2025-04-24 05:03:58.788</Data>
<Data Name="SourceProcessGuid">{59d32d4f-c63d-6809-5f00-000000001500}</Data>
<Data Name="SourceProcessId">3168</Data>
<Data Name="SourceImage">C:\Program Files\VMware\VMware Tools\VMwareResolutionSet.exe</Data>
<Data Name="TargetProcessGuid">{59d32d4f-c62d-6809-0900-000000001500}</Data>
<Data Name="TargetProcessId">564</Data>
<Data Name="TargetImage">C:\Windows\System32\csrss.exe</Data>
<Data Name="NewThreadId">4272</Data>
<Data Name="StartAddress">0xFFFFB6E5433420D0</Data>
<Data Name="StartModule">-</Data>
<Data Name="StartFunction">-</Data>
<Data Name="SourceUser">NT AUTHORITY\SYSTEM</Data>
<Data Name="TargetUser">NT AUTHORITY\SYSTEM</Data>
</EventData>
</Event>

<Event xmlns="http://schemas.microsoft.com/win/2004/08/events/event"><System><Provider Name="Microsoft-Windows-Sysmon" Guid="{5770385f-c22a-43e0-bf4c-06f5698ffbd9}"></Provider>
<EventID Qualifiers="">1</EventID>
<Version>5</Version>
<Level>4</Level>
<Task>1</Task>
<Opcode>0</Opcode>
<Keywords>0x8000000000000000</Keywords>
<TimeCreated SystemTime="2025-04-24 05:04:10.325037+00:00"></TimeCreated>
<EventRecordID>108</EventRecordID>
<Correlation ActivityID="" RelatedActivityID=""></Correlation>
<Execution ProcessID="3288" ThreadID="3532"></Execution>
<Channel>Microsoft-Windows-Sysmon/Operational</Channel>
<Computer>DESKTOP-RL1K13Q</Computer>
<Security UserID="S-1-5-18"></Security>
</System>
<EventData><Data Name="RuleName">-</Data>
<Data Name="UtcTime">2025-04-24 05:04:00.297</Data>
<Data Name="ProcessGuid">{59d32d4f-c640-6809-6600-000000001500}</Data>
<Data Name="ProcessId">4384</Data>
<Data Name="Image">C:\Windows\System32\wbem\unsecapp.exe</Data>
<Data Name="FileVersion">10.0.19041.3996 (WinBuild.160101.0800)</Data>
<Data Name="Description">Sink to receive asynchronous callbacks for WMI client application</Data>
<Data Name="Product">Microsoft&#174; Windows&#174; Operating System</Data>
<Data Name="Company">Microsoft Corporation</Data>
<Data Name="OriginalFileName">unsecapp.dll</Data>
<Data Name="CommandLine">C:\Windows\system32\wbem\unsecapp.exe -Embedding</Data>
<Data Name="CurrentDirectory">C:\Windows\system32\</Data>
<Data Name="User">NT AUTHORITY\SYSTEM</Data>
<Data Name="LogonGuid">{59d32d4f-c62e-6809-e703-000000000000}</Data>
<Data Name="LogonId">0x00000000000003e7</Data>
<Data Name="TerminalSessionId">0</Data>
<Data Name="IntegrityLevel">System</Data>
<Data Name="Hashes">MD5=9DA62F1E05AFF50C4657F3E6E43A054A,SHA256=71326596C6FFCAE994E138D296E209351B616D3644894056DEBCB06D64EB3C2F,IMPHASH=87E54E3D04D772F26002D8B564B2426C</Data>
<Data Name="ParentProcessGuid">{59d32d4f-c62e-6809-0d00-000000001500}</Data>
<Data Name="ParentProcessId">820</Data>
<Data Name="ParentImage">C:\Windows\System32\svchost.exe</Data>
<Data Name="ParentCommandLine">C:\Windows\system32\svchost.exe -k DcomLaunch -p</Data>
<Data Name="ParentUser">NT AUTHORITY\SYSTEM</Data>
</EventData>
</Event>

<Event xmlns="http://schemas.microsoft.com/win/2004/08/events/event"><System><Provider Name="Microsoft-Windows-Sysmon" Guid="{5770385f-c22a-43e0-bf4c-06f5698ffbd9}"></Provider>
<EventID Qualifiers="">22</EventID>
<Version>5</Version>
<Level>4</Level>
<Task>22</Task>
<Opcode>0</Opcode>
<Keywords>0x8000000000000000</Keywords>
<TimeCreated SystemTime="2025-04-24 05:04:10.353754+00:00"></TimeCreated>
<EventRecordID>109</EventRecordID>
<Correlation ActivityID="" RelatedActivityID=""></Correlation>
<Execution ProcessID="3288" ThreadID="1836"></Execution>
<Channel>Microsoft-Windows-Sysmon/Operational</Channel>
<Computer>DESKTOP-RL1K13Q</Computer>
<Security UserID="S-1-5-18"></Security>
</System>
<EventData><Data Name="RuleName">-</Data>
<Data Name="UtcTime">2025-04-24 05:04:08.936</Data>
<Data Name="ProcessGuid">{59d32d4f-c63e-6809-6300-000000001500}</Data>
<Data Name="ProcessId">4232</Data>
<Data Name="QueryName">DESKTOP-RL1K13Q</Data>
<Data Name="QueryStatus">0</Data>
<Data Name="QueryResults">192.168.80.9;</Data>
<Data Name="Image">C:\Windows\System32\dllhost.exe</Data>
<Data Name="User">NT AUTHORITY\SYSTEM</Data>
</EventData>
</Event>

<Event xmlns="http://schemas.microsoft.com/win/2004/08/events/event"><System><Provider Name="Microsoft-Windows-Sysmon" Guid="{5770385f-c22a-43e0-bf4c-06f5698ffbd9}"></Provider>
<EventID Qualifiers="">6</EventID>
<Version>4</Version>
<Level>4</Level>
<Task>6</Task>
<Opcode>0</Opcode>
<Keywords>0x8000000000000000</Keywords>
<TimeCreated SystemTime="2025-04-24 05:04:10.579603+00:00"></TimeCreated>
<EventRecordID>110</EventRecordID>
<Correlation ActivityID="" RelatedActivityID=""></Correlation>
<Execution ProcessID="3288" ThreadID="2504"></Execution>
<Channel>Microsoft-Windows-Sysmon/Operational</Channel>
<Computer>DESKTOP-RL1K13Q</Computer>
<Security UserID="S-1-5-18"></Security>
</System>
<EventData><Data Name="RuleName">-</Data>
<Data Name="UtcTime">2025-04-24 05:03:24.010</Data>
<Data Name="ImageLoaded">C:\Windows\System32\drivers\wintun.sys</Data>
<Data Name="Hashes">MD5=1945D7D1F56B67AE1CAD6FFE13A01985,SHA256=EB58BF00DF7B4F98334178E75DF3348C609EA5C6C74CF7F185F363AA23976C8B,IMPHASH=C4448E152EF9CAD9FBEEA6D267B6595D</Data>
<Data Name="Signed">true</Data>
<Data Name="Signature">WireGuard LLC</Data>
<Data Name="SignatureStatus">Valid</Data>
</EventData>
</Event>

<Event xmlns="http://schemas.microsoft.com/win/2004/08/events/event"><System><Provider Name="Microsoft-Windows-Sysmon" Guid="{5770385f-c22a-43e0-bf4c-06f5698ffbd9}"></Provider>
<EventID Qualifiers="">1</EventID>
<Version>5</Version>
<Level>4</Level>
<Task>1</Task>
<Opcode>0</Opcode>
<Keywords>0x8000000000000000</Keywords>
<TimeCreated SystemTime="2025-04-24 05:04:10.608490+00:00"></TimeCreated>
<EventRecordID>111</EventRecordID>
<Correlation ActivityID="" RelatedActivityID=""></Correlation>
<Execution ProcessID="3288" ThreadID="3532"></Execution>
<Channel>Microsoft-Windows-Sysmon/Operational</Channel>
<Computer>DESKTOP-RL1K13Q</Computer>
<Security UserID="S-1-5-18"></Security>
</System>
<EventData><Data Name="RuleName">-</Data>
<Data Name="UtcTime">2025-04-24 05:04:01.565</Data>
<Data Name="ProcessGuid">{59d32d4f-c641-6809-6800-000000001500}</Data>
<Data Name="ProcessId">4556</Data>
<Data Name="Image">C:\Program Files (x86)\Google\GoogleUpdater\137.0.7129.0\updater.exe</Data>
<Data Name="FileVersion">137.0.7129.0</Data>
<Data Name="Description">Google Updater (x64)</Data>
<Data Name="Product">Google Updater (x64)</Data>
<Data Name="Company">Google LLC</Data>
<Data Name="OriginalFileName">updater.exe</Data>
<Data Name="CommandLine">"C:\Program Files (x86)\Google\GoogleUpdater\137.0.7129.0\updater.exe" --system --windows-service --service=update</Data>
<Data Name="CurrentDirectory">C:\Windows\system32\</Data>
<Data Name="User">NT AUTHORITY\SYSTEM</Data>
<Data Name="LogonGuid">{59d32d4f-c62e-6809-e703-000000000000}</Data>
<Data Name="LogonId">0x00000000000003e7</Data>
<Data Name="TerminalSessionId">0</Data>
<Data Name="IntegrityLevel">System</Data>
<Data Name="Hashes">MD5=DCDE1606573F4FD0D0B1802424BEFBF2,SHA256=8FF75A69C58B3DF5FF554B91DECEE0E6AAEE77C6A341BCC2C9A60CC67F044961,IMPHASH=B413F35F15CA6B901BF948B6208B60E0</Data>
<Data Name="ParentProcessGuid">{59d32d4f-c62d-6809-0b00-000000001500}</Data>
<Data Name="ParentProcessId">696</Data>
<Data Name="ParentImage">C:\Windows\System32\services.exe</Data>
<Data Name="ParentCommandLine">C:\Windows\system32\services.exe</Data>
<Data Name="ParentUser">NT AUTHORITY\SYSTEM</Data>
</EventData>
</Event>

<Event xmlns="http://schemas.microsoft.com/win/2004/08/events/event"><System><Provider Name="Microsoft-Windows-Sysmon" Guid="{5770385f-c22a-43e0-bf4c-06f5698ffbd9}"></Provider>
<EventID Qualifiers="">1</EventID>
<Version>5</Version>
<Level>4</Level>
<Task>1</Task>
<Opcode>0</Opcode>
<Keywords>0x8000000000000000</Keywords>
<TimeCreated SystemTime="2025-04-24 05:04:10.626024+00:00"></TimeCreated>
<EventRecordID>112</EventRecordID>
<Correlation ActivityID="" RelatedActivityID=""></Correlation>
<Execution ProcessID="3288" ThreadID="3532"></Execution>
<Channel>Microsoft-Windows-Sysmon/Operational</Channel>
<Computer>DESKTOP-RL1K13Q</Computer>
<Security UserID="S-1-5-18"></Security>
</System>
<EventData><Data Name="RuleName">-</Data>
<Data Name="UtcTime">2025-04-24 05:04:01.805</Data>
<Data Name="ProcessGuid">{59d32d4f-c641-6809-6900-000000001500}</Data>
<Data Name="ProcessId">4640</Data>
<Data Name="Image">C:\Program Files (x86)\Google\GoogleUpdater\137.0.7129.0\updater.exe</Data>
<Data Name="FileVersion">137.0.7129.0</Data>
<Data Name="Description">Google Updater (x64)</Data>
<Data Name="Product">Google Updater (x64)</Data>
<Data Name="Company">Google LLC</Data>
<Data Name="OriginalFileName">updater.exe</Data>
<Data Name="CommandLine">"C:\Program Files (x86)\Google\GoogleUpdater\137.0.7129.0\updater.exe" --crash-handler --system "--database=C:\Program Files (x86)\Google\GoogleUpdater\137.0.7129.0\Crashpad" --url=https://clients2.google.com/cr/report --annotation=prod=Update4 --annotation=ver=137.0.7129.0 "--attachment=C:\Program Files (x86)\Google\GoogleUpdater\updater.log" --initial-client-data=0x264,0x268,0x26c,0x240,0x270,0x7ff7106205d8,0x7ff7106205e4,0x7ff7106205f0</Data>
<Data Name="CurrentDirectory">C:\Windows\system32\</Data>
<Data Name="User">NT AUTHORITY\SYSTEM</Data>
<Data Name="LogonGuid">{59d32d4f-c62e-6809-e703-000000000000}</Data>
<Data Name="LogonId">0x00000000000003e7</Data>
<Data Name="TerminalSessionId">0</Data>
<Data Name="IntegrityLevel">System</Data>
<Data Name="Hashes">MD5=DCDE1606573F4FD0D0B1802424BEFBF2,SHA256=8FF75A69C58B3DF5FF554B91DECEE0E6AAEE77C6A341BCC2C9A60CC67F044961,IMPHASH=B413F35F15CA6B901BF948B6208B60E0</Data>
<Data Name="ParentProcessGuid">{59d32d4f-c641-6809-6800-000000001500}</Data>
<Data Name="ParentProcessId">4556</Data>
<Data Name="ParentImage">C:\Program Files (x86)\Google\GoogleUpdater\137.0.7129.0\updater.exe</Data>
<Data Name="ParentCommandLine">"C:\Program Files (x86)\Google\GoogleUpdater\137.0.7129.0\updater.exe" --system --windows-service --service=update</Data>
<Data Name="ParentUser">NT AUTHORITY\SYSTEM</Data>
</EventData>
</Event>

<Event xmlns="http://schemas.microsoft.com/win/2004/08/events/event"><System><Provider Name="Microsoft-Windows-Sysmon" Guid="{5770385f-c22a-43e0-bf4c-06f5698ffbd9}"></Provider>
<EventID Qualifiers="">1</EventID>
<Version>5</Version>
<Level>4</Level>
<Task>1</Task>
<Opcode>0</Opcode>
<Keywords>0x8000000000000000</Keywords>
<TimeCreated SystemTime="2025-04-24 05:04:10.651381+00:00"></TimeCreated>
<EventRecordID>113</EventRecordID>
<Correlation ActivityID="" RelatedActivityID=""></Correlation>
<Execution ProcessID="3288" ThreadID="3532"></Execution>
<Channel>Microsoft-Windows-Sysmon/Operational</Channel>
<Computer>DESKTOP-RL1K13Q</Computer>
<Security UserID="S-1-5-18"></Security>
</System>
<EventData><Data Name="RuleName">-</Data>
<Data Name="UtcTime">2025-04-24 05:04:02.185</Data>
<Data Name="ProcessGuid">{59d32d4f-c642-6809-6b00-000000001500}</Data>
<Data Name="ProcessId">4812</Data>
<Data Name="Image">C:\Windows\System32\LogonUI.exe</Data>
<Data Name="FileVersion">10.0.19041.1 (WinBuild.160101.0800)</Data>
<Data Name="Description">Windows Logon User Interface Host</Data>
<Data Name="Product">Microsoft&#174; Windows&#174; Operating System</Data>
<Data Name="Company">Microsoft Corporation</Data>
<Data Name="OriginalFileName">logonui.exe</Data>
<Data Name="CommandLine">"LogonUI.exe" /flags:0x2 /state0:0xa38d8055 /state1:0x41c64e6d</Data>
<Data Name="CurrentDirectory">C:\Windows\system32\</Data>
<Data Name="User">NT AUTHORITY\SYSTEM</Data>
<Data Name="LogonGuid">{59d32d4f-c62e-6809-e703-000000000000}</Data>
<Data Name="LogonId">0x00000000000003e7</Data>
<Data Name="TerminalSessionId">1</Data>
<Data Name="IntegrityLevel">System</Data>
<Data Name="Hashes">MD5=893144FE49AA16124B5BD3034E79BBC6,SHA256=CF01E46C146699F6C0E3DD447043F59BC9438DBBCB9563AF6C60EBC6D82727F2,IMPHASH=B9B0B64B08B38276711093CA94348D39</Data>
<Data Name="ParentProcessGuid">{59d32d4f-c62d-6809-0a00-000000001500}</Data>
<Data Name="ParentProcessId">628</Data>
<Data Name="ParentImage">C:\Windows\System32\winlogon.exe</Data>
<Data Name="ParentCommandLine">winlogon.exe</Data>
<Data Name="ParentUser">NT AUTHORITY\SYSTEM</Data>
</EventData>
</Event>

<Event xmlns="http://schemas.microsoft.com/win/2004/08/events/event"><System><Provider Name="Microsoft-Windows-Sysmon" Guid="{5770385f-c22a-43e0-bf4c-06f5698ffbd9}"></Provider>
<EventID Qualifiers="">13</EventID>
<Version>2</Version>
<Level>4</Level>
<Task>13</Task>
<Opcode>0</Opcode>
<Keywords>0x8000000000000000</Keywords>
<TimeCreated SystemTime="2025-04-24 05:04:11.029322+00:00"></TimeCreated>
<EventRecordID>114</EventRecordID>
<Correlation ActivityID="" RelatedActivityID=""></Correlation>
<Execution ProcessID="3288" ThreadID="3532"></Execution>
<Channel>Microsoft-Windows-Sysmon/Operational</Channel>
<Computer>DESKTOP-RL1K13Q</Computer>
<Security UserID="S-1-5-18"></Security>
</System>
<EventData><Data Name="RuleName">T1031,T1050</Data>
<Data Name="EventType">SetValue</Data>
<Data Name="UtcTime">2025-04-24 05:04:03.694</Data>
<Data Name="ProcessGuid">{59d32d4f-c62d-6809-0b00-000000001500}</Data>
<Data Name="ProcessId">696</Data>
<Data Name="Image">C:\Windows\system32\services.exe</Data>
<Data Name="TargetObject">HKLM\System\CurrentControlSet\Services\MDCoreSvc\Start</Data>
<Data Name="Details">DWORD (0x00000002)</Data>
<Data Name="User">NT AUTHORITY\SYSTEM</Data>
</EventData>
</Event>

<Event xmlns="http://schemas.microsoft.com/win/2004/08/events/event"><System><Provider Name="Microsoft-Windows-Sysmon" Guid="{5770385f-c22a-43e0-bf4c-06f5698ffbd9}"></Provider>
<EventID Qualifiers="">1</EventID>
<Version>5</Version>
<Level>4</Level>
<Task>1</Task>
<Opcode>0</Opcode>
<Keywords>0x8000000000000000</Keywords>
<TimeCreated SystemTime="2025-04-24 05:04:11.043627+00:00"></TimeCreated>
<EventRecordID>115</EventRecordID>
<Correlation ActivityID="" RelatedActivityID=""></Correlation>
<Execution ProcessID="3288" ThreadID="3532"></Execution>
<Channel>Microsoft-Windows-Sysmon/Operational</Channel>
<Computer>DESKTOP-RL1K13Q</Computer>
<Security UserID="S-1-5-18"></Security>
</System>
<EventData><Data Name="RuleName">-</Data>
<Data Name="UtcTime">2025-04-24 05:04:03.799</Data>
<Data Name="ProcessGuid">{59d32d4f-c643-6809-6d00-000000001500}</Data>
<Data Name="ProcessId">5080</Data>
<Data Name="Image">C:\Windows\System32\wevtutil.exe</Data>
<Data Name="FileVersion">10.0.19041.3636 (WinBuild.160101.0800)</Data>
<Data Name="Description">Eventing Command Line Utility</Data>
<Data Name="Product">Microsoft&#174; Windows&#174; Operating System</Data>
<Data Name="Company">Microsoft Corporation</Data>
<Data Name="OriginalFileName">wevtutil.exe</Data>
<Data Name="CommandLine">C:\Windows\system32\wevtutil.exe uninstall-manifest "C:\ProgramData\Microsoft\Windows Defender\Platform\4.18.25030.2-0\Microsoft-Antimalware-AMFilter.man"</Data>
<Data Name="CurrentDirectory">C:\Windows\system32\</Data>
<Data Name="User">NT AUTHORITY\SYSTEM</Data>
<Data Name="LogonGuid">{59d32d4f-c62e-6809-e703-000000000000}</Data>
<Data Name="LogonId">0x00000000000003e7</Data>
<Data Name="TerminalSessionId">0</Data>
<Data Name="IntegrityLevel">System</Data>
<Data Name="Hashes">MD5=1F970DDF2061B33C148E72604D2170FB,SHA256=5293A95BE8F320A3AF6D8C1D5E937F13D0EE2925B9B13538487DEC0181EF5432,IMPHASH=D3310B6271278C48FE7AE9F4AD5259B6</Data>
<Data Name="ParentProcessGuid">{59d32d4f-c63a-6809-5400-000000001500}</Data>
<Data Name="ParentProcessId">3356</Data>
<Data Name="ParentImage">C:\ProgramData\Microsoft\Windows Defender\Platform\4.18.25030.2-0\MsMpEng.exe</Data>
<Data Name="ParentCommandLine">"C:\ProgramData\Microsoft\Windows Defender\Platform\4.18.25030.2-0\MsMpEng.exe"</Data>
<Data Name="ParentUser">NT AUTHORITY\SYSTEM</Data>
</EventData>
</Event>

<Event xmlns="http://schemas.microsoft.com/win/2004/08/events/event"><System><Provider Name="Microsoft-Windows-Sysmon" Guid="{5770385f-c22a-43e0-bf4c-06f5698ffbd9}"></Provider>
<EventID Qualifiers="">1</EventID>
<Version>5</Version>
<Level>4</Level>
<Task>1</Task>
<Opcode>0</Opcode>
<Keywords>0x8000000000000000</Keywords>
<TimeCreated SystemTime="2025-04-24 05:04:11.190668+00:00"></TimeCreated>
<EventRecordID>116</EventRecordID>
<Correlation ActivityID="" RelatedActivityID=""></Correlation>
<Execution ProcessID="3288" ThreadID="3532"></Execution>
<Channel>Microsoft-Windows-Sysmon/Operational</Channel>
<Computer>DESKTOP-RL1K13Q</Computer>
<Security UserID="S-1-5-18"></Security>
</System>
<EventData><Data Name="RuleName">-</Data>
<Data Name="UtcTime">2025-04-24 05:04:05.577</Data>
<Data Name="ProcessGuid">{59d32d4f-c645-6809-6f00-000000001500}</Data>
<Data Name="ProcessId">1472</Data>
<Data Name="Image">C:\Windows\System32\svchost.exe</Data>
<Data Name="FileVersion">10.0.19041.3636 (WinBuild.160101.0800)</Data>
<Data Name="Description">Host Process for Windows Services</Data>
<Data Name="Product">Microsoft&#174; Windows&#174; Operating System</Data>
<Data Name="Company">Microsoft Corporation</Data>
<Data Name="OriginalFileName">svchost.exe</Data>
<Data Name="CommandLine">C:\Windows\System32\svchost.exe -k LocalServiceNetworkRestricted -s RmSvc</Data>
<Data Name="CurrentDirectory">C:\Windows\system32\</Data>
<Data Name="User">NT AUTHORITY\LOCAL SERVICE</Data>
<Data Name="LogonGuid">{59d32d4f-c630-6809-e503-000000000000}</Data>
<Data Name="LogonId">0x00000000000003e5</Data>
<Data Name="TerminalSessionId">0</Data>
<Data Name="IntegrityLevel">System</Data>
<Data Name="Hashes">MD5=145DCF6706EEEA5B066885EE17964C09,SHA256=F13DE58416730D210DAB465B242E9C949FB0A0245EEF45B07C381F0C6C8A43C3,IMPHASH=247B9220E5D9B720A82B2C8B5069AD69</Data>
<Data Name="ParentProcessGuid">{59d32d4f-c62d-6809-0b00-000000001500}</Data>
<Data Name="ParentProcessId">696</Data>
<Data Name="ParentImage">C:\Windows\System32\services.exe</Data>
<Data Name="ParentCommandLine">C:\Windows\system32\services.exe</Data>
<Data Name="ParentUser">NT AUTHORITY\SYSTEM</Data>
</EventData>
</Event>

<Event xmlns="http://schemas.microsoft.com/win/2004/08/events/event"><System><Provider Name="Microsoft-Windows-Sysmon" Guid="{5770385f-c22a-43e0-bf4c-06f5698ffbd9}"></Provider>
<EventID Qualifiers="">1</EventID>
<Version>5</Version>
<Level>4</Level>
<Task>1</Task>
<Opcode>0</Opcode>
<Keywords>0x8000000000000000</Keywords>
<TimeCreated SystemTime="2025-04-24 05:04:11.209028+00:00"></TimeCreated>
<EventRecordID>117</EventRecordID>
<Correlation ActivityID="" RelatedActivityID=""></Correlation>
<Execution ProcessID="3288" ThreadID="3532"></Execution>
<Channel>Microsoft-Windows-Sysmon/Operational</Channel>
<Computer>DESKTOP-RL1K13Q</Computer>
<Security UserID="S-1-5-18"></Security>
</System>
<EventData><Data Name="RuleName">-</Data>
<Data Name="UtcTime">2025-04-24 05:04:06.228</Data>
<Data Name="ProcessGuid">{59d32d4f-c646-6809-7000-000000001500}</Data>
<Data Name="ProcessId">2688</Data>
<Data Name="Image">C:\Windows\System32\wevtutil.exe</Data>
<Data Name="FileVersion">10.0.19041.3636 (WinBuild.160101.0800)</Data>
<Data Name="Description">Eventing Command Line Utility</Data>
<Data Name="Product">Microsoft&#174; Windows&#174; Operating System</Data>
<Data Name="Company">Microsoft Corporation</Data>
<Data Name="OriginalFileName">wevtutil.exe</Data>
<Data Name="CommandLine">C:\Windows\system32\wevtutil.exe install-manifest "C:\ProgramData\Microsoft\Windows Defender\Platform\4.18.25030.2-0\Microsoft-Antimalware-AMFilter.man" "/resourceFilePath:C:\ProgramData\Microsoft\Windows Defender\Platform\4.18.25030.2-0\Drivers\WdFilter.sys" "/messageFilePath:C:\ProgramData\Microsoft\Windows Defender\Platform\4.18.25030.2-0\Drivers\WdFilter.sys" "/parameterFilePath:C:\ProgramData\Microsoft\Windows Defender\Platform\4.18.25030.2-0\Drivers\WdFilter.sys"</Data>
<Data Name="CurrentDirectory">C:\Windows\system32\</Data>
<Data Name="User">NT AUTHORITY\SYSTEM</Data>
<Data Name="LogonGuid">{59d32d4f-c62e-6809-e703-000000000000}</Data>
<Data Name="LogonId">0x00000000000003e7</Data>
<Data Name="TerminalSessionId">0</Data>
<Data Name="IntegrityLevel">System</Data>
<Data Name="Hashes">MD5=1F970DDF2061B33C148E72604D2170FB,SHA256=5293A95BE8F320A3AF6D8C1D5E937F13D0EE2925B9B13538487DEC0181EF5432,IMPHASH=D3310B6271278C48FE7AE9F4AD5259B6</Data>
<Data Name="ParentProcessGuid">{59d32d4f-c63a-6809-5400-000000001500}</Data>
<Data Name="ParentProcessId">3356</Data>
<Data Name="ParentImage">C:\ProgramData\Microsoft\Windows Defender\Platform\4.18.25030.2-0\MsMpEng.exe</Data>
<Data Name="ParentCommandLine">"C:\ProgramData\Microsoft\Windows Defender\Platform\4.18.25030.2-0\MsMpEng.exe"</Data>
<Data Name="ParentUser">NT AUTHORITY\SYSTEM</Data>
</EventData>
</Event>

<Event xmlns="http://schemas.microsoft.com/win/2004/08/events/event"><System><Provider Name="Microsoft-Windows-Sysmon" Guid="{5770385f-c22a-43e0-bf4c-06f5698ffbd9}"></Provider>
<EventID Qualifiers="">1</EventID>
<Version>5</Version>
<Level>4</Level>
<Task>1</Task>
<Opcode>0</Opcode>
<Keywords>0x8000000000000000</Keywords>
<TimeCreated SystemTime="2025-04-24 05:04:11.293005+00:00"></TimeCreated>
<EventRecordID>118</EventRecordID>
<Correlation ActivityID="" RelatedActivityID=""></Correlation>
<Execution ProcessID="3288" ThreadID="3532"></Execution>
<Channel>Microsoft-Windows-Sysmon/Operational</Channel>
<Computer>DESKTOP-RL1K13Q</Computer>
<Security UserID="S-1-5-18"></Security>
</System>
<EventData><Data Name="RuleName">-</Data>
<Data Name="UtcTime">2025-04-24 05:04:07.624</Data>
<Data Name="ProcessGuid">{59d32d4f-c647-6809-7400-000000001500}</Data>
<Data Name="ProcessId">3640</Data>
<Data Name="Image">C:\Windows\System32\wevtutil.exe</Data>
<Data Name="FileVersion">10.0.19041.3636 (WinBuild.160101.0800)</Data>
<Data Name="Description">Eventing Command Line Utility</Data>
<Data Name="Product">Microsoft&#174; Windows&#174; Operating System</Data>
<Data Name="Company">Microsoft Corporation</Data>
<Data Name="OriginalFileName">wevtutil.exe</Data>
<Data Name="CommandLine">C:\Windows\system32\wevtutil.exe uninstall-manifest "C:\ProgramData\Microsoft\Windows Defender\Platform\4.18.25030.2-0\Microsoft-Windows-Windows Defender.man"</Data>
<Data Name="CurrentDirectory">C:\Windows\system32\</Data>
<Data Name="User">NT AUTHORITY\SYSTEM</Data>
<Data Name="LogonGuid">{59d32d4f-c62e-6809-e703-000000000000}</Data>
<Data Name="LogonId">0x00000000000003e7</Data>
<Data Name="TerminalSessionId">0</Data>
<Data Name="IntegrityLevel">System</Data>
<Data Name="Hashes">MD5=1F970DDF2061B33C148E72604D2170FB,SHA256=5293A95BE8F320A3AF6D8C1D5E937F13D0EE2925B9B13538487DEC0181EF5432,IMPHASH=D3310B6271278C48FE7AE9F4AD5259B6</Data>
<Data Name="ParentProcessGuid">{59d32d4f-c63a-6809-5400-000000001500}</Data>
<Data Name="ParentProcessId">3356</Data>
<Data Name="ParentImage">C:\ProgramData\Microsoft\Windows Defender\Platform\4.18.25030.2-0\MsMpEng.exe</Data>
<Data Name="ParentCommandLine">"C:\ProgramData\Microsoft\Windows Defender\Platform\4.18.25030.2-0\MsMpEng.exe"</Data>
<Data Name="ParentUser">NT AUTHORITY\SYSTEM</Data>
</EventData>
</Event>

<Event xmlns="http://schemas.microsoft.com/win/2004/08/events/event"><System><Provider Name="Microsoft-Windows-Sysmon" Guid="{5770385f-c22a-43e0-bf4c-06f5698ffbd9}"></Provider>
<EventID Qualifiers="">12</EventID>
<Version>2</Version>
<Level>4</Level>
<Task>12</Task>
<Opcode>0</Opcode>
<Keywords>0x8000000000000000</Keywords>
<TimeCreated SystemTime="2025-04-24 05:04:11.349621+00:00"></TimeCreated>
<EventRecordID>119</EventRecordID>
<Correlation ActivityID="" RelatedActivityID=""></Correlation>
<Execution ProcessID="3288" ThreadID="3532"></Execution>
<Channel>Microsoft-Windows-Sysmon/Operational</Channel>
<Computer>DESKTOP-RL1K13Q</Computer>
<Security UserID="S-1-5-18"></Security>
</System>
<EventData><Data Name="RuleName">-</Data>
<Data Name="EventType">DeleteKey</Data>
<Data Name="UtcTime">2025-04-24 05:04:08.882</Data>
<Data Name="ProcessGuid">{59d32d4f-c647-6809-7400-000000001500}</Data>
<Data Name="ProcessId">3640</Data>
<Data Name="Image">C:\Windows\system32\wevtutil.exe</Data>
<Data Name="TargetObject">HKLM\SOFTWARE\Microsoft\Windows\CurrentVersion\WINEVT\Channels\Microsoft-Windows-Windows Defender/Operational</Data>
<Data Name="User">NT AUTHORITY\SYSTEM</Data>
</EventData>
</Event>

<Event xmlns="http://schemas.microsoft.com/win/2004/08/events/event"><System><Provider Name="Microsoft-Windows-Sysmon" Guid="{5770385f-c22a-43e0-bf4c-06f5698ffbd9}"></Provider>
<EventID Qualifiers="">1</EventID>
<Version>5</Version>
<Level>4</Level>
<Task>1</Task>
<Opcode>0</Opcode>
<Keywords>0x8000000000000000</Keywords>
<TimeCreated SystemTime="2025-04-24 05:04:11.352098+00:00"></TimeCreated>
<EventRecordID>120</EventRecordID>
<Correlation ActivityID="" RelatedActivityID=""></Correlation>
<Execution ProcessID="3288" ThreadID="3532"></Execution>
<Channel>Microsoft-Windows-Sysmon/Operational</Channel>
<Computer>DESKTOP-RL1K13Q</Computer>
<Security UserID="S-1-5-18"></Security>
</System>
<EventData><Data Name="RuleName">-</Data>
<Data Name="UtcTime">2025-04-24 05:04:09.142</Data>
<Data Name="ProcessGuid">{59d32d4f-c649-6809-7600-000000001500}</Data>
<Data Name="ProcessId">2164</Data>
<Data Name="Image">C:\Windows\System32\msdtc.exe</Data>
<Data Name="FileVersion">2001.12.10941.16384 (WinBuild.160101.0800)</Data>
<Data Name="Description">Microsoft Distributed Transaction Coordinator Service</Data>
<Data Name="Product">Microsoft&#174; Windows&#174; Operating System</Data>
<Data Name="Company">Microsoft Corporation</Data>
<Data Name="OriginalFileName">MSDTC.EXE</Data>
<Data Name="CommandLine">C:\Windows\System32\msdtc.exe</Data>
<Data Name="CurrentDirectory">C:\Windows\system32\</Data>
<Data Name="User">NT AUTHORITY\NETWORK SERVICE</Data>
<Data Name="LogonGuid">{59d32d4f-c62f-6809-e403-000000000000}</Data>
<Data Name="LogonId">0x00000000000003e4</Data>
<Data Name="TerminalSessionId">0</Data>
<Data Name="IntegrityLevel">System</Data>
<Data Name="Hashes">MD5=CC072470F772DE4007C94052A9A900A3,SHA256=24A18E0E1651FB62F08E09ABEF6DE550CE16B52D59C45800B1EAC88BF0A4F8F4,IMPHASH=C7EB11F3B872A54495FAEA7060D3E758</Data>
<Data Name="ParentProcessGuid">{59d32d4f-c62d-6809-0b00-000000001500}</Data>
<Data Name="ParentProcessId">696</Data>
<Data Name="ParentImage">C:\Windows\System32\services.exe</Data>
<Data Name="ParentCommandLine">C:\Windows\system32\services.exe</Data>
<Data Name="ParentUser">NT AUTHORITY\SYSTEM</Data>
</EventData>
</Event>

<Event xmlns="http://schemas.microsoft.com/win/2004/08/events/event"><System><Provider Name="Microsoft-Windows-Sysmon" Guid="{5770385f-c22a-43e0-bf4c-06f5698ffbd9}"></Provider>
<EventID Qualifiers="">12</EventID>
<Version>2</Version>
<Level>4</Level>
<Task>12</Task>
<Opcode>0</Opcode>
<Keywords>0x8000000000000000</Keywords>
<TimeCreated SystemTime="2025-04-24 05:04:11.354408+00:00"></TimeCreated>
<EventRecordID>121</EventRecordID>
<Correlation ActivityID="" RelatedActivityID=""></Correlation>
<Execution ProcessID="3288" ThreadID="3532"></Execution>
<Channel>Microsoft-Windows-Sysmon/Operational</Channel>
<Computer>DESKTOP-RL1K13Q</Computer>
<Security UserID="S-1-5-18"></Security>
</System>
<EventData><Data Name="RuleName">-</Data>
<Data Name="EventType">DeleteKey</Data>
<Data Name="UtcTime">2025-04-24 05:04:09.366</Data>
<Data Name="ProcessGuid">{59d32d4f-c647-6809-7400-000000001500}</Data>
<Data Name="ProcessId">3640</Data>
<Data Name="Image">C:\Windows\system32\wevtutil.exe</Data>
<Data Name="TargetObject">HKLM\SOFTWARE\Microsoft\Windows\CurrentVersion\WINEVT\Channels\Microsoft-Windows-Windows Defender/WHC</Data>
<Data Name="User">NT AUTHORITY\SYSTEM</Data>
</EventData>
</Event>

