<Event xmlns="http://schemas.microsoft.com/win/2004/08/events/event"><System><Provider Name="Microsoft-Windows-Sysmon" Guid="{5770385f-c22a-43e0-bf4c-06f5698ffbd9}"></Provider>
<EventID Qualifiers="">13</EventID>
<Version>2</Version>
<Level>4</Level>
<Task>13</Task>
<Opcode>0</Opcode>
<Keywords>0x8000000000000000</Keywords>
<TimeCreated SystemTime="2025-04-24 05:13:12.542267+00:00"></TimeCreated>
<EventRecordID>1193</EventRecordID>
<Correlation ActivityID="" RelatedActivityID=""></Correlation>
<Execution ProcessID="3288" ThreadID="3532"></Execution>
<Channel>Microsoft-Windows-Sysmon/Operational</Channel>
<Computer>DESKTOP-RL1K13Q</Computer>
<Security UserID="S-1-5-18"></Security>
</System>
<EventData><Data Name="RuleName">Suspicious,ImageBeginWithBackslash</Data>
<Data Name="EventType">SetValue</Data>
<Data Name="UtcTime">2025-04-24 05:13:12.538</Data>
<Data Name="ProcessGuid">{59d32d4f-c72a-6809-e800-000000001500}</Data>
<Data Name="ProcessId">5360</Data>
<Data Name="Image">\\?\C:\Windows\system32\wbem\WMIADAP.EXE</Data>
<Data Name="TargetObject">HKLM\SOFTWARE\Microsoft\Wbem\WDM\DREDGE\C:\Windows\System32\drivers\en-US\processr.sys.mui[PROCESSORWMI]</Data>
<Data Name="Details">LowDateTime:1456784014,HighDateTime:30780702***Binary mof compiled successfully</Data>
<Data Name="User">NT AUTHORITY\SYSTEM</Data>
</EventData>
</Event>

<Event xmlns="http://schemas.microsoft.com/win/2004/08/events/event"><System><Provider Name="Microsoft-Windows-Sysmon" Guid="{5770385f-c22a-43e0-bf4c-06f5698ffbd9}"></Provider>
<EventID Qualifiers="">13</EventID>
<Version>2</Version>
<Level>4</Level>
<Task>13</Task>
<Opcode>0</Opcode>
<Keywords>0x8000000000000000</Keywords>
<TimeCreated SystemTime="2025-04-24 05:13:12.542419+00:00"></TimeCreated>
<EventRecordID>1194</EventRecordID>
<Correlation ActivityID="" RelatedActivityID=""></Correlation>
<Execution ProcessID="3288" ThreadID="3532"></Execution>
<Channel>Microsoft-Windows-Sysmon/Operational</Channel>
<Computer>DESKTOP-RL1K13Q</Computer>
<Security UserID="S-1-5-18"></Security>
</System>
<EventData><Data Name="RuleName">Suspicious,ImageBeginWithBackslash</Data>
<Data Name="EventType">SetValue</Data>
<Data Name="UtcTime">2025-04-24 05:13:12.538</Data>
<Data Name="ProcessGuid">{59d32d4f-c72a-6809-e800-000000001500}</Data>
<Data Name="ProcessId">5360</Data>
<Data Name="Image">\\?\C:\Windows\system32\wbem\WMIADAP.EXE</Data>
<Data Name="TargetObject">HKLM\SOFTWARE\Microsoft\Wbem\WDM\DREDGE\C:\Windows\System32\drivers\HDAudBus.sys[HDAudioMofName]</Data>
<Data Name="Details">LowDateTime:-594330938,HighDateTime:31086655***Binary mof compiled successfully</Data>
<Data Name="User">NT AUTHORITY\SYSTEM</Data>
</EventData>
</Event>

<Event xmlns="http://schemas.microsoft.com/win/2004/08/events/event"><System><Provider Name="Microsoft-Windows-Sysmon" Guid="{5770385f-c22a-43e0-bf4c-06f5698ffbd9}"></Provider>
<EventID Qualifiers="">13</EventID>
<Version>2</Version>
<Level>4</Level>
<Task>13</Task>
<Opcode>0</Opcode>
<Keywords>0x8000000000000000</Keywords>
<TimeCreated SystemTime="2025-04-24 05:13:12.542566+00:00"></TimeCreated>
<EventRecordID>1195</EventRecordID>
<Correlation ActivityID="" RelatedActivityID=""></Correlation>
<Execution ProcessID="3288" ThreadID="3532"></Execution>
<Channel>Microsoft-Windows-Sysmon/Operational</Channel>
<Computer>DESKTOP-RL1K13Q</Computer>
<Security UserID="S-1-5-18"></Security>
</System>
<EventData><Data Name="RuleName">Suspicious,ImageBeginWithBackslash</Data>
<Data Name="EventType">SetValue</Data>
<Data Name="UtcTime">2025-04-24 05:13:12.538</Data>
<Data Name="ProcessGuid">{59d32d4f-c72a-6809-e800-000000001500}</Data>
<Data Name="ProcessId">5360</Data>
<Data Name="Image">\\?\C:\Windows\system32\wbem\WMIADAP.EXE</Data>
<Data Name="TargetObject">HKLM\SOFTWARE\Microsoft\Wbem\WDM\DREDGE\C:\Windows\System32\Drivers\portcls.SYS[PortclsMof]</Data>
<Data Name="Details">LowDateTime:-593865274,HighDateTime:31086655***Binary mof compiled successfully</Data>
<Data Name="User">NT AUTHORITY\SYSTEM</Data>
</EventData>
</Event>

<Event xmlns="http://schemas.microsoft.com/win/2004/08/events/event"><System><Provider Name="Microsoft-Windows-Sysmon" Guid="{5770385f-c22a-43e0-bf4c-06f5698ffbd9}"></Provider>
<EventID Qualifiers="">13</EventID>
<Version>2</Version>
<Level>4</Level>
<Task>13</Task>
<Opcode>0</Opcode>
<Keywords>0x8000000000000000</Keywords>
<TimeCreated SystemTime="2025-04-24 05:13:12.542854+00:00"></TimeCreated>
<EventRecordID>1196</EventRecordID>
<Correlation ActivityID="" RelatedActivityID=""></Correlation>
<Execution ProcessID="3288" ThreadID="3532"></Execution>
<Channel>Microsoft-Windows-Sysmon/Operational</Channel>
<Computer>DESKTOP-RL1K13Q</Computer>
<Security UserID="S-1-5-18"></Security>
</System>
<EventData><Data Name="RuleName">Suspicious,ImageBeginWithBackslash</Data>
<Data Name="EventType">SetValue</Data>
<Data Name="UtcTime">2025-04-24 05:13:12.538</Data>
<Data Name="ProcessGuid">{59d32d4f-c72a-6809-e800-000000001500}</Data>
<Data Name="ProcessId">5360</Data>
<Data Name="Image">\\?\C:\Windows\system32\wbem\WMIADAP.EXE</Data>
<Data Name="TargetObject">HKLM\SOFTWARE\Microsoft\Wbem\WDM\DREDGE\C:\Windows\System32\drivers\monitor.sys[MonitorWMI]</Data>
<Data Name="Details">LowDateTime:-588550213,HighDateTime:31086655***Binary mof failed, see WMIPROV.LOG</Data>
<Data Name="User">NT AUTHORITY\SYSTEM</Data>
</EventData>
</Event>

<Event xmlns="http://schemas.microsoft.com/win/2004/08/events/event"><System><Provider Name="Microsoft-Windows-Sysmon" Guid="{5770385f-c22a-43e0-bf4c-06f5698ffbd9}"></Provider>
<EventID Qualifiers="">13</EventID>
<Version>2</Version>
<Level>4</Level>
<Task>13</Task>
<Opcode>0</Opcode>
<Keywords>0x8000000000000000</Keywords>
<TimeCreated SystemTime="2025-04-24 05:13:12.543005+00:00"></TimeCreated>
<EventRecordID>1197</EventRecordID>
<Correlation ActivityID="" RelatedActivityID=""></Correlation>
<Execution ProcessID="3288" ThreadID="3532"></Execution>
<Channel>Microsoft-Windows-Sysmon/Operational</Channel>
<Computer>DESKTOP-RL1K13Q</Computer>
<Security UserID="S-1-5-18"></Security>
</System>
<EventData><Data Name="RuleName">Suspicious,ImageBeginWithBackslash</Data>
<Data Name="EventType">SetValue</Data>
<Data Name="UtcTime">2025-04-24 05:13:12.538</Data>
<Data Name="ProcessGuid">{59d32d4f-c72a-6809-e800-000000001500}</Data>
<Data Name="ProcessId">5360</Data>
<Data Name="Image">\\?\C:\Windows\system32\wbem\WMIADAP.EXE</Data>
<Data Name="TargetObject">HKLM\SOFTWARE\Microsoft\Wbem\PROVIDERS\Performance\Performance Refresh</Data>
<Data Name="Details">DWORD (0x00000000)</Data>
<Data Name="User">NT AUTHORITY\SYSTEM</Data>
</EventData>
</Event>

<Event xmlns="http://schemas.microsoft.com/win/2004/08/events/event"><System><Provider Name="Microsoft-Windows-Sysmon" Guid="{5770385f-c22a-43e0-bf4c-06f5698ffbd9}"></Provider>
<EventID Qualifiers="">13</EventID>
<Version>2</Version>
<Level>4</Level>
<Task>13</Task>
<Opcode>0</Opcode>
<Keywords>0x8000000000000000</Keywords>
<TimeCreated SystemTime="2025-04-24 05:13:12.543177+00:00"></TimeCreated>
<EventRecordID>1198</EventRecordID>
<Correlation ActivityID="" RelatedActivityID=""></Correlation>
<Execution ProcessID="3288" ThreadID="3532"></Execution>
<Channel>Microsoft-Windows-Sysmon/Operational</Channel>
<Computer>DESKTOP-RL1K13Q</Computer>
<Security UserID="S-1-5-18"></Security>
</System>
<EventData><Data Name="RuleName">Suspicious,ImageBeginWithBackslash</Data>
<Data Name="EventType">SetValue</Data>
<Data Name="UtcTime">2025-04-24 05:13:12.538</Data>
<Data Name="ProcessGuid">{59d32d4f-c72a-6809-e800-000000001500}</Data>
<Data Name="ProcessId">5360</Data>
<Data Name="Image">\\?\C:\Windows\system32\wbem\WMIADAP.EXE</Data>
<Data Name="TargetObject">HKLM\SOFTWARE\Microsoft\Wbem\PROVIDERS\Performance\Performance Refreshed</Data>
<Data Name="Details">DWORD (0x00000001)</Data>
<Data Name="User">NT AUTHORITY\SYSTEM</Data>
</EventData>
</Event>

<Event xmlns="http://schemas.microsoft.com/win/2004/08/events/event"><System><Provider Name="Microsoft-Windows-Sysmon" Guid="{5770385f-c22a-43e0-bf4c-06f5698ffbd9}"></Provider>
<EventID Qualifiers="">1</EventID>
<Version>5</Version>
<Level>4</Level>
<Task>1</Task>
<Opcode>0</Opcode>
<Keywords>0x8000000000000000</Keywords>
<TimeCreated SystemTime="2025-04-24 05:13:56.554153+00:00"></TimeCreated>
<EventRecordID>1199</EventRecordID>
<Correlation ActivityID="" RelatedActivityID=""></Correlation>
<Execution ProcessID="3288" ThreadID="3532"></Execution>
<Channel>Microsoft-Windows-Sysmon/Operational</Channel>
<Computer>DESKTOP-RL1K13Q</Computer>
<Security UserID="S-1-5-18"></Security>
</System>
<EventData><Data Name="RuleName">-</Data>
<Data Name="UtcTime">2025-04-24 05:13:56.549</Data>
<Data Name="ProcessGuid">{59d32d4f-c894-6809-9001-000000001500}</Data>
<Data Name="ProcessId">5676</Data>
<Data Name="Image">C:\Windows\System32\LocationNotificationWindows.exe</Data>
<Data Name="FileVersion">10.0.19041.1 (WinBuild.160101.0800)</Data>
<Data Name="Description">Location Notification</Data>
<Data Name="Product">Microsoft&#174; Windows&#174; Operating System</Data>
<Data Name="Company">Microsoft Corporation</Data>
<Data Name="OriginalFileName">LocationNotificationWindows.exe</Data>
<Data Name="CommandLine">"C:\Windows\System32\LocationNotificationWindows.exe"</Data>
<Data Name="CurrentDirectory">C:\Windows\system32\</Data>
<Data Name="User">DESKTOP-RL1K13Q\Bluecheap</Data>
<Data Name="LogonGuid">{59d32d4f-c774-6809-c1b4-260000000000}</Data>
<Data Name="LogonId">0x000000000026b4c1</Data>
<Data Name="TerminalSessionId">1</Data>
<Data Name="IntegrityLevel">Medium</Data>
<Data Name="Hashes">MD5=9BAD04696E81E4420A99660C8D1388A1,SHA256=A9024C4C0ED03730085FB529828A917F701E3DCA30D3286AE0D41E9FFF33F445,IMPHASH=43770938065E918EAD8F8E36EA492A75</Data>
<Data Name="ParentProcessGuid">{59d32d4f-c631-6809-2600-000000001500}</Data>
<Data Name="ParentProcessId">1652</Data>
<Data Name="ParentImage">C:\Windows\System32\svchost.exe</Data>
<Data Name="ParentCommandLine">C:\Windows\system32\svchost.exe -k netsvcs -p -s Schedule</Data>
<Data Name="ParentUser">NT AUTHORITY\SYSTEM</Data>
</EventData>
</Event>

<Event xmlns="http://schemas.microsoft.com/win/2004/08/events/event"><System><Provider Name="Microsoft-Windows-Sysmon" Guid="{5770385f-c22a-43e0-bf4c-06f5698ffbd9}"></Provider>
<EventID Qualifiers="">1</EventID>
<Version>5</Version>
<Level>4</Level>
<Task>1</Task>
<Opcode>0</Opcode>
<Keywords>0x8000000000000000</Keywords>
<TimeCreated SystemTime="2025-04-24 05:13:58.934212+00:00"></TimeCreated>
<EventRecordID>1200</EventRecordID>
<Correlation ActivityID="" RelatedActivityID=""></Correlation>
<Execution ProcessID="3288" ThreadID="3532"></Execution>
<Channel>Microsoft-Windows-Sysmon/Operational</Channel>
<Computer>DESKTOP-RL1K13Q</Computer>
<Security UserID="S-1-5-18"></Security>
</System>
<EventData><Data Name="RuleName">-</Data>
<Data Name="UtcTime">2025-04-24 05:13:58.923</Data>
<Data Name="ProcessGuid">{59d32d4f-c896-6809-9301-000000001500}</Data>
<Data Name="ProcessId">8552</Data>
<Data Name="Image">C:\Windows\System32\svchost.exe</Data>
<Data Name="FileVersion">10.0.19041.3636 (WinBuild.160101.0800)</Data>
<Data Name="Description">Host Process for Windows Services</Data>
<Data Name="Product">Microsoft&#174; Windows&#174; Operating System</Data>
<Data Name="Company">Microsoft Corporation</Data>
<Data Name="OriginalFileName">svchost.exe</Data>
<Data Name="CommandLine">C:\Windows\system32\svchost.exe -k netsvcs -p -s wisvc</Data>
<Data Name="CurrentDirectory">C:\Windows\system32\</Data>
<Data Name="User">NT AUTHORITY\SYSTEM</Data>
<Data Name="LogonGuid">{59d32d4f-c62e-6809-e703-000000000000}</Data>
<Data Name="LogonId">0x00000000000003e7</Data>
<Data Name="TerminalSessionId">0</Data>
<Data Name="IntegrityLevel">System</Data>
<Data Name="Hashes">MD5=145DCF6706EEEA5B066885EE17964C09,SHA256=F13DE58416730D210DAB465B242E9C949FB0A0245EEF45B07C381F0C6C8A43C3,IMPHASH=247B9220E5D9B720A82B2C8B5069AD69</Data>
<Data Name="ParentProcessGuid">{59d32d4f-c62d-6809-0b00-000000001500}</Data>
<Data Name="ParentProcessId">696</Data>
<Data Name="ParentImage">C:\Windows\System32\services.exe</Data>
<Data Name="ParentCommandLine">C:\Windows\system32\services.exe</Data>
<Data Name="ParentUser">NT AUTHORITY\SYSTEM</Data>
</EventData>
</Event>

<Event xmlns="http://schemas.microsoft.com/win/2004/08/events/event"><System><Provider Name="Microsoft-Windows-Sysmon" Guid="{5770385f-c22a-43e0-bf4c-06f5698ffbd9}"></Provider>
<EventID Qualifiers="">1</EventID>
<Version>5</Version>
<Level>4</Level>
<Task>1</Task>
<Opcode>0</Opcode>
<Keywords>0x8000000000000000</Keywords>
<TimeCreated SystemTime="2025-04-24 05:13:59.060959+00:00"></TimeCreated>
<EventRecordID>1201</EventRecordID>
<Correlation ActivityID="" RelatedActivityID=""></Correlation>
<Execution ProcessID="3288" ThreadID="3532"></Execution>
<Channel>Microsoft-Windows-Sysmon/Operational</Channel>
<Computer>DESKTOP-RL1K13Q</Computer>
<Security UserID="S-1-5-18"></Security>
</System>
<EventData><Data Name="RuleName">-</Data>
<Data Name="UtcTime">2025-04-24 05:13:58.998</Data>
<Data Name="ProcessGuid">{59d32d4f-c896-6809-9401-000000001500}</Data>
<Data Name="ProcessId">2252</Data>
<Data Name="Image">C:\Program Files\Google\Chrome\Application\chrome.exe</Data>
<Data Name="FileVersion">135.0.7049.96</Data>
<Data Name="Description">Google Chrome</Data>
<Data Name="Product">Google Chrome</Data>
<Data Name="Company">Google LLC</Data>
<Data Name="OriginalFileName">chrome.exe</Data>
<Data Name="CommandLine">"C:\Program Files\Google\Chrome\Application\chrome.exe" </Data>
<Data Name="CurrentDirectory">C:\Program Files\Google\Chrome\Application\</Data>
<Data Name="User">DESKTOP-RL1K13Q\Bluecheap</Data>
<Data Name="LogonGuid">{59d32d4f-c774-6809-c1b4-260000000000}</Data>
<Data Name="LogonId">0x000000000026b4c1</Data>
<Data Name="TerminalSessionId">1</Data>
<Data Name="IntegrityLevel">Medium</Data>
<Data Name="Hashes">MD5=32DC6935258F49263639012E32A9A371,SHA256=1420327E346565248F3058389437E25295335971DF89C973F12EE80075F8236C,IMPHASH=9910865EBB7E9CC50E4F4AB6F69CE561</Data>
<Data Name="ParentProcessGuid">{59d32d4f-c779-6809-0f01-000000001500}</Data>
<Data Name="ParentProcessId">3384</Data>
<Data Name="ParentImage">C:\Windows\explorer.exe</Data>
<Data Name="ParentCommandLine">C:\Windows\Explorer.EXE</Data>
<Data Name="ParentUser">DESKTOP-RL1K13Q\Bluecheap</Data>
</EventData>
</Event>

<Event xmlns="http://schemas.microsoft.com/win/2004/08/events/event"><System><Provider Name="Microsoft-Windows-Sysmon" Guid="{5770385f-c22a-43e0-bf4c-06f5698ffbd9}"></Provider>
<EventID Qualifiers="">1</EventID>
<Version>5</Version>
<Level>4</Level>
<Task>1</Task>
<Opcode>0</Opcode>
<Keywords>0x8000000000000000</Keywords>
<TimeCreated SystemTime="2025-04-24 05:14:01.958773+00:00"></TimeCreated>
<EventRecordID>1202</EventRecordID>
<Correlation ActivityID="" RelatedActivityID=""></Correlation>
<Execution ProcessID="3288" ThreadID="3532"></Execution>
<Channel>Microsoft-Windows-Sysmon/Operational</Channel>
<Computer>DESKTOP-RL1K13Q</Computer>
<Security UserID="S-1-5-18"></Security>
</System>
<EventData><Data Name="RuleName">-</Data>
<Data Name="UtcTime">2025-04-24 05:14:01.878</Data>
<Data Name="ProcessGuid">{59d32d4f-c899-6809-9b01-000000001500}</Data>
<Data Name="ProcessId">6388</Data>
<Data Name="Image">C:\Program Files\Google\Chrome\Application\135.0.7049.96\elevation_service.exe</Data>
<Data Name="FileVersion">135.0.7049.96</Data>
<Data Name="Description">Google Chrome</Data>
<Data Name="Product">Google Chrome</Data>
<Data Name="Company">Google LLC</Data>
<Data Name="OriginalFileName">elevation_service.exe</Data>
<Data Name="CommandLine">"C:\Program Files\Google\Chrome\Application\135.0.7049.96\elevation_service.exe"</Data>
<Data Name="CurrentDirectory">C:\Windows\system32\</Data>
<Data Name="User">NT AUTHORITY\SYSTEM</Data>
<Data Name="LogonGuid">{59d32d4f-c62e-6809-e703-000000000000}</Data>
<Data Name="LogonId">0x00000000000003e7</Data>
<Data Name="TerminalSessionId">0</Data>
<Data Name="IntegrityLevel">System</Data>
<Data Name="Hashes">MD5=E0E3D0ADB7BE9DF5084622D944D143B4,SHA256=D61E2CB733BAECFBD6D08D86177F0820DB2A27B58A4E27E604FA4E512D04A2DC,IMPHASH=801239DC83826B97C0C4E287AB575121</Data>
<Data Name="ParentProcessGuid">{59d32d4f-c62d-6809-0b00-000000001500}</Data>
<Data Name="ParentProcessId">696</Data>
<Data Name="ParentImage">C:\Windows\System32\services.exe</Data>
<Data Name="ParentCommandLine">C:\Windows\system32\services.exe</Data>
<Data Name="ParentUser">NT AUTHORITY\SYSTEM</Data>
</EventData>
</Event>

<Event xmlns="http://schemas.microsoft.com/win/2004/08/events/event"><System><Provider Name="Microsoft-Windows-Sysmon" Guid="{5770385f-c22a-43e0-bf4c-06f5698ffbd9}"></Provider>
<EventID Qualifiers="">22</EventID>
<Version>5</Version>
<Level>4</Level>
<Task>22</Task>
<Opcode>0</Opcode>
<Keywords>0x8000000000000000</Keywords>
<TimeCreated SystemTime="2025-04-24 05:14:11.013491+00:00"></TimeCreated>
<EventRecordID>1203</EventRecordID>
<Correlation ActivityID="" RelatedActivityID=""></Correlation>
<Execution ProcessID="3288" ThreadID="1836"></Execution>
<Channel>Microsoft-Windows-Sysmon/Operational</Channel>
<Computer>DESKTOP-RL1K13Q</Computer>
<Security UserID="S-1-5-18"></Security>
</System>
<EventData><Data Name="RuleName">-</Data>
<Data Name="UtcTime">2025-04-24 05:14:10.036</Data>
<Data Name="ProcessGuid">{59d32d4f-c898-6809-9701-000000001500}</Data>
<Data Name="ProcessId">8612</Data>
<Data Name="QueryName">wpad</Data>
<Data Name="QueryStatus">1460</Data>
<Data Name="QueryResults">-</Data>
<Data Name="Image">C:\Program Files\Google\Chrome\Application\chrome.exe</Data>
<Data Name="User">DESKTOP-RL1K13Q\Bluecheap</Data>
</EventData>
</Event>

<Event xmlns="http://schemas.microsoft.com/win/2004/08/events/event"><System><Provider Name="Microsoft-Windows-Sysmon" Guid="{5770385f-c22a-43e0-bf4c-06f5698ffbd9}"></Provider>
<EventID Qualifiers="">1</EventID>
<Version>5</Version>
<Level>4</Level>
<Task>1</Task>
<Opcode>0</Opcode>
<Keywords>0x8000000000000000</Keywords>
<TimeCreated SystemTime="2025-04-24 05:14:11.580135+00:00"></TimeCreated>
<EventRecordID>1204</EventRecordID>
<Correlation ActivityID="" RelatedActivityID=""></Correlation>
<Execution ProcessID="3288" ThreadID="3532"></Execution>
<Channel>Microsoft-Windows-Sysmon/Operational</Channel>
<Computer>DESKTOP-RL1K13Q</Computer>
<Security UserID="S-1-5-18"></Security>
</System>
<EventData><Data Name="RuleName">-</Data>
<Data Name="UtcTime">2025-04-24 05:14:11.564</Data>
<Data Name="ProcessGuid">{59d32d4f-c8a3-6809-a501-000000001500}</Data>
<Data Name="ProcessId">7620</Data>
<Data Name="Image">C:\Windows\System32\taskhostw.exe</Data>
<Data Name="FileVersion">10.0.19041.3636 (WinBuild.160101.0800)</Data>
<Data Name="Description">Host Process for Windows Tasks</Data>
<Data Name="Product">Microsoft&#174; Windows&#174; Operating System</Data>
<Data Name="Company">Microsoft Corporation</Data>
<Data Name="OriginalFileName">taskhostw.exe</Data>
<Data Name="CommandLine">taskhostw.exe Logon</Data>
<Data Name="CurrentDirectory">C:\Windows\system32\</Data>
<Data Name="User">DESKTOP-RL1K13Q\Bluecheap</Data>
<Data Name="LogonGuid">{59d32d4f-c774-6809-c1b4-260000000000}</Data>
<Data Name="LogonId">0x000000000026b4c1</Data>
<Data Name="TerminalSessionId">1</Data>
<Data Name="IntegrityLevel">Medium</Data>
<Data Name="Hashes">MD5=9D68EEF2D82A328F0ECE1B641E5728CC,SHA256=976BB3FB062818E9643EC7F65BE2F267B90F63BD9F8BE0E6212D131183136140,IMPHASH=3A0C6863CDE566AF997DB2DEFFF9D924</Data>
<Data Name="ParentProcessGuid">{59d32d4f-c631-6809-2600-000000001500}</Data>
<Data Name="ParentProcessId">1652</Data>
<Data Name="ParentImage">C:\Windows\System32\svchost.exe</Data>
<Data Name="ParentCommandLine">C:\Windows\system32\svchost.exe -k netsvcs -p -s Schedule</Data>
<Data Name="ParentUser">NT AUTHORITY\SYSTEM</Data>
</EventData>
</Event>

<Event xmlns="http://schemas.microsoft.com/win/2004/08/events/event"><System><Provider Name="Microsoft-Windows-Sysmon" Guid="{5770385f-c22a-43e0-bf4c-06f5698ffbd9}"></Provider>
<EventID Qualifiers="">1</EventID>
<Version>5</Version>
<Level>4</Level>
<Task>1</Task>
<Opcode>0</Opcode>
<Keywords>0x8000000000000000</Keywords>
<TimeCreated SystemTime="2025-04-24 05:14:19.225903+00:00"></TimeCreated>
<EventRecordID>1205</EventRecordID>
<Correlation ActivityID="" RelatedActivityID=""></Correlation>
<Execution ProcessID="3288" ThreadID="3532"></Execution>
<Channel>Microsoft-Windows-Sysmon/Operational</Channel>
<Computer>DESKTOP-RL1K13Q</Computer>
<Security UserID="S-1-5-18"></Security>
</System>
<EventData><Data Name="RuleName">-</Data>
<Data Name="UtcTime">2025-04-24 05:14:19.207</Data>
<Data Name="ProcessGuid">{59d32d4f-c8ab-6809-a601-000000001500}</Data>
<Data Name="ProcessId">1428</Data>
<Data Name="Image">C:\Program Files (x86)\Google\GoogleUpdater\137.0.7129.0\updater.exe</Data>
<Data Name="FileVersion">137.0.7129.0</Data>
<Data Name="Description">Google Updater (x64)</Data>
<Data Name="Product">Google Updater (x64)</Data>
<Data Name="Company">Google LLC</Data>
<Data Name="OriginalFileName">updater.exe</Data>
<Data Name="CommandLine">"C:\Program Files (x86)\Google\GoogleUpdater\137.0.7129.0\updater.exe" --system --windows-service --service=update</Data>
<Data Name="CurrentDirectory">C:\Windows\system32\</Data>
<Data Name="User">NT AUTHORITY\SYSTEM</Data>
<Data Name="LogonGuid">{59d32d4f-c62e-6809-e703-000000000000}</Data>
<Data Name="LogonId">0x00000000000003e7</Data>
<Data Name="TerminalSessionId">0</Data>
<Data Name="IntegrityLevel">System</Data>
<Data Name="Hashes">MD5=DCDE1606573F4FD0D0B1802424BEFBF2,SHA256=8FF75A69C58B3DF5FF554B91DECEE0E6AAEE77C6A341BCC2C9A60CC67F044961,IMPHASH=B413F35F15CA6B901BF948B6208B60E0</Data>
<Data Name="ParentProcessGuid">{59d32d4f-c62d-6809-0b00-000000001500}</Data>
<Data Name="ParentProcessId">696</Data>
<Data Name="ParentImage">C:\Windows\System32\services.exe</Data>
<Data Name="ParentCommandLine">C:\Windows\system32\services.exe</Data>
<Data Name="ParentUser">NT AUTHORITY\SYSTEM</Data>
</EventData>
</Event>

<Event xmlns="http://schemas.microsoft.com/win/2004/08/events/event"><System><Provider Name="Microsoft-Windows-Sysmon" Guid="{5770385f-c22a-43e0-bf4c-06f5698ffbd9}"></Provider>
<EventID Qualifiers="">1</EventID>
<Version>5</Version>
<Level>4</Level>
<Task>1</Task>
<Opcode>0</Opcode>
<Keywords>0x8000000000000000</Keywords>
<TimeCreated SystemTime="2025-04-24 05:14:19.405357+00:00"></TimeCreated>
<EventRecordID>1206</EventRecordID>
<Correlation ActivityID="" RelatedActivityID=""></Correlation>
<Execution ProcessID="3288" ThreadID="3532"></Execution>
<Channel>Microsoft-Windows-Sysmon/Operational</Channel>
<Computer>DESKTOP-RL1K13Q</Computer>
<Security UserID="S-1-5-18"></Security>
</System>
<EventData><Data Name="RuleName">-</Data>
<Data Name="UtcTime">2025-04-24 05:14:19.377</Data>
<Data Name="ProcessGuid">{59d32d4f-c8ab-6809-a701-000000001500}</Data>
<Data Name="ProcessId">3924</Data>
<Data Name="Image">C:\Program Files (x86)\Google\GoogleUpdater\137.0.7129.0\updater.exe</Data>
<Data Name="FileVersion">137.0.7129.0</Data>
<Data Name="Description">Google Updater (x64)</Data>
<Data Name="Product">Google Updater (x64)</Data>
<Data Name="Company">Google LLC</Data>
<Data Name="OriginalFileName">updater.exe</Data>
<Data Name="CommandLine">"C:\Program Files (x86)\Google\GoogleUpdater\137.0.7129.0\updater.exe" --crash-handler --system "--database=C:\Program Files (x86)\Google\GoogleUpdater\137.0.7129.0\Crashpad" --url=https://clients2.google.com/cr/report --annotation=prod=Update4 --annotation=ver=137.0.7129.0 "--attachment=C:\Program Files (x86)\Google\GoogleUpdater\updater.log" --initial-client-data=0x26c,0x270,0x274,0x248,0x278,0x7ff7106205d8,0x7ff7106205e4,0x7ff7106205f0</Data>
<Data Name="CurrentDirectory">C:\Windows\system32\</Data>
<Data Name="User">NT AUTHORITY\SYSTEM</Data>
<Data Name="LogonGuid">{59d32d4f-c62e-6809-e703-000000000000}</Data>
<Data Name="LogonId">0x00000000000003e7</Data>
<Data Name="TerminalSessionId">0</Data>
<Data Name="IntegrityLevel">System</Data>
<Data Name="Hashes">MD5=DCDE1606573F4FD0D0B1802424BEFBF2,SHA256=8FF75A69C58B3DF5FF554B91DECEE0E6AAEE77C6A341BCC2C9A60CC67F044961,IMPHASH=B413F35F15CA6B901BF948B6208B60E0</Data>
<Data Name="ParentProcessGuid">{59d32d4f-c8ab-6809-a601-000000001500}</Data>
<Data Name="ParentProcessId">1428</Data>
<Data Name="ParentImage">C:\Program Files (x86)\Google\GoogleUpdater\137.0.7129.0\updater.exe</Data>
<Data Name="ParentCommandLine">"C:\Program Files (x86)\Google\GoogleUpdater\137.0.7129.0\updater.exe" --system --windows-service --service=update</Data>
<Data Name="ParentUser">NT AUTHORITY\SYSTEM</Data>
</EventData>
</Event>

<Event xmlns="http://schemas.microsoft.com/win/2004/08/events/event"><System><Provider Name="Microsoft-Windows-Sysmon" Guid="{5770385f-c22a-43e0-bf4c-06f5698ffbd9}"></Provider>
<EventID Qualifiers="">1</EventID>
<Version>5</Version>
<Level>4</Level>
<Task>1</Task>
<Opcode>0</Opcode>
<Keywords>0x8000000000000000</Keywords>
<TimeCreated SystemTime="2025-04-24 05:14:25.197132+00:00"></TimeCreated>
<EventRecordID>1207</EventRecordID>
<Correlation ActivityID="" RelatedActivityID=""></Correlation>
<Execution ProcessID="3288" ThreadID="3532"></Execution>
<Channel>Microsoft-Windows-Sysmon/Operational</Channel>
<Computer>DESKTOP-RL1K13Q</Computer>
<Security UserID="S-1-5-18"></Security>
</System>
<EventData><Data Name="RuleName">-</Data>
<Data Name="UtcTime">2025-04-24 05:14:25.186</Data>
<Data Name="ProcessGuid">{59d32d4f-c8b1-6809-a801-000000001500}</Data>
<Data Name="ProcessId">6936</Data>
<Data Name="Image">C:\Program Files (x86)\Google\GoogleUpdater\126.0.6462.0\updater.exe</Data>
<Data Name="FileVersion">126.0.6462.0</Data>
<Data Name="Description">GoogleUpdater (x86)</Data>
<Data Name="Product">GoogleUpdater (x86)</Data>
<Data Name="Company">Google LLC</Data>
<Data Name="OriginalFileName">updater.exe</Data>
<Data Name="CommandLine">"C:\Program Files (x86)\Google\GoogleUpdater\126.0.6462.0\updater.exe" --uninstall-self --system</Data>
<Data Name="CurrentDirectory">C:\Windows\system32\</Data>
<Data Name="User">NT AUTHORITY\SYSTEM</Data>
<Data Name="LogonGuid">{59d32d4f-c62e-6809-e703-000000000000}</Data>
<Data Name="LogonId">0x00000000000003e7</Data>
<Data Name="TerminalSessionId">0</Data>
<Data Name="IntegrityLevel">System</Data>
<Data Name="Hashes">MD5=95222FAEEAB2CEBE9502F2E123D5DD2A,SHA256=B8AF4588875E697E49DB4E1FF5833EF8F89FFDE327AB9DC9FAD101551D6AEC28,IMPHASH=77545C0CA032087F7C9F2CB313014B41</Data>
<Data Name="ParentProcessGuid">{59d32d4f-c8ab-6809-a601-000000001500}</Data>
<Data Name="ParentProcessId">1428</Data>
<Data Name="ParentImage">C:\Program Files (x86)\Google\GoogleUpdater\137.0.7129.0\updater.exe</Data>
<Data Name="ParentCommandLine">"C:\Program Files (x86)\Google\GoogleUpdater\137.0.7129.0\updater.exe" --system --windows-service --service=update</Data>
<Data Name="ParentUser">NT AUTHORITY\SYSTEM</Data>
</EventData>
</Event>

<Event xmlns="http://schemas.microsoft.com/win/2004/08/events/event"><System><Provider Name="Microsoft-Windows-Sysmon" Guid="{5770385f-c22a-43e0-bf4c-06f5698ffbd9}"></Provider>
<EventID Qualifiers="">1</EventID>
<Version>5</Version>
<Level>4</Level>
<Task>1</Task>
<Opcode>0</Opcode>
<Keywords>0x8000000000000000</Keywords>
<TimeCreated SystemTime="2025-04-24 05:14:25.323048+00:00"></TimeCreated>
<EventRecordID>1208</EventRecordID>
<Correlation ActivityID="" RelatedActivityID=""></Correlation>
<Execution ProcessID="3288" ThreadID="3532"></Execution>
<Channel>Microsoft-Windows-Sysmon/Operational</Channel>
<Computer>DESKTOP-RL1K13Q</Computer>
<Security UserID="S-1-5-18"></Security>
</System>
<EventData><Data Name="RuleName">-</Data>
<Data Name="UtcTime">2025-04-24 05:14:25.315</Data>
<Data Name="ProcessGuid">{59d32d4f-c8b1-6809-a901-000000001500}</Data>
<Data Name="ProcessId">2540</Data>
<Data Name="Image">C:\Program Files (x86)\Google\GoogleUpdater\126.0.6462.0\updater.exe</Data>
<Data Name="FileVersion">126.0.6462.0</Data>
<Data Name="Description">GoogleUpdater (x86)</Data>
<Data Name="Product">GoogleUpdater (x86)</Data>
<Data Name="Company">Google LLC</Data>
<Data Name="OriginalFileName">updater.exe</Data>
<Data Name="CommandLine">"C:\Program Files (x86)\Google\GoogleUpdater\126.0.6462.0\updater.exe" --crash-handler --system "--database=C:\Program Files (x86)\Google\GoogleUpdater\126.0.6462.0\Crashpad" --url=https://clients2.google.com/cr/report --annotation=prod=Update4 --annotation=ver=126.0.6462.0 "--attachment=C:\Program Files (x86)\Google\GoogleUpdater\updater.log" --initial-client-data=0x29c,0x2a0,0x2a4,0x278,0x2a8,0x6f965c,0x6f9668,0x6f9674</Data>
<Data Name="CurrentDirectory">C:\Windows\system32\</Data>
<Data Name="User">NT AUTHORITY\SYSTEM</Data>
<Data Name="LogonGuid">{59d32d4f-c62e-6809-e703-000000000000}</Data>
<Data Name="LogonId">0x00000000000003e7</Data>
<Data Name="TerminalSessionId">0</Data>
<Data Name="IntegrityLevel">System</Data>
<Data Name="Hashes">MD5=95222FAEEAB2CEBE9502F2E123D5DD2A,SHA256=B8AF4588875E697E49DB4E1FF5833EF8F89FFDE327AB9DC9FAD101551D6AEC28,IMPHASH=77545C0CA032087F7C9F2CB313014B41</Data>
<Data Name="ParentProcessGuid">{59d32d4f-c8b1-6809-a801-000000001500}</Data>
<Data Name="ParentProcessId">6936</Data>
<Data Name="ParentImage">C:\Program Files (x86)\Google\GoogleUpdater\126.0.6462.0\updater.exe</Data>
<Data Name="ParentCommandLine">"C:\Program Files (x86)\Google\GoogleUpdater\126.0.6462.0\updater.exe" --uninstall-self --system</Data>
<Data Name="ParentUser">NT AUTHORITY\SYSTEM</Data>
</EventData>
</Event>

<Event xmlns="http://schemas.microsoft.com/win/2004/08/events/event"><System><Provider Name="Microsoft-Windows-Sysmon" Guid="{5770385f-c22a-43e0-bf4c-06f5698ffbd9}"></Provider>
<EventID Qualifiers="">1</EventID>
<Version>5</Version>
<Level>4</Level>
<Task>1</Task>
<Opcode>0</Opcode>
<Keywords>0x8000000000000000</Keywords>
<TimeCreated SystemTime="2025-04-24 05:14:25.473480+00:00"></TimeCreated>
<EventRecordID>1209</EventRecordID>
<Correlation ActivityID="" RelatedActivityID=""></Correlation>
<Execution ProcessID="3288" ThreadID="3532"></Execution>
<Channel>Microsoft-Windows-Sysmon/Operational</Channel>
<Computer>DESKTOP-RL1K13Q</Computer>
<Security UserID="S-1-5-18"></Security>
</System>
<EventData><Data Name="RuleName">-</Data>
<Data Name="UtcTime">2025-04-24 05:14:25.455</Data>
<Data Name="ProcessGuid">{59d32d4f-c8b1-6809-aa01-000000001500}</Data>
<Data Name="ProcessId">7548</Data>
<Data Name="Image">C:\Windows\SysWOW64\cmd.exe</Data>
<Data Name="FileVersion">10.0.19041.3636 (WinBuild.160101.0800)</Data>
<Data Name="Description">Windows Command Processor</Data>
<Data Name="Product">Microsoft&#174; Windows&#174; Operating System</Data>
<Data Name="Company">Microsoft Corporation</Data>
<Data Name="OriginalFileName">Cmd.Exe</Data>
<Data Name="CommandLine">"C:\Windows\system32\cmd.exe" /Q /C ""C:\Program Files (x86)\Google\GoogleUpdater\126.0.6462.0\uninstall.cmd" --dir="C:\Program Files (x86)\Google\GoogleUpdater\126.0.6462.0""</Data>
<Data Name="CurrentDirectory">C:\Windows\system32\</Data>
<Data Name="User">NT AUTHORITY\SYSTEM</Data>
<Data Name="LogonGuid">{59d32d4f-c62e-6809-e703-000000000000}</Data>
<Data Name="LogonId">0x00000000000003e7</Data>
<Data Name="TerminalSessionId">0</Data>
<Data Name="IntegrityLevel">System</Data>
<Data Name="Hashes">MD5=D3348AC2130C7E754754A6E9CB053B09,SHA256=E9EF013238495BFFCE7459E059BFFE340A0F08B439EC94E7D4436F4E13714ECD,IMPHASH=392B4D61B1D1DADC1F06444DF258188A</Data>
<Data Name="ParentProcessGuid">{59d32d4f-c8b1-6809-a801-000000001500}</Data>
<Data Name="ParentProcessId">6936</Data>
<Data Name="ParentImage">C:\Program Files (x86)\Google\GoogleUpdater\126.0.6462.0\updater.exe</Data>
<Data Name="ParentCommandLine">"C:\Program Files (x86)\Google\GoogleUpdater\126.0.6462.0\updater.exe" --uninstall-self --system</Data>
<Data Name="ParentUser">NT AUTHORITY\SYSTEM</Data>
</EventData>
</Event>

<Event xmlns="http://schemas.microsoft.com/win/2004/08/events/event"><System><Provider Name="Microsoft-Windows-Sysmon" Guid="{5770385f-c22a-43e0-bf4c-06f5698ffbd9}"></Provider>
<EventID Qualifiers="">1</EventID>
<Version>5</Version>
<Level>4</Level>
<Task>1</Task>
<Opcode>0</Opcode>
<Keywords>0x8000000000000000</Keywords>
<TimeCreated SystemTime="2025-04-24 05:14:28.972385+00:00"></TimeCreated>
<EventRecordID>1210</EventRecordID>
<Correlation ActivityID="" RelatedActivityID=""></Correlation>
<Execution ProcessID="3288" ThreadID="3532"></Execution>
<Channel>Microsoft-Windows-Sysmon/Operational</Channel>
<Computer>DESKTOP-RL1K13Q</Computer>
<Security UserID="S-1-5-18"></Security>
</System>
<EventData><Data Name="RuleName">-</Data>
<Data Name="UtcTime">2025-04-24 05:14:28.920</Data>
<Data Name="ProcessGuid">{59d32d4f-c8b4-6809-ac01-000000001500}</Data>
<Data Name="ProcessId">1248</Data>
<Data Name="Image">C:\ProgramData\Microsoft\Windows Defender\Platform\4.18.25030.2-0\MpCmdRun.exe</Data>
<Data Name="FileVersion">4.18.25030.2 (000028f0c1f345a538ea89b768605447f1c02bdf)</Data>
<Data Name="Description">Microsoft Malware Protection Command Line Utility</Data>
<Data Name="Product">Microsoft&#174; Windows&#174; Operating System</Data>
<Data Name="Company">Microsoft Corporation</Data>
<Data Name="OriginalFileName">MpCmdRun.exe</Data>
<Data Name="CommandLine">"C:\ProgramData\Microsoft\Windows Defender\Platform\4.18.25030.2-0\MpCmdRun.exe" SignatureUpdate -ScheduleJob -RestrictPrivileges</Data>
<Data Name="CurrentDirectory">C:\Windows\system32\</Data>
<Data Name="User">NT AUTHORITY\SYSTEM</Data>
<Data Name="LogonGuid">{59d32d4f-c62e-6809-e703-000000000000}</Data>
<Data Name="LogonId">0x00000000000003e7</Data>
<Data Name="TerminalSessionId">0</Data>
<Data Name="IntegrityLevel">System</Data>
<Data Name="Hashes">MD5=C1C6C250371E810FEB5B7A77D9D075EA,SHA256=BCC0DCEFBFB24BECAF1DF9B2C9492666066612E661301AD604A138A4044F1D86,IMPHASH=1D0F2D9EE156CF84E2883E45AD4D0919</Data>
<Data Name="ParentProcessGuid">{59d32d4f-c63a-6809-5400-000000001500}</Data>
<Data Name="ParentProcessId">3356</Data>
<Data Name="ParentImage">C:\ProgramData\Microsoft\Windows Defender\Platform\4.18.25030.2-0\MsMpEng.exe</Data>
<Data Name="ParentCommandLine">"C:\ProgramData\Microsoft\Windows Defender\Platform\4.18.25030.2-0\MsMpEng.exe"</Data>
<Data Name="ParentUser">NT AUTHORITY\SYSTEM</Data>
</EventData>
</Event>

<Event xmlns="http://schemas.microsoft.com/win/2004/08/events/event"><System><Provider Name="Microsoft-Windows-Sysmon" Guid="{5770385f-c22a-43e0-bf4c-06f5698ffbd9}"></Provider>
<EventID Qualifiers="">1</EventID>
<Version>5</Version>
<Level>4</Level>
<Task>1</Task>
<Opcode>0</Opcode>
<Keywords>0x8000000000000000</Keywords>
<TimeCreated SystemTime="2025-04-24 05:14:29.577547+00:00"></TimeCreated>
<EventRecordID>1211</EventRecordID>
<Correlation ActivityID="" RelatedActivityID=""></Correlation>
<Execution ProcessID="3288" ThreadID="3532"></Execution>
<Channel>Microsoft-Windows-Sysmon/Operational</Channel>
<Computer>DESKTOP-RL1K13Q</Computer>
<Security UserID="S-1-5-18"></Security>
</System>
<EventData><Data Name="RuleName">-</Data>
<Data Name="UtcTime">2025-04-24 05:14:29.548</Data>
<Data Name="ProcessGuid">{59d32d4f-c8b5-6809-ae01-000000001500}</Data>
<Data Name="ProcessId">6964</Data>
<Data Name="Image">C:\ProgramData\Microsoft\Windows Defender\Platform\4.18.25030.2-0\MpCmdRun.exe</Data>
<Data Name="FileVersion">4.18.25030.2 (000028f0c1f345a538ea89b768605447f1c02bdf)</Data>
<Data Name="Description">Microsoft Malware Protection Command Line Utility</Data>
<Data Name="Product">Microsoft&#174; Windows&#174; Operating System</Data>
<Data Name="Company">Microsoft Corporation</Data>
<Data Name="OriginalFileName">MpCmdRun.exe</Data>
<Data Name="CommandLine">"C:\ProgramData\Microsoft\Windows Defender\Platform\4.18.25030.2-0\MpCmdRun.exe" SignaturesUpdateService -ScheduleJob -UnmanagedUpdate</Data>
<Data Name="CurrentDirectory">C:\Windows\system32\</Data>
<Data Name="User">NT AUTHORITY\SYSTEM</Data>
<Data Name="LogonGuid">{59d32d4f-c62e-6809-e703-000000000000}</Data>
<Data Name="LogonId">0x00000000000003e7</Data>
<Data Name="TerminalSessionId">0</Data>
<Data Name="IntegrityLevel">System</Data>
<Data Name="Hashes">MD5=C1C6C250371E810FEB5B7A77D9D075EA,SHA256=BCC0DCEFBFB24BECAF1DF9B2C9492666066612E661301AD604A138A4044F1D86,IMPHASH=1D0F2D9EE156CF84E2883E45AD4D0919</Data>
<Data Name="ParentProcessGuid">{59d32d4f-c63a-6809-5400-000000001500}</Data>
<Data Name="ParentProcessId">3356</Data>
<Data Name="ParentImage">C:\ProgramData\Microsoft\Windows Defender\Platform\4.18.25030.2-0\MsMpEng.exe</Data>
<Data Name="ParentCommandLine">"C:\ProgramData\Microsoft\Windows Defender\Platform\4.18.25030.2-0\MsMpEng.exe"</Data>
<Data Name="ParentUser">NT AUTHORITY\SYSTEM</Data>
</EventData>
</Event>

<Event xmlns="http://schemas.microsoft.com/win/2004/08/events/event"><System><Provider Name="Microsoft-Windows-Sysmon" Guid="{5770385f-c22a-43e0-bf4c-06f5698ffbd9}"></Provider>
<EventID Qualifiers="">1</EventID>
<Version>5</Version>
<Level>4</Level>
<Task>1</Task>
<Opcode>0</Opcode>
<Keywords>0x8000000000000000</Keywords>
<TimeCreated SystemTime="2025-04-24 05:14:35.087032+00:00"></TimeCreated>
<EventRecordID>1212</EventRecordID>
<Correlation ActivityID="" RelatedActivityID=""></Correlation>
<Execution ProcessID="3288" ThreadID="3532"></Execution>
<Channel>Microsoft-Windows-Sysmon/Operational</Channel>
<Computer>DESKTOP-RL1K13Q</Computer>
<Security UserID="S-1-5-18"></Security>
</System>
<EventData><Data Name="RuleName">-</Data>
<Data Name="UtcTime">2025-04-24 05:14:35.076</Data>
<Data Name="ProcessGuid">{59d32d4f-c8bb-6809-b401-000000001500}</Data>
<Data Name="ProcessId">7628</Data>
<Data Name="Image">C:\Windows\System32\taskhostw.exe</Data>
<Data Name="FileVersion">10.0.19041.3636 (WinBuild.160101.0800)</Data>
<Data Name="Description">Host Process for Windows Tasks</Data>
<Data Name="Product">Microsoft&#174; Windows&#174; Operating System</Data>
<Data Name="Company">Microsoft Corporation</Data>
<Data Name="OriginalFileName">taskhostw.exe</Data>
<Data Name="CommandLine">taskhostw.exe -RegisterDevice -ProtectionStateChanged -FreeNetworkOnly</Data>
<Data Name="CurrentDirectory">C:\Windows\system32\</Data>
<Data Name="User">NT AUTHORITY\SYSTEM</Data>
<Data Name="LogonGuid">{59d32d4f-c62e-6809-e703-000000000000}</Data>
<Data Name="LogonId">0x00000000000003e7</Data>
<Data Name="TerminalSessionId">0</Data>
<Data Name="IntegrityLevel">System</Data>
<Data Name="Hashes">MD5=9D68EEF2D82A328F0ECE1B641E5728CC,SHA256=976BB3FB062818E9643EC7F65BE2F267B90F63BD9F8BE0E6212D131183136140,IMPHASH=3A0C6863CDE566AF997DB2DEFFF9D924</Data>
<Data Name="ParentProcessGuid">{59d32d4f-c631-6809-2600-000000001500}</Data>
<Data Name="ParentProcessId">1652</Data>
<Data Name="ParentImage">C:\Windows\System32\svchost.exe</Data>
<Data Name="ParentCommandLine">C:\Windows\system32\svchost.exe -k netsvcs -p -s Schedule</Data>
<Data Name="ParentUser">NT AUTHORITY\SYSTEM</Data>
</EventData>
</Event>

<Event xmlns="http://schemas.microsoft.com/win/2004/08/events/event"><System><Provider Name="Microsoft-Windows-Sysmon" Guid="{5770385f-c22a-43e0-bf4c-06f5698ffbd9}"></Provider>
<EventID Qualifiers="">22</EventID>
<Version>5</Version>
<Level>4</Level>
<Task>22</Task>
<Opcode>0</Opcode>
<Keywords>0x8000000000000000</Keywords>
<TimeCreated SystemTime="2025-04-24 05:14:58.123060+00:00"></TimeCreated>
<EventRecordID>1213</EventRecordID>
<Correlation ActivityID="" RelatedActivityID=""></Correlation>
<Execution ProcessID="3288" ThreadID="1836"></Execution>
<Channel>Microsoft-Windows-Sysmon/Operational</Channel>
<Computer>DESKTOP-RL1K13Q</Computer>
<Security UserID="S-1-5-18"></Security>
</System>
<EventData><Data Name="RuleName">-</Data>
<Data Name="UtcTime">2025-04-24 05:14:56.141</Data>
<Data Name="ProcessGuid">{59d32d4f-c8cf-6809-ba01-000000001500}</Data>
<Data Name="ProcessId">6352</Data>
<Data Name="QueryName">tse1.mm.bing.net</Data>
<Data Name="QueryStatus">0</Data>
<Data Name="QueryResults">type:  5 mm-mm.bing.net.trafficmanager.net;type:  5 ax-0001.ax-msedge.net;::ffff:150.171.28.10;::ffff:150.171.27.10;</Data>
<Data Name="Image">C:\Windows\System32\BackgroundTransferHost.exe</Data>
<Data Name="User">DESKTOP-RL1K13Q\Bluecheap</Data>
</EventData>
</Event>

<Event xmlns="http://schemas.microsoft.com/win/2004/08/events/event"><System><Provider Name="Microsoft-Windows-Sysmon" Guid="{5770385f-c22a-43e0-bf4c-06f5698ffbd9}"></Provider>
<EventID Qualifiers="">13</EventID>
<Version>2</Version>
<Level>4</Level>
<Task>13</Task>
<Opcode>0</Opcode>
<Keywords>0x8000000000000000</Keywords>
<TimeCreated SystemTime="2025-04-24 05:15:39.321661+00:00"></TimeCreated>
<EventRecordID>1214</EventRecordID>
<Correlation ActivityID="" RelatedActivityID=""></Correlation>
<Execution ProcessID="3288" ThreadID="3532"></Execution>
<Channel>Microsoft-Windows-Sysmon/Operational</Channel>
<Computer>DESKTOP-RL1K13Q</Computer>
<Security UserID="S-1-5-18"></Security>
</System>
<EventData><Data Name="RuleName">T1042</Data>
<Data Name="EventType">SetValue</Data>
<Data Name="UtcTime">2025-04-24 05:15:39.132</Data>
<Data Name="ProcessGuid">{59d32d4f-c779-6809-0f01-000000001500}</Data>
<Data Name="ProcessId">3384</Data>
<Data Name="Image">C:\Windows\Explorer.EXE</Data>
<Data Name="TargetObject">HKU\S-1-5-21-2636795918-1848476775-1458562315-1001\SOFTWARE\Microsoft\Windows\CurrentVersion\Explorer\FileExts\.exe\OpenWithProgids\exefile</Data>
<Data Name="Details">Binary Data</Data>
<Data Name="User">DESKTOP-RL1K13Q\Bluecheap</Data>
</EventData>
</Event>

<Event xmlns="http://schemas.microsoft.com/win/2004/08/events/event"><System><Provider Name="Microsoft-Windows-Sysmon" Guid="{5770385f-c22a-43e0-bf4c-06f5698ffbd9}"></Provider>
<EventID Qualifiers="">22</EventID>
<Version>5</Version>
<Level>4</Level>
<Task>22</Task>
<Opcode>0</Opcode>
<Keywords>0x8000000000000000</Keywords>
<TimeCreated SystemTime="2025-04-24 05:15:50.445858+00:00"></TimeCreated>
<EventRecordID>1215</EventRecordID>
<Correlation ActivityID="" RelatedActivityID=""></Correlation>
<Execution ProcessID="3288" ThreadID="1836"></Execution>
<Channel>Microsoft-Windows-Sysmon/Operational</Channel>
<Computer>DESKTOP-RL1K13Q</Computer>
<Security UserID="S-1-5-18"></Security>
</System>
<EventData><Data Name="RuleName">-</Data>
<Data Name="UtcTime">2025-04-24 05:15:49.286</Data>
<Data Name="ProcessGuid">{59d32d4f-c782-6809-1801-000000001500}</Data>
<Data Name="ProcessId">6784</Data>
<Data Name="QueryName">a275a610d6cb6347b60b622c78e4562d.azr.footprintdns.com</Data>
<Data Name="QueryStatus">0</Data>
<Data Name="QueryResults">type:  5 azperfmaptargets-prod.trafficmanager.net;type:  5 cy4prdapp01-canary.netmon.azure.com;type:  5 cy4prdapp01-canary.westcentralus.cloudapp.azure.com;::ffff:172.208.195.255;</Data>
<Data Name="Image">C:\Windows\SystemApps\Microsoft.Windows.Search_cw5n1h2txyewy\SearchApp.exe</Data>
<Data Name="User">DESKTOP-RL1K13Q\Bluecheap</Data>
</EventData>
</Event>

<Event xmlns="http://schemas.microsoft.com/win/2004/08/events/event"><System><Provider Name="Microsoft-Windows-Sysmon" Guid="{5770385f-c22a-43e0-bf4c-06f5698ffbd9}"></Provider>
<EventID Qualifiers="">1</EventID>
<Version>5</Version>
<Level>4</Level>
<Task>1</Task>
<Opcode>0</Opcode>
<Keywords>0x8000000000000000</Keywords>
<TimeCreated SystemTime="2025-04-24 07:13:19.012875+00:00"></TimeCreated>
<EventRecordID>1216</EventRecordID>
<Correlation ActivityID="" RelatedActivityID=""></Correlation>
<Execution ProcessID="3288" ThreadID="3532"></Execution>
<Channel>Microsoft-Windows-Sysmon/Operational</Channel>
<Computer>DESKTOP-RL1K13Q</Computer>
<Security UserID="S-1-5-18"></Security>
</System>
<EventData><Data Name="RuleName">-</Data>
<Data Name="UtcTime">2025-04-24 07:13:18.286</Data>
<Data Name="ProcessGuid">{59d32d4f-e48e-6809-cb01-000000001500}</Data>
<Data Name="ProcessId">8812</Data>
<Data Name="Image">C:\Windows\System32\cmd.exe</Data>
<Data Name="FileVersion">10.0.19041.3636 (WinBuild.160101.0800)</Data>
<Data Name="Description">Windows Command Processor</Data>
<Data Name="Product">Microsoft&#174; Windows&#174; Operating System</Data>
<Data Name="Company">Microsoft Corporation</Data>
<Data Name="OriginalFileName">Cmd.Exe</Data>
<Data Name="CommandLine">C:\Windows\system32\cmd.exe /c ""C:\Program Files\VMware\VMware Tools\resume-vm-default.bat""</Data>
<Data Name="CurrentDirectory">C:\Windows\system32\</Data>
<Data Name="User">NT AUTHORITY\SYSTEM</Data>
<Data Name="LogonGuid">{59d32d4f-c62e-6809-e703-000000000000}</Data>
<Data Name="LogonId">0x00000000000003e7</Data>
<Data Name="TerminalSessionId">0</Data>
<Data Name="IntegrityLevel">System</Data>
<Data Name="Hashes">MD5=CB6CD09F6A25744A8FA6E4B3E4D260C5,SHA256=265B69033CEA7A9F8214A34CD9B17912909AF46C7A47395DD7BB893A24507E59,IMPHASH=272245E2988E1E430500B852C4FB5E18</Data>
<Data Name="ParentProcessGuid">{59d32d4f-c63a-6809-5300-000000001500}</Data>
<Data Name="ParentProcessId">3316</Data>
<Data Name="ParentImage">C:\Program Files\VMware\VMware Tools\vmtoolsd.exe</Data>
<Data Name="ParentCommandLine">"C:\Program Files\VMware\VMware Tools\vmtoolsd.exe"</Data>
<Data Name="ParentUser">NT AUTHORITY\SYSTEM</Data>
</EventData>
</Event>

<Event xmlns="http://schemas.microsoft.com/win/2004/08/events/event"><System><Provider Name="Microsoft-Windows-Sysmon" Guid="{5770385f-c22a-43e0-bf4c-06f5698ffbd9}"></Provider>
<EventID Qualifiers="">1</EventID>
<Version>5</Version>
<Level>4</Level>
<Task>1</Task>
<Opcode>0</Opcode>
<Keywords>0x8000000000000000</Keywords>
<TimeCreated SystemTime="2025-04-24 07:13:19.017233+00:00"></TimeCreated>
<EventRecordID>1217</EventRecordID>
<Correlation ActivityID="" RelatedActivityID=""></Correlation>
<Execution ProcessID="3288" ThreadID="3532"></Execution>
<Channel>Microsoft-Windows-Sysmon/Operational</Channel>
<Computer>DESKTOP-RL1K13Q</Computer>
<Security UserID="S-1-5-18"></Security>
</System>
<EventData><Data Name="RuleName">-</Data>
<Data Name="UtcTime">2025-04-24 07:13:18.953</Data>
<Data Name="ProcessGuid">{59d32d4f-e48e-6809-cc01-000000001500}</Data>
<Data Name="ProcessId">8392</Data>
<Data Name="Image">C:\Windows\System32\taskhostw.exe</Data>
<Data Name="FileVersion">10.0.19041.3636 (WinBuild.160101.0800)</Data>
<Data Name="Description">Host Process for Windows Tasks</Data>
<Data Name="Product">Microsoft&#174; Windows&#174; Operating System</Data>
<Data Name="Company">Microsoft Corporation</Data>
<Data Name="OriginalFileName">taskhostw.exe</Data>
<Data Name="CommandLine">taskhostw.exe</Data>
<Data Name="CurrentDirectory">C:\Windows\system32\</Data>
<Data Name="User">NT AUTHORITY\SYSTEM</Data>
<Data Name="LogonGuid">{59d32d4f-c62e-6809-e703-000000000000}</Data>
<Data Name="LogonId">0x00000000000003e7</Data>
<Data Name="TerminalSessionId">0</Data>
<Data Name="IntegrityLevel">System</Data>
<Data Name="Hashes">MD5=9D68EEF2D82A328F0ECE1B641E5728CC,SHA256=976BB3FB062818E9643EC7F65BE2F267B90F63BD9F8BE0E6212D131183136140,IMPHASH=3A0C6863CDE566AF997DB2DEFFF9D924</Data>
<Data Name="ParentProcessGuid">{59d32d4f-c631-6809-2600-000000001500}</Data>
<Data Name="ParentProcessId">1652</Data>
<Data Name="ParentImage">C:\Windows\System32\svchost.exe</Data>
<Data Name="ParentCommandLine">C:\Windows\system32\svchost.exe -k netsvcs -p -s Schedule</Data>
<Data Name="ParentUser">NT AUTHORITY\SYSTEM</Data>
</EventData>
</Event>

<Event xmlns="http://schemas.microsoft.com/win/2004/08/events/event"><System><Provider Name="Microsoft-Windows-Sysmon" Guid="{5770385f-c22a-43e0-bf4c-06f5698ffbd9}"></Provider>
<EventID Qualifiers="">1</EventID>
<Version>5</Version>
<Level>4</Level>
<Task>1</Task>
<Opcode>0</Opcode>
<Keywords>0x8000000000000000</Keywords>
<TimeCreated SystemTime="2025-04-24 07:13:19.573200+00:00"></TimeCreated>
<EventRecordID>1218</EventRecordID>
<Correlation ActivityID="" RelatedActivityID=""></Correlation>
<Execution ProcessID="3288" ThreadID="3532"></Execution>
<Channel>Microsoft-Windows-Sysmon/Operational</Channel>
<Computer>DESKTOP-RL1K13Q</Computer>
<Security UserID="S-1-5-18"></Security>
</System>
<EventData><Data Name="RuleName">-</Data>
<Data Name="UtcTime">2025-04-24 07:13:19.492</Data>
<Data Name="ProcessGuid">{59d32d4f-e48f-6809-cd01-000000001500}</Data>
<Data Name="ProcessId">5076</Data>
<Data Name="Image">C:\Windows\System32\taskhostw.exe</Data>
<Data Name="FileVersion">10.0.19041.3636 (WinBuild.160101.0800)</Data>
<Data Name="Description">Host Process for Windows Tasks</Data>
<Data Name="Product">Microsoft&#174; Windows&#174; Operating System</Data>
<Data Name="Company">Microsoft Corporation</Data>
<Data Name="OriginalFileName">taskhostw.exe</Data>
<Data Name="CommandLine">taskhostw.exe Install $(Arg0)</Data>
<Data Name="CurrentDirectory">C:\Windows\system32\</Data>
<Data Name="User">DESKTOP-RL1K13Q\Bluecheap</Data>
<Data Name="LogonGuid">{59d32d4f-c774-6809-c1b4-260000000000}</Data>
<Data Name="LogonId">0x000000000026b4c1</Data>
<Data Name="TerminalSessionId">1</Data>
<Data Name="IntegrityLevel">Medium</Data>
<Data Name="Hashes">MD5=9D68EEF2D82A328F0ECE1B641E5728CC,SHA256=976BB3FB062818E9643EC7F65BE2F267B90F63BD9F8BE0E6212D131183136140,IMPHASH=3A0C6863CDE566AF997DB2DEFFF9D924</Data>
<Data Name="ParentProcessGuid">{59d32d4f-c631-6809-2600-000000001500}</Data>
<Data Name="ParentProcessId">1652</Data>
<Data Name="ParentImage">C:\Windows\System32\svchost.exe</Data>
<Data Name="ParentCommandLine">C:\Windows\system32\svchost.exe -k netsvcs -p -s Schedule</Data>
<Data Name="ParentUser">NT AUTHORITY\SYSTEM</Data>
</EventData>
</Event>

