<Event xmlns="http://schemas.microsoft.com/win/2004/08/events/event"><System><Provider Name="Microsoft-Windows-Sysmon" Guid="{5770385f-c22a-43e0-bf4c-06f5698ffbd9}"></Provider>
<EventID Qualifiers="">1</EventID>
<Version>5</Version>
<Level>4</Level>
<Task>1</Task>
<Opcode>0</Opcode>
<Keywords>0x8000000000000000</Keywords>
<TimeCreated SystemTime="2025-04-24 05:07:54.947882+00:00"></TimeCreated>
<EventRecordID>289</EventRecordID>
<Correlation ActivityID="" RelatedActivityID=""></Correlation>
<Execution ProcessID="3288" ThreadID="3532"></Execution>
<Channel>Microsoft-Windows-Sysmon/Operational</Channel>
<Computer>DESKTOP-RL1K13Q</Computer>
<Security UserID="S-1-5-18"></Security>
</System>
<EventData><Data Name="RuleName">-</Data>
<Data Name="UtcTime">2025-04-24 05:07:54.928</Data>
<Data Name="ProcessGuid">{59d32d4f-c72a-6809-e800-000000001500}</Data>
<Data Name="ProcessId">5360</Data>
<Data Name="Image">C:\Windows\System32\wbem\WMIADAP.exe</Data>
<Data Name="FileVersion">10.0.19041.3996 (WinBuild.160101.0800)</Data>
<Data Name="Description">WMI Reverse Performance Adapter Maintenance Utility</Data>
<Data Name="Product">Microsoft&#174; Windows&#174; Operating System</Data>
<Data Name="Company">Microsoft Corporation</Data>
<Data Name="OriginalFileName">wmicookr.dll</Data>
<Data Name="CommandLine">wmiadap.exe /F /T /R</Data>
<Data Name="CurrentDirectory">C:\Windows\system32\</Data>
<Data Name="User">NT AUTHORITY\SYSTEM</Data>
<Data Name="LogonGuid">{59d32d4f-c62e-6809-e703-000000000000}</Data>
<Data Name="LogonId">0x00000000000003e7</Data>
<Data Name="TerminalSessionId">0</Data>
<Data Name="IntegrityLevel">System</Data>
<Data Name="Hashes">MD5=7F0CA295F8F7420DD267DE97F09D8F96,SHA256=B8E6274D16BCF95347D223BB539764BB54E5746B3EEC9DE8ACEC41751724C059,IMPHASH=367D299428703C9A9715504BFE071C97</Data>
<Data Name="ParentProcessGuid">{59d32d4f-c638-6809-4700-000000001500}</Data>
<Data Name="ParentProcessId">2484</Data>
<Data Name="ParentImage">C:\Windows\System32\svchost.exe</Data>
<Data Name="ParentCommandLine">C:\Windows\system32\svchost.exe -k netsvcs -p -s Winmgmt</Data>
<Data Name="ParentUser">NT AUTHORITY\SYSTEM</Data>
</EventData>
</Event>

<Event xmlns="http://schemas.microsoft.com/win/2004/08/events/event"><System><Provider Name="Microsoft-Windows-Sysmon" Guid="{5770385f-c22a-43e0-bf4c-06f5698ffbd9}"></Provider>
<EventID Qualifiers="">13</EventID>
<Version>2</Version>
<Level>4</Level>
<Task>13</Task>
<Opcode>0</Opcode>
<Keywords>0x8000000000000000</Keywords>
<TimeCreated SystemTime="2025-04-24 05:08:00.532307+00:00"></TimeCreated>
<EventRecordID>290</EventRecordID>
<Correlation ActivityID="" RelatedActivityID=""></Correlation>
<Execution ProcessID="3288" ThreadID="3532"></Execution>
<Channel>Microsoft-Windows-Sysmon/Operational</Channel>
<Computer>DESKTOP-RL1K13Q</Computer>
<Security UserID="S-1-5-18"></Security>
</System>
<EventData><Data Name="RuleName">InvDB-Path</Data>
<Data Name="EventType">SetValue</Data>
<Data Name="UtcTime">2025-04-24 05:08:00.522</Data>
<Data Name="ProcessGuid">{59d32d4f-c6ec-6809-d800-000000001500}</Data>
<Data Name="ProcessId">5384</Data>
<Data Name="Image">C:\Windows\system32\CompatTelRunner.exe</Data>
<Data Name="TargetObject">\REGISTRY\A\{62ff99c8-dfc3-9e30-47dc-3e55891c7ff4}\Root\InventoryApplicationFile\microsoftedge_x6|5378ff2a0283fcb6\LowerCaseLongPath</Data>
<Data Name="Details">c:\program files (x86)\microsoft\edgeupdate\download\{56eb18f8-b008-4cbd-b6d2-8c97fe7e9062}\135.0.3179.85\microsoftedge_x64_135.0.3179.85_135.0.3179.73.exe</Data>
<Data Name="User">NT AUTHORITY\SYSTEM</Data>
</EventData>
</Event>

<Event xmlns="http://schemas.microsoft.com/win/2004/08/events/event"><System><Provider Name="Microsoft-Windows-Sysmon" Guid="{5770385f-c22a-43e0-bf4c-06f5698ffbd9}"></Provider>
<EventID Qualifiers="">13</EventID>
<Version>2</Version>
<Level>4</Level>
<Task>13</Task>
<Opcode>0</Opcode>
<Keywords>0x8000000000000000</Keywords>
<TimeCreated SystemTime="2025-04-24 05:08:00.533060+00:00"></TimeCreated>
<EventRecordID>291</EventRecordID>
<Correlation ActivityID="" RelatedActivityID=""></Correlation>
<Execution ProcessID="3288" ThreadID="3532"></Execution>
<Channel>Microsoft-Windows-Sysmon/Operational</Channel>
<Computer>DESKTOP-RL1K13Q</Computer>
<Security UserID="S-1-5-18"></Security>
</System>
<EventData><Data Name="RuleName">InvDB-Pub</Data>
<Data Name="EventType">SetValue</Data>
<Data Name="UtcTime">2025-04-24 05:08:00.522</Data>
<Data Name="ProcessGuid">{59d32d4f-c6ec-6809-d800-000000001500}</Data>
<Data Name="ProcessId">5384</Data>
<Data Name="Image">C:\Windows\system32\CompatTelRunner.exe</Data>
<Data Name="TargetObject">\REGISTRY\A\{62ff99c8-dfc3-9e30-47dc-3e55891c7ff4}\Root\InventoryApplicationFile\microsoftedge_x6|5378ff2a0283fcb6\Publisher</Data>
<Data Name="Details">microsoft corporation</Data>
<Data Name="User">NT AUTHORITY\SYSTEM</Data>
</EventData>
</Event>

<Event xmlns="http://schemas.microsoft.com/win/2004/08/events/event"><System><Provider Name="Microsoft-Windows-Sysmon" Guid="{5770385f-c22a-43e0-bf4c-06f5698ffbd9}"></Provider>
<EventID Qualifiers="">13</EventID>
<Version>2</Version>
<Level>4</Level>
<Task>13</Task>
<Opcode>0</Opcode>
<Keywords>0x8000000000000000</Keywords>
<TimeCreated SystemTime="2025-04-24 05:08:00.534983+00:00"></TimeCreated>
<EventRecordID>292</EventRecordID>
<Correlation ActivityID="" RelatedActivityID=""></Correlation>
<Execution ProcessID="3288" ThreadID="3532"></Execution>
<Channel>Microsoft-Windows-Sysmon/Operational</Channel>
<Computer>DESKTOP-RL1K13Q</Computer>
<Security UserID="S-1-5-18"></Security>
</System>
<EventData><Data Name="RuleName">InvDB-CompileTimeClaim</Data>
<Data Name="EventType">SetValue</Data>
<Data Name="UtcTime">2025-04-24 05:08:00.522</Data>
<Data Name="ProcessGuid">{59d32d4f-c6ec-6809-d800-000000001500}</Data>
<Data Name="ProcessId">5384</Data>
<Data Name="Image">C:\Windows\system32\CompatTelRunner.exe</Data>
<Data Name="TargetObject">\REGISTRY\A\{62ff99c8-dfc3-9e30-47dc-3e55891c7ff4}\Root\InventoryApplicationFile\microsoftedge_x6|5378ff2a0283fcb6\LinkDate</Data>
<Data Name="Details">04/17/2025 00:59:58</Data>
<Data Name="User">NT AUTHORITY\SYSTEM</Data>
</EventData>
</Event>

<Event xmlns="http://schemas.microsoft.com/win/2004/08/events/event"><System><Provider Name="Microsoft-Windows-Sysmon" Guid="{5770385f-c22a-43e0-bf4c-06f5698ffbd9}"></Provider>
<EventID Qualifiers="">13</EventID>
<Version>2</Version>
<Level>4</Level>
<Task>13</Task>
<Opcode>0</Opcode>
<Keywords>0x8000000000000000</Keywords>
<TimeCreated SystemTime="2025-04-24 05:08:00.535160+00:00"></TimeCreated>
<EventRecordID>293</EventRecordID>
<Correlation ActivityID="" RelatedActivityID=""></Correlation>
<Execution ProcessID="3288" ThreadID="3532"></Execution>
<Channel>Microsoft-Windows-Sysmon/Operational</Channel>
<Computer>DESKTOP-RL1K13Q</Computer>
<Security UserID="S-1-5-18"></Security>
</System>
<EventData><Data Name="RuleName">InvDB-Ver</Data>
<Data Name="EventType">SetValue</Data>
<Data Name="UtcTime">2025-04-24 05:08:00.522</Data>
<Data Name="ProcessGuid">{59d32d4f-c6ec-6809-d800-000000001500}</Data>
<Data Name="ProcessId">5384</Data>
<Data Name="Image">C:\Windows\system32\CompatTelRunner.exe</Data>
<Data Name="TargetObject">\REGISTRY\A\{62ff99c8-dfc3-9e30-47dc-3e55891c7ff4}\Root\InventoryApplicationFile\microsoftedge_x6|5378ff2a0283fcb6\BinProductVersion</Data>
<Data Name="Details">135.0.3179.85</Data>
<Data Name="User">NT AUTHORITY\SYSTEM</Data>
</EventData>
</Event>

<Event xmlns="http://schemas.microsoft.com/win/2004/08/events/event"><System><Provider Name="Microsoft-Windows-Sysmon" Guid="{5770385f-c22a-43e0-bf4c-06f5698ffbd9}"></Provider>
<EventID Qualifiers="">13</EventID>
<Version>2</Version>
<Level>4</Level>
<Task>13</Task>
<Opcode>0</Opcode>
<Keywords>0x8000000000000000</Keywords>
<TimeCreated SystemTime="2025-04-24 05:08:00.845669+00:00"></TimeCreated>
<EventRecordID>294</EventRecordID>
<Correlation ActivityID="" RelatedActivityID=""></Correlation>
<Execution ProcessID="3288" ThreadID="3532"></Execution>
<Channel>Microsoft-Windows-Sysmon/Operational</Channel>
<Computer>DESKTOP-RL1K13Q</Computer>
<Security UserID="S-1-5-18"></Security>
</System>
<EventData><Data Name="RuleName">InvDB-Path</Data>
<Data Name="EventType">SetValue</Data>
<Data Name="UtcTime">2025-04-24 05:08:00.835</Data>
<Data Name="ProcessGuid">{59d32d4f-c6ec-6809-d800-000000001500}</Data>
<Data Name="ProcessId">5384</Data>
<Data Name="Image">C:\Windows\system32\CompatTelRunner.exe</Data>
<Data Name="TargetObject">\REGISTRY\A\{62ff99c8-dfc3-9e30-47dc-3e55891c7ff4}\Root\InventoryApplicationFile\mrt.exe|911fb90f04cf69c9\LowerCaseLongPath</Data>
<Data Name="Details">c:\windows\system32\mrt.exe</Data>
<Data Name="User">NT AUTHORITY\SYSTEM</Data>
</EventData>
</Event>

<Event xmlns="http://schemas.microsoft.com/win/2004/08/events/event"><System><Provider Name="Microsoft-Windows-Sysmon" Guid="{5770385f-c22a-43e0-bf4c-06f5698ffbd9}"></Provider>
<EventID Qualifiers="">13</EventID>
<Version>2</Version>
<Level>4</Level>
<Task>13</Task>
<Opcode>0</Opcode>
<Keywords>0x8000000000000000</Keywords>
<TimeCreated SystemTime="2025-04-24 05:08:00.850121+00:00"></TimeCreated>
<EventRecordID>295</EventRecordID>
<Correlation ActivityID="" RelatedActivityID=""></Correlation>
<Execution ProcessID="3288" ThreadID="3532"></Execution>
<Channel>Microsoft-Windows-Sysmon/Operational</Channel>
<Computer>DESKTOP-RL1K13Q</Computer>
<Security UserID="S-1-5-18"></Security>
</System>
<EventData><Data Name="RuleName">InvDB-Pub</Data>
<Data Name="EventType">SetValue</Data>
<Data Name="UtcTime">2025-04-24 05:08:00.835</Data>
<Data Name="ProcessGuid">{59d32d4f-c6ec-6809-d800-000000001500}</Data>
<Data Name="ProcessId">5384</Data>
<Data Name="Image">C:\Windows\system32\CompatTelRunner.exe</Data>
<Data Name="TargetObject">\REGISTRY\A\{62ff99c8-dfc3-9e30-47dc-3e55891c7ff4}\Root\InventoryApplicationFile\mrt.exe|911fb90f04cf69c9\Publisher</Data>
<Data Name="Details">microsoft corporation</Data>
<Data Name="User">NT AUTHORITY\SYSTEM</Data>
</EventData>
</Event>

<Event xmlns="http://schemas.microsoft.com/win/2004/08/events/event"><System><Provider Name="Microsoft-Windows-Sysmon" Guid="{5770385f-c22a-43e0-bf4c-06f5698ffbd9}"></Provider>
<EventID Qualifiers="">13</EventID>
<Version>2</Version>
<Level>4</Level>
<Task>13</Task>
<Opcode>0</Opcode>
<Keywords>0x8000000000000000</Keywords>
<TimeCreated SystemTime="2025-04-24 05:08:00.852369+00:00"></TimeCreated>
<EventRecordID>296</EventRecordID>
<Correlation ActivityID="" RelatedActivityID=""></Correlation>
<Execution ProcessID="3288" ThreadID="3532"></Execution>
<Channel>Microsoft-Windows-Sysmon/Operational</Channel>
<Computer>DESKTOP-RL1K13Q</Computer>
<Security UserID="S-1-5-18"></Security>
</System>
<EventData><Data Name="RuleName">InvDB-CompileTimeClaim</Data>
<Data Name="EventType">SetValue</Data>
<Data Name="UtcTime">2025-04-24 05:08:00.850</Data>
<Data Name="ProcessGuid">{59d32d4f-c6ec-6809-d800-000000001500}</Data>
<Data Name="ProcessId">5384</Data>
<Data Name="Image">C:\Windows\system32\CompatTelRunner.exe</Data>
<Data Name="TargetObject">\REGISTRY\A\{62ff99c8-dfc3-9e30-47dc-3e55891c7ff4}\Root\InventoryApplicationFile\mrt.exe|911fb90f04cf69c9\LinkDate</Data>
<Data Name="Details">05/13/2006 07:33:24</Data>
<Data Name="User">NT AUTHORITY\SYSTEM</Data>
</EventData>
</Event>

<Event xmlns="http://schemas.microsoft.com/win/2004/08/events/event"><System><Provider Name="Microsoft-Windows-Sysmon" Guid="{5770385f-c22a-43e0-bf4c-06f5698ffbd9}"></Provider>
<EventID Qualifiers="">13</EventID>
<Version>2</Version>
<Level>4</Level>
<Task>13</Task>
<Opcode>0</Opcode>
<Keywords>0x8000000000000000</Keywords>
<TimeCreated SystemTime="2025-04-24 05:08:00.852690+00:00"></TimeCreated>
<EventRecordID>297</EventRecordID>
<Correlation ActivityID="" RelatedActivityID=""></Correlation>
<Execution ProcessID="3288" ThreadID="3532"></Execution>
<Channel>Microsoft-Windows-Sysmon/Operational</Channel>
<Computer>DESKTOP-RL1K13Q</Computer>
<Security UserID="S-1-5-18"></Security>
</System>
<EventData><Data Name="RuleName">InvDB-Ver</Data>
<Data Name="EventType">SetValue</Data>
<Data Name="UtcTime">2025-04-24 05:08:00.850</Data>
<Data Name="ProcessGuid">{59d32d4f-c6ec-6809-d800-000000001500}</Data>
<Data Name="ProcessId">5384</Data>
<Data Name="Image">C:\Windows\system32\CompatTelRunner.exe</Data>
<Data Name="TargetObject">\REGISTRY\A\{62ff99c8-dfc3-9e30-47dc-3e55891c7ff4}\Root\InventoryApplicationFile\mrt.exe|911fb90f04cf69c9\BinProductVersion</Data>
<Data Name="Details">5.132.25020.1001</Data>
<Data Name="User">NT AUTHORITY\SYSTEM</Data>
</EventData>
</Event>

<Event xmlns="http://schemas.microsoft.com/win/2004/08/events/event"><System><Provider Name="Microsoft-Windows-Sysmon" Guid="{5770385f-c22a-43e0-bf4c-06f5698ffbd9}"></Provider>
<EventID Qualifiers="">13</EventID>
<Version>2</Version>
<Level>4</Level>
<Task>13</Task>
<Opcode>0</Opcode>
<Keywords>0x8000000000000000</Keywords>
<TimeCreated SystemTime="2025-04-24 05:08:00.856562+00:00"></TimeCreated>
<EventRecordID>298</EventRecordID>
<Correlation ActivityID="" RelatedActivityID=""></Correlation>
<Execution ProcessID="3288" ThreadID="3532"></Execution>
<Channel>Microsoft-Windows-Sysmon/Operational</Channel>
<Computer>DESKTOP-RL1K13Q</Computer>
<Security UserID="S-1-5-18"></Security>
</System>
<EventData><Data Name="RuleName">InvDB-Pub</Data>
<Data Name="EventType">SetValue</Data>
<Data Name="UtcTime">2025-04-24 05:08:00.850</Data>
<Data Name="ProcessGuid">{59d32d4f-c6ec-6809-d800-000000001500}</Data>
<Data Name="ProcessId">5384</Data>
<Data Name="Image">C:\Windows\system32\CompatTelRunner.exe</Data>
<Data Name="TargetObject">\REGISTRY\A\{62ff99c8-dfc3-9e30-47dc-3e55891c7ff4}\Root\InventoryApplication\Publisher</Data>
<Data Name="Details">(Empty)</Data>
<Data Name="User">NT AUTHORITY\SYSTEM</Data>
</EventData>
</Event>

<Event xmlns="http://schemas.microsoft.com/win/2004/08/events/event"><System><Provider Name="Microsoft-Windows-Sysmon" Guid="{5770385f-c22a-43e0-bf4c-06f5698ffbd9}"></Provider>
<EventID Qualifiers="">13</EventID>
<Version>2</Version>
<Level>4</Level>
<Task>13</Task>
<Opcode>0</Opcode>
<Keywords>0x8000000000000000</Keywords>
<TimeCreated SystemTime="2025-04-24 05:08:01.127571+00:00"></TimeCreated>
<EventRecordID>299</EventRecordID>
<Correlation ActivityID="" RelatedActivityID=""></Correlation>
<Execution ProcessID="3288" ThreadID="3532"></Execution>
<Channel>Microsoft-Windows-Sysmon/Operational</Channel>
<Computer>DESKTOP-RL1K13Q</Computer>
<Security UserID="S-1-5-18"></Security>
</System>
<EventData><Data Name="RuleName">InvDB-Path</Data>
<Data Name="EventType">SetValue</Data>
<Data Name="UtcTime">2025-04-24 05:08:01.116</Data>
<Data Name="ProcessGuid">{59d32d4f-c6ec-6809-d800-000000001500}</Data>
<Data Name="ProcessId">5384</Data>
<Data Name="Image">C:\Windows\system32\CompatTelRunner.exe</Data>
<Data Name="TargetObject">\REGISTRY\A\{62ff99c8-dfc3-9e30-47dc-3e55891c7ff4}\Root\InventoryApplicationFile\7za.exe|20a3741b59c746a7\LowerCaseLongPath</Data>
<Data Name="Details">c:\program files\vmware\vmware tools\7za.exe</Data>
<Data Name="User">NT AUTHORITY\SYSTEM</Data>
</EventData>
</Event>

<Event xmlns="http://schemas.microsoft.com/win/2004/08/events/event"><System><Provider Name="Microsoft-Windows-Sysmon" Guid="{5770385f-c22a-43e0-bf4c-06f5698ffbd9}"></Provider>
<EventID Qualifiers="">13</EventID>
<Version>2</Version>
<Level>4</Level>
<Task>13</Task>
<Opcode>0</Opcode>
<Keywords>0x8000000000000000</Keywords>
<TimeCreated SystemTime="2025-04-24 05:08:01.128448+00:00"></TimeCreated>
<EventRecordID>300</EventRecordID>
<Correlation ActivityID="" RelatedActivityID=""></Correlation>
<Execution ProcessID="3288" ThreadID="3532"></Execution>
<Channel>Microsoft-Windows-Sysmon/Operational</Channel>
<Computer>DESKTOP-RL1K13Q</Computer>
<Security UserID="S-1-5-18"></Security>
</System>
<EventData><Data Name="RuleName">InvDB-Pub</Data>
<Data Name="EventType">SetValue</Data>
<Data Name="UtcTime">2025-04-24 05:08:01.116</Data>
<Data Name="ProcessGuid">{59d32d4f-c6ec-6809-d800-000000001500}</Data>
<Data Name="ProcessId">5384</Data>
<Data Name="Image">C:\Windows\system32\CompatTelRunner.exe</Data>
<Data Name="TargetObject">\REGISTRY\A\{62ff99c8-dfc3-9e30-47dc-3e55891c7ff4}\Root\InventoryApplicationFile\7za.exe|20a3741b59c746a7\Publisher</Data>
<Data Name="Details">igor pavlov</Data>
<Data Name="User">NT AUTHORITY\SYSTEM</Data>
</EventData>
</Event>

<Event xmlns="http://schemas.microsoft.com/win/2004/08/events/event"><System><Provider Name="Microsoft-Windows-Sysmon" Guid="{5770385f-c22a-43e0-bf4c-06f5698ffbd9}"></Provider>
<EventID Qualifiers="">13</EventID>
<Version>2</Version>
<Level>4</Level>
<Task>13</Task>
<Opcode>0</Opcode>
<Keywords>0x8000000000000000</Keywords>
<TimeCreated SystemTime="2025-04-24 05:08:01.131229+00:00"></TimeCreated>
<EventRecordID>301</EventRecordID>
<Correlation ActivityID="" RelatedActivityID=""></Correlation>
<Execution ProcessID="3288" ThreadID="3532"></Execution>
<Channel>Microsoft-Windows-Sysmon/Operational</Channel>
<Computer>DESKTOP-RL1K13Q</Computer>
<Security UserID="S-1-5-18"></Security>
</System>
<EventData><Data Name="RuleName">InvDB-CompileTimeClaim</Data>
<Data Name="EventType">SetValue</Data>
<Data Name="UtcTime">2025-04-24 05:08:01.116</Data>
<Data Name="ProcessGuid">{59d32d4f-c6ec-6809-d800-000000001500}</Data>
<Data Name="ProcessId">5384</Data>
<Data Name="Image">C:\Windows\system32\CompatTelRunner.exe</Data>
<Data Name="TargetObject">\REGISTRY\A\{62ff99c8-dfc3-9e30-47dc-3e55891c7ff4}\Root\InventoryApplicationFile\7za.exe|20a3741b59c746a7\LinkDate</Data>
<Data Name="Details">09/17/2022 00:46:41</Data>
<Data Name="User">NT AUTHORITY\SYSTEM</Data>
</EventData>
</Event>

<Event xmlns="http://schemas.microsoft.com/win/2004/08/events/event"><System><Provider Name="Microsoft-Windows-Sysmon" Guid="{5770385f-c22a-43e0-bf4c-06f5698ffbd9}"></Provider>
<EventID Qualifiers="">13</EventID>
<Version>2</Version>
<Level>4</Level>
<Task>13</Task>
<Opcode>0</Opcode>
<Keywords>0x8000000000000000</Keywords>
<TimeCreated SystemTime="2025-04-24 05:08:01.133038+00:00"></TimeCreated>
<EventRecordID>302</EventRecordID>
<Correlation ActivityID="" RelatedActivityID=""></Correlation>
<Execution ProcessID="3288" ThreadID="3532"></Execution>
<Channel>Microsoft-Windows-Sysmon/Operational</Channel>
<Computer>DESKTOP-RL1K13Q</Computer>
<Security UserID="S-1-5-18"></Security>
</System>
<EventData><Data Name="RuleName">InvDB-Ver</Data>
<Data Name="EventType">SetValue</Data>
<Data Name="UtcTime">2025-04-24 05:08:01.116</Data>
<Data Name="ProcessGuid">{59d32d4f-c6ec-6809-d800-000000001500}</Data>
<Data Name="ProcessId">5384</Data>
<Data Name="Image">C:\Windows\system32\CompatTelRunner.exe</Data>
<Data Name="TargetObject">\REGISTRY\A\{62ff99c8-dfc3-9e30-47dc-3e55891c7ff4}\Root\InventoryApplicationFile\7za.exe|20a3741b59c746a7\BinProductVersion</Data>
<Data Name="Details">22.1.0.0</Data>
<Data Name="User">NT AUTHORITY\SYSTEM</Data>
</EventData>
</Event>

<Event xmlns="http://schemas.microsoft.com/win/2004/08/events/event"><System><Provider Name="Microsoft-Windows-Sysmon" Guid="{5770385f-c22a-43e0-bf4c-06f5698ffbd9}"></Provider>
<EventID Qualifiers="">13</EventID>
<Version>2</Version>
<Level>4</Level>
<Task>13</Task>
<Opcode>0</Opcode>
<Keywords>0x8000000000000000</Keywords>
<TimeCreated SystemTime="2025-04-24 05:08:01.134867+00:00"></TimeCreated>
<EventRecordID>303</EventRecordID>
<Correlation ActivityID="" RelatedActivityID=""></Correlation>
<Execution ProcessID="3288" ThreadID="3532"></Execution>
<Channel>Microsoft-Windows-Sysmon/Operational</Channel>
<Computer>DESKTOP-RL1K13Q</Computer>
<Security UserID="S-1-5-18"></Security>
</System>
<EventData><Data Name="RuleName">InvDB-Path</Data>
<Data Name="EventType">SetValue</Data>
<Data Name="UtcTime">2025-04-24 05:08:01.116</Data>
<Data Name="ProcessGuid">{59d32d4f-c6ec-6809-d800-000000001500}</Data>
<Data Name="ProcessId">5384</Data>
<Data Name="Image">C:\Windows\system32\CompatTelRunner.exe</Data>
<Data Name="TargetObject">\REGISTRY\A\{62ff99c8-dfc3-9e30-47dc-3e55891c7ff4}\Root\InventoryApplicationFile\7za.exe|20a3741b59c746a7\LowerCaseLongPath</Data>
<Data Name="Details">c:\program files\vmware\vmware tools\7za.exe</Data>
<Data Name="User">NT AUTHORITY\SYSTEM</Data>
</EventData>
</Event>

<Event xmlns="http://schemas.microsoft.com/win/2004/08/events/event"><System><Provider Name="Microsoft-Windows-Sysmon" Guid="{5770385f-c22a-43e0-bf4c-06f5698ffbd9}"></Provider>
<EventID Qualifiers="">13</EventID>
<Version>2</Version>
<Level>4</Level>
<Task>13</Task>
<Opcode>0</Opcode>
<Keywords>0x8000000000000000</Keywords>
<TimeCreated SystemTime="2025-04-24 05:08:01.135580+00:00"></TimeCreated>
<EventRecordID>304</EventRecordID>
<Correlation ActivityID="" RelatedActivityID=""></Correlation>
<Execution ProcessID="3288" ThreadID="3532"></Execution>
<Channel>Microsoft-Windows-Sysmon/Operational</Channel>
<Computer>DESKTOP-RL1K13Q</Computer>
<Security UserID="S-1-5-18"></Security>
</System>
<EventData><Data Name="RuleName">InvDB-Pub</Data>
<Data Name="EventType">SetValue</Data>
<Data Name="UtcTime">2025-04-24 05:08:01.116</Data>
<Data Name="ProcessGuid">{59d32d4f-c6ec-6809-d800-000000001500}</Data>
<Data Name="ProcessId">5384</Data>
<Data Name="Image">C:\Windows\system32\CompatTelRunner.exe</Data>
<Data Name="TargetObject">\REGISTRY\A\{62ff99c8-dfc3-9e30-47dc-3e55891c7ff4}\Root\InventoryApplicationFile\7za.exe|20a3741b59c746a7\Publisher</Data>
<Data Name="Details">igor pavlov</Data>
<Data Name="User">NT AUTHORITY\SYSTEM</Data>
</EventData>
</Event>

<Event xmlns="http://schemas.microsoft.com/win/2004/08/events/event"><System><Provider Name="Microsoft-Windows-Sysmon" Guid="{5770385f-c22a-43e0-bf4c-06f5698ffbd9}"></Provider>
<EventID Qualifiers="">13</EventID>
<Version>2</Version>
<Level>4</Level>
<Task>13</Task>
<Opcode>0</Opcode>
<Keywords>0x8000000000000000</Keywords>
<TimeCreated SystemTime="2025-04-24 05:08:01.136562+00:00"></TimeCreated>
<EventRecordID>305</EventRecordID>
<Correlation ActivityID="" RelatedActivityID=""></Correlation>
<Execution ProcessID="3288" ThreadID="3532"></Execution>
<Channel>Microsoft-Windows-Sysmon/Operational</Channel>
<Computer>DESKTOP-RL1K13Q</Computer>
<Security UserID="S-1-5-18"></Security>
</System>
<EventData><Data Name="RuleName">InvDB-CompileTimeClaim</Data>
<Data Name="EventType">SetValue</Data>
<Data Name="UtcTime">2025-04-24 05:08:01.116</Data>
<Data Name="ProcessGuid">{59d32d4f-c6ec-6809-d800-000000001500}</Data>
<Data Name="ProcessId">5384</Data>
<Data Name="Image">C:\Windows\system32\CompatTelRunner.exe</Data>
<Data Name="TargetObject">\REGISTRY\A\{62ff99c8-dfc3-9e30-47dc-3e55891c7ff4}\Root\InventoryApplicationFile\7za.exe|20a3741b59c746a7\LinkDate</Data>
<Data Name="Details">09/17/2022 00:46:41</Data>
<Data Name="User">NT AUTHORITY\SYSTEM</Data>
</EventData>
</Event>

<Event xmlns="http://schemas.microsoft.com/win/2004/08/events/event"><System><Provider Name="Microsoft-Windows-Sysmon" Guid="{5770385f-c22a-43e0-bf4c-06f5698ffbd9}"></Provider>
<EventID Qualifiers="">13</EventID>
<Version>2</Version>
<Level>4</Level>
<Task>13</Task>
<Opcode>0</Opcode>
<Keywords>0x8000000000000000</Keywords>
<TimeCreated SystemTime="2025-04-24 05:08:01.136726+00:00"></TimeCreated>
<EventRecordID>306</EventRecordID>
<Correlation ActivityID="" RelatedActivityID=""></Correlation>
<Execution ProcessID="3288" ThreadID="3532"></Execution>
<Channel>Microsoft-Windows-Sysmon/Operational</Channel>
<Computer>DESKTOP-RL1K13Q</Computer>
<Security UserID="S-1-5-18"></Security>
</System>
<EventData><Data Name="RuleName">InvDB-Ver</Data>
<Data Name="EventType">SetValue</Data>
<Data Name="UtcTime">2025-04-24 05:08:01.116</Data>
<Data Name="ProcessGuid">{59d32d4f-c6ec-6809-d800-000000001500}</Data>
<Data Name="ProcessId">5384</Data>
<Data Name="Image">C:\Windows\system32\CompatTelRunner.exe</Data>
<Data Name="TargetObject">\REGISTRY\A\{62ff99c8-dfc3-9e30-47dc-3e55891c7ff4}\Root\InventoryApplicationFile\7za.exe|20a3741b59c746a7\BinProductVersion</Data>
<Data Name="Details">22.1.0.0</Data>
<Data Name="User">NT AUTHORITY\SYSTEM</Data>
</EventData>
</Event>

<Event xmlns="http://schemas.microsoft.com/win/2004/08/events/event"><System><Provider Name="Microsoft-Windows-Sysmon" Guid="{5770385f-c22a-43e0-bf4c-06f5698ffbd9}"></Provider>
<EventID Qualifiers="">13</EventID>
<Version>2</Version>
<Level>4</Level>
<Task>13</Task>
<Opcode>0</Opcode>
<Keywords>0x8000000000000000</Keywords>
<TimeCreated SystemTime="2025-04-24 05:08:01.188236+00:00"></TimeCreated>
<EventRecordID>307</EventRecordID>
<Correlation ActivityID="" RelatedActivityID=""></Correlation>
<Execution ProcessID="3288" ThreadID="3532"></Execution>
<Channel>Microsoft-Windows-Sysmon/Operational</Channel>
<Computer>DESKTOP-RL1K13Q</Computer>
<Security UserID="S-1-5-18"></Security>
</System>
<EventData><Data Name="RuleName">InvDB-Path</Data>
<Data Name="EventType">SetValue</Data>
<Data Name="UtcTime">2025-04-24 05:08:01.179</Data>
<Data Name="ProcessGuid">{59d32d4f-c6ec-6809-d800-000000001500}</Data>
<Data Name="ProcessId">5384</Data>
<Data Name="Image">C:\Windows\system32\CompatTelRunner.exe</Data>
<Data Name="TargetObject">\REGISTRY\A\{62ff99c8-dfc3-9e30-47dc-3e55891c7ff4}\Root\InventoryApplicationFile\am_delta.exe|9025d818d4db6f5e\LowerCaseLongPath</Data>
<Data Name="Details">c:\windows\softwaredistribution\download\install\am_delta.exe</Data>
<Data Name="User">NT AUTHORITY\SYSTEM</Data>
</EventData>
</Event>

<Event xmlns="http://schemas.microsoft.com/win/2004/08/events/event"><System><Provider Name="Microsoft-Windows-Sysmon" Guid="{5770385f-c22a-43e0-bf4c-06f5698ffbd9}"></Provider>
<EventID Qualifiers="">13</EventID>
<Version>2</Version>
<Level>4</Level>
<Task>13</Task>
<Opcode>0</Opcode>
<Keywords>0x8000000000000000</Keywords>
<TimeCreated SystemTime="2025-04-24 05:08:01.188890+00:00"></TimeCreated>
<EventRecordID>308</EventRecordID>
<Correlation ActivityID="" RelatedActivityID=""></Correlation>
<Execution ProcessID="3288" ThreadID="3532"></Execution>
<Channel>Microsoft-Windows-Sysmon/Operational</Channel>
<Computer>DESKTOP-RL1K13Q</Computer>
<Security UserID="S-1-5-18"></Security>
</System>
<EventData><Data Name="RuleName">InvDB-Pub</Data>
<Data Name="EventType">SetValue</Data>
<Data Name="UtcTime">2025-04-24 05:08:01.179</Data>
<Data Name="ProcessGuid">{59d32d4f-c6ec-6809-d800-000000001500}</Data>
<Data Name="ProcessId">5384</Data>
<Data Name="Image">C:\Windows\system32\CompatTelRunner.exe</Data>
<Data Name="TargetObject">\REGISTRY\A\{62ff99c8-dfc3-9e30-47dc-3e55891c7ff4}\Root\InventoryApplicationFile\am_delta.exe|9025d818d4db6f5e\Publisher</Data>
<Data Name="Details">microsoft corporation</Data>
<Data Name="User">NT AUTHORITY\SYSTEM</Data>
</EventData>
</Event>

<Event xmlns="http://schemas.microsoft.com/win/2004/08/events/event"><System><Provider Name="Microsoft-Windows-Sysmon" Guid="{5770385f-c22a-43e0-bf4c-06f5698ffbd9}"></Provider>
<EventID Qualifiers="">13</EventID>
<Version>2</Version>
<Level>4</Level>
<Task>13</Task>
<Opcode>0</Opcode>
<Keywords>0x8000000000000000</Keywords>
<TimeCreated SystemTime="2025-04-24 05:08:01.189840+00:00"></TimeCreated>
<EventRecordID>309</EventRecordID>
<Correlation ActivityID="" RelatedActivityID=""></Correlation>
<Execution ProcessID="3288" ThreadID="3532"></Execution>
<Channel>Microsoft-Windows-Sysmon/Operational</Channel>
<Computer>DESKTOP-RL1K13Q</Computer>
<Security UserID="S-1-5-18"></Security>
</System>
<EventData><Data Name="RuleName">InvDB-CompileTimeClaim</Data>
<Data Name="EventType">SetValue</Data>
<Data Name="UtcTime">2025-04-24 05:08:01.179</Data>
<Data Name="ProcessGuid">{59d32d4f-c6ec-6809-d800-000000001500}</Data>
<Data Name="ProcessId">5384</Data>
<Data Name="Image">C:\Windows\system32\CompatTelRunner.exe</Data>
<Data Name="TargetObject">\REGISTRY\A\{62ff99c8-dfc3-9e30-47dc-3e55891c7ff4}\Root\InventoryApplicationFile\am_delta.exe|9025d818d4db6f5e\LinkDate</Data>
<Data Name="Details">04/23/2025 20:46:37</Data>
<Data Name="User">NT AUTHORITY\SYSTEM</Data>
</EventData>
</Event>

<Event xmlns="http://schemas.microsoft.com/win/2004/08/events/event"><System><Provider Name="Microsoft-Windows-Sysmon" Guid="{5770385f-c22a-43e0-bf4c-06f5698ffbd9}"></Provider>
<EventID Qualifiers="">13</EventID>
<Version>2</Version>
<Level>4</Level>
<Task>13</Task>
<Opcode>0</Opcode>
<Keywords>0x8000000000000000</Keywords>
<TimeCreated SystemTime="2025-04-24 05:08:01.190058+00:00"></TimeCreated>
<EventRecordID>310</EventRecordID>
<Correlation ActivityID="" RelatedActivityID=""></Correlation>
<Execution ProcessID="3288" ThreadID="3532"></Execution>
<Channel>Microsoft-Windows-Sysmon/Operational</Channel>
<Computer>DESKTOP-RL1K13Q</Computer>
<Security UserID="S-1-5-18"></Security>
</System>
<EventData><Data Name="RuleName">InvDB-Ver</Data>
<Data Name="EventType">SetValue</Data>
<Data Name="UtcTime">2025-04-24 05:08:01.179</Data>
<Data Name="ProcessGuid">{59d32d4f-c6ec-6809-d800-000000001500}</Data>
<Data Name="ProcessId">5384</Data>
<Data Name="Image">C:\Windows\system32\CompatTelRunner.exe</Data>
<Data Name="TargetObject">\REGISTRY\A\{62ff99c8-dfc3-9e30-47dc-3e55891c7ff4}\Root\InventoryApplicationFile\am_delta.exe|9025d818d4db6f5e\BinProductVersion</Data>
<Data Name="Details">1.427.416.0</Data>
<Data Name="User">NT AUTHORITY\SYSTEM</Data>
</EventData>
</Event>

<Event xmlns="http://schemas.microsoft.com/win/2004/08/events/event"><System><Provider Name="Microsoft-Windows-Sysmon" Guid="{5770385f-c22a-43e0-bf4c-06f5698ffbd9}"></Provider>
<EventID Qualifiers="">13</EventID>
<Version>2</Version>
<Level>4</Level>
<Task>13</Task>
<Opcode>0</Opcode>
<Keywords>0x8000000000000000</Keywords>
<TimeCreated SystemTime="2025-04-24 05:08:01.213621+00:00"></TimeCreated>
<EventRecordID>311</EventRecordID>
<Correlation ActivityID="" RelatedActivityID=""></Correlation>
<Execution ProcessID="3288" ThreadID="3532"></Execution>
<Channel>Microsoft-Windows-Sysmon/Operational</Channel>
<Computer>DESKTOP-RL1K13Q</Computer>
<Security UserID="S-1-5-18"></Security>
</System>
<EventData><Data Name="RuleName">InvDB-Path</Data>
<Data Name="EventType">SetValue</Data>
<Data Name="UtcTime">2025-04-24 05:08:01.194</Data>
<Data Name="ProcessGuid">{59d32d4f-c6ec-6809-d800-000000001500}</Data>
<Data Name="ProcessId">5384</Data>
<Data Name="Image">C:\Windows\system32\CompatTelRunner.exe</Data>
<Data Name="TargetObject">\REGISTRY\A\{62ff99c8-dfc3-9e30-47dc-3e55891c7ff4}\Root\InventoryApplicationFile\comreg.exe|5e94604d72556d23\LowerCaseLongPath</Data>
<Data Name="Details">c:\program files\common files\vmware\drivers\vss\comreg.exe</Data>
<Data Name="User">NT AUTHORITY\SYSTEM</Data>
</EventData>
</Event>

<Event xmlns="http://schemas.microsoft.com/win/2004/08/events/event"><System><Provider Name="Microsoft-Windows-Sysmon" Guid="{5770385f-c22a-43e0-bf4c-06f5698ffbd9}"></Provider>
<EventID Qualifiers="">13</EventID>
<Version>2</Version>
<Level>4</Level>
<Task>13</Task>
<Opcode>0</Opcode>
<Keywords>0x8000000000000000</Keywords>
<TimeCreated SystemTime="2025-04-24 05:08:01.214653+00:00"></TimeCreated>
<EventRecordID>312</EventRecordID>
<Correlation ActivityID="" RelatedActivityID=""></Correlation>
<Execution ProcessID="3288" ThreadID="3532"></Execution>
<Channel>Microsoft-Windows-Sysmon/Operational</Channel>
<Computer>DESKTOP-RL1K13Q</Computer>
<Security UserID="S-1-5-18"></Security>
</System>
<EventData><Data Name="RuleName">InvDB-Pub</Data>
<Data Name="EventType">SetValue</Data>
<Data Name="UtcTime">2025-04-24 05:08:01.194</Data>
<Data Name="ProcessGuid">{59d32d4f-c6ec-6809-d800-000000001500}</Data>
<Data Name="ProcessId">5384</Data>
<Data Name="Image">C:\Windows\system32\CompatTelRunner.exe</Data>
<Data Name="TargetObject">\REGISTRY\A\{62ff99c8-dfc3-9e30-47dc-3e55891c7ff4}\Root\InventoryApplicationFile\comreg.exe|5e94604d72556d23\Publisher</Data>
<Data Name="Details">(Empty)</Data>
<Data Name="User">NT AUTHORITY\SYSTEM</Data>
</EventData>
</Event>

<Event xmlns="http://schemas.microsoft.com/win/2004/08/events/event"><System><Provider Name="Microsoft-Windows-Sysmon" Guid="{5770385f-c22a-43e0-bf4c-06f5698ffbd9}"></Provider>
<EventID Qualifiers="">13</EventID>
<Version>2</Version>
<Level>4</Level>
<Task>13</Task>
<Opcode>0</Opcode>
<Keywords>0x8000000000000000</Keywords>
<TimeCreated SystemTime="2025-04-24 05:08:01.215878+00:00"></TimeCreated>
<EventRecordID>313</EventRecordID>
<Correlation ActivityID="" RelatedActivityID=""></Correlation>
<Execution ProcessID="3288" ThreadID="3532"></Execution>
<Channel>Microsoft-Windows-Sysmon/Operational</Channel>
<Computer>DESKTOP-RL1K13Q</Computer>
<Security UserID="S-1-5-18"></Security>
</System>
<EventData><Data Name="RuleName">InvDB-CompileTimeClaim</Data>
<Data Name="EventType">SetValue</Data>
<Data Name="UtcTime">2025-04-24 05:08:01.194</Data>
<Data Name="ProcessGuid">{59d32d4f-c6ec-6809-d800-000000001500}</Data>
<Data Name="ProcessId">5384</Data>
<Data Name="Image">C:\Windows\system32\CompatTelRunner.exe</Data>
<Data Name="TargetObject">\REGISTRY\A\{62ff99c8-dfc3-9e30-47dc-3e55891c7ff4}\Root\InventoryApplicationFile\comreg.exe|5e94604d72556d23\LinkDate</Data>
<Data Name="Details">02/06/2024 15:23:38</Data>
<Data Name="User">NT AUTHORITY\SYSTEM</Data>
</EventData>
</Event>

<Event xmlns="http://schemas.microsoft.com/win/2004/08/events/event"><System><Provider Name="Microsoft-Windows-Sysmon" Guid="{5770385f-c22a-43e0-bf4c-06f5698ffbd9}"></Provider>
<EventID Qualifiers="">13</EventID>
<Version>2</Version>
<Level>4</Level>
<Task>13</Task>
<Opcode>0</Opcode>
<Keywords>0x8000000000000000</Keywords>
<TimeCreated SystemTime="2025-04-24 05:08:01.216049+00:00"></TimeCreated>
<EventRecordID>314</EventRecordID>
<Correlation ActivityID="" RelatedActivityID=""></Correlation>
<Execution ProcessID="3288" ThreadID="3532"></Execution>
<Channel>Microsoft-Windows-Sysmon/Operational</Channel>
<Computer>DESKTOP-RL1K13Q</Computer>
<Security UserID="S-1-5-18"></Security>
</System>
<EventData><Data Name="RuleName">InvDB-Ver</Data>
<Data Name="EventType">SetValue</Data>
<Data Name="UtcTime">2025-04-24 05:08:01.194</Data>
<Data Name="ProcessGuid">{59d32d4f-c6ec-6809-d800-000000001500}</Data>
<Data Name="ProcessId">5384</Data>
<Data Name="Image">C:\Windows\system32\CompatTelRunner.exe</Data>
<Data Name="TargetObject">\REGISTRY\A\{62ff99c8-dfc3-9e30-47dc-3e55891c7ff4}\Root\InventoryApplicationFile\comreg.exe|5e94604d72556d23\BinProductVersion</Data>
<Data Name="Details">(Empty)</Data>
<Data Name="User">NT AUTHORITY\SYSTEM</Data>
</EventData>
</Event>

<Event xmlns="http://schemas.microsoft.com/win/2004/08/events/event"><System><Provider Name="Microsoft-Windows-Sysmon" Guid="{5770385f-c22a-43e0-bf4c-06f5698ffbd9}"></Provider>
<EventID Qualifiers="">13</EventID>
<Version>2</Version>
<Level>4</Level>
<Task>13</Task>
<Opcode>0</Opcode>
<Keywords>0x8000000000000000</Keywords>
<TimeCreated SystemTime="2025-04-24 05:08:01.217731+00:00"></TimeCreated>
<EventRecordID>315</EventRecordID>
<Correlation ActivityID="" RelatedActivityID=""></Correlation>
<Execution ProcessID="3288" ThreadID="3532"></Execution>
<Channel>Microsoft-Windows-Sysmon/Operational</Channel>
<Computer>DESKTOP-RL1K13Q</Computer>
<Security UserID="S-1-5-18"></Security>
</System>
<EventData><Data Name="RuleName">InvDB-Path</Data>
<Data Name="EventType">SetValue</Data>
<Data Name="UtcTime">2025-04-24 05:08:01.194</Data>
<Data Name="ProcessGuid">{59d32d4f-c6ec-6809-d800-000000001500}</Data>
<Data Name="ProcessId">5384</Data>
<Data Name="Image">C:\Windows\system32\CompatTelRunner.exe</Data>
<Data Name="TargetObject">\REGISTRY\A\{62ff99c8-dfc3-9e30-47dc-3e55891c7ff4}\Root\InventoryApplicationFile\comreg.exe|5e94604d72556d23\LowerCaseLongPath</Data>
<Data Name="Details">c:\program files\common files\vmware\drivers\vss\comreg.exe</Data>
<Data Name="User">NT AUTHORITY\SYSTEM</Data>
</EventData>
</Event>

<Event xmlns="http://schemas.microsoft.com/win/2004/08/events/event"><System><Provider Name="Microsoft-Windows-Sysmon" Guid="{5770385f-c22a-43e0-bf4c-06f5698ffbd9}"></Provider>
<EventID Qualifiers="">13</EventID>
<Version>2</Version>
<Level>4</Level>
<Task>13</Task>
<Opcode>0</Opcode>
<Keywords>0x8000000000000000</Keywords>
<TimeCreated SystemTime="2025-04-24 05:08:01.218573+00:00"></TimeCreated>
<EventRecordID>316</EventRecordID>
<Correlation ActivityID="" RelatedActivityID=""></Correlation>
<Execution ProcessID="3288" ThreadID="3532"></Execution>
<Channel>Microsoft-Windows-Sysmon/Operational</Channel>
<Computer>DESKTOP-RL1K13Q</Computer>
<Security UserID="S-1-5-18"></Security>
</System>
<EventData><Data Name="RuleName">InvDB-Pub</Data>
<Data Name="EventType">SetValue</Data>
<Data Name="UtcTime">2025-04-24 05:08:01.194</Data>
<Data Name="ProcessGuid">{59d32d4f-c6ec-6809-d800-000000001500}</Data>
<Data Name="ProcessId">5384</Data>
<Data Name="Image">C:\Windows\system32\CompatTelRunner.exe</Data>
<Data Name="TargetObject">\REGISTRY\A\{62ff99c8-dfc3-9e30-47dc-3e55891c7ff4}\Root\InventoryApplicationFile\comreg.exe|5e94604d72556d23\Publisher</Data>
<Data Name="Details">(Empty)</Data>
<Data Name="User">NT AUTHORITY\SYSTEM</Data>
</EventData>
</Event>

<Event xmlns="http://schemas.microsoft.com/win/2004/08/events/event"><System><Provider Name="Microsoft-Windows-Sysmon" Guid="{5770385f-c22a-43e0-bf4c-06f5698ffbd9}"></Provider>
<EventID Qualifiers="">13</EventID>
<Version>2</Version>
<Level>4</Level>
<Task>13</Task>
<Opcode>0</Opcode>
<Keywords>0x8000000000000000</Keywords>
<TimeCreated SystemTime="2025-04-24 05:08:01.219919+00:00"></TimeCreated>
<EventRecordID>317</EventRecordID>
<Correlation ActivityID="" RelatedActivityID=""></Correlation>
<Execution ProcessID="3288" ThreadID="3532"></Execution>
<Channel>Microsoft-Windows-Sysmon/Operational</Channel>
<Computer>DESKTOP-RL1K13Q</Computer>
<Security UserID="S-1-5-18"></Security>
</System>
<EventData><Data Name="RuleName">InvDB-CompileTimeClaim</Data>
<Data Name="EventType">SetValue</Data>
<Data Name="UtcTime">2025-04-24 05:08:01.210</Data>
<Data Name="ProcessGuid">{59d32d4f-c6ec-6809-d800-000000001500}</Data>
<Data Name="ProcessId">5384</Data>
<Data Name="Image">C:\Windows\system32\CompatTelRunner.exe</Data>
<Data Name="TargetObject">\REGISTRY\A\{62ff99c8-dfc3-9e30-47dc-3e55891c7ff4}\Root\InventoryApplicationFile\comreg.exe|5e94604d72556d23\LinkDate</Data>
<Data Name="Details">02/06/2024 15:23:38</Data>
<Data Name="User">NT AUTHORITY\SYSTEM</Data>
</EventData>
</Event>

<Event xmlns="http://schemas.microsoft.com/win/2004/08/events/event"><System><Provider Name="Microsoft-Windows-Sysmon" Guid="{5770385f-c22a-43e0-bf4c-06f5698ffbd9}"></Provider>
<EventID Qualifiers="">13</EventID>
<Version>2</Version>
<Level>4</Level>
<Task>13</Task>
<Opcode>0</Opcode>
<Keywords>0x8000000000000000</Keywords>
<TimeCreated SystemTime="2025-04-24 05:08:01.220114+00:00"></TimeCreated>
<EventRecordID>318</EventRecordID>
<Correlation ActivityID="" RelatedActivityID=""></Correlation>
<Execution ProcessID="3288" ThreadID="3532"></Execution>
<Channel>Microsoft-Windows-Sysmon/Operational</Channel>
<Computer>DESKTOP-RL1K13Q</Computer>
<Security UserID="S-1-5-18"></Security>
</System>
<EventData><Data Name="RuleName">InvDB-Ver</Data>
<Data Name="EventType">SetValue</Data>
<Data Name="UtcTime">2025-04-24 05:08:01.210</Data>
<Data Name="ProcessGuid">{59d32d4f-c6ec-6809-d800-000000001500}</Data>
<Data Name="ProcessId">5384</Data>
<Data Name="Image">C:\Windows\system32\CompatTelRunner.exe</Data>
<Data Name="TargetObject">\REGISTRY\A\{62ff99c8-dfc3-9e30-47dc-3e55891c7ff4}\Root\InventoryApplicationFile\comreg.exe|5e94604d72556d23\BinProductVersion</Data>
<Data Name="Details">(Empty)</Data>
<Data Name="User">NT AUTHORITY\SYSTEM</Data>
</EventData>
</Event>

<Event xmlns="http://schemas.microsoft.com/win/2004/08/events/event"><System><Provider Name="Microsoft-Windows-Sysmon" Guid="{5770385f-c22a-43e0-bf4c-06f5698ffbd9}"></Provider>
<EventID Qualifiers="">13</EventID>
<Version>2</Version>
<Level>4</Level>
<Task>13</Task>
<Opcode>0</Opcode>
<Keywords>0x8000000000000000</Keywords>
<TimeCreated SystemTime="2025-04-24 05:08:01.236134+00:00"></TimeCreated>
<EventRecordID>319</EventRecordID>
<Correlation ActivityID="" RelatedActivityID=""></Correlation>
<Execution ProcessID="3288" ThreadID="3532"></Execution>
<Channel>Microsoft-Windows-Sysmon/Operational</Channel>
<Computer>DESKTOP-RL1K13Q</Computer>
<Security UserID="S-1-5-18"></Security>
</System>
<EventData><Data Name="RuleName">InvDB-Path</Data>
<Data Name="EventType">SetValue</Data>
<Data Name="UtcTime">2025-04-24 05:08:01.210</Data>
<Data Name="ProcessGuid">{59d32d4f-c6ec-6809-d800-000000001500}</Data>
<Data Name="ProcessId">5384</Data>
<Data Name="Image">C:\Windows\system32\CompatTelRunner.exe</Data>
<Data Name="TargetObject">\REGISTRY\A\{62ff99c8-dfc3-9e30-47dc-3e55891c7ff4}\Root\InventoryApplicationFile\cookie_exporter.|40914da6b74755bd\LowerCaseLongPath</Data>
<Data Name="Details">c:\program files (x86)\microsoft\edgecore\135.0.3179.73\cookie_exporter.exe</Data>
<Data Name="User">NT AUTHORITY\SYSTEM</Data>
</EventData>
</Event>

<Event xmlns="http://schemas.microsoft.com/win/2004/08/events/event"><System><Provider Name="Microsoft-Windows-Sysmon" Guid="{5770385f-c22a-43e0-bf4c-06f5698ffbd9}"></Provider>
<EventID Qualifiers="">13</EventID>
<Version>2</Version>
<Level>4</Level>
<Task>13</Task>
<Opcode>0</Opcode>
<Keywords>0x8000000000000000</Keywords>
<TimeCreated SystemTime="2025-04-24 05:08:01.237450+00:00"></TimeCreated>
<EventRecordID>320</EventRecordID>
<Correlation ActivityID="" RelatedActivityID=""></Correlation>
<Execution ProcessID="3288" ThreadID="3532"></Execution>
<Channel>Microsoft-Windows-Sysmon/Operational</Channel>
<Computer>DESKTOP-RL1K13Q</Computer>
<Security UserID="S-1-5-18"></Security>
</System>
<EventData><Data Name="RuleName">InvDB-Pub</Data>
<Data Name="EventType">SetValue</Data>
<Data Name="UtcTime">2025-04-24 05:08:01.210</Data>
<Data Name="ProcessGuid">{59d32d4f-c6ec-6809-d800-000000001500}</Data>
<Data Name="ProcessId">5384</Data>
<Data Name="Image">C:\Windows\system32\CompatTelRunner.exe</Data>
<Data Name="TargetObject">\REGISTRY\A\{62ff99c8-dfc3-9e30-47dc-3e55891c7ff4}\Root\InventoryApplicationFile\cookie_exporter.|40914da6b74755bd\Publisher</Data>
<Data Name="Details">microsoft corporation</Data>
<Data Name="User">NT AUTHORITY\SYSTEM</Data>
</EventData>
</Event>

<Event xmlns="http://schemas.microsoft.com/win/2004/08/events/event"><System><Provider Name="Microsoft-Windows-Sysmon" Guid="{5770385f-c22a-43e0-bf4c-06f5698ffbd9}"></Provider>
<EventID Qualifiers="">13</EventID>
<Version>2</Version>
<Level>4</Level>
<Task>13</Task>
<Opcode>0</Opcode>
<Keywords>0x8000000000000000</Keywords>
<TimeCreated SystemTime="2025-04-24 05:08:01.239828+00:00"></TimeCreated>
<EventRecordID>321</EventRecordID>
<Correlation ActivityID="" RelatedActivityID=""></Correlation>
<Execution ProcessID="3288" ThreadID="3532"></Execution>
<Channel>Microsoft-Windows-Sysmon/Operational</Channel>
<Computer>DESKTOP-RL1K13Q</Computer>
<Security UserID="S-1-5-18"></Security>
</System>
<EventData><Data Name="RuleName">InvDB-CompileTimeClaim</Data>
<Data Name="EventType">SetValue</Data>
<Data Name="UtcTime">2025-04-24 05:08:01.210</Data>
<Data Name="ProcessGuid">{59d32d4f-c6ec-6809-d800-000000001500}</Data>
<Data Name="ProcessId">5384</Data>
<Data Name="Image">C:\Windows\system32\CompatTelRunner.exe</Data>
<Data Name="TargetObject">\REGISTRY\A\{62ff99c8-dfc3-9e30-47dc-3e55891c7ff4}\Root\InventoryApplicationFile\cookie_exporter.|40914da6b74755bd\LinkDate</Data>
<Data Name="Details">04/11/2025 01:33:03</Data>
<Data Name="User">NT AUTHORITY\SYSTEM</Data>
</EventData>
</Event>

<Event xmlns="http://schemas.microsoft.com/win/2004/08/events/event"><System><Provider Name="Microsoft-Windows-Sysmon" Guid="{5770385f-c22a-43e0-bf4c-06f5698ffbd9}"></Provider>
<EventID Qualifiers="">13</EventID>
<Version>2</Version>
<Level>4</Level>
<Task>13</Task>
<Opcode>0</Opcode>
<Keywords>0x8000000000000000</Keywords>
<TimeCreated SystemTime="2025-04-24 05:08:01.240011+00:00"></TimeCreated>
<EventRecordID>322</EventRecordID>
<Correlation ActivityID="" RelatedActivityID=""></Correlation>
<Execution ProcessID="3288" ThreadID="3532"></Execution>
<Channel>Microsoft-Windows-Sysmon/Operational</Channel>
<Computer>DESKTOP-RL1K13Q</Computer>
<Security UserID="S-1-5-18"></Security>
</System>
<EventData><Data Name="RuleName">InvDB-Ver</Data>
<Data Name="EventType">SetValue</Data>
<Data Name="UtcTime">2025-04-24 05:08:01.210</Data>
<Data Name="ProcessGuid">{59d32d4f-c6ec-6809-d800-000000001500}</Data>
<Data Name="ProcessId">5384</Data>
<Data Name="Image">C:\Windows\system32\CompatTelRunner.exe</Data>
<Data Name="TargetObject">\REGISTRY\A\{62ff99c8-dfc3-9e30-47dc-3e55891c7ff4}\Root\InventoryApplicationFile\cookie_exporter.|40914da6b74755bd\BinProductVersion</Data>
<Data Name="Details">135.0.3179.73</Data>
<Data Name="User">NT AUTHORITY\SYSTEM</Data>
</EventData>
</Event>

<Event xmlns="http://schemas.microsoft.com/win/2004/08/events/event"><System><Provider Name="Microsoft-Windows-Sysmon" Guid="{5770385f-c22a-43e0-bf4c-06f5698ffbd9}"></Provider>
<EventID Qualifiers="">13</EventID>
<Version>2</Version>
<Level>4</Level>
<Task>13</Task>
<Opcode>0</Opcode>
<Keywords>0x8000000000000000</Keywords>
<TimeCreated SystemTime="2025-04-24 05:08:01.241915+00:00"></TimeCreated>
<EventRecordID>323</EventRecordID>
<Correlation ActivityID="" RelatedActivityID=""></Correlation>
<Execution ProcessID="3288" ThreadID="3532"></Execution>
<Channel>Microsoft-Windows-Sysmon/Operational</Channel>
<Computer>DESKTOP-RL1K13Q</Computer>
<Security UserID="S-1-5-18"></Security>
</System>
<EventData><Data Name="RuleName">InvDB-Path</Data>
<Data Name="EventType">SetValue</Data>
<Data Name="UtcTime">2025-04-24 05:08:01.226</Data>
<Data Name="ProcessGuid">{59d32d4f-c6ec-6809-d800-000000001500}</Data>
<Data Name="ProcessId">5384</Data>
<Data Name="Image">C:\Windows\system32\CompatTelRunner.exe</Data>
<Data Name="TargetObject">\REGISTRY\A\{62ff99c8-dfc3-9e30-47dc-3e55891c7ff4}\Root\InventoryApplicationFile\cookie_exporter.|a64bfc57f0b54a3d\LowerCaseLongPath</Data>
<Data Name="Details">c:\program files (x86)\microsoft\edge\application\135.0.3179.73\cookie_exporter.exe</Data>
<Data Name="User">NT AUTHORITY\SYSTEM</Data>
</EventData>
</Event>

<Event xmlns="http://schemas.microsoft.com/win/2004/08/events/event"><System><Provider Name="Microsoft-Windows-Sysmon" Guid="{5770385f-c22a-43e0-bf4c-06f5698ffbd9}"></Provider>
<EventID Qualifiers="">13</EventID>
<Version>2</Version>
<Level>4</Level>
<Task>13</Task>
<Opcode>0</Opcode>
<Keywords>0x8000000000000000</Keywords>
<TimeCreated SystemTime="2025-04-24 05:08:01.242455+00:00"></TimeCreated>
<EventRecordID>324</EventRecordID>
<Correlation ActivityID="" RelatedActivityID=""></Correlation>
<Execution ProcessID="3288" ThreadID="3532"></Execution>
<Channel>Microsoft-Windows-Sysmon/Operational</Channel>
<Computer>DESKTOP-RL1K13Q</Computer>
<Security UserID="S-1-5-18"></Security>
</System>
<EventData><Data Name="RuleName">InvDB-Pub</Data>
<Data Name="EventType">SetValue</Data>
<Data Name="UtcTime">2025-04-24 05:08:01.226</Data>
<Data Name="ProcessGuid">{59d32d4f-c6ec-6809-d800-000000001500}</Data>
<Data Name="ProcessId">5384</Data>
<Data Name="Image">C:\Windows\system32\CompatTelRunner.exe</Data>
<Data Name="TargetObject">\REGISTRY\A\{62ff99c8-dfc3-9e30-47dc-3e55891c7ff4}\Root\InventoryApplicationFile\cookie_exporter.|a64bfc57f0b54a3d\Publisher</Data>
<Data Name="Details">microsoft corporation</Data>
<Data Name="User">NT AUTHORITY\SYSTEM</Data>
</EventData>
</Event>

<Event xmlns="http://schemas.microsoft.com/win/2004/08/events/event"><System><Provider Name="Microsoft-Windows-Sysmon" Guid="{5770385f-c22a-43e0-bf4c-06f5698ffbd9}"></Provider>
<EventID Qualifiers="">13</EventID>
<Version>2</Version>
<Level>4</Level>
<Task>13</Task>
<Opcode>0</Opcode>
<Keywords>0x8000000000000000</Keywords>
<TimeCreated SystemTime="2025-04-24 05:08:01.243525+00:00"></TimeCreated>
<EventRecordID>325</EventRecordID>
<Correlation ActivityID="" RelatedActivityID=""></Correlation>
<Execution ProcessID="3288" ThreadID="3532"></Execution>
<Channel>Microsoft-Windows-Sysmon/Operational</Channel>
<Computer>DESKTOP-RL1K13Q</Computer>
<Security UserID="S-1-5-18"></Security>
</System>
<EventData><Data Name="RuleName">InvDB-CompileTimeClaim</Data>
<Data Name="EventType">SetValue</Data>
<Data Name="UtcTime">2025-04-24 05:08:01.226</Data>
<Data Name="ProcessGuid">{59d32d4f-c6ec-6809-d800-000000001500}</Data>
<Data Name="ProcessId">5384</Data>
<Data Name="Image">C:\Windows\system32\CompatTelRunner.exe</Data>
<Data Name="TargetObject">\REGISTRY\A\{62ff99c8-dfc3-9e30-47dc-3e55891c7ff4}\Root\InventoryApplicationFile\cookie_exporter.|a64bfc57f0b54a3d\LinkDate</Data>
<Data Name="Details">04/11/2025 01:33:03</Data>
<Data Name="User">NT AUTHORITY\SYSTEM</Data>
</EventData>
</Event>

