<Event xmlns="http://schemas.microsoft.com/win/2004/08/events/event"><System><Provider Name="Microsoft-Windows-Sysmon" Guid="{5770385f-c22a-43e0-bf4c-06f5698ffbd9}"></Provider>
<EventID Qualifiers="">1</EventID>
<Version>5</Version>
<Level>4</Level>
<Task>1</Task>
<Opcode>0</Opcode>
<Keywords>0x8000000000000000</Keywords>
<TimeCreated SystemTime="2025-04-24 07:13:42.790552+00:00"></TimeCreated>
<EventRecordID>1243</EventRecordID>
<Correlation ActivityID="" RelatedActivityID=""></Correlation>
<Execution ProcessID="3288" ThreadID="3532"></Execution>
<Channel>Microsoft-Windows-Sysmon/Operational</Channel>
<Computer>DESKTOP-RL1K13Q</Computer>
<Security UserID="S-1-5-18"></Security>
</System>
<EventData><Data Name="RuleName">-</Data>
<Data Name="UtcTime">2025-04-24 07:13:42.782</Data>
<Data Name="ProcessGuid">{59d32d4f-e4a6-6809-ec01-000000001500}</Data>
<Data Name="ProcessId">6892</Data>
<Data Name="Image">C:\Windows\System32\LocationNotificationWindows.exe</Data>
<Data Name="FileVersion">10.0.19041.1 (WinBuild.160101.0800)</Data>
<Data Name="Description">Location Notification</Data>
<Data Name="Product">Microsoft&#174; Windows&#174; Operating System</Data>
<Data Name="Company">Microsoft Corporation</Data>
<Data Name="OriginalFileName">LocationNotificationWindows.exe</Data>
<Data Name="CommandLine">"C:\Windows\System32\LocationNotificationWindows.exe"</Data>
<Data Name="CurrentDirectory">C:\Windows\system32\</Data>
<Data Name="User">DESKTOP-RL1K13Q\Bluecheap</Data>
<Data Name="LogonGuid">{59d32d4f-c774-6809-c1b4-260000000000}</Data>
<Data Name="LogonId">0x000000000026b4c1</Data>
<Data Name="TerminalSessionId">1</Data>
<Data Name="IntegrityLevel">Medium</Data>
<Data Name="Hashes">MD5=9BAD04696E81E4420A99660C8D1388A1,SHA256=A9024C4C0ED03730085FB529828A917F701E3DCA30D3286AE0D41E9FFF33F445,IMPHASH=43770938065E918EAD8F8E36EA492A75</Data>
<Data Name="ParentProcessGuid">{59d32d4f-c631-6809-2600-000000001500}</Data>
<Data Name="ParentProcessId">1652</Data>
<Data Name="ParentImage">C:\Windows\System32\svchost.exe</Data>
<Data Name="ParentCommandLine">C:\Windows\system32\svchost.exe -k netsvcs -p -s Schedule</Data>
<Data Name="ParentUser">NT AUTHORITY\SYSTEM</Data>
</EventData>
</Event>

<Event xmlns="http://schemas.microsoft.com/win/2004/08/events/event"><System><Provider Name="Microsoft-Windows-Sysmon" Guid="{5770385f-c22a-43e0-bf4c-06f5698ffbd9}"></Provider>
<EventID Qualifiers="">1</EventID>
<Version>5</Version>
<Level>4</Level>
<Task>1</Task>
<Opcode>0</Opcode>
<Keywords>0x8000000000000000</Keywords>
<TimeCreated SystemTime="2025-04-24 07:13:43.879253+00:00"></TimeCreated>
<EventRecordID>1244</EventRecordID>
<Correlation ActivityID="" RelatedActivityID=""></Correlation>
<Execution ProcessID="3288" ThreadID="3532"></Execution>
<Channel>Microsoft-Windows-Sysmon/Operational</Channel>
<Computer>DESKTOP-RL1K13Q</Computer>
<Security UserID="S-1-5-18"></Security>
</System>
<EventData><Data Name="RuleName">-</Data>
<Data Name="UtcTime">2025-04-24 07:13:43.869</Data>
<Data Name="ProcessGuid">{59d32d4f-e4a7-6809-ee01-000000001500}</Data>
<Data Name="ProcessId">7416</Data>
<Data Name="Image">C:\Program Files (x86)\Google\GoogleUpdater\126.0.6462.0\updater.exe</Data>
<Data Name="FileVersion">126.0.6462.0</Data>
<Data Name="Description">GoogleUpdater (x86)</Data>
<Data Name="Product">GoogleUpdater (x86)</Data>
<Data Name="Company">Google LLC</Data>
<Data Name="OriginalFileName">updater.exe</Data>
<Data Name="CommandLine">"C:\Program Files (x86)\Google\GoogleUpdater\126.0.6462.0\updater.exe" --uninstall-self --system</Data>
<Data Name="CurrentDirectory">C:\Windows\system32\</Data>
<Data Name="User">NT AUTHORITY\SYSTEM</Data>
<Data Name="LogonGuid">{59d32d4f-c62e-6809-e703-000000000000}</Data>
<Data Name="LogonId">0x00000000000003e7</Data>
<Data Name="TerminalSessionId">0</Data>
<Data Name="IntegrityLevel">System</Data>
<Data Name="Hashes">MD5=95222FAEEAB2CEBE9502F2E123D5DD2A,SHA256=B8AF4588875E697E49DB4E1FF5833EF8F89FFDE327AB9DC9FAD101551D6AEC28,IMPHASH=77545C0CA032087F7C9F2CB313014B41</Data>
<Data Name="ParentProcessGuid">{59d32d4f-e4a2-6809-e801-000000001500}</Data>
<Data Name="ParentProcessId">7476</Data>
<Data Name="ParentImage">C:\Program Files (x86)\Google\GoogleUpdater\137.0.7129.0\updater.exe</Data>
<Data Name="ParentCommandLine">"C:\Program Files (x86)\Google\GoogleUpdater\137.0.7129.0\updater.exe" --system --windows-service --service=update</Data>
<Data Name="ParentUser">NT AUTHORITY\SYSTEM</Data>
</EventData>
</Event>

<Event xmlns="http://schemas.microsoft.com/win/2004/08/events/event"><System><Provider Name="Microsoft-Windows-Sysmon" Guid="{5770385f-c22a-43e0-bf4c-06f5698ffbd9}"></Provider>
<EventID Qualifiers="">1</EventID>
<Version>5</Version>
<Level>4</Level>
<Task>1</Task>
<Opcode>0</Opcode>
<Keywords>0x8000000000000000</Keywords>
<TimeCreated SystemTime="2025-04-24 07:13:43.991043+00:00"></TimeCreated>
<EventRecordID>1245</EventRecordID>
<Correlation ActivityID="" RelatedActivityID=""></Correlation>
<Execution ProcessID="3288" ThreadID="3532"></Execution>
<Channel>Microsoft-Windows-Sysmon/Operational</Channel>
<Computer>DESKTOP-RL1K13Q</Computer>
<Security UserID="S-1-5-18"></Security>
</System>
<EventData><Data Name="RuleName">-</Data>
<Data Name="UtcTime">2025-04-24 07:13:43.978</Data>
<Data Name="ProcessGuid">{59d32d4f-e4a7-6809-ef01-000000001500}</Data>
<Data Name="ProcessId">344</Data>
<Data Name="Image">C:\Program Files (x86)\Google\GoogleUpdater\126.0.6462.0\updater.exe</Data>
<Data Name="FileVersion">126.0.6462.0</Data>
<Data Name="Description">GoogleUpdater (x86)</Data>
<Data Name="Product">GoogleUpdater (x86)</Data>
<Data Name="Company">Google LLC</Data>
<Data Name="OriginalFileName">updater.exe</Data>
<Data Name="CommandLine">"C:\Program Files (x86)\Google\GoogleUpdater\126.0.6462.0\updater.exe" --crash-handler --system "--database=C:\Program Files (x86)\Google\GoogleUpdater\126.0.6462.0\Crashpad" --url=https://clients2.google.com/cr/report --annotation=prod=Update4 --annotation=ver=126.0.6462.0 "--attachment=C:\Program Files (x86)\Google\GoogleUpdater\updater.log" --initial-client-data=0x29c,0x2a0,0x2a4,0x278,0x2a8,0x6f965c,0x6f9668,0x6f9674</Data>
<Data Name="CurrentDirectory">C:\Windows\system32\</Data>
<Data Name="User">NT AUTHORITY\SYSTEM</Data>
<Data Name="LogonGuid">{59d32d4f-c62e-6809-e703-000000000000}</Data>
<Data Name="LogonId">0x00000000000003e7</Data>
<Data Name="TerminalSessionId">0</Data>
<Data Name="IntegrityLevel">System</Data>
<Data Name="Hashes">MD5=95222FAEEAB2CEBE9502F2E123D5DD2A,SHA256=B8AF4588875E697E49DB4E1FF5833EF8F89FFDE327AB9DC9FAD101551D6AEC28,IMPHASH=77545C0CA032087F7C9F2CB313014B41</Data>
<Data Name="ParentProcessGuid">{59d32d4f-e4a7-6809-ee01-000000001500}</Data>
<Data Name="ParentProcessId">7416</Data>
<Data Name="ParentImage">C:\Program Files (x86)\Google\GoogleUpdater\126.0.6462.0\updater.exe</Data>
<Data Name="ParentCommandLine">"C:\Program Files (x86)\Google\GoogleUpdater\126.0.6462.0\updater.exe" --uninstall-self --system</Data>
<Data Name="ParentUser">NT AUTHORITY\SYSTEM</Data>
</EventData>
</Event>

<Event xmlns="http://schemas.microsoft.com/win/2004/08/events/event"><System><Provider Name="Microsoft-Windows-Sysmon" Guid="{5770385f-c22a-43e0-bf4c-06f5698ffbd9}"></Provider>
<EventID Qualifiers="">1</EventID>
<Version>5</Version>
<Level>4</Level>
<Task>1</Task>
<Opcode>0</Opcode>
<Keywords>0x8000000000000000</Keywords>
<TimeCreated SystemTime="2025-04-24 07:13:44.137794+00:00"></TimeCreated>
<EventRecordID>1246</EventRecordID>
<Correlation ActivityID="" RelatedActivityID=""></Correlation>
<Execution ProcessID="3288" ThreadID="3532"></Execution>
<Channel>Microsoft-Windows-Sysmon/Operational</Channel>
<Computer>DESKTOP-RL1K13Q</Computer>
<Security UserID="S-1-5-18"></Security>
</System>
<EventData><Data Name="RuleName">-</Data>
<Data Name="UtcTime">2025-04-24 07:13:44.121</Data>
<Data Name="ProcessGuid">{59d32d4f-e4a8-6809-f001-000000001500}</Data>
<Data Name="ProcessId">6664</Data>
<Data Name="Image">C:\Windows\SysWOW64\cmd.exe</Data>
<Data Name="FileVersion">10.0.19041.3636 (WinBuild.160101.0800)</Data>
<Data Name="Description">Windows Command Processor</Data>
<Data Name="Product">Microsoft&#174; Windows&#174; Operating System</Data>
<Data Name="Company">Microsoft Corporation</Data>
<Data Name="OriginalFileName">Cmd.Exe</Data>
<Data Name="CommandLine">"C:\Windows\system32\cmd.exe" /Q /C ""C:\Program Files (x86)\Google\GoogleUpdater\126.0.6462.0\uninstall.cmd" --dir="C:\Program Files (x86)\Google\GoogleUpdater\126.0.6462.0""</Data>
<Data Name="CurrentDirectory">C:\Windows\system32\</Data>
<Data Name="User">NT AUTHORITY\SYSTEM</Data>
<Data Name="LogonGuid">{59d32d4f-c62e-6809-e703-000000000000}</Data>
<Data Name="LogonId">0x00000000000003e7</Data>
<Data Name="TerminalSessionId">0</Data>
<Data Name="IntegrityLevel">System</Data>
<Data Name="Hashes">MD5=D3348AC2130C7E754754A6E9CB053B09,SHA256=E9EF013238495BFFCE7459E059BFFE340A0F08B439EC94E7D4436F4E13714ECD,IMPHASH=392B4D61B1D1DADC1F06444DF258188A</Data>
<Data Name="ParentProcessGuid">{59d32d4f-e4a7-6809-ee01-000000001500}</Data>
<Data Name="ParentProcessId">7416</Data>
<Data Name="ParentImage">C:\Program Files (x86)\Google\GoogleUpdater\126.0.6462.0\updater.exe</Data>
<Data Name="ParentCommandLine">"C:\Program Files (x86)\Google\GoogleUpdater\126.0.6462.0\updater.exe" --uninstall-self --system</Data>
<Data Name="ParentUser">NT AUTHORITY\SYSTEM</Data>
</EventData>
</Event>

<Event xmlns="http://schemas.microsoft.com/win/2004/08/events/event"><System><Provider Name="Microsoft-Windows-Sysmon" Guid="{5770385f-c22a-43e0-bf4c-06f5698ffbd9}"></Provider>
<EventID Qualifiers="">1</EventID>
<Version>5</Version>
<Level>4</Level>
<Task>1</Task>
<Opcode>0</Opcode>
<Keywords>0x8000000000000000</Keywords>
<TimeCreated SystemTime="2025-04-24 07:13:44.847921+00:00"></TimeCreated>
<EventRecordID>1247</EventRecordID>
<Correlation ActivityID="" RelatedActivityID=""></Correlation>
<Execution ProcessID="3288" ThreadID="3532"></Execution>
<Channel>Microsoft-Windows-Sysmon/Operational</Channel>
<Computer>DESKTOP-RL1K13Q</Computer>
<Security UserID="S-1-5-18"></Security>
</System>
<EventData><Data Name="RuleName">-</Data>
<Data Name="UtcTime">2025-04-24 07:13:44.839</Data>
<Data Name="ProcessGuid">{59d32d4f-e4a8-6809-f301-000000001500}</Data>
<Data Name="ProcessId">8216</Data>
<Data Name="Image">C:\Windows\System32\svchost.exe</Data>
<Data Name="FileVersion">10.0.19041.3636 (WinBuild.160101.0800)</Data>
<Data Name="Description">Host Process for Windows Services</Data>
<Data Name="Product">Microsoft&#174; Windows&#174; Operating System</Data>
<Data Name="Company">Microsoft Corporation</Data>
<Data Name="OriginalFileName">svchost.exe</Data>
<Data Name="CommandLine">C:\Windows\system32\svchost.exe -k LocalSystemNetworkRestricted -p -s DevQueryBroker</Data>
<Data Name="CurrentDirectory">C:\Windows\system32\</Data>
<Data Name="User">NT AUTHORITY\SYSTEM</Data>
<Data Name="LogonGuid">{59d32d4f-c62e-6809-e703-000000000000}</Data>
<Data Name="LogonId">0x00000000000003e7</Data>
<Data Name="TerminalSessionId">0</Data>
<Data Name="IntegrityLevel">System</Data>
<Data Name="Hashes">MD5=145DCF6706EEEA5B066885EE17964C09,SHA256=F13DE58416730D210DAB465B242E9C949FB0A0245EEF45B07C381F0C6C8A43C3,IMPHASH=247B9220E5D9B720A82B2C8B5069AD69</Data>
<Data Name="ParentProcessGuid">{59d32d4f-c62d-6809-0b00-000000001500}</Data>
<Data Name="ParentProcessId">696</Data>
<Data Name="ParentImage">C:\Windows\System32\services.exe</Data>
<Data Name="ParentCommandLine">C:\Windows\system32\services.exe</Data>
<Data Name="ParentUser">NT AUTHORITY\SYSTEM</Data>
</EventData>
</Event>

<Event xmlns="http://schemas.microsoft.com/win/2004/08/events/event"><System><Provider Name="Microsoft-Windows-Sysmon" Guid="{5770385f-c22a-43e0-bf4c-06f5698ffbd9}"></Provider>
<EventID Qualifiers="">1</EventID>
<Version>5</Version>
<Level>4</Level>
<Task>1</Task>
<Opcode>0</Opcode>
<Keywords>0x8000000000000000</Keywords>
<TimeCreated SystemTime="2025-04-24 07:13:45.576887+00:00"></TimeCreated>
<EventRecordID>1248</EventRecordID>
<Correlation ActivityID="" RelatedActivityID=""></Correlation>
<Execution ProcessID="3288" ThreadID="3532"></Execution>
<Channel>Microsoft-Windows-Sysmon/Operational</Channel>
<Computer>DESKTOP-RL1K13Q</Computer>
<Security UserID="S-1-5-18"></Security>
</System>
<EventData><Data Name="RuleName">-</Data>
<Data Name="UtcTime">2025-04-24 07:13:45.568</Data>
<Data Name="ProcessGuid">{59d32d4f-e4a9-6809-f501-000000001500}</Data>
<Data Name="ProcessId">1692</Data>
<Data Name="Image">C:\Windows\System32\svchost.exe</Data>
<Data Name="FileVersion">10.0.19041.3636 (WinBuild.160101.0800)</Data>
<Data Name="Description">Host Process for Windows Services</Data>
<Data Name="Product">Microsoft&#174; Windows&#174; Operating System</Data>
<Data Name="Company">Microsoft Corporation</Data>
<Data Name="OriginalFileName">svchost.exe</Data>
<Data Name="CommandLine">C:\Windows\system32\svchost.exe -k netsvcs -p -s wisvc</Data>
<Data Name="CurrentDirectory">C:\Windows\system32\</Data>
<Data Name="User">NT AUTHORITY\SYSTEM</Data>
<Data Name="LogonGuid">{59d32d4f-c62e-6809-e703-000000000000}</Data>
<Data Name="LogonId">0x00000000000003e7</Data>
<Data Name="TerminalSessionId">0</Data>
<Data Name="IntegrityLevel">System</Data>
<Data Name="Hashes">MD5=145DCF6706EEEA5B066885EE17964C09,SHA256=F13DE58416730D210DAB465B242E9C949FB0A0245EEF45B07C381F0C6C8A43C3,IMPHASH=247B9220E5D9B720A82B2C8B5069AD69</Data>
<Data Name="ParentProcessGuid">{59d32d4f-c62d-6809-0b00-000000001500}</Data>
<Data Name="ParentProcessId">696</Data>
<Data Name="ParentImage">C:\Windows\System32\services.exe</Data>
<Data Name="ParentCommandLine">C:\Windows\system32\services.exe</Data>
<Data Name="ParentUser">NT AUTHORITY\SYSTEM</Data>
</EventData>
</Event>

<Event xmlns="http://schemas.microsoft.com/win/2004/08/events/event"><System><Provider Name="Microsoft-Windows-Sysmon" Guid="{5770385f-c22a-43e0-bf4c-06f5698ffbd9}"></Provider>
<EventID Qualifiers="">5</EventID>
<Version>3</Version>
<Level>4</Level>
<Task>5</Task>
<Opcode>0</Opcode>
<Keywords>0x8000000000000000</Keywords>
<TimeCreated SystemTime="2025-04-24 07:13:49.249905+00:00"></TimeCreated>
<EventRecordID>1249</EventRecordID>
<Correlation ActivityID="" RelatedActivityID=""></Correlation>
<Execution ProcessID="3288" ThreadID="3532"></Execution>
<Channel>Microsoft-Windows-Sysmon/Operational</Channel>
<Computer>DESKTOP-RL1K13Q</Computer>
<Security UserID="S-1-5-18"></Security>
</System>
<EventData><Data Name="RuleName">-</Data>
<Data Name="UtcTime">2025-04-24 07:13:49.239</Data>
<Data Name="ProcessGuid">{59d32d4f-e495-6809-dd01-000000001500}</Data>
<Data Name="ProcessId">8896</Data>
<Data Name="Image">C:\Users\Bluecheap\AppData\Local\Microsoft\OneDrive\25.056.0324.0003\OneDriveLauncher.exe</Data>
<Data Name="User">DESKTOP-RL1K13Q\Bluecheap</Data>
</EventData>
</Event>

<Event xmlns="http://schemas.microsoft.com/win/2004/08/events/event"><System><Provider Name="Microsoft-Windows-Sysmon" Guid="{5770385f-c22a-43e0-bf4c-06f5698ffbd9}"></Provider>
<EventID Qualifiers="">5</EventID>
<Version>3</Version>
<Level>4</Level>
<Task>5</Task>
<Opcode>0</Opcode>
<Keywords>0x8000000000000000</Keywords>
<TimeCreated SystemTime="2025-04-24 07:14:50.932852+00:00"></TimeCreated>
<EventRecordID>1250</EventRecordID>
<Correlation ActivityID="" RelatedActivityID=""></Correlation>
<Execution ProcessID="3288" ThreadID="3532"></Execution>
<Channel>Microsoft-Windows-Sysmon/Operational</Channel>
<Computer>DESKTOP-RL1K13Q</Computer>
<Security UserID="S-1-5-18"></Security>
</System>
<EventData><Data Name="RuleName">-</Data>
<Data Name="UtcTime">2025-04-24 07:14:50.925</Data>
<Data Name="ProcessGuid">{59d32d4f-e491-6809-d201-000000001500}</Data>
<Data Name="ProcessId">7932</Data>
<Data Name="Image">C:\Users\Bluecheap\AppData\Local\Microsoft\OneDrive\OneDriveStandaloneUpdater.exe</Data>
<Data Name="User">DESKTOP-RL1K13Q\Bluecheap</Data>
</EventData>
</Event>

<Event xmlns="http://schemas.microsoft.com/win/2004/08/events/event"><System><Provider Name="Microsoft-Windows-Sysmon" Guid="{5770385f-c22a-43e0-bf4c-06f5698ffbd9}"></Provider>
<EventID Qualifiers="">1</EventID>
<Version>5</Version>
<Level>4</Level>
<Task>1</Task>
<Opcode>0</Opcode>
<Keywords>0x8000000000000000</Keywords>
<TimeCreated SystemTime="2025-04-24 07:15:11.529531+00:00"></TimeCreated>
<EventRecordID>1251</EventRecordID>
<Correlation ActivityID="" RelatedActivityID=""></Correlation>
<Execution ProcessID="3288" ThreadID="3532"></Execution>
<Channel>Microsoft-Windows-Sysmon/Operational</Channel>
<Computer>DESKTOP-RL1K13Q</Computer>
<Security UserID="S-1-5-18"></Security>
</System>
<EventData><Data Name="RuleName">-</Data>
<Data Name="UtcTime">2025-04-24 07:15:11.343</Data>
<Data Name="ProcessGuid">{59d32d4f-e4ff-6809-f701-000000001500}</Data>
<Data Name="ProcessId">1892</Data>
<Data Name="Image">C:\Program Files\Wireshark\Wireshark.exe</Data>
<Data Name="FileVersion">4.2.3</Data>
<Data Name="Description">Wireshark</Data>
<Data Name="Product">Wireshark</Data>
<Data Name="Company">The Wireshark developer community, https://www.wireshark.org/</Data>
<Data Name="OriginalFileName">Wireshark.exe</Data>
<Data Name="CommandLine">"C:\Program Files\Wireshark\Wireshark.exe" </Data>
<Data Name="CurrentDirectory">C:\Program Files\Wireshark\</Data>
<Data Name="User">DESKTOP-RL1K13Q\Bluecheap</Data>
<Data Name="LogonGuid">{59d32d4f-c774-6809-c1b4-260000000000}</Data>
<Data Name="LogonId">0x000000000026b4c1</Data>
<Data Name="TerminalSessionId">1</Data>
<Data Name="IntegrityLevel">Medium</Data>
<Data Name="Hashes">MD5=87F421C9E7BC559CE64B09505B26A065,SHA256=D341385370B68DBCB64439B905FA2A8912DB8BF901109E45663CF2B50FE19225,IMPHASH=A8A3EE201B7A2C47A507EC65E022EDA3</Data>
<Data Name="ParentProcessGuid">{59d32d4f-c779-6809-0f01-000000001500}</Data>
<Data Name="ParentProcessId">3384</Data>
<Data Name="ParentImage">C:\Windows\explorer.exe</Data>
<Data Name="ParentCommandLine">C:\Windows\Explorer.EXE</Data>
<Data Name="ParentUser">DESKTOP-RL1K13Q\Bluecheap</Data>
</EventData>
</Event>

<Event xmlns="http://schemas.microsoft.com/win/2004/08/events/event"><System><Provider Name="Microsoft-Windows-Sysmon" Guid="{5770385f-c22a-43e0-bf4c-06f5698ffbd9}"></Provider>
<EventID Qualifiers="">22</EventID>
<Version>5</Version>
<Level>4</Level>
<Task>22</Task>
<Opcode>0</Opcode>
<Keywords>0x8000000000000000</Keywords>
<TimeCreated SystemTime="2025-04-24 07:15:22.020700+00:00"></TimeCreated>
<EventRecordID>1252</EventRecordID>
<Correlation ActivityID="" RelatedActivityID=""></Correlation>
<Execution ProcessID="3288" ThreadID="1836"></Execution>
<Channel>Microsoft-Windows-Sysmon/Operational</Channel>
<Computer>DESKTOP-RL1K13Q</Computer>
<Security UserID="S-1-5-18"></Security>
</System>
<EventData><Data Name="RuleName">-</Data>
<Data Name="UtcTime">2025-04-24 05:18:02.646</Data>
<Data Name="ProcessGuid">{59d32d4f-c782-6809-1801-000000001500}</Data>
<Data Name="ProcessId">6784</Data>
<Data Name="QueryName">fp-afd-nocache-ccp.azureedge.net</Data>
<Data Name="QueryStatus">0</Data>
<Data Name="QueryResults">type:  5 fp-afd-nocache-ccp.afd.azureedge.net;type:  5 azureedge-t-prod.trafficmanager.net;type:  5 shed.dual-low.s-part-0031.t-0009.t-msedge.net;type:  5 azurefd-t-fb-prod.trafficmanager.net;type:  5 dual.s-part-0031.t-0009.fb-t-msedge.net;type:  5 s-part-0031.t-0009.fb-t-msedge.net;::ffff:13.107.253.59;</Data>
<Data Name="Image">C:\Windows\SystemApps\Microsoft.Windows.Search_cw5n1h2txyewy\SearchApp.exe</Data>
<Data Name="User">DESKTOP-RL1K13Q\Bluecheap</Data>
</EventData>
</Event>

<Event xmlns="http://schemas.microsoft.com/win/2004/08/events/event"><System><Provider Name="Microsoft-Windows-Sysmon" Guid="{5770385f-c22a-43e0-bf4c-06f5698ffbd9}"></Provider>
<EventID Qualifiers="">1</EventID>
<Version>5</Version>
<Level>4</Level>
<Task>1</Task>
<Opcode>0</Opcode>
<Keywords>0x8000000000000000</Keywords>
<TimeCreated SystemTime="2025-04-24 07:15:22.859196+00:00"></TimeCreated>
<EventRecordID>1253</EventRecordID>
<Correlation ActivityID="" RelatedActivityID=""></Correlation>
<Execution ProcessID="3288" ThreadID="3532"></Execution>
<Channel>Microsoft-Windows-Sysmon/Operational</Channel>
<Computer>DESKTOP-RL1K13Q</Computer>
<Security UserID="S-1-5-18"></Security>
</System>
<EventData><Data Name="RuleName">-</Data>
<Data Name="UtcTime">2025-04-24 07:15:22.830</Data>
<Data Name="ProcessGuid">{59d32d4f-e50a-6809-f901-000000001500}</Data>
<Data Name="ProcessId">7900</Data>
<Data Name="Image">C:\Program Files\Wireshark\extcap\etwdump.exe</Data>
<Data Name="FileVersion">4.2.3</Data>
<Data Name="Description">etwdump</Data>
<Data Name="Product">etwdump</Data>
<Data Name="Company">The Wireshark developer community</Data>
<Data Name="OriginalFileName">etwdump.exe</Data>
<Data Name="CommandLine">"C:\Program Files\Wireshark\extcap\etwdump.exe" --extcap-interfaces --extcap-version=4.2</Data>
<Data Name="CurrentDirectory">C:\Program Files\Wireshark\extcap\</Data>
<Data Name="User">DESKTOP-RL1K13Q\Bluecheap</Data>
<Data Name="LogonGuid">{59d32d4f-c774-6809-c1b4-260000000000}</Data>
<Data Name="LogonId">0x000000000026b4c1</Data>
<Data Name="TerminalSessionId">1</Data>
<Data Name="IntegrityLevel">Medium</Data>
<Data Name="Hashes">MD5=B55C5F01FF22DB88B62E3BA2B74AA251,SHA256=72F1FAC638220785FDC348FD3FADF926693204E310AB6DD57075E15CC2B8D2A4,IMPHASH=4EA8DE03426F3E960659D69D312D0264</Data>
<Data Name="ParentProcessGuid">{59d32d4f-e4ff-6809-f701-000000001500}</Data>
<Data Name="ParentProcessId">1892</Data>
<Data Name="ParentImage">C:\Program Files\Wireshark\Wireshark.exe</Data>
<Data Name="ParentCommandLine">"C:\Program Files\Wireshark\Wireshark.exe" </Data>
<Data Name="ParentUser">DESKTOP-RL1K13Q\Bluecheap</Data>
</EventData>
</Event>

<Event xmlns="http://schemas.microsoft.com/win/2004/08/events/event"><System><Provider Name="Microsoft-Windows-Sysmon" Guid="{5770385f-c22a-43e0-bf4c-06f5698ffbd9}"></Provider>
<EventID Qualifiers="">22</EventID>
<Version>5</Version>
<Level>4</Level>
<Task>22</Task>
<Opcode>0</Opcode>
<Keywords>0x8000000000000000</Keywords>
<TimeCreated SystemTime="2025-04-24 07:15:23.041012+00:00"></TimeCreated>
<EventRecordID>1254</EventRecordID>
<Correlation ActivityID="" RelatedActivityID=""></Correlation>
<Execution ProcessID="3288" ThreadID="1836"></Execution>
<Channel>Microsoft-Windows-Sysmon/Operational</Channel>
<Computer>DESKTOP-RL1K13Q</Computer>
<Security UserID="S-1-5-18"></Security>
</System>
<EventData><Data Name="RuleName">-</Data>
<Data Name="UtcTime">2025-04-24 05:18:03.324</Data>
<Data Name="ProcessGuid">{59d32d4f-c782-6809-1801-000000001500}</Data>
<Data Name="ProcessId">6784</Data>
<Data Name="QueryName">ec14a1e26d323ea628a096a193e61724.azr.footprintdns.com</Data>
<Data Name="QueryStatus">0</Data>
<Data Name="QueryResults">type:  5 azperfmaptargets-prod.trafficmanager.net;type:  5 sn1prdapp04-canary.netmon.azure.com;type:  5 sn1prdapp04-canary.southcentralus.cloudapp.azure.com;::ffff:104.214.71.38;</Data>
<Data Name="Image">C:\Windows\SystemApps\Microsoft.Windows.Search_cw5n1h2txyewy\SearchApp.exe</Data>
<Data Name="User">DESKTOP-RL1K13Q\Bluecheap</Data>
</EventData>
</Event>

<Event xmlns="http://schemas.microsoft.com/win/2004/08/events/event"><System><Provider Name="Microsoft-Windows-Sysmon" Guid="{5770385f-c22a-43e0-bf4c-06f5698ffbd9}"></Provider>
<EventID Qualifiers="">1</EventID>
<Version>5</Version>
<Level>4</Level>
<Task>1</Task>
<Opcode>0</Opcode>
<Keywords>0x8000000000000000</Keywords>
<TimeCreated SystemTime="2025-04-24 07:15:23.101467+00:00"></TimeCreated>
<EventRecordID>1255</EventRecordID>
<Correlation ActivityID="" RelatedActivityID=""></Correlation>
<Execution ProcessID="3288" ThreadID="3532"></Execution>
<Channel>Microsoft-Windows-Sysmon/Operational</Channel>
<Computer>DESKTOP-RL1K13Q</Computer>
<Security UserID="S-1-5-18"></Security>
</System>
<EventData><Data Name="RuleName">-</Data>
<Data Name="UtcTime">2025-04-24 07:15:23.090</Data>
<Data Name="ProcessGuid">{59d32d4f-e50b-6809-fb01-000000001500}</Data>
<Data Name="ProcessId">6280</Data>
<Data Name="Image">C:\Program Files\Wireshark\extcap\etwdump.exe</Data>
<Data Name="FileVersion">4.2.3</Data>
<Data Name="Description">etwdump</Data>
<Data Name="Product">etwdump</Data>
<Data Name="Company">The Wireshark developer community</Data>
<Data Name="OriginalFileName">etwdump.exe</Data>
<Data Name="CommandLine">"C:\Program Files\Wireshark\extcap\etwdump.exe" --extcap-config --extcap-interface etwdump</Data>
<Data Name="CurrentDirectory">C:\Program Files\Wireshark\extcap\</Data>
<Data Name="User">DESKTOP-RL1K13Q\Bluecheap</Data>
<Data Name="LogonGuid">{59d32d4f-c774-6809-c1b4-260000000000}</Data>
<Data Name="LogonId">0x000000000026b4c1</Data>
<Data Name="TerminalSessionId">1</Data>
<Data Name="IntegrityLevel">Medium</Data>
<Data Name="Hashes">MD5=B55C5F01FF22DB88B62E3BA2B74AA251,SHA256=72F1FAC638220785FDC348FD3FADF926693204E310AB6DD57075E15CC2B8D2A4,IMPHASH=4EA8DE03426F3E960659D69D312D0264</Data>
<Data Name="ParentProcessGuid">{59d32d4f-e4ff-6809-f701-000000001500}</Data>
<Data Name="ParentProcessId">1892</Data>
<Data Name="ParentImage">C:\Program Files\Wireshark\Wireshark.exe</Data>
<Data Name="ParentCommandLine">"C:\Program Files\Wireshark\Wireshark.exe" </Data>
<Data Name="ParentUser">DESKTOP-RL1K13Q\Bluecheap</Data>
</EventData>
</Event>

<Event xmlns="http://schemas.microsoft.com/win/2004/08/events/event"><System><Provider Name="Microsoft-Windows-Sysmon" Guid="{5770385f-c22a-43e0-bf4c-06f5698ffbd9}"></Provider>
<EventID Qualifiers="">1</EventID>
<Version>5</Version>
<Level>4</Level>
<Task>1</Task>
<Opcode>0</Opcode>
<Keywords>0x8000000000000000</Keywords>
<TimeCreated SystemTime="2025-04-24 07:15:23.467783+00:00"></TimeCreated>
<EventRecordID>1256</EventRecordID>
<Correlation ActivityID="" RelatedActivityID=""></Correlation>
<Execution ProcessID="3288" ThreadID="3532"></Execution>
<Channel>Microsoft-Windows-Sysmon/Operational</Channel>
<Computer>DESKTOP-RL1K13Q</Computer>
<Security UserID="S-1-5-18"></Security>
</System>
<EventData><Data Name="RuleName">-</Data>
<Data Name="UtcTime">2025-04-24 07:15:23.446</Data>
<Data Name="ProcessGuid">{59d32d4f-e50b-6809-fd01-000000001500}</Data>
<Data Name="ProcessId">8112</Data>
<Data Name="Image">C:\Program Files\Wireshark\dumpcap.exe</Data>
<Data Name="FileVersion">4.2.3</Data>
<Data Name="Description">Dumpcap</Data>
<Data Name="Product">Dumpcap</Data>
<Data Name="Company">The Wireshark developer community</Data>
<Data Name="OriginalFileName">Dumpcap.exe</Data>
<Data Name="CommandLine">"C:\Program Files\Wireshark\dumpcap.exe" -D -Z none</Data>
<Data Name="CurrentDirectory">C:\Program Files\Wireshark\</Data>
<Data Name="User">DESKTOP-RL1K13Q\Bluecheap</Data>
<Data Name="LogonGuid">{59d32d4f-c774-6809-c1b4-260000000000}</Data>
<Data Name="LogonId">0x000000000026b4c1</Data>
<Data Name="TerminalSessionId">1</Data>
<Data Name="IntegrityLevel">Medium</Data>
<Data Name="Hashes">MD5=91CDD33CF4303D6533568B95A3E1868F,SHA256=4ECCDC960EFD4183A33ECDC50C2A18F307DB328FEBF4FCD35D762CE553900395,IMPHASH=935D104115A4C1F6FF12406B992E4CEC</Data>
<Data Name="ParentProcessGuid">{59d32d4f-e4ff-6809-f701-000000001500}</Data>
<Data Name="ParentProcessId">1892</Data>
<Data Name="ParentImage">C:\Program Files\Wireshark\Wireshark.exe</Data>
<Data Name="ParentCommandLine">"C:\Program Files\Wireshark\Wireshark.exe" </Data>
<Data Name="ParentUser">DESKTOP-RL1K13Q\Bluecheap</Data>
</EventData>
</Event>

<Event xmlns="http://schemas.microsoft.com/win/2004/08/events/event"><System><Provider Name="Microsoft-Windows-Sysmon" Guid="{5770385f-c22a-43e0-bf4c-06f5698ffbd9}"></Provider>
<EventID Qualifiers="">1</EventID>
<Version>5</Version>
<Level>4</Level>
<Task>1</Task>
<Opcode>0</Opcode>
<Keywords>0x8000000000000000</Keywords>
<TimeCreated SystemTime="2025-04-24 07:15:23.699421+00:00"></TimeCreated>
<EventRecordID>1257</EventRecordID>
<Correlation ActivityID="" RelatedActivityID=""></Correlation>
<Execution ProcessID="3288" ThreadID="3532"></Execution>
<Channel>Microsoft-Windows-Sysmon/Operational</Channel>
<Computer>DESKTOP-RL1K13Q</Computer>
<Security UserID="S-1-5-18"></Security>
</System>
<EventData><Data Name="RuleName">-</Data>
<Data Name="UtcTime">2025-04-24 07:15:23.690</Data>
<Data Name="ProcessGuid">{59d32d4f-e50b-6809-ff01-000000001500}</Data>
<Data Name="ProcessId">908</Data>
<Data Name="Image">C:\Program Files\Wireshark\dumpcap.exe</Data>
<Data Name="FileVersion">4.2.3</Data>
<Data Name="Description">Dumpcap</Data>
<Data Name="Product">Dumpcap</Data>
<Data Name="Company">The Wireshark developer community</Data>
<Data Name="OriginalFileName">Dumpcap.exe</Data>
<Data Name="CommandLine">"C:\Program Files\Wireshark\dumpcap.exe" -i \Device\NPF_{42399993-88B8-46FB-AD94-747E057B97D6} -L --list-time-stamp-types -Z none</Data>
<Data Name="CurrentDirectory">C:\Program Files\Wireshark\</Data>
<Data Name="User">DESKTOP-RL1K13Q\Bluecheap</Data>
<Data Name="LogonGuid">{59d32d4f-c774-6809-c1b4-260000000000}</Data>
<Data Name="LogonId">0x000000000026b4c1</Data>
<Data Name="TerminalSessionId">1</Data>
<Data Name="IntegrityLevel">Medium</Data>
<Data Name="Hashes">MD5=91CDD33CF4303D6533568B95A3E1868F,SHA256=4ECCDC960EFD4183A33ECDC50C2A18F307DB328FEBF4FCD35D762CE553900395,IMPHASH=935D104115A4C1F6FF12406B992E4CEC</Data>
<Data Name="ParentProcessGuid">{59d32d4f-e4ff-6809-f701-000000001500}</Data>
<Data Name="ParentProcessId">1892</Data>
<Data Name="ParentImage">C:\Program Files\Wireshark\Wireshark.exe</Data>
<Data Name="ParentCommandLine">"C:\Program Files\Wireshark\Wireshark.exe" </Data>
<Data Name="ParentUser">DESKTOP-RL1K13Q\Bluecheap</Data>
</EventData>
</Event>

<Event xmlns="http://schemas.microsoft.com/win/2004/08/events/event"><System><Provider Name="Microsoft-Windows-Sysmon" Guid="{5770385f-c22a-43e0-bf4c-06f5698ffbd9}"></Provider>
<EventID Qualifiers="">1</EventID>
<Version>5</Version>
<Level>4</Level>
<Task>1</Task>
<Opcode>0</Opcode>
<Keywords>0x8000000000000000</Keywords>
<TimeCreated SystemTime="2025-04-24 07:15:23.862896+00:00"></TimeCreated>
<EventRecordID>1258</EventRecordID>
<Correlation ActivityID="" RelatedActivityID=""></Correlation>
<Execution ProcessID="3288" ThreadID="3532"></Execution>
<Channel>Microsoft-Windows-Sysmon/Operational</Channel>
<Computer>DESKTOP-RL1K13Q</Computer>
<Security UserID="S-1-5-18"></Security>
</System>
<EventData><Data Name="RuleName">-</Data>
<Data Name="UtcTime">2025-04-24 07:15:23.854</Data>
<Data Name="ProcessGuid">{59d32d4f-e50b-6809-0102-000000001500}</Data>
<Data Name="ProcessId">2328</Data>
<Data Name="Image">C:\Program Files\Wireshark\dumpcap.exe</Data>
<Data Name="FileVersion">4.2.3</Data>
<Data Name="Description">Dumpcap</Data>
<Data Name="Product">Dumpcap</Data>
<Data Name="Company">The Wireshark developer community</Data>
<Data Name="OriginalFileName">Dumpcap.exe</Data>
<Data Name="CommandLine">"C:\Program Files\Wireshark\dumpcap.exe" -i \Device\NPF_{9D32CFD9-CC5A-46FD-A770-62FFB9E4782E} -L --list-time-stamp-types -Z none</Data>
<Data Name="CurrentDirectory">C:\Program Files\Wireshark\</Data>
<Data Name="User">DESKTOP-RL1K13Q\Bluecheap</Data>
<Data Name="LogonGuid">{59d32d4f-c774-6809-c1b4-260000000000}</Data>
<Data Name="LogonId">0x000000000026b4c1</Data>
<Data Name="TerminalSessionId">1</Data>
<Data Name="IntegrityLevel">Medium</Data>
<Data Name="Hashes">MD5=91CDD33CF4303D6533568B95A3E1868F,SHA256=4ECCDC960EFD4183A33ECDC50C2A18F307DB328FEBF4FCD35D762CE553900395,IMPHASH=935D104115A4C1F6FF12406B992E4CEC</Data>
<Data Name="ParentProcessGuid">{59d32d4f-e4ff-6809-f701-000000001500}</Data>
<Data Name="ParentProcessId">1892</Data>
<Data Name="ParentImage">C:\Program Files\Wireshark\Wireshark.exe</Data>
<Data Name="ParentCommandLine">"C:\Program Files\Wireshark\Wireshark.exe" </Data>
<Data Name="ParentUser">DESKTOP-RL1K13Q\Bluecheap</Data>
</EventData>
</Event>

<Event xmlns="http://schemas.microsoft.com/win/2004/08/events/event"><System><Provider Name="Microsoft-Windows-Sysmon" Guid="{5770385f-c22a-43e0-bf4c-06f5698ffbd9}"></Provider>
<EventID Qualifiers="">1</EventID>
<Version>5</Version>
<Level>4</Level>
<Task>1</Task>
<Opcode>0</Opcode>
<Keywords>0x8000000000000000</Keywords>
<TimeCreated SystemTime="2025-04-24 07:15:24.048079+00:00"></TimeCreated>
<EventRecordID>1259</EventRecordID>
<Correlation ActivityID="" RelatedActivityID=""></Correlation>
<Execution ProcessID="3288" ThreadID="3532"></Execution>
<Channel>Microsoft-Windows-Sysmon/Operational</Channel>
<Computer>DESKTOP-RL1K13Q</Computer>
<Security UserID="S-1-5-18"></Security>
</System>
<EventData><Data Name="RuleName">-</Data>
<Data Name="UtcTime">2025-04-24 07:15:24.031</Data>
<Data Name="ProcessGuid">{59d32d4f-e50c-6809-0302-000000001500}</Data>
<Data Name="ProcessId">8680</Data>
<Data Name="Image">C:\Program Files\Wireshark\dumpcap.exe</Data>
<Data Name="FileVersion">4.2.3</Data>
<Data Name="Description">Dumpcap</Data>
<Data Name="Product">Dumpcap</Data>
<Data Name="Company">The Wireshark developer community</Data>
<Data Name="OriginalFileName">Dumpcap.exe</Data>
<Data Name="CommandLine">"C:\Program Files\Wireshark\dumpcap.exe" -i \Device\NPF_{5EBD726E-0A65-4E5E-A2AA-52FF78CFF025} -L --list-time-stamp-types -Z none</Data>
<Data Name="CurrentDirectory">C:\Program Files\Wireshark\</Data>
<Data Name="User">DESKTOP-RL1K13Q\Bluecheap</Data>
<Data Name="LogonGuid">{59d32d4f-c774-6809-c1b4-260000000000}</Data>
<Data Name="LogonId">0x000000000026b4c1</Data>
<Data Name="TerminalSessionId">1</Data>
<Data Name="IntegrityLevel">Medium</Data>
<Data Name="Hashes">MD5=91CDD33CF4303D6533568B95A3E1868F,SHA256=4ECCDC960EFD4183A33ECDC50C2A18F307DB328FEBF4FCD35D762CE553900395,IMPHASH=935D104115A4C1F6FF12406B992E4CEC</Data>
<Data Name="ParentProcessGuid">{59d32d4f-e4ff-6809-f701-000000001500}</Data>
<Data Name="ParentProcessId">1892</Data>
<Data Name="ParentImage">C:\Program Files\Wireshark\Wireshark.exe</Data>
<Data Name="ParentCommandLine">"C:\Program Files\Wireshark\Wireshark.exe" </Data>
<Data Name="ParentUser">DESKTOP-RL1K13Q\Bluecheap</Data>
</EventData>
</Event>

<Event xmlns="http://schemas.microsoft.com/win/2004/08/events/event"><System><Provider Name="Microsoft-Windows-Sysmon" Guid="{5770385f-c22a-43e0-bf4c-06f5698ffbd9}"></Provider>
<EventID Qualifiers="">1</EventID>
<Version>5</Version>
<Level>4</Level>
<Task>1</Task>
<Opcode>0</Opcode>
<Keywords>0x8000000000000000</Keywords>
<TimeCreated SystemTime="2025-04-24 07:15:24.287151+00:00"></TimeCreated>
<EventRecordID>1260</EventRecordID>
<Correlation ActivityID="" RelatedActivityID=""></Correlation>
<Execution ProcessID="3288" ThreadID="3532"></Execution>
<Channel>Microsoft-Windows-Sysmon/Operational</Channel>
<Computer>DESKTOP-RL1K13Q</Computer>
<Security UserID="S-1-5-18"></Security>
</System>
<EventData><Data Name="RuleName">-</Data>
<Data Name="UtcTime">2025-04-24 07:15:24.281</Data>
<Data Name="ProcessGuid">{59d32d4f-e50c-6809-0502-000000001500}</Data>
<Data Name="ProcessId">3796</Data>
<Data Name="Image">C:\Program Files\Wireshark\dumpcap.exe</Data>
<Data Name="FileVersion">4.2.3</Data>
<Data Name="Description">Dumpcap</Data>
<Data Name="Product">Dumpcap</Data>
<Data Name="Company">The Wireshark developer community</Data>
<Data Name="OriginalFileName">Dumpcap.exe</Data>
<Data Name="CommandLine">"C:\Program Files\Wireshark\dumpcap.exe" -i \Device\NPF_{5A296337-3E70-448E-8697-87297094EE4E} -L --list-time-stamp-types -Z none</Data>
<Data Name="CurrentDirectory">C:\Program Files\Wireshark\</Data>
<Data Name="User">DESKTOP-RL1K13Q\Bluecheap</Data>
<Data Name="LogonGuid">{59d32d4f-c774-6809-c1b4-260000000000}</Data>
<Data Name="LogonId">0x000000000026b4c1</Data>
<Data Name="TerminalSessionId">1</Data>
<Data Name="IntegrityLevel">Medium</Data>
<Data Name="Hashes">MD5=91CDD33CF4303D6533568B95A3E1868F,SHA256=4ECCDC960EFD4183A33ECDC50C2A18F307DB328FEBF4FCD35D762CE553900395,IMPHASH=935D104115A4C1F6FF12406B992E4CEC</Data>
<Data Name="ParentProcessGuid">{59d32d4f-e4ff-6809-f701-000000001500}</Data>
<Data Name="ParentProcessId">1892</Data>
<Data Name="ParentImage">C:\Program Files\Wireshark\Wireshark.exe</Data>
<Data Name="ParentCommandLine">"C:\Program Files\Wireshark\Wireshark.exe" </Data>
<Data Name="ParentUser">DESKTOP-RL1K13Q\Bluecheap</Data>
</EventData>
</Event>

<Event xmlns="http://schemas.microsoft.com/win/2004/08/events/event"><System><Provider Name="Microsoft-Windows-Sysmon" Guid="{5770385f-c22a-43e0-bf4c-06f5698ffbd9}"></Provider>
<EventID Qualifiers="">1</EventID>
<Version>5</Version>
<Level>4</Level>
<Task>1</Task>
<Opcode>0</Opcode>
<Keywords>0x8000000000000000</Keywords>
<TimeCreated SystemTime="2025-04-24 07:15:24.461481+00:00"></TimeCreated>
<EventRecordID>1261</EventRecordID>
<Correlation ActivityID="" RelatedActivityID=""></Correlation>
<Execution ProcessID="3288" ThreadID="3532"></Execution>
<Channel>Microsoft-Windows-Sysmon/Operational</Channel>
<Computer>DESKTOP-RL1K13Q</Computer>
<Security UserID="S-1-5-18"></Security>
</System>
<EventData><Data Name="RuleName">-</Data>
<Data Name="UtcTime">2025-04-24 07:15:24.453</Data>
<Data Name="ProcessGuid">{59d32d4f-e50c-6809-0702-000000001500}</Data>
<Data Name="ProcessId">8676</Data>
<Data Name="Image">C:\Program Files\Wireshark\dumpcap.exe</Data>
<Data Name="FileVersion">4.2.3</Data>
<Data Name="Description">Dumpcap</Data>
<Data Name="Product">Dumpcap</Data>
<Data Name="Company">The Wireshark developer community</Data>
<Data Name="OriginalFileName">Dumpcap.exe</Data>
<Data Name="CommandLine">"C:\Program Files\Wireshark\dumpcap.exe" -i \Device\NPF_Loopback -L --list-time-stamp-types -Z none</Data>
<Data Name="CurrentDirectory">C:\Program Files\Wireshark\</Data>
<Data Name="User">DESKTOP-RL1K13Q\Bluecheap</Data>
<Data Name="LogonGuid">{59d32d4f-c774-6809-c1b4-260000000000}</Data>
<Data Name="LogonId">0x000000000026b4c1</Data>
<Data Name="TerminalSessionId">1</Data>
<Data Name="IntegrityLevel">Medium</Data>
<Data Name="Hashes">MD5=91CDD33CF4303D6533568B95A3E1868F,SHA256=4ECCDC960EFD4183A33ECDC50C2A18F307DB328FEBF4FCD35D762CE553900395,IMPHASH=935D104115A4C1F6FF12406B992E4CEC</Data>
<Data Name="ParentProcessGuid">{59d32d4f-e4ff-6809-f701-000000001500}</Data>
<Data Name="ParentProcessId">1892</Data>
<Data Name="ParentImage">C:\Program Files\Wireshark\Wireshark.exe</Data>
<Data Name="ParentCommandLine">"C:\Program Files\Wireshark\Wireshark.exe" </Data>
<Data Name="ParentUser">DESKTOP-RL1K13Q\Bluecheap</Data>
</EventData>
</Event>

<Event xmlns="http://schemas.microsoft.com/win/2004/08/events/event"><System><Provider Name="Microsoft-Windows-Sysmon" Guid="{5770385f-c22a-43e0-bf4c-06f5698ffbd9}"></Provider>
<EventID Qualifiers="">1</EventID>
<Version>5</Version>
<Level>4</Level>
<Task>1</Task>
<Opcode>0</Opcode>
<Keywords>0x8000000000000000</Keywords>
<TimeCreated SystemTime="2025-04-24 07:15:24.649509+00:00"></TimeCreated>
<EventRecordID>1262</EventRecordID>
<Correlation ActivityID="" RelatedActivityID=""></Correlation>
<Execution ProcessID="3288" ThreadID="3532"></Execution>
<Channel>Microsoft-Windows-Sysmon/Operational</Channel>
<Computer>DESKTOP-RL1K13Q</Computer>
<Security UserID="S-1-5-18"></Security>
</System>
<EventData><Data Name="RuleName">-</Data>
<Data Name="UtcTime">2025-04-24 07:15:24.642</Data>
<Data Name="ProcessGuid">{59d32d4f-e50c-6809-0902-000000001500}</Data>
<Data Name="ProcessId">3564</Data>
<Data Name="Image">C:\Program Files\Wireshark\dumpcap.exe</Data>
<Data Name="FileVersion">4.2.3</Data>
<Data Name="Description">Dumpcap</Data>
<Data Name="Product">Dumpcap</Data>
<Data Name="Company">The Wireshark developer community</Data>
<Data Name="OriginalFileName">Dumpcap.exe</Data>
<Data Name="CommandLine">"C:\Program Files\Wireshark\dumpcap.exe" -i \Device\NPF_{88899A07-2119-467E-B769-5C958E1FE666} -L --list-time-stamp-types -Z none</Data>
<Data Name="CurrentDirectory">C:\Program Files\Wireshark\</Data>
<Data Name="User">DESKTOP-RL1K13Q\Bluecheap</Data>
<Data Name="LogonGuid">{59d32d4f-c774-6809-c1b4-260000000000}</Data>
<Data Name="LogonId">0x000000000026b4c1</Data>
<Data Name="TerminalSessionId">1</Data>
<Data Name="IntegrityLevel">Medium</Data>
<Data Name="Hashes">MD5=91CDD33CF4303D6533568B95A3E1868F,SHA256=4ECCDC960EFD4183A33ECDC50C2A18F307DB328FEBF4FCD35D762CE553900395,IMPHASH=935D104115A4C1F6FF12406B992E4CEC</Data>
<Data Name="ParentProcessGuid">{59d32d4f-e4ff-6809-f701-000000001500}</Data>
<Data Name="ParentProcessId">1892</Data>
<Data Name="ParentImage">C:\Program Files\Wireshark\Wireshark.exe</Data>
<Data Name="ParentCommandLine">"C:\Program Files\Wireshark\Wireshark.exe" </Data>
<Data Name="ParentUser">DESKTOP-RL1K13Q\Bluecheap</Data>
</EventData>
</Event>

<Event xmlns="http://schemas.microsoft.com/win/2004/08/events/event"><System><Provider Name="Microsoft-Windows-Sysmon" Guid="{5770385f-c22a-43e0-bf4c-06f5698ffbd9}"></Provider>
<EventID Qualifiers="">1</EventID>
<Version>5</Version>
<Level>4</Level>
<Task>1</Task>
<Opcode>0</Opcode>
<Keywords>0x8000000000000000</Keywords>
<TimeCreated SystemTime="2025-04-24 07:15:24.794348+00:00"></TimeCreated>
<EventRecordID>1263</EventRecordID>
<Correlation ActivityID="" RelatedActivityID=""></Correlation>
<Execution ProcessID="3288" ThreadID="3532"></Execution>
<Channel>Microsoft-Windows-Sysmon/Operational</Channel>
<Computer>DESKTOP-RL1K13Q</Computer>
<Security UserID="S-1-5-18"></Security>
</System>
<EventData><Data Name="RuleName">-</Data>
<Data Name="UtcTime">2025-04-24 07:15:24.788</Data>
<Data Name="ProcessGuid">{59d32d4f-e50c-6809-0b02-000000001500}</Data>
<Data Name="ProcessId">8132</Data>
<Data Name="Image">C:\Program Files\Wireshark\dumpcap.exe</Data>
<Data Name="FileVersion">4.2.3</Data>
<Data Name="Description">Dumpcap</Data>
<Data Name="Product">Dumpcap</Data>
<Data Name="Company">The Wireshark developer community</Data>
<Data Name="OriginalFileName">Dumpcap.exe</Data>
<Data Name="CommandLine">"C:\Program Files\Wireshark\dumpcap.exe" -i \Device\NPF_{15C2BE27-73A9-4382-A99D-E7A4F136CE06} -L --list-time-stamp-types -Z none</Data>
<Data Name="CurrentDirectory">C:\Program Files\Wireshark\</Data>
<Data Name="User">DESKTOP-RL1K13Q\Bluecheap</Data>
<Data Name="LogonGuid">{59d32d4f-c774-6809-c1b4-260000000000}</Data>
<Data Name="LogonId">0x000000000026b4c1</Data>
<Data Name="TerminalSessionId">1</Data>
<Data Name="IntegrityLevel">Medium</Data>
<Data Name="Hashes">MD5=91CDD33CF4303D6533568B95A3E1868F,SHA256=4ECCDC960EFD4183A33ECDC50C2A18F307DB328FEBF4FCD35D762CE553900395,IMPHASH=935D104115A4C1F6FF12406B992E4CEC</Data>
<Data Name="ParentProcessGuid">{59d32d4f-e4ff-6809-f701-000000001500}</Data>
<Data Name="ParentProcessId">1892</Data>
<Data Name="ParentImage">C:\Program Files\Wireshark\Wireshark.exe</Data>
<Data Name="ParentCommandLine">"C:\Program Files\Wireshark\Wireshark.exe" </Data>
<Data Name="ParentUser">DESKTOP-RL1K13Q\Bluecheap</Data>
</EventData>
</Event>

<Event xmlns="http://schemas.microsoft.com/win/2004/08/events/event"><System><Provider Name="Microsoft-Windows-Sysmon" Guid="{5770385f-c22a-43e0-bf4c-06f5698ffbd9}"></Provider>
<EventID Qualifiers="">1</EventID>
<Version>5</Version>
<Level>4</Level>
<Task>1</Task>
<Opcode>0</Opcode>
<Keywords>0x8000000000000000</Keywords>
<TimeCreated SystemTime="2025-04-24 07:15:24.939796+00:00"></TimeCreated>
<EventRecordID>1264</EventRecordID>
<Correlation ActivityID="" RelatedActivityID=""></Correlation>
<Execution ProcessID="3288" ThreadID="3532"></Execution>
<Channel>Microsoft-Windows-Sysmon/Operational</Channel>
<Computer>DESKTOP-RL1K13Q</Computer>
<Security UserID="S-1-5-18"></Security>
</System>
<EventData><Data Name="RuleName">-</Data>
<Data Name="UtcTime">2025-04-24 07:15:24.933</Data>
<Data Name="ProcessGuid">{59d32d4f-e50c-6809-0d02-000000001500}</Data>
<Data Name="ProcessId">324</Data>
<Data Name="Image">C:\Program Files\Wireshark\dumpcap.exe</Data>
<Data Name="FileVersion">4.2.3</Data>
<Data Name="Description">Dumpcap</Data>
<Data Name="Product">Dumpcap</Data>
<Data Name="Company">The Wireshark developer community</Data>
<Data Name="OriginalFileName">Dumpcap.exe</Data>
<Data Name="CommandLine">"C:\Program Files\Wireshark\dumpcap.exe" -i \Device\NPF_{3E941F56-16BD-44B7-B669-318B85E43E16} -L --list-time-stamp-types -Z none</Data>
<Data Name="CurrentDirectory">C:\Program Files\Wireshark\</Data>
<Data Name="User">DESKTOP-RL1K13Q\Bluecheap</Data>
<Data Name="LogonGuid">{59d32d4f-c774-6809-c1b4-260000000000}</Data>
<Data Name="LogonId">0x000000000026b4c1</Data>
<Data Name="TerminalSessionId">1</Data>
<Data Name="IntegrityLevel">Medium</Data>
<Data Name="Hashes">MD5=91CDD33CF4303D6533568B95A3E1868F,SHA256=4ECCDC960EFD4183A33ECDC50C2A18F307DB328FEBF4FCD35D762CE553900395,IMPHASH=935D104115A4C1F6FF12406B992E4CEC</Data>
<Data Name="ParentProcessGuid">{59d32d4f-e4ff-6809-f701-000000001500}</Data>
<Data Name="ParentProcessId">1892</Data>
<Data Name="ParentImage">C:\Program Files\Wireshark\Wireshark.exe</Data>
<Data Name="ParentCommandLine">"C:\Program Files\Wireshark\Wireshark.exe" </Data>
<Data Name="ParentUser">DESKTOP-RL1K13Q\Bluecheap</Data>
</EventData>
</Event>

<Event xmlns="http://schemas.microsoft.com/win/2004/08/events/event"><System><Provider Name="Microsoft-Windows-Sysmon" Guid="{5770385f-c22a-43e0-bf4c-06f5698ffbd9}"></Provider>
<EventID Qualifiers="">1</EventID>
<Version>5</Version>
<Level>4</Level>
<Task>1</Task>
<Opcode>0</Opcode>
<Keywords>0x8000000000000000</Keywords>
<TimeCreated SystemTime="2025-04-24 07:15:25.088039+00:00"></TimeCreated>
<EventRecordID>1265</EventRecordID>
<Correlation ActivityID="" RelatedActivityID=""></Correlation>
<Execution ProcessID="3288" ThreadID="3532"></Execution>
<Channel>Microsoft-Windows-Sysmon/Operational</Channel>
<Computer>DESKTOP-RL1K13Q</Computer>
<Security UserID="S-1-5-18"></Security>
</System>
<EventData><Data Name="RuleName">-</Data>
<Data Name="UtcTime">2025-04-24 07:15:25.081</Data>
<Data Name="ProcessGuid">{59d32d4f-e50d-6809-0f02-000000001500}</Data>
<Data Name="ProcessId">4248</Data>
<Data Name="Image">C:\Program Files\Wireshark\extcap\etwdump.exe</Data>
<Data Name="FileVersion">4.2.3</Data>
<Data Name="Description">etwdump</Data>
<Data Name="Product">etwdump</Data>
<Data Name="Company">The Wireshark developer community</Data>
<Data Name="OriginalFileName">etwdump.exe</Data>
<Data Name="CommandLine">"C:\Program Files\Wireshark\extcap\etwdump.exe" --extcap-dlts --extcap-interface etwdump</Data>
<Data Name="CurrentDirectory">C:\Program Files\Wireshark\extcap\</Data>
<Data Name="User">DESKTOP-RL1K13Q\Bluecheap</Data>
<Data Name="LogonGuid">{59d32d4f-c774-6809-c1b4-260000000000}</Data>
<Data Name="LogonId">0x000000000026b4c1</Data>
<Data Name="TerminalSessionId">1</Data>
<Data Name="IntegrityLevel">Medium</Data>
<Data Name="Hashes">MD5=B55C5F01FF22DB88B62E3BA2B74AA251,SHA256=72F1FAC638220785FDC348FD3FADF926693204E310AB6DD57075E15CC2B8D2A4,IMPHASH=4EA8DE03426F3E960659D69D312D0264</Data>
<Data Name="ParentProcessGuid">{59d32d4f-e4ff-6809-f701-000000001500}</Data>
<Data Name="ParentProcessId">1892</Data>
<Data Name="ParentImage">C:\Program Files\Wireshark\Wireshark.exe</Data>
<Data Name="ParentCommandLine">"C:\Program Files\Wireshark\Wireshark.exe" </Data>
<Data Name="ParentUser">DESKTOP-RL1K13Q\Bluecheap</Data>
</EventData>
</Event>

<Event xmlns="http://schemas.microsoft.com/win/2004/08/events/event"><System><Provider Name="Microsoft-Windows-Sysmon" Guid="{5770385f-c22a-43e0-bf4c-06f5698ffbd9}"></Provider>
<EventID Qualifiers="">1</EventID>
<Version>5</Version>
<Level>4</Level>
<Task>1</Task>
<Opcode>0</Opcode>
<Keywords>0x8000000000000000</Keywords>
<TimeCreated SystemTime="2025-04-24 07:15:26.651373+00:00"></TimeCreated>
<EventRecordID>1266</EventRecordID>
<Correlation ActivityID="" RelatedActivityID=""></Correlation>
<Execution ProcessID="3288" ThreadID="3532"></Execution>
<Channel>Microsoft-Windows-Sysmon/Operational</Channel>
<Computer>DESKTOP-RL1K13Q</Computer>
<Security UserID="S-1-5-18"></Security>
</System>
<EventData><Data Name="RuleName">-</Data>
<Data Name="UtcTime">2025-04-24 07:15:26.645</Data>
<Data Name="ProcessGuid">{59d32d4f-e50e-6809-1102-000000001500}</Data>
<Data Name="ProcessId">6324</Data>
<Data Name="Image">C:\Program Files\Wireshark\dumpcap.exe</Data>
<Data Name="FileVersion">4.2.3</Data>
<Data Name="Description">Dumpcap</Data>
<Data Name="Product">Dumpcap</Data>
<Data Name="Company">The Wireshark developer community</Data>
<Data Name="OriginalFileName">Dumpcap.exe</Data>
<Data Name="CommandLine">"C:\Program Files\Wireshark\dumpcap.exe" -S -Z 1892.dummy</Data>
<Data Name="CurrentDirectory">C:\Program Files\Wireshark\</Data>
<Data Name="User">DESKTOP-RL1K13Q\Bluecheap</Data>
<Data Name="LogonGuid">{59d32d4f-c774-6809-c1b4-260000000000}</Data>
<Data Name="LogonId">0x000000000026b4c1</Data>
<Data Name="TerminalSessionId">1</Data>
<Data Name="IntegrityLevel">Medium</Data>
<Data Name="Hashes">MD5=91CDD33CF4303D6533568B95A3E1868F,SHA256=4ECCDC960EFD4183A33ECDC50C2A18F307DB328FEBF4FCD35D762CE553900395,IMPHASH=935D104115A4C1F6FF12406B992E4CEC</Data>
<Data Name="ParentProcessGuid">{59d32d4f-e4ff-6809-f701-000000001500}</Data>
<Data Name="ParentProcessId">1892</Data>
<Data Name="ParentImage">C:\Program Files\Wireshark\Wireshark.exe</Data>
<Data Name="ParentCommandLine">"C:\Program Files\Wireshark\Wireshark.exe" </Data>
<Data Name="ParentUser">DESKTOP-RL1K13Q\Bluecheap</Data>
</EventData>
</Event>

