<Event xmlns="http://schemas.microsoft.com/win/2004/08/events/event"><System><Provider Name="Microsoft-Windows-Sysmon" Guid="{5770385f-c22a-43e0-bf4c-06f5698ffbd9}"></Provider>
<EventID Qualifiers="">11</EventID>
<Version>2</Version>
<Level>4</Level>
<Task>11</Task>
<Opcode>0</Opcode>
<Keywords>0x8000000000000000</Keywords>
<TimeCreated SystemTime="2025-04-24 05:13:04.124208+00:00"></TimeCreated>
<EventRecordID>1027</EventRecordID>
<Correlation ActivityID="" RelatedActivityID=""></Correlation>
<Execution ProcessID="3288" ThreadID="3532"></Execution>
<Channel>Microsoft-Windows-Sysmon/Operational</Channel>
<Computer>DESKTOP-RL1K13Q</Computer>
<Security UserID="S-1-5-18"></Security>
</System>
<EventData><Data Name="RuleName">EXE</Data>
<Data Name="UtcTime">2025-04-24 05:13:04.101</Data>
<Data Name="ProcessGuid">{59d32d4f-c85d-6809-8601-000000001500}</Data>
<Data Name="ProcessId">4944</Data>
<Data Name="Image">C:\Program Files\7-Zip\7zG.exe</Data>
<Data Name="TargetFilename">C:\Users\Bluecheap\Desktop\SysinternalsSuite\pslist.exe</Data>
<Data Name="CreationUtcTime">2025-04-24 05:13:04.101</Data>
<Data Name="User">DESKTOP-RL1K13Q\Bluecheap</Data>
</EventData>
</Event>

<Event xmlns="http://schemas.microsoft.com/win/2004/08/events/event"><System><Provider Name="Microsoft-Windows-Sysmon" Guid="{5770385f-c22a-43e0-bf4c-06f5698ffbd9}"></Provider>
<EventID Qualifiers="">2</EventID>
<Version>5</Version>
<Level>4</Level>
<Task>2</Task>
<Opcode>0</Opcode>
<Keywords>0x8000000000000000</Keywords>
<TimeCreated SystemTime="2025-04-24 05:13:04.124266+00:00"></TimeCreated>
<EventRecordID>1028</EventRecordID>
<Correlation ActivityID="" RelatedActivityID=""></Correlation>
<Execution ProcessID="3288" ThreadID="3532"></Execution>
<Channel>Microsoft-Windows-Sysmon/Operational</Channel>
<Computer>DESKTOP-RL1K13Q</Computer>
<Security UserID="S-1-5-18"></Security>
</System>
<EventData><Data Name="RuleName">T1099</Data>
<Data Name="UtcTime">2025-04-24 05:13:04.116</Data>
<Data Name="ProcessGuid">{59d32d4f-c85d-6809-8601-000000001500}</Data>
<Data Name="ProcessId">4944</Data>
<Data Name="Image">C:\Program Files\7-Zip\7zG.exe</Data>
<Data Name="TargetFilename">C:\Users\Bluecheap\Desktop\SysinternalsSuite\pslist.exe</Data>
<Data Name="CreationUtcTime">2016-06-28 18:44:56.000</Data>
<Data Name="PreviousCreationUtcTime">2025-04-24 05:13:04.101</Data>
<Data Name="User">DESKTOP-RL1K13Q\Bluecheap</Data>
</EventData>
</Event>

<Event xmlns="http://schemas.microsoft.com/win/2004/08/events/event"><System><Provider Name="Microsoft-Windows-Sysmon" Guid="{5770385f-c22a-43e0-bf4c-06f5698ffbd9}"></Provider>
<EventID Qualifiers="">11</EventID>
<Version>2</Version>
<Level>4</Level>
<Task>11</Task>
<Opcode>0</Opcode>
<Keywords>0x8000000000000000</Keywords>
<TimeCreated SystemTime="2025-04-24 05:13:04.128071+00:00"></TimeCreated>
<EventRecordID>1029</EventRecordID>
<Correlation ActivityID="" RelatedActivityID=""></Correlation>
<Execution ProcessID="3288" ThreadID="3532"></Execution>
<Channel>Microsoft-Windows-Sysmon/Operational</Channel>
<Computer>DESKTOP-RL1K13Q</Computer>
<Security UserID="S-1-5-18"></Security>
</System>
<EventData><Data Name="RuleName">EXE</Data>
<Data Name="UtcTime">2025-04-24 05:13:04.116</Data>
<Data Name="ProcessGuid">{59d32d4f-c85d-6809-8601-000000001500}</Data>
<Data Name="ProcessId">4944</Data>
<Data Name="Image">C:\Program Files\7-Zip\7zG.exe</Data>
<Data Name="TargetFilename">C:\Users\Bluecheap\Desktop\SysinternalsSuite\pslist64.exe</Data>
<Data Name="CreationUtcTime">2025-04-24 05:13:04.116</Data>
<Data Name="User">DESKTOP-RL1K13Q\Bluecheap</Data>
</EventData>
</Event>

<Event xmlns="http://schemas.microsoft.com/win/2004/08/events/event"><System><Provider Name="Microsoft-Windows-Sysmon" Guid="{5770385f-c22a-43e0-bf4c-06f5698ffbd9}"></Provider>
<EventID Qualifiers="">2</EventID>
<Version>5</Version>
<Level>4</Level>
<Task>2</Task>
<Opcode>0</Opcode>
<Keywords>0x8000000000000000</Keywords>
<TimeCreated SystemTime="2025-04-24 05:13:04.130955+00:00"></TimeCreated>
<EventRecordID>1030</EventRecordID>
<Correlation ActivityID="" RelatedActivityID=""></Correlation>
<Execution ProcessID="3288" ThreadID="3532"></Execution>
<Channel>Microsoft-Windows-Sysmon/Operational</Channel>
<Computer>DESKTOP-RL1K13Q</Computer>
<Security UserID="S-1-5-18"></Security>
</System>
<EventData><Data Name="RuleName">T1099</Data>
<Data Name="UtcTime">2025-04-24 05:13:04.116</Data>
<Data Name="ProcessGuid">{59d32d4f-c85d-6809-8601-000000001500}</Data>
<Data Name="ProcessId">4944</Data>
<Data Name="Image">C:\Program Files\7-Zip\7zG.exe</Data>
<Data Name="TargetFilename">C:\Users\Bluecheap\Desktop\SysinternalsSuite\pslist64.exe</Data>
<Data Name="CreationUtcTime">2016-06-28 18:42:24.000</Data>
<Data Name="PreviousCreationUtcTime">2025-04-24 05:13:04.116</Data>
<Data Name="User">DESKTOP-RL1K13Q\Bluecheap</Data>
</EventData>
</Event>

<Event xmlns="http://schemas.microsoft.com/win/2004/08/events/event"><System><Provider Name="Microsoft-Windows-Sysmon" Guid="{5770385f-c22a-43e0-bf4c-06f5698ffbd9}"></Provider>
<EventID Qualifiers="">11</EventID>
<Version>2</Version>
<Level>4</Level>
<Task>11</Task>
<Opcode>0</Opcode>
<Keywords>0x8000000000000000</Keywords>
<TimeCreated SystemTime="2025-04-24 05:13:04.143332+00:00"></TimeCreated>
<EventRecordID>1031</EventRecordID>
<Correlation ActivityID="" RelatedActivityID=""></Correlation>
<Execution ProcessID="3288" ThreadID="3532"></Execution>
<Channel>Microsoft-Windows-Sysmon/Operational</Channel>
<Computer>DESKTOP-RL1K13Q</Computer>
<Security UserID="S-1-5-18"></Security>
</System>
<EventData><Data Name="RuleName">EXE</Data>
<Data Name="UtcTime">2025-04-24 05:13:04.132</Data>
<Data Name="ProcessGuid">{59d32d4f-c85d-6809-8601-000000001500}</Data>
<Data Name="ProcessId">4944</Data>
<Data Name="Image">C:\Program Files\7-Zip\7zG.exe</Data>
<Data Name="TargetFilename">C:\Users\Bluecheap\Desktop\SysinternalsSuite\PsLoggedon.exe</Data>
<Data Name="CreationUtcTime">2025-04-24 05:13:04.132</Data>
<Data Name="User">DESKTOP-RL1K13Q\Bluecheap</Data>
</EventData>
</Event>

<Event xmlns="http://schemas.microsoft.com/win/2004/08/events/event"><System><Provider Name="Microsoft-Windows-Sysmon" Guid="{5770385f-c22a-43e0-bf4c-06f5698ffbd9}"></Provider>
<EventID Qualifiers="">2</EventID>
<Version>5</Version>
<Level>4</Level>
<Task>2</Task>
<Opcode>0</Opcode>
<Keywords>0x8000000000000000</Keywords>
<TimeCreated SystemTime="2025-04-24 05:13:04.143435+00:00"></TimeCreated>
<EventRecordID>1032</EventRecordID>
<Correlation ActivityID="" RelatedActivityID=""></Correlation>
<Execution ProcessID="3288" ThreadID="3532"></Execution>
<Channel>Microsoft-Windows-Sysmon/Operational</Channel>
<Computer>DESKTOP-RL1K13Q</Computer>
<Security UserID="S-1-5-18"></Security>
</System>
<EventData><Data Name="RuleName">T1099</Data>
<Data Name="UtcTime">2025-04-24 05:13:04.132</Data>
<Data Name="ProcessGuid">{59d32d4f-c85d-6809-8601-000000001500}</Data>
<Data Name="ProcessId">4944</Data>
<Data Name="Image">C:\Program Files\7-Zip\7zG.exe</Data>
<Data Name="TargetFilename">C:\Users\Bluecheap\Desktop\SysinternalsSuite\PsLoggedon.exe</Data>
<Data Name="CreationUtcTime">2016-06-28 17:51:40.000</Data>
<Data Name="PreviousCreationUtcTime">2025-04-24 05:13:04.132</Data>
<Data Name="User">DESKTOP-RL1K13Q\Bluecheap</Data>
</EventData>
</Event>

<Event xmlns="http://schemas.microsoft.com/win/2004/08/events/event"><System><Provider Name="Microsoft-Windows-Sysmon" Guid="{5770385f-c22a-43e0-bf4c-06f5698ffbd9}"></Provider>
<EventID Qualifiers="">11</EventID>
<Version>2</Version>
<Level>4</Level>
<Task>11</Task>
<Opcode>0</Opcode>
<Keywords>0x8000000000000000</Keywords>
<TimeCreated SystemTime="2025-04-24 05:13:04.143494+00:00"></TimeCreated>
<EventRecordID>1033</EventRecordID>
<Correlation ActivityID="" RelatedActivityID=""></Correlation>
<Execution ProcessID="3288" ThreadID="3532"></Execution>
<Channel>Microsoft-Windows-Sysmon/Operational</Channel>
<Computer>DESKTOP-RL1K13Q</Computer>
<Security UserID="S-1-5-18"></Security>
</System>
<EventData><Data Name="RuleName">EXE</Data>
<Data Name="UtcTime">2025-04-24 05:13:04.132</Data>
<Data Name="ProcessGuid">{59d32d4f-c85d-6809-8601-000000001500}</Data>
<Data Name="ProcessId">4944</Data>
<Data Name="Image">C:\Program Files\7-Zip\7zG.exe</Data>
<Data Name="TargetFilename">C:\Users\Bluecheap\Desktop\SysinternalsSuite\PsLoggedon64.exe</Data>
<Data Name="CreationUtcTime">2025-04-24 05:13:04.132</Data>
<Data Name="User">DESKTOP-RL1K13Q\Bluecheap</Data>
</EventData>
</Event>

<Event xmlns="http://schemas.microsoft.com/win/2004/08/events/event"><System><Provider Name="Microsoft-Windows-Sysmon" Guid="{5770385f-c22a-43e0-bf4c-06f5698ffbd9}"></Provider>
<EventID Qualifiers="">2</EventID>
<Version>5</Version>
<Level>4</Level>
<Task>2</Task>
<Opcode>0</Opcode>
<Keywords>0x8000000000000000</Keywords>
<TimeCreated SystemTime="2025-04-24 05:13:04.169596+00:00"></TimeCreated>
<EventRecordID>1034</EventRecordID>
<Correlation ActivityID="" RelatedActivityID=""></Correlation>
<Execution ProcessID="3288" ThreadID="3532"></Execution>
<Channel>Microsoft-Windows-Sysmon/Operational</Channel>
<Computer>DESKTOP-RL1K13Q</Computer>
<Security UserID="S-1-5-18"></Security>
</System>
<EventData><Data Name="RuleName">T1099</Data>
<Data Name="UtcTime">2025-04-24 05:13:04.132</Data>
<Data Name="ProcessGuid">{59d32d4f-c85d-6809-8601-000000001500}</Data>
<Data Name="ProcessId">4944</Data>
<Data Name="Image">C:\Program Files\7-Zip\7zG.exe</Data>
<Data Name="TargetFilename">C:\Users\Bluecheap\Desktop\SysinternalsSuite\PsLoggedon64.exe</Data>
<Data Name="CreationUtcTime">2016-06-28 17:49:16.000</Data>
<Data Name="PreviousCreationUtcTime">2025-04-24 05:13:04.132</Data>
<Data Name="User">DESKTOP-RL1K13Q\Bluecheap</Data>
</EventData>
</Event>

<Event xmlns="http://schemas.microsoft.com/win/2004/08/events/event"><System><Provider Name="Microsoft-Windows-Sysmon" Guid="{5770385f-c22a-43e0-bf4c-06f5698ffbd9}"></Provider>
<EventID Qualifiers="">11</EventID>
<Version>2</Version>
<Level>4</Level>
<Task>11</Task>
<Opcode>0</Opcode>
<Keywords>0x8000000000000000</Keywords>
<TimeCreated SystemTime="2025-04-24 05:13:04.169695+00:00"></TimeCreated>
<EventRecordID>1035</EventRecordID>
<Correlation ActivityID="" RelatedActivityID=""></Correlation>
<Execution ProcessID="3288" ThreadID="3532"></Execution>
<Channel>Microsoft-Windows-Sysmon/Operational</Channel>
<Computer>DESKTOP-RL1K13Q</Computer>
<Security UserID="S-1-5-18"></Security>
</System>
<EventData><Data Name="RuleName">EXE</Data>
<Data Name="UtcTime">2025-04-24 05:13:04.148</Data>
<Data Name="ProcessGuid">{59d32d4f-c85d-6809-8601-000000001500}</Data>
<Data Name="ProcessId">4944</Data>
<Data Name="Image">C:\Program Files\7-Zip\7zG.exe</Data>
<Data Name="TargetFilename">C:\Users\Bluecheap\Desktop\SysinternalsSuite\pspasswd.exe</Data>
<Data Name="CreationUtcTime">2025-04-24 05:13:04.148</Data>
<Data Name="User">DESKTOP-RL1K13Q\Bluecheap</Data>
</EventData>
</Event>

<Event xmlns="http://schemas.microsoft.com/win/2004/08/events/event"><System><Provider Name="Microsoft-Windows-Sysmon" Guid="{5770385f-c22a-43e0-bf4c-06f5698ffbd9}"></Provider>
<EventID Qualifiers="">2</EventID>
<Version>5</Version>
<Level>4</Level>
<Task>2</Task>
<Opcode>0</Opcode>
<Keywords>0x8000000000000000</Keywords>
<TimeCreated SystemTime="2025-04-24 05:13:04.169743+00:00"></TimeCreated>
<EventRecordID>1036</EventRecordID>
<Correlation ActivityID="" RelatedActivityID=""></Correlation>
<Execution ProcessID="3288" ThreadID="3532"></Execution>
<Channel>Microsoft-Windows-Sysmon/Operational</Channel>
<Computer>DESKTOP-RL1K13Q</Computer>
<Security UserID="S-1-5-18"></Security>
</System>
<EventData><Data Name="RuleName">T1099</Data>
<Data Name="UtcTime">2025-04-24 05:13:04.148</Data>
<Data Name="ProcessGuid">{59d32d4f-c85d-6809-8601-000000001500}</Data>
<Data Name="ProcessId">4944</Data>
<Data Name="Image">C:\Program Files\7-Zip\7zG.exe</Data>
<Data Name="TargetFilename">C:\Users\Bluecheap\Desktop\SysinternalsSuite\pspasswd.exe</Data>
<Data Name="CreationUtcTime">2016-07-06 00:53:36.000</Data>
<Data Name="PreviousCreationUtcTime">2025-04-24 05:13:04.148</Data>
<Data Name="User">DESKTOP-RL1K13Q\Bluecheap</Data>
</EventData>
</Event>

<Event xmlns="http://schemas.microsoft.com/win/2004/08/events/event"><System><Provider Name="Microsoft-Windows-Sysmon" Guid="{5770385f-c22a-43e0-bf4c-06f5698ffbd9}"></Provider>
<EventID Qualifiers="">11</EventID>
<Version>2</Version>
<Level>4</Level>
<Task>11</Task>
<Opcode>0</Opcode>
<Keywords>0x8000000000000000</Keywords>
<TimeCreated SystemTime="2025-04-24 05:13:04.169794+00:00"></TimeCreated>
<EventRecordID>1037</EventRecordID>
<Correlation ActivityID="" RelatedActivityID=""></Correlation>
<Execution ProcessID="3288" ThreadID="3532"></Execution>
<Channel>Microsoft-Windows-Sysmon/Operational</Channel>
<Computer>DESKTOP-RL1K13Q</Computer>
<Security UserID="S-1-5-18"></Security>
</System>
<EventData><Data Name="RuleName">EXE</Data>
<Data Name="UtcTime">2025-04-24 05:13:04.148</Data>
<Data Name="ProcessGuid">{59d32d4f-c85d-6809-8601-000000001500}</Data>
<Data Name="ProcessId">4944</Data>
<Data Name="Image">C:\Program Files\7-Zip\7zG.exe</Data>
<Data Name="TargetFilename">C:\Users\Bluecheap\Desktop\SysinternalsSuite\pspasswd64.exe</Data>
<Data Name="CreationUtcTime">2025-04-24 05:13:04.148</Data>
<Data Name="User">DESKTOP-RL1K13Q\Bluecheap</Data>
</EventData>
</Event>

<Event xmlns="http://schemas.microsoft.com/win/2004/08/events/event"><System><Provider Name="Microsoft-Windows-Sysmon" Guid="{5770385f-c22a-43e0-bf4c-06f5698ffbd9}"></Provider>
<EventID Qualifiers="">2</EventID>
<Version>5</Version>
<Level>4</Level>
<Task>2</Task>
<Opcode>0</Opcode>
<Keywords>0x8000000000000000</Keywords>
<TimeCreated SystemTime="2025-04-24 05:13:04.169840+00:00"></TimeCreated>
<EventRecordID>1038</EventRecordID>
<Correlation ActivityID="" RelatedActivityID=""></Correlation>
<Execution ProcessID="3288" ThreadID="3532"></Execution>
<Channel>Microsoft-Windows-Sysmon/Operational</Channel>
<Computer>DESKTOP-RL1K13Q</Computer>
<Security UserID="S-1-5-18"></Security>
</System>
<EventData><Data Name="RuleName">T1099</Data>
<Data Name="UtcTime">2025-04-24 05:13:04.163</Data>
<Data Name="ProcessGuid">{59d32d4f-c85d-6809-8601-000000001500}</Data>
<Data Name="ProcessId">4944</Data>
<Data Name="Image">C:\Program Files\7-Zip\7zG.exe</Data>
<Data Name="TargetFilename">C:\Users\Bluecheap\Desktop\SysinternalsSuite\pspasswd64.exe</Data>
<Data Name="CreationUtcTime">2016-07-06 00:50:46.000</Data>
<Data Name="PreviousCreationUtcTime">2025-04-24 05:13:04.148</Data>
<Data Name="User">DESKTOP-RL1K13Q\Bluecheap</Data>
</EventData>
</Event>

<Event xmlns="http://schemas.microsoft.com/win/2004/08/events/event"><System><Provider Name="Microsoft-Windows-Sysmon" Guid="{5770385f-c22a-43e0-bf4c-06f5698ffbd9}"></Provider>
<EventID Qualifiers="">11</EventID>
<Version>2</Version>
<Level>4</Level>
<Task>11</Task>
<Opcode>0</Opcode>
<Keywords>0x8000000000000000</Keywords>
<TimeCreated SystemTime="2025-04-24 05:13:04.169889+00:00"></TimeCreated>
<EventRecordID>1039</EventRecordID>
<Correlation ActivityID="" RelatedActivityID=""></Correlation>
<Execution ProcessID="3288" ThreadID="3532"></Execution>
<Channel>Microsoft-Windows-Sysmon/Operational</Channel>
<Computer>DESKTOP-RL1K13Q</Computer>
<Security UserID="S-1-5-18"></Security>
</System>
<EventData><Data Name="RuleName">EXE</Data>
<Data Name="UtcTime">2025-04-24 05:13:04.163</Data>
<Data Name="ProcessGuid">{59d32d4f-c85d-6809-8601-000000001500}</Data>
<Data Name="ProcessId">4944</Data>
<Data Name="Image">C:\Program Files\7-Zip\7zG.exe</Data>
<Data Name="TargetFilename">C:\Users\Bluecheap\Desktop\SysinternalsSuite\psping.exe</Data>
<Data Name="CreationUtcTime">2025-04-24 05:13:04.163</Data>
<Data Name="User">DESKTOP-RL1K13Q\Bluecheap</Data>
</EventData>
</Event>

<Event xmlns="http://schemas.microsoft.com/win/2004/08/events/event"><System><Provider Name="Microsoft-Windows-Sysmon" Guid="{5770385f-c22a-43e0-bf4c-06f5698ffbd9}"></Provider>
<EventID Qualifiers="">2</EventID>
<Version>5</Version>
<Level>4</Level>
<Task>2</Task>
<Opcode>0</Opcode>
<Keywords>0x8000000000000000</Keywords>
<TimeCreated SystemTime="2025-04-24 05:13:04.180412+00:00"></TimeCreated>
<EventRecordID>1040</EventRecordID>
<Correlation ActivityID="" RelatedActivityID=""></Correlation>
<Execution ProcessID="3288" ThreadID="3532"></Execution>
<Channel>Microsoft-Windows-Sysmon/Operational</Channel>
<Computer>DESKTOP-RL1K13Q</Computer>
<Security UserID="S-1-5-18"></Security>
</System>
<EventData><Data Name="RuleName">T1099</Data>
<Data Name="UtcTime">2025-04-24 05:13:04.163</Data>
<Data Name="ProcessGuid">{59d32d4f-c85d-6809-8601-000000001500}</Data>
<Data Name="ProcessId">4944</Data>
<Data Name="Image">C:\Program Files\7-Zip\7zG.exe</Data>
<Data Name="TargetFilename">C:\Users\Bluecheap\Desktop\SysinternalsSuite\psping.exe</Data>
<Data Name="CreationUtcTime">2016-06-29 11:58:16.000</Data>
<Data Name="PreviousCreationUtcTime">2025-04-24 05:13:04.163</Data>
<Data Name="User">DESKTOP-RL1K13Q\Bluecheap</Data>
</EventData>
</Event>

<Event xmlns="http://schemas.microsoft.com/win/2004/08/events/event"><System><Provider Name="Microsoft-Windows-Sysmon" Guid="{5770385f-c22a-43e0-bf4c-06f5698ffbd9}"></Provider>
<EventID Qualifiers="">11</EventID>
<Version>2</Version>
<Level>4</Level>
<Task>11</Task>
<Opcode>0</Opcode>
<Keywords>0x8000000000000000</Keywords>
<TimeCreated SystemTime="2025-04-24 05:13:04.180513+00:00"></TimeCreated>
<EventRecordID>1041</EventRecordID>
<Correlation ActivityID="" RelatedActivityID=""></Correlation>
<Execution ProcessID="3288" ThreadID="3532"></Execution>
<Channel>Microsoft-Windows-Sysmon/Operational</Channel>
<Computer>DESKTOP-RL1K13Q</Computer>
<Security UserID="S-1-5-18"></Security>
</System>
<EventData><Data Name="RuleName">EXE</Data>
<Data Name="UtcTime">2025-04-24 05:13:04.163</Data>
<Data Name="ProcessGuid">{59d32d4f-c85d-6809-8601-000000001500}</Data>
<Data Name="ProcessId">4944</Data>
<Data Name="Image">C:\Program Files\7-Zip\7zG.exe</Data>
<Data Name="TargetFilename">C:\Users\Bluecheap\Desktop\SysinternalsSuite\psping64.exe</Data>
<Data Name="CreationUtcTime">2025-04-24 05:13:04.163</Data>
<Data Name="User">DESKTOP-RL1K13Q\Bluecheap</Data>
</EventData>
</Event>

<Event xmlns="http://schemas.microsoft.com/win/2004/08/events/event"><System><Provider Name="Microsoft-Windows-Sysmon" Guid="{5770385f-c22a-43e0-bf4c-06f5698ffbd9}"></Provider>
<EventID Qualifiers="">2</EventID>
<Version>5</Version>
<Level>4</Level>
<Task>2</Task>
<Opcode>0</Opcode>
<Keywords>0x8000000000000000</Keywords>
<TimeCreated SystemTime="2025-04-24 05:13:04.190102+00:00"></TimeCreated>
<EventRecordID>1042</EventRecordID>
<Correlation ActivityID="" RelatedActivityID=""></Correlation>
<Execution ProcessID="3288" ThreadID="3532"></Execution>
<Channel>Microsoft-Windows-Sysmon/Operational</Channel>
<Computer>DESKTOP-RL1K13Q</Computer>
<Security UserID="S-1-5-18"></Security>
</System>
<EventData><Data Name="RuleName">T1099</Data>
<Data Name="UtcTime">2025-04-24 05:13:04.180</Data>
<Data Name="ProcessGuid">{59d32d4f-c85d-6809-8601-000000001500}</Data>
<Data Name="ProcessId">4944</Data>
<Data Name="Image">C:\Program Files\7-Zip\7zG.exe</Data>
<Data Name="TargetFilename">C:\Users\Bluecheap\Desktop\SysinternalsSuite\psping64.exe</Data>
<Data Name="CreationUtcTime">2016-06-29 11:55:14.000</Data>
<Data Name="PreviousCreationUtcTime">2025-04-24 05:13:04.163</Data>
<Data Name="User">DESKTOP-RL1K13Q\Bluecheap</Data>
</EventData>
</Event>

<Event xmlns="http://schemas.microsoft.com/win/2004/08/events/event"><System><Provider Name="Microsoft-Windows-Sysmon" Guid="{5770385f-c22a-43e0-bf4c-06f5698ffbd9}"></Provider>
<EventID Qualifiers="">11</EventID>
<Version>2</Version>
<Level>4</Level>
<Task>11</Task>
<Opcode>0</Opcode>
<Keywords>0x8000000000000000</Keywords>
<TimeCreated SystemTime="2025-04-24 05:13:04.190361+00:00"></TimeCreated>
<EventRecordID>1043</EventRecordID>
<Correlation ActivityID="" RelatedActivityID=""></Correlation>
<Execution ProcessID="3288" ThreadID="3532"></Execution>
<Channel>Microsoft-Windows-Sysmon/Operational</Channel>
<Computer>DESKTOP-RL1K13Q</Computer>
<Security UserID="S-1-5-18"></Security>
</System>
<EventData><Data Name="RuleName">EXE</Data>
<Data Name="UtcTime">2025-04-24 05:13:04.180</Data>
<Data Name="ProcessGuid">{59d32d4f-c85d-6809-8601-000000001500}</Data>
<Data Name="ProcessId">4944</Data>
<Data Name="Image">C:\Program Files\7-Zip\7zG.exe</Data>
<Data Name="TargetFilename">C:\Users\Bluecheap\Desktop\SysinternalsSuite\PsService.exe</Data>
<Data Name="CreationUtcTime">2025-04-24 05:13:04.180</Data>
<Data Name="User">DESKTOP-RL1K13Q\Bluecheap</Data>
</EventData>
</Event>

<Event xmlns="http://schemas.microsoft.com/win/2004/08/events/event"><System><Provider Name="Microsoft-Windows-Sysmon" Guid="{5770385f-c22a-43e0-bf4c-06f5698ffbd9}"></Provider>
<EventID Qualifiers="">2</EventID>
<Version>5</Version>
<Level>4</Level>
<Task>2</Task>
<Opcode>0</Opcode>
<Keywords>0x8000000000000000</Keywords>
<TimeCreated SystemTime="2025-04-24 05:13:04.203142+00:00"></TimeCreated>
<EventRecordID>1044</EventRecordID>
<Correlation ActivityID="" RelatedActivityID=""></Correlation>
<Execution ProcessID="3288" ThreadID="3532"></Execution>
<Channel>Microsoft-Windows-Sysmon/Operational</Channel>
<Computer>DESKTOP-RL1K13Q</Computer>
<Security UserID="S-1-5-18"></Security>
</System>
<EventData><Data Name="RuleName">T1099</Data>
<Data Name="UtcTime">2025-04-24 05:13:04.180</Data>
<Data Name="ProcessGuid">{59d32d4f-c85d-6809-8601-000000001500}</Data>
<Data Name="ProcessId">4944</Data>
<Data Name="Image">C:\Program Files\7-Zip\7zG.exe</Data>
<Data Name="TargetFilename">C:\Users\Bluecheap\Desktop\SysinternalsSuite\PsService.exe</Data>
<Data Name="CreationUtcTime">2016-06-28 17:43:42.000</Data>
<Data Name="PreviousCreationUtcTime">2025-04-24 05:13:04.180</Data>
<Data Name="User">DESKTOP-RL1K13Q\Bluecheap</Data>
</EventData>
</Event>

<Event xmlns="http://schemas.microsoft.com/win/2004/08/events/event"><System><Provider Name="Microsoft-Windows-Sysmon" Guid="{5770385f-c22a-43e0-bf4c-06f5698ffbd9}"></Provider>
<EventID Qualifiers="">11</EventID>
<Version>2</Version>
<Level>4</Level>
<Task>11</Task>
<Opcode>0</Opcode>
<Keywords>0x8000000000000000</Keywords>
<TimeCreated SystemTime="2025-04-24 05:13:04.203405+00:00"></TimeCreated>
<EventRecordID>1045</EventRecordID>
<Correlation ActivityID="" RelatedActivityID=""></Correlation>
<Execution ProcessID="3288" ThreadID="3532"></Execution>
<Channel>Microsoft-Windows-Sysmon/Operational</Channel>
<Computer>DESKTOP-RL1K13Q</Computer>
<Security UserID="S-1-5-18"></Security>
</System>
<EventData><Data Name="RuleName">EXE</Data>
<Data Name="UtcTime">2025-04-24 05:13:04.195</Data>
<Data Name="ProcessGuid">{59d32d4f-c85d-6809-8601-000000001500}</Data>
<Data Name="ProcessId">4944</Data>
<Data Name="Image">C:\Program Files\7-Zip\7zG.exe</Data>
<Data Name="TargetFilename">C:\Users\Bluecheap\Desktop\SysinternalsSuite\PsService64.exe</Data>
<Data Name="CreationUtcTime">2025-04-24 05:13:04.195</Data>
<Data Name="User">DESKTOP-RL1K13Q\Bluecheap</Data>
</EventData>
</Event>

<Event xmlns="http://schemas.microsoft.com/win/2004/08/events/event"><System><Provider Name="Microsoft-Windows-Sysmon" Guid="{5770385f-c22a-43e0-bf4c-06f5698ffbd9}"></Provider>
<EventID Qualifiers="">2</EventID>
<Version>5</Version>
<Level>4</Level>
<Task>2</Task>
<Opcode>0</Opcode>
<Keywords>0x8000000000000000</Keywords>
<TimeCreated SystemTime="2025-04-24 05:13:04.205629+00:00"></TimeCreated>
<EventRecordID>1046</EventRecordID>
<Correlation ActivityID="" RelatedActivityID=""></Correlation>
<Execution ProcessID="3288" ThreadID="3532"></Execution>
<Channel>Microsoft-Windows-Sysmon/Operational</Channel>
<Computer>DESKTOP-RL1K13Q</Computer>
<Security UserID="S-1-5-18"></Security>
</System>
<EventData><Data Name="RuleName">T1099</Data>
<Data Name="UtcTime">2025-04-24 05:13:04.195</Data>
<Data Name="ProcessGuid">{59d32d4f-c85d-6809-8601-000000001500}</Data>
<Data Name="ProcessId">4944</Data>
<Data Name="Image">C:\Program Files\7-Zip\7zG.exe</Data>
<Data Name="TargetFilename">C:\Users\Bluecheap\Desktop\SysinternalsSuite\PsService64.exe</Data>
<Data Name="CreationUtcTime">2016-06-28 17:41:08.000</Data>
<Data Name="PreviousCreationUtcTime">2025-04-24 05:13:04.195</Data>
<Data Name="User">DESKTOP-RL1K13Q\Bluecheap</Data>
</EventData>
</Event>

<Event xmlns="http://schemas.microsoft.com/win/2004/08/events/event"><System><Provider Name="Microsoft-Windows-Sysmon" Guid="{5770385f-c22a-43e0-bf4c-06f5698ffbd9}"></Provider>
<EventID Qualifiers="">11</EventID>
<Version>2</Version>
<Level>4</Level>
<Task>11</Task>
<Opcode>0</Opcode>
<Keywords>0x8000000000000000</Keywords>
<TimeCreated SystemTime="2025-04-24 05:13:04.217655+00:00"></TimeCreated>
<EventRecordID>1047</EventRecordID>
<Correlation ActivityID="" RelatedActivityID=""></Correlation>
<Execution ProcessID="3288" ThreadID="3532"></Execution>
<Channel>Microsoft-Windows-Sysmon/Operational</Channel>
<Computer>DESKTOP-RL1K13Q</Computer>
<Security UserID="S-1-5-18"></Security>
</System>
<EventData><Data Name="RuleName">EXE</Data>
<Data Name="UtcTime">2025-04-24 05:13:04.195</Data>
<Data Name="ProcessGuid">{59d32d4f-c85d-6809-8601-000000001500}</Data>
<Data Name="ProcessId">4944</Data>
<Data Name="Image">C:\Program Files\7-Zip\7zG.exe</Data>
<Data Name="TargetFilename">C:\Users\Bluecheap\Desktop\SysinternalsSuite\pssuspend.exe</Data>
<Data Name="CreationUtcTime">2025-04-24 05:13:04.195</Data>
<Data Name="User">DESKTOP-RL1K13Q\Bluecheap</Data>
</EventData>
</Event>

<Event xmlns="http://schemas.microsoft.com/win/2004/08/events/event"><System><Provider Name="Microsoft-Windows-Sysmon" Guid="{5770385f-c22a-43e0-bf4c-06f5698ffbd9}"></Provider>
<EventID Qualifiers="">2</EventID>
<Version>5</Version>
<Level>4</Level>
<Task>2</Task>
<Opcode>0</Opcode>
<Keywords>0x8000000000000000</Keywords>
<TimeCreated SystemTime="2025-04-24 05:13:04.224131+00:00"></TimeCreated>
<EventRecordID>1048</EventRecordID>
<Correlation ActivityID="" RelatedActivityID=""></Correlation>
<Execution ProcessID="3288" ThreadID="3532"></Execution>
<Channel>Microsoft-Windows-Sysmon/Operational</Channel>
<Computer>DESKTOP-RL1K13Q</Computer>
<Security UserID="S-1-5-18"></Security>
</System>
<EventData><Data Name="RuleName">T1099</Data>
<Data Name="UtcTime">2025-04-24 05:13:04.211</Data>
<Data Name="ProcessGuid">{59d32d4f-c85d-6809-8601-000000001500}</Data>
<Data Name="ProcessId">4944</Data>
<Data Name="Image">C:\Program Files\7-Zip\7zG.exe</Data>
<Data Name="TargetFilename">C:\Users\Bluecheap\Desktop\SysinternalsSuite\pssuspend.exe</Data>
<Data Name="CreationUtcTime">2016-06-28 18:06:46.000</Data>
<Data Name="PreviousCreationUtcTime">2025-04-24 05:13:04.195</Data>
<Data Name="User">DESKTOP-RL1K13Q\Bluecheap</Data>
</EventData>
</Event>

<Event xmlns="http://schemas.microsoft.com/win/2004/08/events/event"><System><Provider Name="Microsoft-Windows-Sysmon" Guid="{5770385f-c22a-43e0-bf4c-06f5698ffbd9}"></Provider>
<EventID Qualifiers="">11</EventID>
<Version>2</Version>
<Level>4</Level>
<Task>11</Task>
<Opcode>0</Opcode>
<Keywords>0x8000000000000000</Keywords>
<TimeCreated SystemTime="2025-04-24 05:13:04.224236+00:00"></TimeCreated>
<EventRecordID>1049</EventRecordID>
<Correlation ActivityID="" RelatedActivityID=""></Correlation>
<Execution ProcessID="3288" ThreadID="3532"></Execution>
<Channel>Microsoft-Windows-Sysmon/Operational</Channel>
<Computer>DESKTOP-RL1K13Q</Computer>
<Security UserID="S-1-5-18"></Security>
</System>
<EventData><Data Name="RuleName">EXE</Data>
<Data Name="UtcTime">2025-04-24 05:13:04.211</Data>
<Data Name="ProcessGuid">{59d32d4f-c85d-6809-8601-000000001500}</Data>
<Data Name="ProcessId">4944</Data>
<Data Name="Image">C:\Program Files\7-Zip\7zG.exe</Data>
<Data Name="TargetFilename">C:\Users\Bluecheap\Desktop\SysinternalsSuite\pssuspend64.exe</Data>
<Data Name="CreationUtcTime">2025-04-24 05:13:04.211</Data>
<Data Name="User">DESKTOP-RL1K13Q\Bluecheap</Data>
</EventData>
</Event>

<Event xmlns="http://schemas.microsoft.com/win/2004/08/events/event"><System><Provider Name="Microsoft-Windows-Sysmon" Guid="{5770385f-c22a-43e0-bf4c-06f5698ffbd9}"></Provider>
<EventID Qualifiers="">2</EventID>
<Version>5</Version>
<Level>4</Level>
<Task>2</Task>
<Opcode>0</Opcode>
<Keywords>0x8000000000000000</Keywords>
<TimeCreated SystemTime="2025-04-24 05:13:04.230999+00:00"></TimeCreated>
<EventRecordID>1050</EventRecordID>
<Correlation ActivityID="" RelatedActivityID=""></Correlation>
<Execution ProcessID="3288" ThreadID="3532"></Execution>
<Channel>Microsoft-Windows-Sysmon/Operational</Channel>
<Computer>DESKTOP-RL1K13Q</Computer>
<Security UserID="S-1-5-18"></Security>
</System>
<EventData><Data Name="RuleName">T1099</Data>
<Data Name="UtcTime">2025-04-24 05:13:04.225</Data>
<Data Name="ProcessGuid">{59d32d4f-c85d-6809-8601-000000001500}</Data>
<Data Name="ProcessId">4944</Data>
<Data Name="Image">C:\Program Files\7-Zip\7zG.exe</Data>
<Data Name="TargetFilename">C:\Users\Bluecheap\Desktop\SysinternalsSuite\pssuspend64.exe</Data>
<Data Name="CreationUtcTime">2016-06-28 18:01:44.000</Data>
<Data Name="PreviousCreationUtcTime">2025-04-24 05:13:04.211</Data>
<Data Name="User">DESKTOP-RL1K13Q\Bluecheap</Data>
</EventData>
</Event>

<Event xmlns="http://schemas.microsoft.com/win/2004/08/events/event"><System><Provider Name="Microsoft-Windows-Sysmon" Guid="{5770385f-c22a-43e0-bf4c-06f5698ffbd9}"></Provider>
<EventID Qualifiers="">11</EventID>
<Version>2</Version>
<Level>4</Level>
<Task>11</Task>
<Opcode>0</Opcode>
<Keywords>0x8000000000000000</Keywords>
<TimeCreated SystemTime="2025-04-24 05:13:04.233318+00:00"></TimeCreated>
<EventRecordID>1051</EventRecordID>
<Correlation ActivityID="" RelatedActivityID=""></Correlation>
<Execution ProcessID="3288" ThreadID="3532"></Execution>
<Channel>Microsoft-Windows-Sysmon/Operational</Channel>
<Computer>DESKTOP-RL1K13Q</Computer>
<Security UserID="S-1-5-18"></Security>
</System>
<EventData><Data Name="RuleName">-</Data>
<Data Name="UtcTime">2025-04-24 05:13:04.225</Data>
<Data Name="ProcessGuid">{59d32d4f-c85d-6809-8601-000000001500}</Data>
<Data Name="ProcessId">4944</Data>
<Data Name="Image">C:\Program Files\7-Zip\7zG.exe</Data>
<Data Name="TargetFilename">C:\Users\Bluecheap\Desktop\SysinternalsSuite\Pstools.chm</Data>
<Data Name="CreationUtcTime">2025-04-24 05:13:04.225</Data>
<Data Name="User">DESKTOP-RL1K13Q\Bluecheap</Data>
</EventData>
</Event>

<Event xmlns="http://schemas.microsoft.com/win/2004/08/events/event"><System><Provider Name="Microsoft-Windows-Sysmon" Guid="{5770385f-c22a-43e0-bf4c-06f5698ffbd9}"></Provider>
<EventID Qualifiers="">11</EventID>
<Version>2</Version>
<Level>4</Level>
<Task>11</Task>
<Opcode>0</Opcode>
<Keywords>0x8000000000000000</Keywords>
<TimeCreated SystemTime="2025-04-24 05:13:04.287451+00:00"></TimeCreated>
<EventRecordID>1052</EventRecordID>
<Correlation ActivityID="" RelatedActivityID=""></Correlation>
<Execution ProcessID="3288" ThreadID="3532"></Execution>
<Channel>Microsoft-Windows-Sysmon/Operational</Channel>
<Computer>DESKTOP-RL1K13Q</Computer>
<Security UserID="S-1-5-18"></Security>
</System>
<EventData><Data Name="RuleName">EXE</Data>
<Data Name="UtcTime">2025-04-24 05:13:04.241</Data>
<Data Name="ProcessGuid">{59d32d4f-c85d-6809-8601-000000001500}</Data>
<Data Name="ProcessId">4944</Data>
<Data Name="Image">C:\Program Files\7-Zip\7zG.exe</Data>
<Data Name="TargetFilename">C:\Users\Bluecheap\Desktop\SysinternalsSuite\Testlimit.exe</Data>
<Data Name="CreationUtcTime">2025-04-24 05:13:04.241</Data>
<Data Name="User">DESKTOP-RL1K13Q\Bluecheap</Data>
</EventData>
</Event>

<Event xmlns="http://schemas.microsoft.com/win/2004/08/events/event"><System><Provider Name="Microsoft-Windows-Sysmon" Guid="{5770385f-c22a-43e0-bf4c-06f5698ffbd9}"></Provider>
<EventID Qualifiers="">2</EventID>
<Version>5</Version>
<Level>4</Level>
<Task>2</Task>
<Opcode>0</Opcode>
<Keywords>0x8000000000000000</Keywords>
<TimeCreated SystemTime="2025-04-24 05:13:04.287502+00:00"></TimeCreated>
<EventRecordID>1053</EventRecordID>
<Correlation ActivityID="" RelatedActivityID=""></Correlation>
<Execution ProcessID="3288" ThreadID="3532"></Execution>
<Channel>Microsoft-Windows-Sysmon/Operational</Channel>
<Computer>DESKTOP-RL1K13Q</Computer>
<Security UserID="S-1-5-18"></Security>
</System>
<EventData><Data Name="RuleName">T1099</Data>
<Data Name="UtcTime">2025-04-24 05:13:04.241</Data>
<Data Name="ProcessGuid">{59d32d4f-c85d-6809-8601-000000001500}</Data>
<Data Name="ProcessId">4944</Data>
<Data Name="Image">C:\Program Files\7-Zip\7zG.exe</Data>
<Data Name="TargetFilename">C:\Users\Bluecheap\Desktop\SysinternalsSuite\Testlimit.exe</Data>
<Data Name="CreationUtcTime">2016-11-18 15:40:16.000</Data>
<Data Name="PreviousCreationUtcTime">2025-04-24 05:13:04.241</Data>
<Data Name="User">DESKTOP-RL1K13Q\Bluecheap</Data>
</EventData>
</Event>

<Event xmlns="http://schemas.microsoft.com/win/2004/08/events/event"><System><Provider Name="Microsoft-Windows-Sysmon" Guid="{5770385f-c22a-43e0-bf4c-06f5698ffbd9}"></Provider>
<EventID Qualifiers="">11</EventID>
<Version>2</Version>
<Level>4</Level>
<Task>11</Task>
<Opcode>0</Opcode>
<Keywords>0x8000000000000000</Keywords>
<TimeCreated SystemTime="2025-04-24 05:13:04.287554+00:00"></TimeCreated>
<EventRecordID>1054</EventRecordID>
<Correlation ActivityID="" RelatedActivityID=""></Correlation>
<Execution ProcessID="3288" ThreadID="3532"></Execution>
<Channel>Microsoft-Windows-Sysmon/Operational</Channel>
<Computer>DESKTOP-RL1K13Q</Computer>
<Security UserID="S-1-5-18"></Security>
</System>
<EventData><Data Name="RuleName">EXE</Data>
<Data Name="UtcTime">2025-04-24 05:13:04.241</Data>
<Data Name="ProcessGuid">{59d32d4f-c85d-6809-8601-000000001500}</Data>
<Data Name="ProcessId">4944</Data>
<Data Name="Image">C:\Program Files\7-Zip\7zG.exe</Data>
<Data Name="TargetFilename">C:\Users\Bluecheap\Desktop\SysinternalsSuite\Testlimit64.exe</Data>
<Data Name="CreationUtcTime">2025-04-24 05:13:04.241</Data>
<Data Name="User">DESKTOP-RL1K13Q\Bluecheap</Data>
</EventData>
</Event>

<Event xmlns="http://schemas.microsoft.com/win/2004/08/events/event"><System><Provider Name="Microsoft-Windows-Sysmon" Guid="{5770385f-c22a-43e0-bf4c-06f5698ffbd9}"></Provider>
<EventID Qualifiers="">2</EventID>
<Version>5</Version>
<Level>4</Level>
<Task>2</Task>
<Opcode>0</Opcode>
<Keywords>0x8000000000000000</Keywords>
<TimeCreated SystemTime="2025-04-24 05:13:04.287600+00:00"></TimeCreated>
<EventRecordID>1055</EventRecordID>
<Correlation ActivityID="" RelatedActivityID=""></Correlation>
<Execution ProcessID="3288" ThreadID="3532"></Execution>
<Channel>Microsoft-Windows-Sysmon/Operational</Channel>
<Computer>DESKTOP-RL1K13Q</Computer>
<Security UserID="S-1-5-18"></Security>
</System>
<EventData><Data Name="RuleName">T1099</Data>
<Data Name="UtcTime">2025-04-24 05:13:04.257</Data>
<Data Name="ProcessGuid">{59d32d4f-c85d-6809-8601-000000001500}</Data>
<Data Name="ProcessId">4944</Data>
<Data Name="Image">C:\Program Files\7-Zip\7zG.exe</Data>
<Data Name="TargetFilename">C:\Users\Bluecheap\Desktop\SysinternalsSuite\Testlimit64.exe</Data>
<Data Name="CreationUtcTime">2016-11-18 15:38:50.000</Data>
<Data Name="PreviousCreationUtcTime">2025-04-24 05:13:04.241</Data>
<Data Name="User">DESKTOP-RL1K13Q\Bluecheap</Data>
</EventData>
</Event>

<Event xmlns="http://schemas.microsoft.com/win/2004/08/events/event"><System><Provider Name="Microsoft-Windows-Sysmon" Guid="{5770385f-c22a-43e0-bf4c-06f5698ffbd9}"></Provider>
<EventID Qualifiers="">11</EventID>
<Version>2</Version>
<Level>4</Level>
<Task>11</Task>
<Opcode>0</Opcode>
<Keywords>0x8000000000000000</Keywords>
<TimeCreated SystemTime="2025-04-24 05:13:04.287649+00:00"></TimeCreated>
<EventRecordID>1056</EventRecordID>
<Correlation ActivityID="" RelatedActivityID=""></Correlation>
<Execution ProcessID="3288" ThreadID="3532"></Execution>
<Channel>Microsoft-Windows-Sysmon/Operational</Channel>
<Computer>DESKTOP-RL1K13Q</Computer>
<Security UserID="S-1-5-18"></Security>
</System>
<EventData><Data Name="RuleName">EXE</Data>
<Data Name="UtcTime">2025-04-24 05:13:04.257</Data>
<Data Name="ProcessGuid">{59d32d4f-c85d-6809-8601-000000001500}</Data>
<Data Name="ProcessId">4944</Data>
<Data Name="Image">C:\Program Files\7-Zip\7zG.exe</Data>
<Data Name="TargetFilename">C:\Users\Bluecheap\Desktop\SysinternalsSuite\Volumeid.exe</Data>
<Data Name="CreationUtcTime">2025-04-24 05:13:04.257</Data>
<Data Name="User">DESKTOP-RL1K13Q\Bluecheap</Data>
</EventData>
</Event>

<Event xmlns="http://schemas.microsoft.com/win/2004/08/events/event"><System><Provider Name="Microsoft-Windows-Sysmon" Guid="{5770385f-c22a-43e0-bf4c-06f5698ffbd9}"></Provider>
<EventID Qualifiers="">2</EventID>
<Version>5</Version>
<Level>4</Level>
<Task>2</Task>
<Opcode>0</Opcode>
<Keywords>0x8000000000000000</Keywords>
<TimeCreated SystemTime="2025-04-24 05:13:04.287693+00:00"></TimeCreated>
<EventRecordID>1057</EventRecordID>
<Correlation ActivityID="" RelatedActivityID=""></Correlation>
<Execution ProcessID="3288" ThreadID="3532"></Execution>
<Channel>Microsoft-Windows-Sysmon/Operational</Channel>
<Computer>DESKTOP-RL1K13Q</Computer>
<Security UserID="S-1-5-18"></Security>
</System>
<EventData><Data Name="RuleName">T1099</Data>
<Data Name="UtcTime">2025-04-24 05:13:04.272</Data>
<Data Name="ProcessGuid">{59d32d4f-c85d-6809-8601-000000001500}</Data>
<Data Name="ProcessId">4944</Data>
<Data Name="Image">C:\Program Files\7-Zip\7zG.exe</Data>
<Data Name="TargetFilename">C:\Users\Bluecheap\Desktop\SysinternalsSuite\Volumeid.exe</Data>
<Data Name="CreationUtcTime">2016-06-13 03:18:02.000</Data>
<Data Name="PreviousCreationUtcTime">2025-04-24 05:13:04.257</Data>
<Data Name="User">DESKTOP-RL1K13Q\Bluecheap</Data>
</EventData>
</Event>

<Event xmlns="http://schemas.microsoft.com/win/2004/08/events/event"><System><Provider Name="Microsoft-Windows-Sysmon" Guid="{5770385f-c22a-43e0-bf4c-06f5698ffbd9}"></Provider>
<EventID Qualifiers="">11</EventID>
<Version>2</Version>
<Level>4</Level>
<Task>11</Task>
<Opcode>0</Opcode>
<Keywords>0x8000000000000000</Keywords>
<TimeCreated SystemTime="2025-04-24 05:13:04.287947+00:00"></TimeCreated>
<EventRecordID>1058</EventRecordID>
<Correlation ActivityID="" RelatedActivityID=""></Correlation>
<Execution ProcessID="3288" ThreadID="3532"></Execution>
<Channel>Microsoft-Windows-Sysmon/Operational</Channel>
<Computer>DESKTOP-RL1K13Q</Computer>
<Security UserID="S-1-5-18"></Security>
</System>
<EventData><Data Name="RuleName">EXE</Data>
<Data Name="UtcTime">2025-04-24 05:13:04.272</Data>
<Data Name="ProcessGuid">{59d32d4f-c85d-6809-8601-000000001500}</Data>
<Data Name="ProcessId">4944</Data>
<Data Name="Image">C:\Program Files\7-Zip\7zG.exe</Data>
<Data Name="TargetFilename">C:\Users\Bluecheap\Desktop\SysinternalsSuite\Volumeid64.exe</Data>
<Data Name="CreationUtcTime">2025-04-24 05:13:04.272</Data>
<Data Name="User">DESKTOP-RL1K13Q\Bluecheap</Data>
</EventData>
</Event>

<Event xmlns="http://schemas.microsoft.com/win/2004/08/events/event"><System><Provider Name="Microsoft-Windows-Sysmon" Guid="{5770385f-c22a-43e0-bf4c-06f5698ffbd9}"></Provider>
<EventID Qualifiers="">2</EventID>
<Version>5</Version>
<Level>4</Level>
<Task>2</Task>
<Opcode>0</Opcode>
<Keywords>0x8000000000000000</Keywords>
<TimeCreated SystemTime="2025-04-24 05:13:04.328512+00:00"></TimeCreated>
<EventRecordID>1059</EventRecordID>
<Correlation ActivityID="" RelatedActivityID=""></Correlation>
<Execution ProcessID="3288" ThreadID="3532"></Execution>
<Channel>Microsoft-Windows-Sysmon/Operational</Channel>
<Computer>DESKTOP-RL1K13Q</Computer>
<Security UserID="S-1-5-18"></Security>
</System>
<EventData><Data Name="RuleName">T1099</Data>
<Data Name="UtcTime">2025-04-24 05:13:04.288</Data>
<Data Name="ProcessGuid">{59d32d4f-c85d-6809-8601-000000001500}</Data>
<Data Name="ProcessId">4944</Data>
<Data Name="Image">C:\Program Files\7-Zip\7zG.exe</Data>
<Data Name="TargetFilename">C:\Users\Bluecheap\Desktop\SysinternalsSuite\Volumeid64.exe</Data>
<Data Name="CreationUtcTime">2016-06-13 03:15:02.000</Data>
<Data Name="PreviousCreationUtcTime">2025-04-24 05:13:04.272</Data>
<Data Name="User">DESKTOP-RL1K13Q\Bluecheap</Data>
</EventData>
</Event>

<Event xmlns="http://schemas.microsoft.com/win/2004/08/events/event"><System><Provider Name="Microsoft-Windows-Sysmon" Guid="{5770385f-c22a-43e0-bf4c-06f5698ffbd9}"></Provider>
<EventID Qualifiers="">11</EventID>
<Version>2</Version>
<Level>4</Level>
<Task>11</Task>
<Opcode>0</Opcode>
<Keywords>0x8000000000000000</Keywords>
<TimeCreated SystemTime="2025-04-24 05:13:04.328590+00:00"></TimeCreated>
<EventRecordID>1060</EventRecordID>
<Correlation ActivityID="" RelatedActivityID=""></Correlation>
<Execution ProcessID="3288" ThreadID="3532"></Execution>
<Channel>Microsoft-Windows-Sysmon/Operational</Channel>
<Computer>DESKTOP-RL1K13Q</Computer>
<Security UserID="S-1-5-18"></Security>
</System>
<EventData><Data Name="RuleName">EXE</Data>
<Data Name="UtcTime">2025-04-24 05:13:04.288</Data>
<Data Name="ProcessGuid">{59d32d4f-c85d-6809-8601-000000001500}</Data>
<Data Name="ProcessId">4944</Data>
<Data Name="Image">C:\Program Files\7-Zip\7zG.exe</Data>
<Data Name="TargetFilename">C:\Users\Bluecheap\Desktop\SysinternalsSuite\psloglist.exe</Data>
<Data Name="CreationUtcTime">2025-04-24 05:13:04.288</Data>
<Data Name="User">DESKTOP-RL1K13Q\Bluecheap</Data>
</EventData>
</Event>

<Event xmlns="http://schemas.microsoft.com/win/2004/08/events/event"><System><Provider Name="Microsoft-Windows-Sysmon" Guid="{5770385f-c22a-43e0-bf4c-06f5698ffbd9}"></Provider>
<EventID Qualifiers="">11</EventID>
<Version>2</Version>
<Level>4</Level>
<Task>11</Task>
<Opcode>0</Opcode>
<Keywords>0x8000000000000000</Keywords>
<TimeCreated SystemTime="2025-04-24 05:13:04.328711+00:00"></TimeCreated>
<EventRecordID>1061</EventRecordID>
<Correlation ActivityID="" RelatedActivityID=""></Correlation>
<Execution ProcessID="3288" ThreadID="3532"></Execution>
<Channel>Microsoft-Windows-Sysmon/Operational</Channel>
<Computer>DESKTOP-RL1K13Q</Computer>
<Security UserID="S-1-5-18"></Security>
</System>
<EventData><Data Name="RuleName">EXE</Data>
<Data Name="UtcTime">2025-04-24 05:13:04.319</Data>
<Data Name="ProcessGuid">{59d32d4f-c85d-6809-8601-000000001500}</Data>
<Data Name="ProcessId">4944</Data>
<Data Name="Image">C:\Program Files\7-Zip\7zG.exe</Data>
<Data Name="TargetFilename">C:\Users\Bluecheap\Desktop\SysinternalsSuite\psloglist64.exe</Data>
<Data Name="CreationUtcTime">2025-04-24 05:13:04.319</Data>
<Data Name="User">DESKTOP-RL1K13Q\Bluecheap</Data>
</EventData>
</Event>

<Event xmlns="http://schemas.microsoft.com/win/2004/08/events/event"><System><Provider Name="Microsoft-Windows-Sysmon" Guid="{5770385f-c22a-43e0-bf4c-06f5698ffbd9}"></Provider>
<EventID Qualifiers="">11</EventID>
<Version>2</Version>
<Level>4</Level>
<Task>11</Task>
<Opcode>0</Opcode>
<Keywords>0x8000000000000000</Keywords>
<TimeCreated SystemTime="2025-04-24 05:13:04.359606+00:00"></TimeCreated>
<EventRecordID>1062</EventRecordID>
<Correlation ActivityID="" RelatedActivityID=""></Correlation>
<Execution ProcessID="3288" ThreadID="3532"></Execution>
<Channel>Microsoft-Windows-Sysmon/Operational</Channel>
<Computer>DESKTOP-RL1K13Q</Computer>
<Security UserID="S-1-5-18"></Security>
</System>
<EventData><Data Name="RuleName">EXE</Data>
<Data Name="UtcTime">2025-04-24 05:13:04.335</Data>
<Data Name="ProcessGuid">{59d32d4f-c85d-6809-8601-000000001500}</Data>
<Data Name="ProcessId">4944</Data>
<Data Name="Image">C:\Program Files\7-Zip\7zG.exe</Data>
<Data Name="TargetFilename">C:\Users\Bluecheap\Desktop\SysinternalsSuite\CPUSTRES.EXE</Data>
<Data Name="CreationUtcTime">2025-04-24 05:13:04.335</Data>
<Data Name="User">DESKTOP-RL1K13Q\Bluecheap</Data>
</EventData>
</Event>

<Event xmlns="http://schemas.microsoft.com/win/2004/08/events/event"><System><Provider Name="Microsoft-Windows-Sysmon" Guid="{5770385f-c22a-43e0-bf4c-06f5698ffbd9}"></Provider>
<EventID Qualifiers="">11</EventID>
<Version>2</Version>
<Level>4</Level>
<Task>11</Task>
<Opcode>0</Opcode>
<Keywords>0x8000000000000000</Keywords>
<TimeCreated SystemTime="2025-04-24 05:13:04.406643+00:00"></TimeCreated>
<EventRecordID>1063</EventRecordID>
<Correlation ActivityID="" RelatedActivityID=""></Correlation>
<Execution ProcessID="3288" ThreadID="3532"></Execution>
<Channel>Microsoft-Windows-Sysmon/Operational</Channel>
<Computer>DESKTOP-RL1K13Q</Computer>
<Security UserID="S-1-5-18"></Security>
</System>
<EventData><Data Name="RuleName">EXE</Data>
<Data Name="UtcTime">2025-04-24 05:13:04.397</Data>
<Data Name="ProcessGuid">{59d32d4f-c85d-6809-8601-000000001500}</Data>
<Data Name="ProcessId">4944</Data>
<Data Name="Image">C:\Program Files\7-Zip\7zG.exe</Data>
<Data Name="TargetFilename">C:\Users\Bluecheap\Desktop\SysinternalsSuite\CPUSTRES64.EXE</Data>
<Data Name="CreationUtcTime">2025-04-24 05:13:04.397</Data>
<Data Name="User">DESKTOP-RL1K13Q\Bluecheap</Data>
</EventData>
</Event>

<Event xmlns="http://schemas.microsoft.com/win/2004/08/events/event"><System><Provider Name="Microsoft-Windows-Sysmon" Guid="{5770385f-c22a-43e0-bf4c-06f5698ffbd9}"></Provider>
<EventID Qualifiers="">11</EventID>
<Version>2</Version>
<Level>4</Level>
<Task>11</Task>
<Opcode>0</Opcode>
<Keywords>0x8000000000000000</Keywords>
<TimeCreated SystemTime="2025-04-24 05:13:04.496969+00:00"></TimeCreated>
<EventRecordID>1064</EventRecordID>
<Correlation ActivityID="" RelatedActivityID=""></Correlation>
<Execution ProcessID="3288" ThreadID="3532"></Execution>
<Channel>Microsoft-Windows-Sysmon/Operational</Channel>
<Computer>DESKTOP-RL1K13Q</Computer>
<Security UserID="S-1-5-18"></Security>
</System>
<EventData><Data Name="RuleName">EXE</Data>
<Data Name="UtcTime">2025-04-24 05:13:04.476</Data>
<Data Name="ProcessGuid">{59d32d4f-c85d-6809-8601-000000001500}</Data>
<Data Name="ProcessId">4944</Data>
<Data Name="Image">C:\Program Files\7-Zip\7zG.exe</Data>
<Data Name="TargetFilename">C:\Users\Bluecheap\Desktop\SysinternalsSuite\livekd.exe</Data>
<Data Name="CreationUtcTime">2025-04-24 05:13:04.476</Data>
<Data Name="User">DESKTOP-RL1K13Q\Bluecheap</Data>
</EventData>
</Event>

<Event xmlns="http://schemas.microsoft.com/win/2004/08/events/event"><System><Provider Name="Microsoft-Windows-Sysmon" Guid="{5770385f-c22a-43e0-bf4c-06f5698ffbd9}"></Provider>
<EventID Qualifiers="">11</EventID>
<Version>2</Version>
<Level>4</Level>
<Task>11</Task>
<Opcode>0</Opcode>
<Keywords>0x8000000000000000</Keywords>
<TimeCreated SystemTime="2025-04-24 05:13:04.522316+00:00"></TimeCreated>
<EventRecordID>1065</EventRecordID>
<Correlation ActivityID="" RelatedActivityID=""></Correlation>
<Execution ProcessID="3288" ThreadID="3532"></Execution>
<Channel>Microsoft-Windows-Sysmon/Operational</Channel>
<Computer>DESKTOP-RL1K13Q</Computer>
<Security UserID="S-1-5-18"></Security>
</System>
<EventData><Data Name="RuleName">EXE</Data>
<Data Name="UtcTime">2025-04-24 05:13:04.507</Data>
<Data Name="ProcessGuid">{59d32d4f-c85d-6809-8601-000000001500}</Data>
<Data Name="ProcessId">4944</Data>
<Data Name="Image">C:\Program Files\7-Zip\7zG.exe</Data>
<Data Name="TargetFilename">C:\Users\Bluecheap\Desktop\SysinternalsSuite\livekd64.exe</Data>
<Data Name="CreationUtcTime">2025-04-24 05:13:04.507</Data>
<Data Name="User">DESKTOP-RL1K13Q\Bluecheap</Data>
</EventData>
</Event>

<Event xmlns="http://schemas.microsoft.com/win/2004/08/events/event"><System><Provider Name="Microsoft-Windows-Sysmon" Guid="{5770385f-c22a-43e0-bf4c-06f5698ffbd9}"></Provider>
<EventID Qualifiers="">11</EventID>
<Version>2</Version>
<Level>4</Level>
<Task>11</Task>
<Opcode>0</Opcode>
<Keywords>0x8000000000000000</Keywords>
<TimeCreated SystemTime="2025-04-24 05:13:04.550192+00:00"></TimeCreated>
<EventRecordID>1066</EventRecordID>
<Correlation ActivityID="" RelatedActivityID=""></Correlation>
<Execution ProcessID="3288" ThreadID="3532"></Execution>
<Channel>Microsoft-Windows-Sysmon/Operational</Channel>
<Computer>DESKTOP-RL1K13Q</Computer>
<Security UserID="S-1-5-18"></Security>
</System>
<EventData><Data Name="RuleName">EXE</Data>
<Data Name="UtcTime">2025-04-24 05:13:04.541</Data>
<Data Name="ProcessGuid">{59d32d4f-c85d-6809-8601-000000001500}</Data>
<Data Name="ProcessId">4944</Data>
<Data Name="Image">C:\Program Files\7-Zip\7zG.exe</Data>
<Data Name="TargetFilename">C:\Users\Bluecheap\Desktop\SysinternalsSuite\ADInsight.exe</Data>
<Data Name="CreationUtcTime">2025-04-24 05:13:04.541</Data>
<Data Name="User">DESKTOP-RL1K13Q\Bluecheap</Data>
</EventData>
</Event>

<Event xmlns="http://schemas.microsoft.com/win/2004/08/events/event"><System><Provider Name="Microsoft-Windows-Sysmon" Guid="{5770385f-c22a-43e0-bf4c-06f5698ffbd9}"></Provider>
<EventID Qualifiers="">11</EventID>
<Version>2</Version>
<Level>4</Level>
<Task>11</Task>
<Opcode>0</Opcode>
<Keywords>0x8000000000000000</Keywords>
<TimeCreated SystemTime="2025-04-24 05:13:04.653488+00:00"></TimeCreated>
<EventRecordID>1067</EventRecordID>
<Correlation ActivityID="" RelatedActivityID=""></Correlation>
<Execution ProcessID="3288" ThreadID="3532"></Execution>
<Channel>Microsoft-Windows-Sysmon/Operational</Channel>
<Computer>DESKTOP-RL1K13Q</Computer>
<Security UserID="S-1-5-18"></Security>
</System>
<EventData><Data Name="RuleName">EXE</Data>
<Data Name="UtcTime">2025-04-24 05:13:04.647</Data>
<Data Name="ProcessGuid">{59d32d4f-c85d-6809-8601-000000001500}</Data>
<Data Name="ProcessId">4944</Data>
<Data Name="Image">C:\Program Files\7-Zip\7zG.exe</Data>
<Data Name="TargetFilename">C:\Users\Bluecheap\Desktop\SysinternalsSuite\ADInsight64.exe</Data>
<Data Name="CreationUtcTime">2025-04-24 05:13:04.647</Data>
<Data Name="User">DESKTOP-RL1K13Q\Bluecheap</Data>
</EventData>
</Event>

