<Event xmlns="http://schemas.microsoft.com/win/2004/08/events/event"><System><Provider Name="Microsoft-Windows-Sysmon" Guid="{5770385f-c22a-43e0-bf4c-06f5698ffbd9}"></Provider>
<EventID Qualifiers="">13</EventID>
<Version>2</Version>
<Level>4</Level>
<Task>13</Task>
<Opcode>0</Opcode>
<Keywords>0x8000000000000000</Keywords>
<TimeCreated SystemTime="2025-04-24 05:08:01.243713+00:00"></TimeCreated>
<EventRecordID>326</EventRecordID>
<Correlation ActivityID="" RelatedActivityID=""></Correlation>
<Execution ProcessID="3288" ThreadID="3532"></Execution>
<Channel>Microsoft-Windows-Sysmon/Operational</Channel>
<Computer>DESKTOP-RL1K13Q</Computer>
<Security UserID="S-1-5-18"></Security>
</System>
<EventData><Data Name="RuleName">InvDB-Ver</Data>
<Data Name="EventType">SetValue</Data>
<Data Name="UtcTime">2025-04-24 05:08:01.226</Data>
<Data Name="ProcessGuid">{59d32d4f-c6ec-6809-d800-000000001500}</Data>
<Data Name="ProcessId">5384</Data>
<Data Name="Image">C:\Windows\system32\CompatTelRunner.exe</Data>
<Data Name="TargetObject">\REGISTRY\A\{62ff99c8-dfc3-9e30-47dc-3e55891c7ff4}\Root\InventoryApplicationFile\cookie_exporter.|a64bfc57f0b54a3d\BinProductVersion</Data>
<Data Name="Details">135.0.3179.73</Data>
<Data Name="User">NT AUTHORITY\SYSTEM</Data>
</EventData>
</Event>

<Event xmlns="http://schemas.microsoft.com/win/2004/08/events/event"><System><Provider Name="Microsoft-Windows-Sysmon" Guid="{5770385f-c22a-43e0-bf4c-06f5698ffbd9}"></Provider>
<EventID Qualifiers="">13</EventID>
<Version>2</Version>
<Level>4</Level>
<Task>13</Task>
<Opcode>0</Opcode>
<Keywords>0x8000000000000000</Keywords>
<TimeCreated SystemTime="2025-04-24 05:08:01.251684+00:00"></TimeCreated>
<EventRecordID>327</EventRecordID>
<Correlation ActivityID="" RelatedActivityID=""></Correlation>
<Execution ProcessID="3288" ThreadID="3532"></Execution>
<Channel>Microsoft-Windows-Sysmon/Operational</Channel>
<Computer>DESKTOP-RL1K13Q</Computer>
<Security UserID="S-1-5-18"></Security>
</System>
<EventData><Data Name="RuleName">InvDB-Path</Data>
<Data Name="EventType">SetValue</Data>
<Data Name="UtcTime">2025-04-24 05:08:01.241</Data>
<Data Name="ProcessGuid">{59d32d4f-c6ec-6809-d800-000000001500}</Data>
<Data Name="ProcessId">5384</Data>
<Data Name="Image">C:\Windows\system32\CompatTelRunner.exe</Data>
<Data Name="TargetObject">\REGISTRY\A\{62ff99c8-dfc3-9e30-47dc-3e55891c7ff4}\Root\InventoryApplicationFile\cookie_exporter.|cb89cf43dfdb56be\LowerCaseLongPath</Data>
<Data Name="Details">c:\program files (x86)\microsoft\edgecore\122.0.2365.92.1e1c0542-0792-47e8-a4f7-94ebf475752d\cookie_exporter.exe</Data>
<Data Name="User">NT AUTHORITY\SYSTEM</Data>
</EventData>
</Event>

<Event xmlns="http://schemas.microsoft.com/win/2004/08/events/event"><System><Provider Name="Microsoft-Windows-Sysmon" Guid="{5770385f-c22a-43e0-bf4c-06f5698ffbd9}"></Provider>
<EventID Qualifiers="">13</EventID>
<Version>2</Version>
<Level>4</Level>
<Task>13</Task>
<Opcode>0</Opcode>
<Keywords>0x8000000000000000</Keywords>
<TimeCreated SystemTime="2025-04-24 05:08:01.253363+00:00"></TimeCreated>
<EventRecordID>328</EventRecordID>
<Correlation ActivityID="" RelatedActivityID=""></Correlation>
<Execution ProcessID="3288" ThreadID="3532"></Execution>
<Channel>Microsoft-Windows-Sysmon/Operational</Channel>
<Computer>DESKTOP-RL1K13Q</Computer>
<Security UserID="S-1-5-18"></Security>
</System>
<EventData><Data Name="RuleName">InvDB-Pub</Data>
<Data Name="EventType">SetValue</Data>
<Data Name="UtcTime">2025-04-24 05:08:01.241</Data>
<Data Name="ProcessGuid">{59d32d4f-c6ec-6809-d800-000000001500}</Data>
<Data Name="ProcessId">5384</Data>
<Data Name="Image">C:\Windows\system32\CompatTelRunner.exe</Data>
<Data Name="TargetObject">\REGISTRY\A\{62ff99c8-dfc3-9e30-47dc-3e55891c7ff4}\Root\InventoryApplicationFile\cookie_exporter.|cb89cf43dfdb56be\Publisher</Data>
<Data Name="Details">microsoft corporation</Data>
<Data Name="User">NT AUTHORITY\SYSTEM</Data>
</EventData>
</Event>

<Event xmlns="http://schemas.microsoft.com/win/2004/08/events/event"><System><Provider Name="Microsoft-Windows-Sysmon" Guid="{5770385f-c22a-43e0-bf4c-06f5698ffbd9}"></Provider>
<EventID Qualifiers="">13</EventID>
<Version>2</Version>
<Level>4</Level>
<Task>13</Task>
<Opcode>0</Opcode>
<Keywords>0x8000000000000000</Keywords>
<TimeCreated SystemTime="2025-04-24 05:08:01.256952+00:00"></TimeCreated>
<EventRecordID>329</EventRecordID>
<Correlation ActivityID="" RelatedActivityID=""></Correlation>
<Execution ProcessID="3288" ThreadID="3532"></Execution>
<Channel>Microsoft-Windows-Sysmon/Operational</Channel>
<Computer>DESKTOP-RL1K13Q</Computer>
<Security UserID="S-1-5-18"></Security>
</System>
<EventData><Data Name="RuleName">InvDB-CompileTimeClaim</Data>
<Data Name="EventType">SetValue</Data>
<Data Name="UtcTime">2025-04-24 05:08:01.241</Data>
<Data Name="ProcessGuid">{59d32d4f-c6ec-6809-d800-000000001500}</Data>
<Data Name="ProcessId">5384</Data>
<Data Name="Image">C:\Windows\system32\CompatTelRunner.exe</Data>
<Data Name="TargetObject">\REGISTRY\A\{62ff99c8-dfc3-9e30-47dc-3e55891c7ff4}\Root\InventoryApplicationFile\cookie_exporter.|cb89cf43dfdb56be\LinkDate</Data>
<Data Name="Details">03/13/2024 20:36:06</Data>
<Data Name="User">NT AUTHORITY\SYSTEM</Data>
</EventData>
</Event>

<Event xmlns="http://schemas.microsoft.com/win/2004/08/events/event"><System><Provider Name="Microsoft-Windows-Sysmon" Guid="{5770385f-c22a-43e0-bf4c-06f5698ffbd9}"></Provider>
<EventID Qualifiers="">13</EventID>
<Version>2</Version>
<Level>4</Level>
<Task>13</Task>
<Opcode>0</Opcode>
<Keywords>0x8000000000000000</Keywords>
<TimeCreated SystemTime="2025-04-24 05:08:01.257549+00:00"></TimeCreated>
<EventRecordID>330</EventRecordID>
<Correlation ActivityID="" RelatedActivityID=""></Correlation>
<Execution ProcessID="3288" ThreadID="3532"></Execution>
<Channel>Microsoft-Windows-Sysmon/Operational</Channel>
<Computer>DESKTOP-RL1K13Q</Computer>
<Security UserID="S-1-5-18"></Security>
</System>
<EventData><Data Name="RuleName">InvDB-Ver</Data>
<Data Name="EventType">SetValue</Data>
<Data Name="UtcTime">2025-04-24 05:08:01.241</Data>
<Data Name="ProcessGuid">{59d32d4f-c6ec-6809-d800-000000001500}</Data>
<Data Name="ProcessId">5384</Data>
<Data Name="Image">C:\Windows\system32\CompatTelRunner.exe</Data>
<Data Name="TargetObject">\REGISTRY\A\{62ff99c8-dfc3-9e30-47dc-3e55891c7ff4}\Root\InventoryApplicationFile\cookie_exporter.|cb89cf43dfdb56be\BinProductVersion</Data>
<Data Name="Details">122.0.2365.92</Data>
<Data Name="User">NT AUTHORITY\SYSTEM</Data>
</EventData>
</Event>

<Event xmlns="http://schemas.microsoft.com/win/2004/08/events/event"><System><Provider Name="Microsoft-Windows-Sysmon" Guid="{5770385f-c22a-43e0-bf4c-06f5698ffbd9}"></Provider>
<EventID Qualifiers="">13</EventID>
<Version>2</Version>
<Level>4</Level>
<Task>13</Task>
<Opcode>0</Opcode>
<Keywords>0x8000000000000000</Keywords>
<TimeCreated SystemTime="2025-04-24 05:08:01.367374+00:00"></TimeCreated>
<EventRecordID>331</EventRecordID>
<Correlation ActivityID="" RelatedActivityID=""></Correlation>
<Execution ProcessID="3288" ThreadID="3532"></Execution>
<Channel>Microsoft-Windows-Sysmon/Operational</Channel>
<Computer>DESKTOP-RL1K13Q</Computer>
<Security UserID="S-1-5-18"></Security>
</System>
<EventData><Data Name="RuleName">InvDB-Path</Data>
<Data Name="EventType">SetValue</Data>
<Data Name="UtcTime">2025-04-24 05:08:01.335</Data>
<Data Name="ProcessGuid">{59d32d4f-c6ec-6809-d800-000000001500}</Data>
<Data Name="ProcessId">5384</Data>
<Data Name="Image">C:\Windows\system32\CompatTelRunner.exe</Data>
<Data Name="TargetObject">\REGISTRY\A\{62ff99c8-dfc3-9e30-47dc-3e55891c7ff4}\Root\InventoryApplicationFile\elevated_tracing|2fe0620fb218cfbc\LowerCaseLongPath</Data>
<Data Name="Details">c:\program files (x86)\microsoft\edge\application\135.0.3179.73\elevated_tracing_service.exe</Data>
<Data Name="User">NT AUTHORITY\SYSTEM</Data>
</EventData>
</Event>

<Event xmlns="http://schemas.microsoft.com/win/2004/08/events/event"><System><Provider Name="Microsoft-Windows-Sysmon" Guid="{5770385f-c22a-43e0-bf4c-06f5698ffbd9}"></Provider>
<EventID Qualifiers="">13</EventID>
<Version>2</Version>
<Level>4</Level>
<Task>13</Task>
<Opcode>0</Opcode>
<Keywords>0x8000000000000000</Keywords>
<TimeCreated SystemTime="2025-04-24 05:08:01.367964+00:00"></TimeCreated>
<EventRecordID>332</EventRecordID>
<Correlation ActivityID="" RelatedActivityID=""></Correlation>
<Execution ProcessID="3288" ThreadID="3532"></Execution>
<Channel>Microsoft-Windows-Sysmon/Operational</Channel>
<Computer>DESKTOP-RL1K13Q</Computer>
<Security UserID="S-1-5-18"></Security>
</System>
<EventData><Data Name="RuleName">InvDB-Pub</Data>
<Data Name="EventType">SetValue</Data>
<Data Name="UtcTime">2025-04-24 05:08:01.335</Data>
<Data Name="ProcessGuid">{59d32d4f-c6ec-6809-d800-000000001500}</Data>
<Data Name="ProcessId">5384</Data>
<Data Name="Image">C:\Windows\system32\CompatTelRunner.exe</Data>
<Data Name="TargetObject">\REGISTRY\A\{62ff99c8-dfc3-9e30-47dc-3e55891c7ff4}\Root\InventoryApplicationFile\elevated_tracing|2fe0620fb218cfbc\Publisher</Data>
<Data Name="Details">microsoft corporation</Data>
<Data Name="User">NT AUTHORITY\SYSTEM</Data>
</EventData>
</Event>

<Event xmlns="http://schemas.microsoft.com/win/2004/08/events/event"><System><Provider Name="Microsoft-Windows-Sysmon" Guid="{5770385f-c22a-43e0-bf4c-06f5698ffbd9}"></Provider>
<EventID Qualifiers="">13</EventID>
<Version>2</Version>
<Level>4</Level>
<Task>13</Task>
<Opcode>0</Opcode>
<Keywords>0x8000000000000000</Keywords>
<TimeCreated SystemTime="2025-04-24 05:08:01.368940+00:00"></TimeCreated>
<EventRecordID>333</EventRecordID>
<Correlation ActivityID="" RelatedActivityID=""></Correlation>
<Execution ProcessID="3288" ThreadID="3532"></Execution>
<Channel>Microsoft-Windows-Sysmon/Operational</Channel>
<Computer>DESKTOP-RL1K13Q</Computer>
<Security UserID="S-1-5-18"></Security>
</System>
<EventData><Data Name="RuleName">InvDB-CompileTimeClaim</Data>
<Data Name="EventType">SetValue</Data>
<Data Name="UtcTime">2025-04-24 05:08:01.335</Data>
<Data Name="ProcessGuid">{59d32d4f-c6ec-6809-d800-000000001500}</Data>
<Data Name="ProcessId">5384</Data>
<Data Name="Image">C:\Windows\system32\CompatTelRunner.exe</Data>
<Data Name="TargetObject">\REGISTRY\A\{62ff99c8-dfc3-9e30-47dc-3e55891c7ff4}\Root\InventoryApplicationFile\elevated_tracing|2fe0620fb218cfbc\LinkDate</Data>
<Data Name="Details">04/11/2025 01:33:03</Data>
<Data Name="User">NT AUTHORITY\SYSTEM</Data>
</EventData>
</Event>

<Event xmlns="http://schemas.microsoft.com/win/2004/08/events/event"><System><Provider Name="Microsoft-Windows-Sysmon" Guid="{5770385f-c22a-43e0-bf4c-06f5698ffbd9}"></Provider>
<EventID Qualifiers="">13</EventID>
<Version>2</Version>
<Level>4</Level>
<Task>13</Task>
<Opcode>0</Opcode>
<Keywords>0x8000000000000000</Keywords>
<TimeCreated SystemTime="2025-04-24 05:08:01.369110+00:00"></TimeCreated>
<EventRecordID>334</EventRecordID>
<Correlation ActivityID="" RelatedActivityID=""></Correlation>
<Execution ProcessID="3288" ThreadID="3532"></Execution>
<Channel>Microsoft-Windows-Sysmon/Operational</Channel>
<Computer>DESKTOP-RL1K13Q</Computer>
<Security UserID="S-1-5-18"></Security>
</System>
<EventData><Data Name="RuleName">InvDB-Ver</Data>
<Data Name="EventType">SetValue</Data>
<Data Name="UtcTime">2025-04-24 05:08:01.335</Data>
<Data Name="ProcessGuid">{59d32d4f-c6ec-6809-d800-000000001500}</Data>
<Data Name="ProcessId">5384</Data>
<Data Name="Image">C:\Windows\system32\CompatTelRunner.exe</Data>
<Data Name="TargetObject">\REGISTRY\A\{62ff99c8-dfc3-9e30-47dc-3e55891c7ff4}\Root\InventoryApplicationFile\elevated_tracing|2fe0620fb218cfbc\BinProductVersion</Data>
<Data Name="Details">135.0.3179.73</Data>
<Data Name="User">NT AUTHORITY\SYSTEM</Data>
</EventData>
</Event>

<Event xmlns="http://schemas.microsoft.com/win/2004/08/events/event"><System><Provider Name="Microsoft-Windows-Sysmon" Guid="{5770385f-c22a-43e0-bf4c-06f5698ffbd9}"></Provider>
<EventID Qualifiers="">13</EventID>
<Version>2</Version>
<Level>4</Level>
<Task>13</Task>
<Opcode>0</Opcode>
<Keywords>0x8000000000000000</Keywords>
<TimeCreated SystemTime="2025-04-24 05:08:01.376392+00:00"></TimeCreated>
<EventRecordID>335</EventRecordID>
<Correlation ActivityID="" RelatedActivityID=""></Correlation>
<Execution ProcessID="3288" ThreadID="3532"></Execution>
<Channel>Microsoft-Windows-Sysmon/Operational</Channel>
<Computer>DESKTOP-RL1K13Q</Computer>
<Security UserID="S-1-5-18"></Security>
</System>
<EventData><Data Name="RuleName">InvDB-Path</Data>
<Data Name="EventType">SetValue</Data>
<Data Name="UtcTime">2025-04-24 05:08:01.366</Data>
<Data Name="ProcessGuid">{59d32d4f-c6ec-6809-d800-000000001500}</Data>
<Data Name="ProcessId">5384</Data>
<Data Name="Image">C:\Windows\system32\CompatTelRunner.exe</Data>
<Data Name="TargetObject">\REGISTRY\A\{62ff99c8-dfc3-9e30-47dc-3e55891c7ff4}\Root\InventoryApplicationFile\elevated_tracing|afa1fc918aaa72cb\LowerCaseLongPath</Data>
<Data Name="Details">c:\program files (x86)\microsoft\edgecore\135.0.3179.73\elevated_tracing_service.exe</Data>
<Data Name="User">NT AUTHORITY\SYSTEM</Data>
</EventData>
</Event>

<Event xmlns="http://schemas.microsoft.com/win/2004/08/events/event"><System><Provider Name="Microsoft-Windows-Sysmon" Guid="{5770385f-c22a-43e0-bf4c-06f5698ffbd9}"></Provider>
<EventID Qualifiers="">13</EventID>
<Version>2</Version>
<Level>4</Level>
<Task>13</Task>
<Opcode>0</Opcode>
<Keywords>0x8000000000000000</Keywords>
<TimeCreated SystemTime="2025-04-24 05:08:01.377151+00:00"></TimeCreated>
<EventRecordID>336</EventRecordID>
<Correlation ActivityID="" RelatedActivityID=""></Correlation>
<Execution ProcessID="3288" ThreadID="3532"></Execution>
<Channel>Microsoft-Windows-Sysmon/Operational</Channel>
<Computer>DESKTOP-RL1K13Q</Computer>
<Security UserID="S-1-5-18"></Security>
</System>
<EventData><Data Name="RuleName">InvDB-Pub</Data>
<Data Name="EventType">SetValue</Data>
<Data Name="UtcTime">2025-04-24 05:08:01.366</Data>
<Data Name="ProcessGuid">{59d32d4f-c6ec-6809-d800-000000001500}</Data>
<Data Name="ProcessId">5384</Data>
<Data Name="Image">C:\Windows\system32\CompatTelRunner.exe</Data>
<Data Name="TargetObject">\REGISTRY\A\{62ff99c8-dfc3-9e30-47dc-3e55891c7ff4}\Root\InventoryApplicationFile\elevated_tracing|afa1fc918aaa72cb\Publisher</Data>
<Data Name="Details">microsoft corporation</Data>
<Data Name="User">NT AUTHORITY\SYSTEM</Data>
</EventData>
</Event>

<Event xmlns="http://schemas.microsoft.com/win/2004/08/events/event"><System><Provider Name="Microsoft-Windows-Sysmon" Guid="{5770385f-c22a-43e0-bf4c-06f5698ffbd9}"></Provider>
<EventID Qualifiers="">13</EventID>
<Version>2</Version>
<Level>4</Level>
<Task>13</Task>
<Opcode>0</Opcode>
<Keywords>0x8000000000000000</Keywords>
<TimeCreated SystemTime="2025-04-24 05:08:01.378241+00:00"></TimeCreated>
<EventRecordID>337</EventRecordID>
<Correlation ActivityID="" RelatedActivityID=""></Correlation>
<Execution ProcessID="3288" ThreadID="3532"></Execution>
<Channel>Microsoft-Windows-Sysmon/Operational</Channel>
<Computer>DESKTOP-RL1K13Q</Computer>
<Security UserID="S-1-5-18"></Security>
</System>
<EventData><Data Name="RuleName">InvDB-CompileTimeClaim</Data>
<Data Name="EventType">SetValue</Data>
<Data Name="UtcTime">2025-04-24 05:08:01.366</Data>
<Data Name="ProcessGuid">{59d32d4f-c6ec-6809-d800-000000001500}</Data>
<Data Name="ProcessId">5384</Data>
<Data Name="Image">C:\Windows\system32\CompatTelRunner.exe</Data>
<Data Name="TargetObject">\REGISTRY\A\{62ff99c8-dfc3-9e30-47dc-3e55891c7ff4}\Root\InventoryApplicationFile\elevated_tracing|afa1fc918aaa72cb\LinkDate</Data>
<Data Name="Details">04/11/2025 01:33:03</Data>
<Data Name="User">NT AUTHORITY\SYSTEM</Data>
</EventData>
</Event>

<Event xmlns="http://schemas.microsoft.com/win/2004/08/events/event"><System><Provider Name="Microsoft-Windows-Sysmon" Guid="{5770385f-c22a-43e0-bf4c-06f5698ffbd9}"></Provider>
<EventID Qualifiers="">13</EventID>
<Version>2</Version>
<Level>4</Level>
<Task>13</Task>
<Opcode>0</Opcode>
<Keywords>0x8000000000000000</Keywords>
<TimeCreated SystemTime="2025-04-24 05:08:01.378426+00:00"></TimeCreated>
<EventRecordID>338</EventRecordID>
<Correlation ActivityID="" RelatedActivityID=""></Correlation>
<Execution ProcessID="3288" ThreadID="3532"></Execution>
<Channel>Microsoft-Windows-Sysmon/Operational</Channel>
<Computer>DESKTOP-RL1K13Q</Computer>
<Security UserID="S-1-5-18"></Security>
</System>
<EventData><Data Name="RuleName">InvDB-Ver</Data>
<Data Name="EventType">SetValue</Data>
<Data Name="UtcTime">2025-04-24 05:08:01.366</Data>
<Data Name="ProcessGuid">{59d32d4f-c6ec-6809-d800-000000001500}</Data>
<Data Name="ProcessId">5384</Data>
<Data Name="Image">C:\Windows\system32\CompatTelRunner.exe</Data>
<Data Name="TargetObject">\REGISTRY\A\{62ff99c8-dfc3-9e30-47dc-3e55891c7ff4}\Root\InventoryApplicationFile\elevated_tracing|afa1fc918aaa72cb\BinProductVersion</Data>
<Data Name="Details">135.0.3179.73</Data>
<Data Name="User">NT AUTHORITY\SYSTEM</Data>
</EventData>
</Event>

<Event xmlns="http://schemas.microsoft.com/win/2004/08/events/event"><System><Provider Name="Microsoft-Windows-Sysmon" Guid="{5770385f-c22a-43e0-bf4c-06f5698ffbd9}"></Provider>
<EventID Qualifiers="">13</EventID>
<Version>2</Version>
<Level>4</Level>
<Task>13</Task>
<Opcode>0</Opcode>
<Keywords>0x8000000000000000</Keywords>
<TimeCreated SystemTime="2025-04-24 05:08:01.424274+00:00"></TimeCreated>
<EventRecordID>339</EventRecordID>
<Correlation ActivityID="" RelatedActivityID=""></Correlation>
<Execution ProcessID="3288" ThreadID="3532"></Execution>
<Channel>Microsoft-Windows-Sysmon/Operational</Channel>
<Computer>DESKTOP-RL1K13Q</Computer>
<Security UserID="S-1-5-18"></Security>
</System>
<EventData><Data Name="RuleName">InvDB-Path</Data>
<Data Name="EventType">SetValue</Data>
<Data Name="UtcTime">2025-04-24 05:08:01.413</Data>
<Data Name="ProcessGuid">{59d32d4f-c6ec-6809-d800-000000001500}</Data>
<Data Name="ProcessId">5384</Data>
<Data Name="Image">C:\Windows\system32\CompatTelRunner.exe</Data>
<Data Name="TargetObject">\REGISTRY\A\{62ff99c8-dfc3-9e30-47dc-3e55891c7ff4}\Root\InventoryApplicationFile\elevation_servic|20fd3a29e36a37d\LowerCaseLongPath</Data>
<Data Name="Details">c:\program files (x86)\microsoft\edge\application\135.0.3179.73\elevation_service.exe</Data>
<Data Name="User">NT AUTHORITY\SYSTEM</Data>
</EventData>
</Event>

<Event xmlns="http://schemas.microsoft.com/win/2004/08/events/event"><System><Provider Name="Microsoft-Windows-Sysmon" Guid="{5770385f-c22a-43e0-bf4c-06f5698ffbd9}"></Provider>
<EventID Qualifiers="">13</EventID>
<Version>2</Version>
<Level>4</Level>
<Task>13</Task>
<Opcode>0</Opcode>
<Keywords>0x8000000000000000</Keywords>
<TimeCreated SystemTime="2025-04-24 05:08:01.425121+00:00"></TimeCreated>
<EventRecordID>340</EventRecordID>
<Correlation ActivityID="" RelatedActivityID=""></Correlation>
<Execution ProcessID="3288" ThreadID="3532"></Execution>
<Channel>Microsoft-Windows-Sysmon/Operational</Channel>
<Computer>DESKTOP-RL1K13Q</Computer>
<Security UserID="S-1-5-18"></Security>
</System>
<EventData><Data Name="RuleName">InvDB-Pub</Data>
<Data Name="EventType">SetValue</Data>
<Data Name="UtcTime">2025-04-24 05:08:01.413</Data>
<Data Name="ProcessGuid">{59d32d4f-c6ec-6809-d800-000000001500}</Data>
<Data Name="ProcessId">5384</Data>
<Data Name="Image">C:\Windows\system32\CompatTelRunner.exe</Data>
<Data Name="TargetObject">\REGISTRY\A\{62ff99c8-dfc3-9e30-47dc-3e55891c7ff4}\Root\InventoryApplicationFile\elevation_servic|20fd3a29e36a37d\Publisher</Data>
<Data Name="Details">microsoft corporation</Data>
<Data Name="User">NT AUTHORITY\SYSTEM</Data>
</EventData>
</Event>

<Event xmlns="http://schemas.microsoft.com/win/2004/08/events/event"><System><Provider Name="Microsoft-Windows-Sysmon" Guid="{5770385f-c22a-43e0-bf4c-06f5698ffbd9}"></Provider>
<EventID Qualifiers="">13</EventID>
<Version>2</Version>
<Level>4</Level>
<Task>13</Task>
<Opcode>0</Opcode>
<Keywords>0x8000000000000000</Keywords>
<TimeCreated SystemTime="2025-04-24 05:08:01.426287+00:00"></TimeCreated>
<EventRecordID>341</EventRecordID>
<Correlation ActivityID="" RelatedActivityID=""></Correlation>
<Execution ProcessID="3288" ThreadID="3532"></Execution>
<Channel>Microsoft-Windows-Sysmon/Operational</Channel>
<Computer>DESKTOP-RL1K13Q</Computer>
<Security UserID="S-1-5-18"></Security>
</System>
<EventData><Data Name="RuleName">InvDB-CompileTimeClaim</Data>
<Data Name="EventType">SetValue</Data>
<Data Name="UtcTime">2025-04-24 05:08:01.413</Data>
<Data Name="ProcessGuid">{59d32d4f-c6ec-6809-d800-000000001500}</Data>
<Data Name="ProcessId">5384</Data>
<Data Name="Image">C:\Windows\system32\CompatTelRunner.exe</Data>
<Data Name="TargetObject">\REGISTRY\A\{62ff99c8-dfc3-9e30-47dc-3e55891c7ff4}\Root\InventoryApplicationFile\elevation_servic|20fd3a29e36a37d\LinkDate</Data>
<Data Name="Details">04/11/2025 01:33:03</Data>
<Data Name="User">NT AUTHORITY\SYSTEM</Data>
</EventData>
</Event>

<Event xmlns="http://schemas.microsoft.com/win/2004/08/events/event"><System><Provider Name="Microsoft-Windows-Sysmon" Guid="{5770385f-c22a-43e0-bf4c-06f5698ffbd9}"></Provider>
<EventID Qualifiers="">13</EventID>
<Version>2</Version>
<Level>4</Level>
<Task>13</Task>
<Opcode>0</Opcode>
<Keywords>0x8000000000000000</Keywords>
<TimeCreated SystemTime="2025-04-24 05:08:01.426460+00:00"></TimeCreated>
<EventRecordID>342</EventRecordID>
<Correlation ActivityID="" RelatedActivityID=""></Correlation>
<Execution ProcessID="3288" ThreadID="3532"></Execution>
<Channel>Microsoft-Windows-Sysmon/Operational</Channel>
<Computer>DESKTOP-RL1K13Q</Computer>
<Security UserID="S-1-5-18"></Security>
</System>
<EventData><Data Name="RuleName">InvDB-Ver</Data>
<Data Name="EventType">SetValue</Data>
<Data Name="UtcTime">2025-04-24 05:08:01.413</Data>
<Data Name="ProcessGuid">{59d32d4f-c6ec-6809-d800-000000001500}</Data>
<Data Name="ProcessId">5384</Data>
<Data Name="Image">C:\Windows\system32\CompatTelRunner.exe</Data>
<Data Name="TargetObject">\REGISTRY\A\{62ff99c8-dfc3-9e30-47dc-3e55891c7ff4}\Root\InventoryApplicationFile\elevation_servic|20fd3a29e36a37d\BinProductVersion</Data>
<Data Name="Details">135.0.3179.73</Data>
<Data Name="User">NT AUTHORITY\SYSTEM</Data>
</EventData>
</Event>

<Event xmlns="http://schemas.microsoft.com/win/2004/08/events/event"><System><Provider Name="Microsoft-Windows-Sysmon" Guid="{5770385f-c22a-43e0-bf4c-06f5698ffbd9}"></Provider>
<EventID Qualifiers="">13</EventID>
<Version>2</Version>
<Level>4</Level>
<Task>13</Task>
<Opcode>0</Opcode>
<Keywords>0x8000000000000000</Keywords>
<TimeCreated SystemTime="2025-04-24 05:08:01.492596+00:00"></TimeCreated>
<EventRecordID>343</EventRecordID>
<Correlation ActivityID="" RelatedActivityID=""></Correlation>
<Execution ProcessID="3288" ThreadID="3532"></Execution>
<Channel>Microsoft-Windows-Sysmon/Operational</Channel>
<Computer>DESKTOP-RL1K13Q</Computer>
<Security UserID="S-1-5-18"></Security>
</System>
<EventData><Data Name="RuleName">InvDB-Path</Data>
<Data Name="EventType">SetValue</Data>
<Data Name="UtcTime">2025-04-24 05:08:01.460</Data>
<Data Name="ProcessGuid">{59d32d4f-c6ec-6809-d800-000000001500}</Data>
<Data Name="ProcessId">5384</Data>
<Data Name="Image">C:\Windows\system32\CompatTelRunner.exe</Data>
<Data Name="TargetObject">\REGISTRY\A\{62ff99c8-dfc3-9e30-47dc-3e55891c7ff4}\Root\InventoryApplicationFile\elevation_servic|986e0aecf4f7b79d\LowerCaseLongPath</Data>
<Data Name="Details">c:\program files (x86)\microsoft\edgecore\122.0.2365.92.1e1c0542-0792-47e8-a4f7-94ebf475752d\elevation_service.exe</Data>
<Data Name="User">NT AUTHORITY\SYSTEM</Data>
</EventData>
</Event>

<Event xmlns="http://schemas.microsoft.com/win/2004/08/events/event"><System><Provider Name="Microsoft-Windows-Sysmon" Guid="{5770385f-c22a-43e0-bf4c-06f5698ffbd9}"></Provider>
<EventID Qualifiers="">13</EventID>
<Version>2</Version>
<Level>4</Level>
<Task>13</Task>
<Opcode>0</Opcode>
<Keywords>0x8000000000000000</Keywords>
<TimeCreated SystemTime="2025-04-24 05:08:01.493252+00:00"></TimeCreated>
<EventRecordID>344</EventRecordID>
<Correlation ActivityID="" RelatedActivityID=""></Correlation>
<Execution ProcessID="3288" ThreadID="3532"></Execution>
<Channel>Microsoft-Windows-Sysmon/Operational</Channel>
<Computer>DESKTOP-RL1K13Q</Computer>
<Security UserID="S-1-5-18"></Security>
</System>
<EventData><Data Name="RuleName">InvDB-Pub</Data>
<Data Name="EventType">SetValue</Data>
<Data Name="UtcTime">2025-04-24 05:08:01.460</Data>
<Data Name="ProcessGuid">{59d32d4f-c6ec-6809-d800-000000001500}</Data>
<Data Name="ProcessId">5384</Data>
<Data Name="Image">C:\Windows\system32\CompatTelRunner.exe</Data>
<Data Name="TargetObject">\REGISTRY\A\{62ff99c8-dfc3-9e30-47dc-3e55891c7ff4}\Root\InventoryApplicationFile\elevation_servic|986e0aecf4f7b79d\Publisher</Data>
<Data Name="Details">microsoft corporation</Data>
<Data Name="User">NT AUTHORITY\SYSTEM</Data>
</EventData>
</Event>

<Event xmlns="http://schemas.microsoft.com/win/2004/08/events/event"><System><Provider Name="Microsoft-Windows-Sysmon" Guid="{5770385f-c22a-43e0-bf4c-06f5698ffbd9}"></Provider>
<EventID Qualifiers="">13</EventID>
<Version>2</Version>
<Level>4</Level>
<Task>13</Task>
<Opcode>0</Opcode>
<Keywords>0x8000000000000000</Keywords>
<TimeCreated SystemTime="2025-04-24 05:08:01.494539+00:00"></TimeCreated>
<EventRecordID>345</EventRecordID>
<Correlation ActivityID="" RelatedActivityID=""></Correlation>
<Execution ProcessID="3288" ThreadID="3532"></Execution>
<Channel>Microsoft-Windows-Sysmon/Operational</Channel>
<Computer>DESKTOP-RL1K13Q</Computer>
<Security UserID="S-1-5-18"></Security>
</System>
<EventData><Data Name="RuleName">InvDB-CompileTimeClaim</Data>
<Data Name="EventType">SetValue</Data>
<Data Name="UtcTime">2025-04-24 05:08:01.460</Data>
<Data Name="ProcessGuid">{59d32d4f-c6ec-6809-d800-000000001500}</Data>
<Data Name="ProcessId">5384</Data>
<Data Name="Image">C:\Windows\system32\CompatTelRunner.exe</Data>
<Data Name="TargetObject">\REGISTRY\A\{62ff99c8-dfc3-9e30-47dc-3e55891c7ff4}\Root\InventoryApplicationFile\elevation_servic|986e0aecf4f7b79d\LinkDate</Data>
<Data Name="Details">03/13/2024 20:36:06</Data>
<Data Name="User">NT AUTHORITY\SYSTEM</Data>
</EventData>
</Event>

<Event xmlns="http://schemas.microsoft.com/win/2004/08/events/event"><System><Provider Name="Microsoft-Windows-Sysmon" Guid="{5770385f-c22a-43e0-bf4c-06f5698ffbd9}"></Provider>
<EventID Qualifiers="">13</EventID>
<Version>2</Version>
<Level>4</Level>
<Task>13</Task>
<Opcode>0</Opcode>
<Keywords>0x8000000000000000</Keywords>
<TimeCreated SystemTime="2025-04-24 05:08:01.494720+00:00"></TimeCreated>
<EventRecordID>346</EventRecordID>
<Correlation ActivityID="" RelatedActivityID=""></Correlation>
<Execution ProcessID="3288" ThreadID="3532"></Execution>
<Channel>Microsoft-Windows-Sysmon/Operational</Channel>
<Computer>DESKTOP-RL1K13Q</Computer>
<Security UserID="S-1-5-18"></Security>
</System>
<EventData><Data Name="RuleName">InvDB-Ver</Data>
<Data Name="EventType">SetValue</Data>
<Data Name="UtcTime">2025-04-24 05:08:01.460</Data>
<Data Name="ProcessGuid">{59d32d4f-c6ec-6809-d800-000000001500}</Data>
<Data Name="ProcessId">5384</Data>
<Data Name="Image">C:\Windows\system32\CompatTelRunner.exe</Data>
<Data Name="TargetObject">\REGISTRY\A\{62ff99c8-dfc3-9e30-47dc-3e55891c7ff4}\Root\InventoryApplicationFile\elevation_servic|986e0aecf4f7b79d\BinProductVersion</Data>
<Data Name="Details">122.0.2365.92</Data>
<Data Name="User">NT AUTHORITY\SYSTEM</Data>
</EventData>
</Event>

<Event xmlns="http://schemas.microsoft.com/win/2004/08/events/event"><System><Provider Name="Microsoft-Windows-Sysmon" Guid="{5770385f-c22a-43e0-bf4c-06f5698ffbd9}"></Provider>
<EventID Qualifiers="">13</EventID>
<Version>2</Version>
<Level>4</Level>
<Task>13</Task>
<Opcode>0</Opcode>
<Keywords>0x8000000000000000</Keywords>
<TimeCreated SystemTime="2025-04-24 05:08:01.496351+00:00"></TimeCreated>
<EventRecordID>347</EventRecordID>
<Correlation ActivityID="" RelatedActivityID=""></Correlation>
<Execution ProcessID="3288" ThreadID="3532"></Execution>
<Channel>Microsoft-Windows-Sysmon/Operational</Channel>
<Computer>DESKTOP-RL1K13Q</Computer>
<Security UserID="S-1-5-18"></Security>
</System>
<EventData><Data Name="RuleName">InvDB-Path</Data>
<Data Name="EventType">SetValue</Data>
<Data Name="UtcTime">2025-04-24 05:08:01.476</Data>
<Data Name="ProcessGuid">{59d32d4f-c6ec-6809-d800-000000001500}</Data>
<Data Name="ProcessId">5384</Data>
<Data Name="Image">C:\Windows\system32\CompatTelRunner.exe</Data>
<Data Name="TargetObject">\REGISTRY\A\{62ff99c8-dfc3-9e30-47dc-3e55891c7ff4}\Root\InventoryApplicationFile\elevation_servic|aa0c3d57aa07c165\LowerCaseLongPath</Data>
<Data Name="Details">c:\program files (x86)\microsoft\edgecore\135.0.3179.73\elevation_service.exe</Data>
<Data Name="User">NT AUTHORITY\SYSTEM</Data>
</EventData>
</Event>

<Event xmlns="http://schemas.microsoft.com/win/2004/08/events/event"><System><Provider Name="Microsoft-Windows-Sysmon" Guid="{5770385f-c22a-43e0-bf4c-06f5698ffbd9}"></Provider>
<EventID Qualifiers="">13</EventID>
<Version>2</Version>
<Level>4</Level>
<Task>13</Task>
<Opcode>0</Opcode>
<Keywords>0x8000000000000000</Keywords>
<TimeCreated SystemTime="2025-04-24 05:08:01.497013+00:00"></TimeCreated>
<EventRecordID>348</EventRecordID>
<Correlation ActivityID="" RelatedActivityID=""></Correlation>
<Execution ProcessID="3288" ThreadID="3532"></Execution>
<Channel>Microsoft-Windows-Sysmon/Operational</Channel>
<Computer>DESKTOP-RL1K13Q</Computer>
<Security UserID="S-1-5-18"></Security>
</System>
<EventData><Data Name="RuleName">InvDB-Pub</Data>
<Data Name="EventType">SetValue</Data>
<Data Name="UtcTime">2025-04-24 05:08:01.476</Data>
<Data Name="ProcessGuid">{59d32d4f-c6ec-6809-d800-000000001500}</Data>
<Data Name="ProcessId">5384</Data>
<Data Name="Image">C:\Windows\system32\CompatTelRunner.exe</Data>
<Data Name="TargetObject">\REGISTRY\A\{62ff99c8-dfc3-9e30-47dc-3e55891c7ff4}\Root\InventoryApplicationFile\elevation_servic|aa0c3d57aa07c165\Publisher</Data>
<Data Name="Details">microsoft corporation</Data>
<Data Name="User">NT AUTHORITY\SYSTEM</Data>
</EventData>
</Event>

<Event xmlns="http://schemas.microsoft.com/win/2004/08/events/event"><System><Provider Name="Microsoft-Windows-Sysmon" Guid="{5770385f-c22a-43e0-bf4c-06f5698ffbd9}"></Provider>
<EventID Qualifiers="">13</EventID>
<Version>2</Version>
<Level>4</Level>
<Task>13</Task>
<Opcode>0</Opcode>
<Keywords>0x8000000000000000</Keywords>
<TimeCreated SystemTime="2025-04-24 05:08:01.498991+00:00"></TimeCreated>
<EventRecordID>349</EventRecordID>
<Correlation ActivityID="" RelatedActivityID=""></Correlation>
<Execution ProcessID="3288" ThreadID="3532"></Execution>
<Channel>Microsoft-Windows-Sysmon/Operational</Channel>
<Computer>DESKTOP-RL1K13Q</Computer>
<Security UserID="S-1-5-18"></Security>
</System>
<EventData><Data Name="RuleName">InvDB-CompileTimeClaim</Data>
<Data Name="EventType">SetValue</Data>
<Data Name="UtcTime">2025-04-24 05:08:01.476</Data>
<Data Name="ProcessGuid">{59d32d4f-c6ec-6809-d800-000000001500}</Data>
<Data Name="ProcessId">5384</Data>
<Data Name="Image">C:\Windows\system32\CompatTelRunner.exe</Data>
<Data Name="TargetObject">\REGISTRY\A\{62ff99c8-dfc3-9e30-47dc-3e55891c7ff4}\Root\InventoryApplicationFile\elevation_servic|aa0c3d57aa07c165\LinkDate</Data>
<Data Name="Details">04/11/2025 01:33:03</Data>
<Data Name="User">NT AUTHORITY\SYSTEM</Data>
</EventData>
</Event>

<Event xmlns="http://schemas.microsoft.com/win/2004/08/events/event"><System><Provider Name="Microsoft-Windows-Sysmon" Guid="{5770385f-c22a-43e0-bf4c-06f5698ffbd9}"></Provider>
<EventID Qualifiers="">13</EventID>
<Version>2</Version>
<Level>4</Level>
<Task>13</Task>
<Opcode>0</Opcode>
<Keywords>0x8000000000000000</Keywords>
<TimeCreated SystemTime="2025-04-24 05:08:01.499166+00:00"></TimeCreated>
<EventRecordID>350</EventRecordID>
<Correlation ActivityID="" RelatedActivityID=""></Correlation>
<Execution ProcessID="3288" ThreadID="3532"></Execution>
<Channel>Microsoft-Windows-Sysmon/Operational</Channel>
<Computer>DESKTOP-RL1K13Q</Computer>
<Security UserID="S-1-5-18"></Security>
</System>
<EventData><Data Name="RuleName">InvDB-Ver</Data>
<Data Name="EventType">SetValue</Data>
<Data Name="UtcTime">2025-04-24 05:08:01.476</Data>
<Data Name="ProcessGuid">{59d32d4f-c6ec-6809-d800-000000001500}</Data>
<Data Name="ProcessId">5384</Data>
<Data Name="Image">C:\Windows\system32\CompatTelRunner.exe</Data>
<Data Name="TargetObject">\REGISTRY\A\{62ff99c8-dfc3-9e30-47dc-3e55891c7ff4}\Root\InventoryApplicationFile\elevation_servic|aa0c3d57aa07c165\BinProductVersion</Data>
<Data Name="Details">135.0.3179.73</Data>
<Data Name="User">NT AUTHORITY\SYSTEM</Data>
</EventData>
</Event>

<Event xmlns="http://schemas.microsoft.com/win/2004/08/events/event"><System><Provider Name="Microsoft-Windows-Sysmon" Guid="{5770385f-c22a-43e0-bf4c-06f5698ffbd9}"></Provider>
<EventID Qualifiers="">13</EventID>
<Version>2</Version>
<Level>4</Level>
<Task>13</Task>
<Opcode>0</Opcode>
<Keywords>0x8000000000000000</Keywords>
<TimeCreated SystemTime="2025-04-24 05:08:01.614889+00:00"></TimeCreated>
<EventRecordID>351</EventRecordID>
<Correlation ActivityID="" RelatedActivityID=""></Correlation>
<Execution ProcessID="3288" ThreadID="3532"></Execution>
<Channel>Microsoft-Windows-Sysmon/Operational</Channel>
<Computer>DESKTOP-RL1K13Q</Computer>
<Security UserID="S-1-5-18"></Security>
</System>
<EventData><Data Name="RuleName">InvDB-Path</Data>
<Data Name="EventType">SetValue</Data>
<Data Name="UtcTime">2025-04-24 05:08:01.602</Data>
<Data Name="ProcessGuid">{59d32d4f-c6ec-6809-d800-000000001500}</Data>
<Data Name="ProcessId">5384</Data>
<Data Name="Image">C:\Windows\system32\CompatTelRunner.exe</Data>
<Data Name="TargetObject">\REGISTRY\A\{62ff99c8-dfc3-9e30-47dc-3e55891c7ff4}\Root\InventoryApplicationFile\googleupdate.exe|1386b2f326868855\LowerCaseLongPath</Data>
<Data Name="Details">c:\program files (x86)\google\update\googleupdate.exe</Data>
<Data Name="User">NT AUTHORITY\SYSTEM</Data>
</EventData>
</Event>

<Event xmlns="http://schemas.microsoft.com/win/2004/08/events/event"><System><Provider Name="Microsoft-Windows-Sysmon" Guid="{5770385f-c22a-43e0-bf4c-06f5698ffbd9}"></Provider>
<EventID Qualifiers="">13</EventID>
<Version>2</Version>
<Level>4</Level>
<Task>13</Task>
<Opcode>0</Opcode>
<Keywords>0x8000000000000000</Keywords>
<TimeCreated SystemTime="2025-04-24 05:08:01.615702+00:00"></TimeCreated>
<EventRecordID>352</EventRecordID>
<Correlation ActivityID="" RelatedActivityID=""></Correlation>
<Execution ProcessID="3288" ThreadID="3532"></Execution>
<Channel>Microsoft-Windows-Sysmon/Operational</Channel>
<Computer>DESKTOP-RL1K13Q</Computer>
<Security UserID="S-1-5-18"></Security>
</System>
<EventData><Data Name="RuleName">InvDB-Pub</Data>
<Data Name="EventType">SetValue</Data>
<Data Name="UtcTime">2025-04-24 05:08:01.602</Data>
<Data Name="ProcessGuid">{59d32d4f-c6ec-6809-d800-000000001500}</Data>
<Data Name="ProcessId">5384</Data>
<Data Name="Image">C:\Windows\system32\CompatTelRunner.exe</Data>
<Data Name="TargetObject">\REGISTRY\A\{62ff99c8-dfc3-9e30-47dc-3e55891c7ff4}\Root\InventoryApplicationFile\googleupdate.exe|1386b2f326868855\Publisher</Data>
<Data Name="Details">google llc</Data>
<Data Name="User">NT AUTHORITY\SYSTEM</Data>
</EventData>
</Event>

<Event xmlns="http://schemas.microsoft.com/win/2004/08/events/event"><System><Provider Name="Microsoft-Windows-Sysmon" Guid="{5770385f-c22a-43e0-bf4c-06f5698ffbd9}"></Provider>
<EventID Qualifiers="">13</EventID>
<Version>2</Version>
<Level>4</Level>
<Task>13</Task>
<Opcode>0</Opcode>
<Keywords>0x8000000000000000</Keywords>
<TimeCreated SystemTime="2025-04-24 05:08:01.617956+00:00"></TimeCreated>
<EventRecordID>353</EventRecordID>
<Correlation ActivityID="" RelatedActivityID=""></Correlation>
<Execution ProcessID="3288" ThreadID="3532"></Execution>
<Channel>Microsoft-Windows-Sysmon/Operational</Channel>
<Computer>DESKTOP-RL1K13Q</Computer>
<Security UserID="S-1-5-18"></Security>
</System>
<EventData><Data Name="RuleName">InvDB-CompileTimeClaim</Data>
<Data Name="EventType">SetValue</Data>
<Data Name="UtcTime">2025-04-24 05:08:01.602</Data>
<Data Name="ProcessGuid">{59d32d4f-c6ec-6809-d800-000000001500}</Data>
<Data Name="ProcessId">5384</Data>
<Data Name="Image">C:\Windows\system32\CompatTelRunner.exe</Data>
<Data Name="TargetObject">\REGISTRY\A\{62ff99c8-dfc3-9e30-47dc-3e55891c7ff4}\Root\InventoryApplicationFile\googleupdate.exe|1386b2f326868855\LinkDate</Data>
<Data Name="Details">04/17/2025 03:02:18</Data>
<Data Name="User">NT AUTHORITY\SYSTEM</Data>
</EventData>
</Event>

<Event xmlns="http://schemas.microsoft.com/win/2004/08/events/event"><System><Provider Name="Microsoft-Windows-Sysmon" Guid="{5770385f-c22a-43e0-bf4c-06f5698ffbd9}"></Provider>
<EventID Qualifiers="">13</EventID>
<Version>2</Version>
<Level>4</Level>
<Task>13</Task>
<Opcode>0</Opcode>
<Keywords>0x8000000000000000</Keywords>
<TimeCreated SystemTime="2025-04-24 05:08:01.618483+00:00"></TimeCreated>
<EventRecordID>354</EventRecordID>
<Correlation ActivityID="" RelatedActivityID=""></Correlation>
<Execution ProcessID="3288" ThreadID="3532"></Execution>
<Channel>Microsoft-Windows-Sysmon/Operational</Channel>
<Computer>DESKTOP-RL1K13Q</Computer>
<Security UserID="S-1-5-18"></Security>
</System>
<EventData><Data Name="RuleName">InvDB-Ver</Data>
<Data Name="EventType">SetValue</Data>
<Data Name="UtcTime">2025-04-24 05:08:01.602</Data>
<Data Name="ProcessGuid">{59d32d4f-c6ec-6809-d800-000000001500}</Data>
<Data Name="ProcessId">5384</Data>
<Data Name="Image">C:\Windows\system32\CompatTelRunner.exe</Data>
<Data Name="TargetObject">\REGISTRY\A\{62ff99c8-dfc3-9e30-47dc-3e55891c7ff4}\Root\InventoryApplicationFile\googleupdate.exe|1386b2f326868855\BinProductVersion</Data>
<Data Name="Details">137.0.7129.0</Data>
<Data Name="User">NT AUTHORITY\SYSTEM</Data>
</EventData>
</Event>

<Event xmlns="http://schemas.microsoft.com/win/2004/08/events/event"><System><Provider Name="Microsoft-Windows-Sysmon" Guid="{5770385f-c22a-43e0-bf4c-06f5698ffbd9}"></Provider>
<EventID Qualifiers="">13</EventID>
<Version>2</Version>
<Level>4</Level>
<Task>13</Task>
<Opcode>0</Opcode>
<Keywords>0x8000000000000000</Keywords>
<TimeCreated SystemTime="2025-04-24 05:08:01.682705+00:00"></TimeCreated>
<EventRecordID>355</EventRecordID>
<Correlation ActivityID="" RelatedActivityID=""></Correlation>
<Execution ProcessID="3288" ThreadID="3532"></Execution>
<Channel>Microsoft-Windows-Sysmon/Operational</Channel>
<Computer>DESKTOP-RL1K13Q</Computer>
<Security UserID="S-1-5-18"></Security>
</System>
<EventData><Data Name="RuleName">InvDB-Path</Data>
<Data Name="EventType">SetValue</Data>
<Data Name="UtcTime">2025-04-24 05:08:01.678</Data>
<Data Name="ProcessGuid">{59d32d4f-c6ec-6809-d800-000000001500}</Data>
<Data Name="ProcessId">5384</Data>
<Data Name="Image">C:\Windows\system32\CompatTelRunner.exe</Data>
<Data Name="TargetObject">\REGISTRY\A\{62ff99c8-dfc3-9e30-47dc-3e55891c7ff4}\Root\InventoryApplicationFile\identity_helper.|40f79c3e5d1b18e2\LowerCaseLongPath</Data>
<Data Name="Details">c:\program files (x86)\microsoft\edge\application\135.0.3179.73\identity_helper.exe</Data>
<Data Name="User">NT AUTHORITY\SYSTEM</Data>
</EventData>
</Event>

<Event xmlns="http://schemas.microsoft.com/win/2004/08/events/event"><System><Provider Name="Microsoft-Windows-Sysmon" Guid="{5770385f-c22a-43e0-bf4c-06f5698ffbd9}"></Provider>
<EventID Qualifiers="">13</EventID>
<Version>2</Version>
<Level>4</Level>
<Task>13</Task>
<Opcode>0</Opcode>
<Keywords>0x8000000000000000</Keywords>
<TimeCreated SystemTime="2025-04-24 05:08:01.683372+00:00"></TimeCreated>
<EventRecordID>356</EventRecordID>
<Correlation ActivityID="" RelatedActivityID=""></Correlation>
<Execution ProcessID="3288" ThreadID="3532"></Execution>
<Channel>Microsoft-Windows-Sysmon/Operational</Channel>
<Computer>DESKTOP-RL1K13Q</Computer>
<Security UserID="S-1-5-18"></Security>
</System>
<EventData><Data Name="RuleName">InvDB-Pub</Data>
<Data Name="EventType">SetValue</Data>
<Data Name="UtcTime">2025-04-24 05:08:01.678</Data>
<Data Name="ProcessGuid">{59d32d4f-c6ec-6809-d800-000000001500}</Data>
<Data Name="ProcessId">5384</Data>
<Data Name="Image">C:\Windows\system32\CompatTelRunner.exe</Data>
<Data Name="TargetObject">\REGISTRY\A\{62ff99c8-dfc3-9e30-47dc-3e55891c7ff4}\Root\InventoryApplicationFile\identity_helper.|40f79c3e5d1b18e2\Publisher</Data>
<Data Name="Details">microsoft corporation</Data>
<Data Name="User">NT AUTHORITY\SYSTEM</Data>
</EventData>
</Event>

<Event xmlns="http://schemas.microsoft.com/win/2004/08/events/event"><System><Provider Name="Microsoft-Windows-Sysmon" Guid="{5770385f-c22a-43e0-bf4c-06f5698ffbd9}"></Provider>
<EventID Qualifiers="">13</EventID>
<Version>2</Version>
<Level>4</Level>
<Task>13</Task>
<Opcode>0</Opcode>
<Keywords>0x8000000000000000</Keywords>
<TimeCreated SystemTime="2025-04-24 05:08:01.684586+00:00"></TimeCreated>
<EventRecordID>357</EventRecordID>
<Correlation ActivityID="" RelatedActivityID=""></Correlation>
<Execution ProcessID="3288" ThreadID="3532"></Execution>
<Channel>Microsoft-Windows-Sysmon/Operational</Channel>
<Computer>DESKTOP-RL1K13Q</Computer>
<Security UserID="S-1-5-18"></Security>
</System>
<EventData><Data Name="RuleName">InvDB-CompileTimeClaim</Data>
<Data Name="EventType">SetValue</Data>
<Data Name="UtcTime">2025-04-24 05:08:01.678</Data>
<Data Name="ProcessGuid">{59d32d4f-c6ec-6809-d800-000000001500}</Data>
<Data Name="ProcessId">5384</Data>
<Data Name="Image">C:\Windows\system32\CompatTelRunner.exe</Data>
<Data Name="TargetObject">\REGISTRY\A\{62ff99c8-dfc3-9e30-47dc-3e55891c7ff4}\Root\InventoryApplicationFile\identity_helper.|40f79c3e5d1b18e2\LinkDate</Data>
<Data Name="Details">04/11/2025 01:33:03</Data>
<Data Name="User">NT AUTHORITY\SYSTEM</Data>
</EventData>
</Event>

<Event xmlns="http://schemas.microsoft.com/win/2004/08/events/event"><System><Provider Name="Microsoft-Windows-Sysmon" Guid="{5770385f-c22a-43e0-bf4c-06f5698ffbd9}"></Provider>
<EventID Qualifiers="">13</EventID>
<Version>2</Version>
<Level>4</Level>
<Task>13</Task>
<Opcode>0</Opcode>
<Keywords>0x8000000000000000</Keywords>
<TimeCreated SystemTime="2025-04-24 05:08:01.684765+00:00"></TimeCreated>
<EventRecordID>358</EventRecordID>
<Correlation ActivityID="" RelatedActivityID=""></Correlation>
<Execution ProcessID="3288" ThreadID="3532"></Execution>
<Channel>Microsoft-Windows-Sysmon/Operational</Channel>
<Computer>DESKTOP-RL1K13Q</Computer>
<Security UserID="S-1-5-18"></Security>
</System>
<EventData><Data Name="RuleName">InvDB-Ver</Data>
<Data Name="EventType">SetValue</Data>
<Data Name="UtcTime">2025-04-24 05:08:01.678</Data>
<Data Name="ProcessGuid">{59d32d4f-c6ec-6809-d800-000000001500}</Data>
<Data Name="ProcessId">5384</Data>
<Data Name="Image">C:\Windows\system32\CompatTelRunner.exe</Data>
<Data Name="TargetObject">\REGISTRY\A\{62ff99c8-dfc3-9e30-47dc-3e55891c7ff4}\Root\InventoryApplicationFile\identity_helper.|40f79c3e5d1b18e2\BinProductVersion</Data>
<Data Name="Details">135.0.3179.73</Data>
<Data Name="User">NT AUTHORITY\SYSTEM</Data>
</EventData>
</Event>

<Event xmlns="http://schemas.microsoft.com/win/2004/08/events/event"><System><Provider Name="Microsoft-Windows-Sysmon" Guid="{5770385f-c22a-43e0-bf4c-06f5698ffbd9}"></Provider>
<EventID Qualifiers="">13</EventID>
<Version>2</Version>
<Level>4</Level>
<Task>13</Task>
<Opcode>0</Opcode>
<Keywords>0x8000000000000000</Keywords>
<TimeCreated SystemTime="2025-04-24 05:08:01.694557+00:00"></TimeCreated>
<EventRecordID>359</EventRecordID>
<Correlation ActivityID="" RelatedActivityID=""></Correlation>
<Execution ProcessID="3288" ThreadID="3532"></Execution>
<Channel>Microsoft-Windows-Sysmon/Operational</Channel>
<Computer>DESKTOP-RL1K13Q</Computer>
<Security UserID="S-1-5-18"></Security>
</System>
<EventData><Data Name="RuleName">InvDB-Path</Data>
<Data Name="EventType">SetValue</Data>
<Data Name="UtcTime">2025-04-24 05:08:01.678</Data>
<Data Name="ProcessGuid">{59d32d4f-c6ec-6809-d800-000000001500}</Data>
<Data Name="ProcessId">5384</Data>
<Data Name="Image">C:\Windows\system32\CompatTelRunner.exe</Data>
<Data Name="TargetObject">\REGISTRY\A\{62ff99c8-dfc3-9e30-47dc-3e55891c7ff4}\Root\InventoryApplicationFile\identity_helper.|9fbc9815d7728969\LowerCaseLongPath</Data>
<Data Name="Details">c:\program files (x86)\microsoft\edgecore\135.0.3179.73\identity_helper.exe</Data>
<Data Name="User">NT AUTHORITY\SYSTEM</Data>
</EventData>
</Event>

<Event xmlns="http://schemas.microsoft.com/win/2004/08/events/event"><System><Provider Name="Microsoft-Windows-Sysmon" Guid="{5770385f-c22a-43e0-bf4c-06f5698ffbd9}"></Provider>
<EventID Qualifiers="">13</EventID>
<Version>2</Version>
<Level>4</Level>
<Task>13</Task>
<Opcode>0</Opcode>
<Keywords>0x8000000000000000</Keywords>
<TimeCreated SystemTime="2025-04-24 05:08:01.695877+00:00"></TimeCreated>
<EventRecordID>360</EventRecordID>
<Correlation ActivityID="" RelatedActivityID=""></Correlation>
<Execution ProcessID="3288" ThreadID="3532"></Execution>
<Channel>Microsoft-Windows-Sysmon/Operational</Channel>
<Computer>DESKTOP-RL1K13Q</Computer>
<Security UserID="S-1-5-18"></Security>
</System>
<EventData><Data Name="RuleName">InvDB-Pub</Data>
<Data Name="EventType">SetValue</Data>
<Data Name="UtcTime">2025-04-24 05:08:01.678</Data>
<Data Name="ProcessGuid">{59d32d4f-c6ec-6809-d800-000000001500}</Data>
<Data Name="ProcessId">5384</Data>
<Data Name="Image">C:\Windows\system32\CompatTelRunner.exe</Data>
<Data Name="TargetObject">\REGISTRY\A\{62ff99c8-dfc3-9e30-47dc-3e55891c7ff4}\Root\InventoryApplicationFile\identity_helper.|9fbc9815d7728969\Publisher</Data>
<Data Name="Details">microsoft corporation</Data>
<Data Name="User">NT AUTHORITY\SYSTEM</Data>
</EventData>
</Event>

<Event xmlns="http://schemas.microsoft.com/win/2004/08/events/event"><System><Provider Name="Microsoft-Windows-Sysmon" Guid="{5770385f-c22a-43e0-bf4c-06f5698ffbd9}"></Provider>
<EventID Qualifiers="">13</EventID>
<Version>2</Version>
<Level>4</Level>
<Task>13</Task>
<Opcode>0</Opcode>
<Keywords>0x8000000000000000</Keywords>
<TimeCreated SystemTime="2025-04-24 05:08:01.697229+00:00"></TimeCreated>
<EventRecordID>361</EventRecordID>
<Correlation ActivityID="" RelatedActivityID=""></Correlation>
<Execution ProcessID="3288" ThreadID="3532"></Execution>
<Channel>Microsoft-Windows-Sysmon/Operational</Channel>
<Computer>DESKTOP-RL1K13Q</Computer>
<Security UserID="S-1-5-18"></Security>
</System>
<EventData><Data Name="RuleName">InvDB-CompileTimeClaim</Data>
<Data Name="EventType">SetValue</Data>
<Data Name="UtcTime">2025-04-24 05:08:01.694</Data>
<Data Name="ProcessGuid">{59d32d4f-c6ec-6809-d800-000000001500}</Data>
<Data Name="ProcessId">5384</Data>
<Data Name="Image">C:\Windows\system32\CompatTelRunner.exe</Data>
<Data Name="TargetObject">\REGISTRY\A\{62ff99c8-dfc3-9e30-47dc-3e55891c7ff4}\Root\InventoryApplicationFile\identity_helper.|9fbc9815d7728969\LinkDate</Data>
<Data Name="Details">04/11/2025 01:33:03</Data>
<Data Name="User">NT AUTHORITY\SYSTEM</Data>
</EventData>
</Event>

<Event xmlns="http://schemas.microsoft.com/win/2004/08/events/event"><System><Provider Name="Microsoft-Windows-Sysmon" Guid="{5770385f-c22a-43e0-bf4c-06f5698ffbd9}"></Provider>
<EventID Qualifiers="">13</EventID>
<Version>2</Version>
<Level>4</Level>
<Task>13</Task>
<Opcode>0</Opcode>
<Keywords>0x8000000000000000</Keywords>
<TimeCreated SystemTime="2025-04-24 05:08:01.697641+00:00"></TimeCreated>
<EventRecordID>362</EventRecordID>
<Correlation ActivityID="" RelatedActivityID=""></Correlation>
<Execution ProcessID="3288" ThreadID="3532"></Execution>
<Channel>Microsoft-Windows-Sysmon/Operational</Channel>
<Computer>DESKTOP-RL1K13Q</Computer>
<Security UserID="S-1-5-18"></Security>
</System>
<EventData><Data Name="RuleName">InvDB-Ver</Data>
<Data Name="EventType">SetValue</Data>
<Data Name="UtcTime">2025-04-24 05:08:01.694</Data>
<Data Name="ProcessGuid">{59d32d4f-c6ec-6809-d800-000000001500}</Data>
<Data Name="ProcessId">5384</Data>
<Data Name="Image">C:\Windows\system32\CompatTelRunner.exe</Data>
<Data Name="TargetObject">\REGISTRY\A\{62ff99c8-dfc3-9e30-47dc-3e55891c7ff4}\Root\InventoryApplicationFile\identity_helper.|9fbc9815d7728969\BinProductVersion</Data>
<Data Name="Details">135.0.3179.73</Data>
<Data Name="User">NT AUTHORITY\SYSTEM</Data>
</EventData>
</Event>

<Event xmlns="http://schemas.microsoft.com/win/2004/08/events/event"><System><Provider Name="Microsoft-Windows-Sysmon" Guid="{5770385f-c22a-43e0-bf4c-06f5698ffbd9}"></Provider>
<EventID Qualifiers="">13</EventID>
<Version>2</Version>
<Level>4</Level>
<Task>13</Task>
<Opcode>0</Opcode>
<Keywords>0x8000000000000000</Keywords>
<TimeCreated SystemTime="2025-04-24 05:08:01.734211+00:00"></TimeCreated>
<EventRecordID>363</EventRecordID>
<Correlation ActivityID="" RelatedActivityID=""></Correlation>
<Execution ProcessID="3288" ThreadID="3532"></Execution>
<Channel>Microsoft-Windows-Sysmon/Operational</Channel>
<Computer>DESKTOP-RL1K13Q</Computer>
<Security UserID="S-1-5-18"></Security>
</System>
<EventData><Data Name="RuleName">InvDB-Path</Data>
<Data Name="EventType">SetValue</Data>
<Data Name="UtcTime">2025-04-24 05:08:01.727</Data>
<Data Name="ProcessGuid">{59d32d4f-c6ec-6809-d800-000000001500}</Data>
<Data Name="ProcessId">5384</Data>
<Data Name="Image">C:\Windows\system32\CompatTelRunner.exe</Data>
<Data Name="TargetObject">\REGISTRY\A\{62ff99c8-dfc3-9e30-47dc-3e55891c7ff4}\Root\InventoryApplicationFile\identity_helper.|be55afdf046b59fe\LowerCaseLongPath</Data>
<Data Name="Details">c:\program files (x86)\microsoft\edgecore\122.0.2365.92.1e1c0542-0792-47e8-a4f7-94ebf475752d\identity_helper.exe</Data>
<Data Name="User">NT AUTHORITY\SYSTEM</Data>
</EventData>
</Event>

