<Event xmlns="http://schemas.microsoft.com/win/2004/08/events/event"><System><Provider Name="Microsoft-Windows-Sysmon" Guid="{5770385f-c22a-43e0-bf4c-06f5698ffbd9}"></Provider>
<EventID Qualifiers="">13</EventID>
<Version>2</Version>
<Level>4</Level>
<Task>13</Task>
<Opcode>0</Opcode>
<Keywords>0x8000000000000000</Keywords>
<TimeCreated SystemTime="2025-04-24 05:08:03.672699+00:00"></TimeCreated>
<EventRecordID>592</EventRecordID>
<Correlation ActivityID="" RelatedActivityID=""></Correlation>
<Execution ProcessID="3288" ThreadID="3532"></Execution>
<Channel>Microsoft-Windows-Sysmon/Operational</Channel>
<Computer>DESKTOP-RL1K13Q</Computer>
<Security UserID="S-1-5-18"></Security>
</System>
<EventData><Data Name="RuleName">InvDB-Pub</Data>
<Data Name="EventType">SetValue</Data>
<Data Name="UtcTime">2025-04-24 05:08:03.663</Data>
<Data Name="ProcessGuid">{59d32d4f-c6ec-6809-d800-000000001500}</Data>
<Data Name="ProcessId">5384</Data>
<Data Name="Image">C:\Windows\system32\CompatTelRunner.exe</Data>
<Data Name="TargetObject">\REGISTRY\A\{62ff99c8-dfc3-9e30-47dc-3e55891c7ff4}\Root\InventoryApplicationFile\vmusbmouse.sys|b79386ce9d5a16af\Publisher</Data>
<Data Name="Details">vmware, inc.</Data>
<Data Name="User">NT AUTHORITY\SYSTEM</Data>
</EventData>
</Event>

<Event xmlns="http://schemas.microsoft.com/win/2004/08/events/event"><System><Provider Name="Microsoft-Windows-Sysmon" Guid="{5770385f-c22a-43e0-bf4c-06f5698ffbd9}"></Provider>
<EventID Qualifiers="">13</EventID>
<Version>2</Version>
<Level>4</Level>
<Task>13</Task>
<Opcode>0</Opcode>
<Keywords>0x8000000000000000</Keywords>
<TimeCreated SystemTime="2025-04-24 05:08:03.673840+00:00"></TimeCreated>
<EventRecordID>593</EventRecordID>
<Correlation ActivityID="" RelatedActivityID=""></Correlation>
<Execution ProcessID="3288" ThreadID="3532"></Execution>
<Channel>Microsoft-Windows-Sysmon/Operational</Channel>
<Computer>DESKTOP-RL1K13Q</Computer>
<Security UserID="S-1-5-18"></Security>
</System>
<EventData><Data Name="RuleName">InvDB-CompileTimeClaim</Data>
<Data Name="EventType">SetValue</Data>
<Data Name="UtcTime">2025-04-24 05:08:03.663</Data>
<Data Name="ProcessGuid">{59d32d4f-c6ec-6809-d800-000000001500}</Data>
<Data Name="ProcessId">5384</Data>
<Data Name="Image">C:\Windows\system32\CompatTelRunner.exe</Data>
<Data Name="TargetObject">\REGISTRY\A\{62ff99c8-dfc3-9e30-47dc-3e55891c7ff4}\Root\InventoryApplicationFile\vmusbmouse.sys|b79386ce9d5a16af\LinkDate</Data>
<Data Name="Details">11/17/2021 04:32:50</Data>
<Data Name="User">NT AUTHORITY\SYSTEM</Data>
</EventData>
</Event>

<Event xmlns="http://schemas.microsoft.com/win/2004/08/events/event"><System><Provider Name="Microsoft-Windows-Sysmon" Guid="{5770385f-c22a-43e0-bf4c-06f5698ffbd9}"></Provider>
<EventID Qualifiers="">13</EventID>
<Version>2</Version>
<Level>4</Level>
<Task>13</Task>
<Opcode>0</Opcode>
<Keywords>0x8000000000000000</Keywords>
<TimeCreated SystemTime="2025-04-24 05:08:03.674013+00:00"></TimeCreated>
<EventRecordID>594</EventRecordID>
<Correlation ActivityID="" RelatedActivityID=""></Correlation>
<Execution ProcessID="3288" ThreadID="3532"></Execution>
<Channel>Microsoft-Windows-Sysmon/Operational</Channel>
<Computer>DESKTOP-RL1K13Q</Computer>
<Security UserID="S-1-5-18"></Security>
</System>
<EventData><Data Name="RuleName">InvDB-Ver</Data>
<Data Name="EventType">SetValue</Data>
<Data Name="UtcTime">2025-04-24 05:08:03.663</Data>
<Data Name="ProcessGuid">{59d32d4f-c6ec-6809-d800-000000001500}</Data>
<Data Name="ProcessId">5384</Data>
<Data Name="Image">C:\Windows\system32\CompatTelRunner.exe</Data>
<Data Name="TargetObject">\REGISTRY\A\{62ff99c8-dfc3-9e30-47dc-3e55891c7ff4}\Root\InventoryApplicationFile\vmusbmouse.sys|b79386ce9d5a16af\BinProductVersion</Data>
<Data Name="Details">12.5.12.0</Data>
<Data Name="User">NT AUTHORITY\SYSTEM</Data>
</EventData>
</Event>

<Event xmlns="http://schemas.microsoft.com/win/2004/08/events/event"><System><Provider Name="Microsoft-Windows-Sysmon" Guid="{5770385f-c22a-43e0-bf4c-06f5698ffbd9}"></Provider>
<EventID Qualifiers="">13</EventID>
<Version>2</Version>
<Level>4</Level>
<Task>13</Task>
<Opcode>0</Opcode>
<Keywords>0x8000000000000000</Keywords>
<TimeCreated SystemTime="2025-04-24 05:08:03.675343+00:00"></TimeCreated>
<EventRecordID>595</EventRecordID>
<Correlation ActivityID="" RelatedActivityID=""></Correlation>
<Execution ProcessID="3288" ThreadID="3532"></Execution>
<Channel>Microsoft-Windows-Sysmon/Operational</Channel>
<Computer>DESKTOP-RL1K13Q</Computer>
<Security UserID="S-1-5-18"></Security>
</System>
<EventData><Data Name="RuleName">InvDB-Path</Data>
<Data Name="EventType">SetValue</Data>
<Data Name="UtcTime">2025-04-24 05:08:03.663</Data>
<Data Name="ProcessGuid">{59d32d4f-c6ec-6809-d800-000000001500}</Data>
<Data Name="ProcessId">5384</Data>
<Data Name="Image">C:\Windows\system32\CompatTelRunner.exe</Data>
<Data Name="TargetObject">\REGISTRY\A\{62ff99c8-dfc3-9e30-47dc-3e55891c7ff4}\Root\InventoryApplicationFile\vmusbmouse.sys|b79386ce9d5a16af\LowerCaseLongPath</Data>
<Data Name="Details">c:\program files\common files\vmware\drivers\mouse\win8\vmusbmouse.sys</Data>
<Data Name="User">NT AUTHORITY\SYSTEM</Data>
</EventData>
</Event>

<Event xmlns="http://schemas.microsoft.com/win/2004/08/events/event"><System><Provider Name="Microsoft-Windows-Sysmon" Guid="{5770385f-c22a-43e0-bf4c-06f5698ffbd9}"></Provider>
<EventID Qualifiers="">13</EventID>
<Version>2</Version>
<Level>4</Level>
<Task>13</Task>
<Opcode>0</Opcode>
<Keywords>0x8000000000000000</Keywords>
<TimeCreated SystemTime="2025-04-24 05:08:03.676777+00:00"></TimeCreated>
<EventRecordID>596</EventRecordID>
<Correlation ActivityID="" RelatedActivityID=""></Correlation>
<Execution ProcessID="3288" ThreadID="3532"></Execution>
<Channel>Microsoft-Windows-Sysmon/Operational</Channel>
<Computer>DESKTOP-RL1K13Q</Computer>
<Security UserID="S-1-5-18"></Security>
</System>
<EventData><Data Name="RuleName">InvDB-Pub</Data>
<Data Name="EventType">SetValue</Data>
<Data Name="UtcTime">2025-04-24 05:08:03.663</Data>
<Data Name="ProcessGuid">{59d32d4f-c6ec-6809-d800-000000001500}</Data>
<Data Name="ProcessId">5384</Data>
<Data Name="Image">C:\Windows\system32\CompatTelRunner.exe</Data>
<Data Name="TargetObject">\REGISTRY\A\{62ff99c8-dfc3-9e30-47dc-3e55891c7ff4}\Root\InventoryApplicationFile\vmusbmouse.sys|b79386ce9d5a16af\Publisher</Data>
<Data Name="Details">vmware, inc.</Data>
<Data Name="User">NT AUTHORITY\SYSTEM</Data>
</EventData>
</Event>

<Event xmlns="http://schemas.microsoft.com/win/2004/08/events/event"><System><Provider Name="Microsoft-Windows-Sysmon" Guid="{5770385f-c22a-43e0-bf4c-06f5698ffbd9}"></Provider>
<EventID Qualifiers="">13</EventID>
<Version>2</Version>
<Level>4</Level>
<Task>13</Task>
<Opcode>0</Opcode>
<Keywords>0x8000000000000000</Keywords>
<TimeCreated SystemTime="2025-04-24 05:08:03.677807+00:00"></TimeCreated>
<EventRecordID>597</EventRecordID>
<Correlation ActivityID="" RelatedActivityID=""></Correlation>
<Execution ProcessID="3288" ThreadID="3532"></Execution>
<Channel>Microsoft-Windows-Sysmon/Operational</Channel>
<Computer>DESKTOP-RL1K13Q</Computer>
<Security UserID="S-1-5-18"></Security>
</System>
<EventData><Data Name="RuleName">InvDB-CompileTimeClaim</Data>
<Data Name="EventType">SetValue</Data>
<Data Name="UtcTime">2025-04-24 05:08:03.663</Data>
<Data Name="ProcessGuid">{59d32d4f-c6ec-6809-d800-000000001500}</Data>
<Data Name="ProcessId">5384</Data>
<Data Name="Image">C:\Windows\system32\CompatTelRunner.exe</Data>
<Data Name="TargetObject">\REGISTRY\A\{62ff99c8-dfc3-9e30-47dc-3e55891c7ff4}\Root\InventoryApplicationFile\vmusbmouse.sys|b79386ce9d5a16af\LinkDate</Data>
<Data Name="Details">11/17/2021 04:32:50</Data>
<Data Name="User">NT AUTHORITY\SYSTEM</Data>
</EventData>
</Event>

<Event xmlns="http://schemas.microsoft.com/win/2004/08/events/event"><System><Provider Name="Microsoft-Windows-Sysmon" Guid="{5770385f-c22a-43e0-bf4c-06f5698ffbd9}"></Provider>
<EventID Qualifiers="">13</EventID>
<Version>2</Version>
<Level>4</Level>
<Task>13</Task>
<Opcode>0</Opcode>
<Keywords>0x8000000000000000</Keywords>
<TimeCreated SystemTime="2025-04-24 05:08:03.677992+00:00"></TimeCreated>
<EventRecordID>598</EventRecordID>
<Correlation ActivityID="" RelatedActivityID=""></Correlation>
<Execution ProcessID="3288" ThreadID="3532"></Execution>
<Channel>Microsoft-Windows-Sysmon/Operational</Channel>
<Computer>DESKTOP-RL1K13Q</Computer>
<Security UserID="S-1-5-18"></Security>
</System>
<EventData><Data Name="RuleName">InvDB-Ver</Data>
<Data Name="EventType">SetValue</Data>
<Data Name="UtcTime">2025-04-24 05:08:03.663</Data>
<Data Name="ProcessGuid">{59d32d4f-c6ec-6809-d800-000000001500}</Data>
<Data Name="ProcessId">5384</Data>
<Data Name="Image">C:\Windows\system32\CompatTelRunner.exe</Data>
<Data Name="TargetObject">\REGISTRY\A\{62ff99c8-dfc3-9e30-47dc-3e55891c7ff4}\Root\InventoryApplicationFile\vmusbmouse.sys|b79386ce9d5a16af\BinProductVersion</Data>
<Data Name="Details">12.5.12.0</Data>
<Data Name="User">NT AUTHORITY\SYSTEM</Data>
</EventData>
</Event>

<Event xmlns="http://schemas.microsoft.com/win/2004/08/events/event"><System><Provider Name="Microsoft-Windows-Sysmon" Guid="{5770385f-c22a-43e0-bf4c-06f5698ffbd9}"></Provider>
<EventID Qualifiers="">13</EventID>
<Version>2</Version>
<Level>4</Level>
<Task>13</Task>
<Opcode>0</Opcode>
<Keywords>0x8000000000000000</Keywords>
<TimeCreated SystemTime="2025-04-24 05:08:03.679577+00:00"></TimeCreated>
<EventRecordID>599</EventRecordID>
<Correlation ActivityID="" RelatedActivityID=""></Correlation>
<Execution ProcessID="3288" ThreadID="3532"></Execution>
<Channel>Microsoft-Windows-Sysmon/Operational</Channel>
<Computer>DESKTOP-RL1K13Q</Computer>
<Security UserID="S-1-5-18"></Security>
</System>
<EventData><Data Name="RuleName">InvDB-Path</Data>
<Data Name="EventType">SetValue</Data>
<Data Name="UtcTime">2025-04-24 05:08:03.663</Data>
<Data Name="ProcessGuid">{59d32d4f-c6ec-6809-d800-000000001500}</Data>
<Data Name="ProcessId">5384</Data>
<Data Name="Image">C:\Windows\system32\CompatTelRunner.exe</Data>
<Data Name="TargetObject">\REGISTRY\A\{62ff99c8-dfc3-9e30-47dc-3e55891c7ff4}\Root\InventoryApplicationFile\vmwarealiasimpor|c480ef8e8e3bb805\LowerCaseLongPath</Data>
<Data Name="Details">c:\program files\vmware\vmware tools\vmware vgauth\vmwarealiasimport.exe</Data>
<Data Name="User">NT AUTHORITY\SYSTEM</Data>
</EventData>
</Event>

<Event xmlns="http://schemas.microsoft.com/win/2004/08/events/event"><System><Provider Name="Microsoft-Windows-Sysmon" Guid="{5770385f-c22a-43e0-bf4c-06f5698ffbd9}"></Provider>
<EventID Qualifiers="">13</EventID>
<Version>2</Version>
<Level>4</Level>
<Task>13</Task>
<Opcode>0</Opcode>
<Keywords>0x8000000000000000</Keywords>
<TimeCreated SystemTime="2025-04-24 05:08:03.680367+00:00"></TimeCreated>
<EventRecordID>600</EventRecordID>
<Correlation ActivityID="" RelatedActivityID=""></Correlation>
<Execution ProcessID="3288" ThreadID="3532"></Execution>
<Channel>Microsoft-Windows-Sysmon/Operational</Channel>
<Computer>DESKTOP-RL1K13Q</Computer>
<Security UserID="S-1-5-18"></Security>
</System>
<EventData><Data Name="RuleName">InvDB-Pub</Data>
<Data Name="EventType">SetValue</Data>
<Data Name="UtcTime">2025-04-24 05:08:03.663</Data>
<Data Name="ProcessGuid">{59d32d4f-c6ec-6809-d800-000000001500}</Data>
<Data Name="ProcessId">5384</Data>
<Data Name="Image">C:\Windows\system32\CompatTelRunner.exe</Data>
<Data Name="TargetObject">\REGISTRY\A\{62ff99c8-dfc3-9e30-47dc-3e55891c7ff4}\Root\InventoryApplicationFile\vmwarealiasimpor|c480ef8e8e3bb805\Publisher</Data>
<Data Name="Details">vmware, inc.</Data>
<Data Name="User">NT AUTHORITY\SYSTEM</Data>
</EventData>
</Event>

<Event xmlns="http://schemas.microsoft.com/win/2004/08/events/event"><System><Provider Name="Microsoft-Windows-Sysmon" Guid="{5770385f-c22a-43e0-bf4c-06f5698ffbd9}"></Provider>
<EventID Qualifiers="">13</EventID>
<Version>2</Version>
<Level>4</Level>
<Task>13</Task>
<Opcode>0</Opcode>
<Keywords>0x8000000000000000</Keywords>
<TimeCreated SystemTime="2025-04-24 05:08:03.681355+00:00"></TimeCreated>
<EventRecordID>601</EventRecordID>
<Correlation ActivityID="" RelatedActivityID=""></Correlation>
<Execution ProcessID="3288" ThreadID="3532"></Execution>
<Channel>Microsoft-Windows-Sysmon/Operational</Channel>
<Computer>DESKTOP-RL1K13Q</Computer>
<Security UserID="S-1-5-18"></Security>
</System>
<EventData><Data Name="RuleName">InvDB-CompileTimeClaim</Data>
<Data Name="EventType">SetValue</Data>
<Data Name="UtcTime">2025-04-24 05:08:03.663</Data>
<Data Name="ProcessGuid">{59d32d4f-c6ec-6809-d800-000000001500}</Data>
<Data Name="ProcessId">5384</Data>
<Data Name="Image">C:\Windows\system32\CompatTelRunner.exe</Data>
<Data Name="TargetObject">\REGISTRY\A\{62ff99c8-dfc3-9e30-47dc-3e55891c7ff4}\Root\InventoryApplicationFile\vmwarealiasimpor|c480ef8e8e3bb805\LinkDate</Data>
<Data Name="Details">02/06/2024 15:20:34</Data>
<Data Name="User">NT AUTHORITY\SYSTEM</Data>
</EventData>
</Event>

<Event xmlns="http://schemas.microsoft.com/win/2004/08/events/event"><System><Provider Name="Microsoft-Windows-Sysmon" Guid="{5770385f-c22a-43e0-bf4c-06f5698ffbd9}"></Provider>
<EventID Qualifiers="">13</EventID>
<Version>2</Version>
<Level>4</Level>
<Task>13</Task>
<Opcode>0</Opcode>
<Keywords>0x8000000000000000</Keywords>
<TimeCreated SystemTime="2025-04-24 05:08:03.681528+00:00"></TimeCreated>
<EventRecordID>602</EventRecordID>
<Correlation ActivityID="" RelatedActivityID=""></Correlation>
<Execution ProcessID="3288" ThreadID="3532"></Execution>
<Channel>Microsoft-Windows-Sysmon/Operational</Channel>
<Computer>DESKTOP-RL1K13Q</Computer>
<Security UserID="S-1-5-18"></Security>
</System>
<EventData><Data Name="RuleName">InvDB-Ver</Data>
<Data Name="EventType">SetValue</Data>
<Data Name="UtcTime">2025-04-24 05:08:03.663</Data>
<Data Name="ProcessGuid">{59d32d4f-c6ec-6809-d800-000000001500}</Data>
<Data Name="ProcessId">5384</Data>
<Data Name="Image">C:\Windows\system32\CompatTelRunner.exe</Data>
<Data Name="TargetObject">\REGISTRY\A\{62ff99c8-dfc3-9e30-47dc-3e55891c7ff4}\Root\InventoryApplicationFile\vmwarealiasimpor|c480ef8e8e3bb805\BinProductVersion</Data>
<Data Name="Details">12.4.0.48309</Data>
<Data Name="User">NT AUTHORITY\SYSTEM</Data>
</EventData>
</Event>

<Event xmlns="http://schemas.microsoft.com/win/2004/08/events/event"><System><Provider Name="Microsoft-Windows-Sysmon" Guid="{5770385f-c22a-43e0-bf4c-06f5698ffbd9}"></Provider>
<EventID Qualifiers="">13</EventID>
<Version>2</Version>
<Level>4</Level>
<Task>13</Task>
<Opcode>0</Opcode>
<Keywords>0x8000000000000000</Keywords>
<TimeCreated SystemTime="2025-04-24 05:08:03.683153+00:00"></TimeCreated>
<EventRecordID>603</EventRecordID>
<Correlation ActivityID="" RelatedActivityID=""></Correlation>
<Execution ProcessID="3288" ThreadID="3532"></Execution>
<Channel>Microsoft-Windows-Sysmon/Operational</Channel>
<Computer>DESKTOP-RL1K13Q</Computer>
<Security UserID="S-1-5-18"></Security>
</System>
<EventData><Data Name="RuleName">InvDB-Path</Data>
<Data Name="EventType">SetValue</Data>
<Data Name="UtcTime">2025-04-24 05:08:03.663</Data>
<Data Name="ProcessGuid">{59d32d4f-c6ec-6809-d800-000000001500}</Data>
<Data Name="ProcessId">5384</Data>
<Data Name="Image">C:\Windows\system32\CompatTelRunner.exe</Data>
<Data Name="TargetObject">\REGISTRY\A\{62ff99c8-dfc3-9e30-47dc-3e55891c7ff4}\Root\InventoryApplicationFile\vmwarealiasimpor|c480ef8e8e3bb805\LowerCaseLongPath</Data>
<Data Name="Details">c:\program files\vmware\vmware tools\vmware vgauth\vmwarealiasimport.exe</Data>
<Data Name="User">NT AUTHORITY\SYSTEM</Data>
</EventData>
</Event>

<Event xmlns="http://schemas.microsoft.com/win/2004/08/events/event"><System><Provider Name="Microsoft-Windows-Sysmon" Guid="{5770385f-c22a-43e0-bf4c-06f5698ffbd9}"></Provider>
<EventID Qualifiers="">13</EventID>
<Version>2</Version>
<Level>4</Level>
<Task>13</Task>
<Opcode>0</Opcode>
<Keywords>0x8000000000000000</Keywords>
<TimeCreated SystemTime="2025-04-24 05:08:03.690811+00:00"></TimeCreated>
<EventRecordID>604</EventRecordID>
<Correlation ActivityID="" RelatedActivityID=""></Correlation>
<Execution ProcessID="3288" ThreadID="3532"></Execution>
<Channel>Microsoft-Windows-Sysmon/Operational</Channel>
<Computer>DESKTOP-RL1K13Q</Computer>
<Security UserID="S-1-5-18"></Security>
</System>
<EventData><Data Name="RuleName">InvDB-Pub</Data>
<Data Name="EventType">SetValue</Data>
<Data Name="UtcTime">2025-04-24 05:08:03.663</Data>
<Data Name="ProcessGuid">{59d32d4f-c6ec-6809-d800-000000001500}</Data>
<Data Name="ProcessId">5384</Data>
<Data Name="Image">C:\Windows\system32\CompatTelRunner.exe</Data>
<Data Name="TargetObject">\REGISTRY\A\{62ff99c8-dfc3-9e30-47dc-3e55891c7ff4}\Root\InventoryApplicationFile\vmwarealiasimpor|c480ef8e8e3bb805\Publisher</Data>
<Data Name="Details">vmware, inc.</Data>
<Data Name="User">NT AUTHORITY\SYSTEM</Data>
</EventData>
</Event>

<Event xmlns="http://schemas.microsoft.com/win/2004/08/events/event"><System><Provider Name="Microsoft-Windows-Sysmon" Guid="{5770385f-c22a-43e0-bf4c-06f5698ffbd9}"></Provider>
<EventID Qualifiers="">13</EventID>
<Version>2</Version>
<Level>4</Level>
<Task>13</Task>
<Opcode>0</Opcode>
<Keywords>0x8000000000000000</Keywords>
<TimeCreated SystemTime="2025-04-24 05:08:03.692114+00:00"></TimeCreated>
<EventRecordID>605</EventRecordID>
<Correlation ActivityID="" RelatedActivityID=""></Correlation>
<Execution ProcessID="3288" ThreadID="3532"></Execution>
<Channel>Microsoft-Windows-Sysmon/Operational</Channel>
<Computer>DESKTOP-RL1K13Q</Computer>
<Security UserID="S-1-5-18"></Security>
</System>
<EventData><Data Name="RuleName">InvDB-CompileTimeClaim</Data>
<Data Name="EventType">SetValue</Data>
<Data Name="UtcTime">2025-04-24 05:08:03.663</Data>
<Data Name="ProcessGuid">{59d32d4f-c6ec-6809-d800-000000001500}</Data>
<Data Name="ProcessId">5384</Data>
<Data Name="Image">C:\Windows\system32\CompatTelRunner.exe</Data>
<Data Name="TargetObject">\REGISTRY\A\{62ff99c8-dfc3-9e30-47dc-3e55891c7ff4}\Root\InventoryApplicationFile\vmwarealiasimpor|c480ef8e8e3bb805\LinkDate</Data>
<Data Name="Details">02/06/2024 15:20:34</Data>
<Data Name="User">NT AUTHORITY\SYSTEM</Data>
</EventData>
</Event>

<Event xmlns="http://schemas.microsoft.com/win/2004/08/events/event"><System><Provider Name="Microsoft-Windows-Sysmon" Guid="{5770385f-c22a-43e0-bf4c-06f5698ffbd9}"></Provider>
<EventID Qualifiers="">13</EventID>
<Version>2</Version>
<Level>4</Level>
<Task>13</Task>
<Opcode>0</Opcode>
<Keywords>0x8000000000000000</Keywords>
<TimeCreated SystemTime="2025-04-24 05:08:03.692299+00:00"></TimeCreated>
<EventRecordID>606</EventRecordID>
<Correlation ActivityID="" RelatedActivityID=""></Correlation>
<Execution ProcessID="3288" ThreadID="3532"></Execution>
<Channel>Microsoft-Windows-Sysmon/Operational</Channel>
<Computer>DESKTOP-RL1K13Q</Computer>
<Security UserID="S-1-5-18"></Security>
</System>
<EventData><Data Name="RuleName">InvDB-Ver</Data>
<Data Name="EventType">SetValue</Data>
<Data Name="UtcTime">2025-04-24 05:08:03.663</Data>
<Data Name="ProcessGuid">{59d32d4f-c6ec-6809-d800-000000001500}</Data>
<Data Name="ProcessId">5384</Data>
<Data Name="Image">C:\Windows\system32\CompatTelRunner.exe</Data>
<Data Name="TargetObject">\REGISTRY\A\{62ff99c8-dfc3-9e30-47dc-3e55891c7ff4}\Root\InventoryApplicationFile\vmwarealiasimpor|c480ef8e8e3bb805\BinProductVersion</Data>
<Data Name="Details">12.4.0.48309</Data>
<Data Name="User">NT AUTHORITY\SYSTEM</Data>
</EventData>
</Event>

<Event xmlns="http://schemas.microsoft.com/win/2004/08/events/event"><System><Provider Name="Microsoft-Windows-Sysmon" Guid="{5770385f-c22a-43e0-bf4c-06f5698ffbd9}"></Provider>
<EventID Qualifiers="">13</EventID>
<Version>2</Version>
<Level>4</Level>
<Task>13</Task>
<Opcode>0</Opcode>
<Keywords>0x8000000000000000</Keywords>
<TimeCreated SystemTime="2025-04-24 05:08:03.693918+00:00"></TimeCreated>
<EventRecordID>607</EventRecordID>
<Correlation ActivityID="" RelatedActivityID=""></Correlation>
<Execution ProcessID="3288" ThreadID="3532"></Execution>
<Channel>Microsoft-Windows-Sysmon/Operational</Channel>
<Computer>DESKTOP-RL1K13Q</Computer>
<Security UserID="S-1-5-18"></Security>
</System>
<EventData><Data Name="RuleName">InvDB-Path</Data>
<Data Name="EventType">SetValue</Data>
<Data Name="UtcTime">2025-04-24 05:08:03.679</Data>
<Data Name="ProcessGuid">{59d32d4f-c6ec-6809-d800-000000001500}</Data>
<Data Name="ProcessId">5384</Data>
<Data Name="Image">C:\Windows\system32\CompatTelRunner.exe</Data>
<Data Name="TargetObject">\REGISTRY\A\{62ff99c8-dfc3-9e30-47dc-3e55891c7ff4}\Root\InventoryApplicationFile\vmwarehgfsclient|5dbd0044ff365649\LowerCaseLongPath</Data>
<Data Name="Details">c:\program files\vmware\vmware tools\vmwarehgfsclient.exe</Data>
<Data Name="User">NT AUTHORITY\SYSTEM</Data>
</EventData>
</Event>

<Event xmlns="http://schemas.microsoft.com/win/2004/08/events/event"><System><Provider Name="Microsoft-Windows-Sysmon" Guid="{5770385f-c22a-43e0-bf4c-06f5698ffbd9}"></Provider>
<EventID Qualifiers="">13</EventID>
<Version>2</Version>
<Level>4</Level>
<Task>13</Task>
<Opcode>0</Opcode>
<Keywords>0x8000000000000000</Keywords>
<TimeCreated SystemTime="2025-04-24 05:08:03.694687+00:00"></TimeCreated>
<EventRecordID>608</EventRecordID>
<Correlation ActivityID="" RelatedActivityID=""></Correlation>
<Execution ProcessID="3288" ThreadID="3532"></Execution>
<Channel>Microsoft-Windows-Sysmon/Operational</Channel>
<Computer>DESKTOP-RL1K13Q</Computer>
<Security UserID="S-1-5-18"></Security>
</System>
<EventData><Data Name="RuleName">InvDB-Pub</Data>
<Data Name="EventType">SetValue</Data>
<Data Name="UtcTime">2025-04-24 05:08:03.679</Data>
<Data Name="ProcessGuid">{59d32d4f-c6ec-6809-d800-000000001500}</Data>
<Data Name="ProcessId">5384</Data>
<Data Name="Image">C:\Windows\system32\CompatTelRunner.exe</Data>
<Data Name="TargetObject">\REGISTRY\A\{62ff99c8-dfc3-9e30-47dc-3e55891c7ff4}\Root\InventoryApplicationFile\vmwarehgfsclient|5dbd0044ff365649\Publisher</Data>
<Data Name="Details">vmware, inc.</Data>
<Data Name="User">NT AUTHORITY\SYSTEM</Data>
</EventData>
</Event>

<Event xmlns="http://schemas.microsoft.com/win/2004/08/events/event"><System><Provider Name="Microsoft-Windows-Sysmon" Guid="{5770385f-c22a-43e0-bf4c-06f5698ffbd9}"></Provider>
<EventID Qualifiers="">13</EventID>
<Version>2</Version>
<Level>4</Level>
<Task>13</Task>
<Opcode>0</Opcode>
<Keywords>0x8000000000000000</Keywords>
<TimeCreated SystemTime="2025-04-24 05:08:03.695988+00:00"></TimeCreated>
<EventRecordID>609</EventRecordID>
<Correlation ActivityID="" RelatedActivityID=""></Correlation>
<Execution ProcessID="3288" ThreadID="3532"></Execution>
<Channel>Microsoft-Windows-Sysmon/Operational</Channel>
<Computer>DESKTOP-RL1K13Q</Computer>
<Security UserID="S-1-5-18"></Security>
</System>
<EventData><Data Name="RuleName">InvDB-CompileTimeClaim</Data>
<Data Name="EventType">SetValue</Data>
<Data Name="UtcTime">2025-04-24 05:08:03.679</Data>
<Data Name="ProcessGuid">{59d32d4f-c6ec-6809-d800-000000001500}</Data>
<Data Name="ProcessId">5384</Data>
<Data Name="Image">C:\Windows\system32\CompatTelRunner.exe</Data>
<Data Name="TargetObject">\REGISTRY\A\{62ff99c8-dfc3-9e30-47dc-3e55891c7ff4}\Root\InventoryApplicationFile\vmwarehgfsclient|5dbd0044ff365649\LinkDate</Data>
<Data Name="Details">02/06/2024 15:19:29</Data>
<Data Name="User">NT AUTHORITY\SYSTEM</Data>
</EventData>
</Event>

<Event xmlns="http://schemas.microsoft.com/win/2004/08/events/event"><System><Provider Name="Microsoft-Windows-Sysmon" Guid="{5770385f-c22a-43e0-bf4c-06f5698ffbd9}"></Provider>
<EventID Qualifiers="">13</EventID>
<Version>2</Version>
<Level>4</Level>
<Task>13</Task>
<Opcode>0</Opcode>
<Keywords>0x8000000000000000</Keywords>
<TimeCreated SystemTime="2025-04-24 05:08:03.696163+00:00"></TimeCreated>
<EventRecordID>610</EventRecordID>
<Correlation ActivityID="" RelatedActivityID=""></Correlation>
<Execution ProcessID="3288" ThreadID="3532"></Execution>
<Channel>Microsoft-Windows-Sysmon/Operational</Channel>
<Computer>DESKTOP-RL1K13Q</Computer>
<Security UserID="S-1-5-18"></Security>
</System>
<EventData><Data Name="RuleName">InvDB-Ver</Data>
<Data Name="EventType">SetValue</Data>
<Data Name="UtcTime">2025-04-24 05:08:03.679</Data>
<Data Name="ProcessGuid">{59d32d4f-c6ec-6809-d800-000000001500}</Data>
<Data Name="ProcessId">5384</Data>
<Data Name="Image">C:\Windows\system32\CompatTelRunner.exe</Data>
<Data Name="TargetObject">\REGISTRY\A\{62ff99c8-dfc3-9e30-47dc-3e55891c7ff4}\Root\InventoryApplicationFile\vmwarehgfsclient|5dbd0044ff365649\BinProductVersion</Data>
<Data Name="Details">12.4.0.48309</Data>
<Data Name="User">NT AUTHORITY\SYSTEM</Data>
</EventData>
</Event>

<Event xmlns="http://schemas.microsoft.com/win/2004/08/events/event"><System><Provider Name="Microsoft-Windows-Sysmon" Guid="{5770385f-c22a-43e0-bf4c-06f5698ffbd9}"></Provider>
<EventID Qualifiers="">13</EventID>
<Version>2</Version>
<Level>4</Level>
<Task>13</Task>
<Opcode>0</Opcode>
<Keywords>0x8000000000000000</Keywords>
<TimeCreated SystemTime="2025-04-24 05:08:03.697586+00:00"></TimeCreated>
<EventRecordID>611</EventRecordID>
<Correlation ActivityID="" RelatedActivityID=""></Correlation>
<Execution ProcessID="3288" ThreadID="3532"></Execution>
<Channel>Microsoft-Windows-Sysmon/Operational</Channel>
<Computer>DESKTOP-RL1K13Q</Computer>
<Security UserID="S-1-5-18"></Security>
</System>
<EventData><Data Name="RuleName">InvDB-Path</Data>
<Data Name="EventType">SetValue</Data>
<Data Name="UtcTime">2025-04-24 05:08:03.679</Data>
<Data Name="ProcessGuid">{59d32d4f-c6ec-6809-d800-000000001500}</Data>
<Data Name="ProcessId">5384</Data>
<Data Name="Image">C:\Windows\system32\CompatTelRunner.exe</Data>
<Data Name="TargetObject">\REGISTRY\A\{62ff99c8-dfc3-9e30-47dc-3e55891c7ff4}\Root\InventoryApplicationFile\vmwarehgfsclient|5dbd0044ff365649\LowerCaseLongPath</Data>
<Data Name="Details">c:\program files\vmware\vmware tools\vmwarehgfsclient.exe</Data>
<Data Name="User">NT AUTHORITY\SYSTEM</Data>
</EventData>
</Event>

<Event xmlns="http://schemas.microsoft.com/win/2004/08/events/event"><System><Provider Name="Microsoft-Windows-Sysmon" Guid="{5770385f-c22a-43e0-bf4c-06f5698ffbd9}"></Provider>
<EventID Qualifiers="">13</EventID>
<Version>2</Version>
<Level>4</Level>
<Task>13</Task>
<Opcode>0</Opcode>
<Keywords>0x8000000000000000</Keywords>
<TimeCreated SystemTime="2025-04-24 05:08:03.698284+00:00"></TimeCreated>
<EventRecordID>612</EventRecordID>
<Correlation ActivityID="" RelatedActivityID=""></Correlation>
<Execution ProcessID="3288" ThreadID="3532"></Execution>
<Channel>Microsoft-Windows-Sysmon/Operational</Channel>
<Computer>DESKTOP-RL1K13Q</Computer>
<Security UserID="S-1-5-18"></Security>
</System>
<EventData><Data Name="RuleName">InvDB-Pub</Data>
<Data Name="EventType">SetValue</Data>
<Data Name="UtcTime">2025-04-24 05:08:03.679</Data>
<Data Name="ProcessGuid">{59d32d4f-c6ec-6809-d800-000000001500}</Data>
<Data Name="ProcessId">5384</Data>
<Data Name="Image">C:\Windows\system32\CompatTelRunner.exe</Data>
<Data Name="TargetObject">\REGISTRY\A\{62ff99c8-dfc3-9e30-47dc-3e55891c7ff4}\Root\InventoryApplicationFile\vmwarehgfsclient|5dbd0044ff365649\Publisher</Data>
<Data Name="Details">vmware, inc.</Data>
<Data Name="User">NT AUTHORITY\SYSTEM</Data>
</EventData>
</Event>

<Event xmlns="http://schemas.microsoft.com/win/2004/08/events/event"><System><Provider Name="Microsoft-Windows-Sysmon" Guid="{5770385f-c22a-43e0-bf4c-06f5698ffbd9}"></Provider>
<EventID Qualifiers="">13</EventID>
<Version>2</Version>
<Level>4</Level>
<Task>13</Task>
<Opcode>0</Opcode>
<Keywords>0x8000000000000000</Keywords>
<TimeCreated SystemTime="2025-04-24 05:08:03.699402+00:00"></TimeCreated>
<EventRecordID>613</EventRecordID>
<Correlation ActivityID="" RelatedActivityID=""></Correlation>
<Execution ProcessID="3288" ThreadID="3532"></Execution>
<Channel>Microsoft-Windows-Sysmon/Operational</Channel>
<Computer>DESKTOP-RL1K13Q</Computer>
<Security UserID="S-1-5-18"></Security>
</System>
<EventData><Data Name="RuleName">InvDB-CompileTimeClaim</Data>
<Data Name="EventType">SetValue</Data>
<Data Name="UtcTime">2025-04-24 05:08:03.679</Data>
<Data Name="ProcessGuid">{59d32d4f-c6ec-6809-d800-000000001500}</Data>
<Data Name="ProcessId">5384</Data>
<Data Name="Image">C:\Windows\system32\CompatTelRunner.exe</Data>
<Data Name="TargetObject">\REGISTRY\A\{62ff99c8-dfc3-9e30-47dc-3e55891c7ff4}\Root\InventoryApplicationFile\vmwarehgfsclient|5dbd0044ff365649\LinkDate</Data>
<Data Name="Details">02/06/2024 15:19:29</Data>
<Data Name="User">NT AUTHORITY\SYSTEM</Data>
</EventData>
</Event>

<Event xmlns="http://schemas.microsoft.com/win/2004/08/events/event"><System><Provider Name="Microsoft-Windows-Sysmon" Guid="{5770385f-c22a-43e0-bf4c-06f5698ffbd9}"></Provider>
<EventID Qualifiers="">13</EventID>
<Version>2</Version>
<Level>4</Level>
<Task>13</Task>
<Opcode>0</Opcode>
<Keywords>0x8000000000000000</Keywords>
<TimeCreated SystemTime="2025-04-24 05:08:03.699589+00:00"></TimeCreated>
<EventRecordID>614</EventRecordID>
<Correlation ActivityID="" RelatedActivityID=""></Correlation>
<Execution ProcessID="3288" ThreadID="3532"></Execution>
<Channel>Microsoft-Windows-Sysmon/Operational</Channel>
<Computer>DESKTOP-RL1K13Q</Computer>
<Security UserID="S-1-5-18"></Security>
</System>
<EventData><Data Name="RuleName">InvDB-Ver</Data>
<Data Name="EventType">SetValue</Data>
<Data Name="UtcTime">2025-04-24 05:08:03.679</Data>
<Data Name="ProcessGuid">{59d32d4f-c6ec-6809-d800-000000001500}</Data>
<Data Name="ProcessId">5384</Data>
<Data Name="Image">C:\Windows\system32\CompatTelRunner.exe</Data>
<Data Name="TargetObject">\REGISTRY\A\{62ff99c8-dfc3-9e30-47dc-3e55891c7ff4}\Root\InventoryApplicationFile\vmwarehgfsclient|5dbd0044ff365649\BinProductVersion</Data>
<Data Name="Details">12.4.0.48309</Data>
<Data Name="User">NT AUTHORITY\SYSTEM</Data>
</EventData>
</Event>

<Event xmlns="http://schemas.microsoft.com/win/2004/08/events/event"><System><Provider Name="Microsoft-Windows-Sysmon" Guid="{5770385f-c22a-43e0-bf4c-06f5698ffbd9}"></Provider>
<EventID Qualifiers="">13</EventID>
<Version>2</Version>
<Level>4</Level>
<Task>13</Task>
<Opcode>0</Opcode>
<Keywords>0x8000000000000000</Keywords>
<TimeCreated SystemTime="2025-04-24 05:08:03.701229+00:00"></TimeCreated>
<EventRecordID>615</EventRecordID>
<Correlation ActivityID="" RelatedActivityID=""></Correlation>
<Execution ProcessID="3288" ThreadID="3532"></Execution>
<Channel>Microsoft-Windows-Sysmon/Operational</Channel>
<Computer>DESKTOP-RL1K13Q</Computer>
<Security UserID="S-1-5-18"></Security>
</System>
<EventData><Data Name="RuleName">InvDB-Path</Data>
<Data Name="EventType">SetValue</Data>
<Data Name="UtcTime">2025-04-24 05:08:03.695</Data>
<Data Name="ProcessGuid">{59d32d4f-c6ec-6809-d800-000000001500}</Data>
<Data Name="ProcessId">5384</Data>
<Data Name="Image">C:\Windows\system32\CompatTelRunner.exe</Data>
<Data Name="TargetObject">\REGISTRY\A\{62ff99c8-dfc3-9e30-47dc-3e55891c7ff4}\Root\InventoryApplicationFile\vmwarehostopen.e|6e1ac965be7cd7b\LowerCaseLongPath</Data>
<Data Name="Details">c:\program files\vmware\vmware tools\vmwarehostopen.exe</Data>
<Data Name="User">NT AUTHORITY\SYSTEM</Data>
</EventData>
</Event>

<Event xmlns="http://schemas.microsoft.com/win/2004/08/events/event"><System><Provider Name="Microsoft-Windows-Sysmon" Guid="{5770385f-c22a-43e0-bf4c-06f5698ffbd9}"></Provider>
<EventID Qualifiers="">13</EventID>
<Version>2</Version>
<Level>4</Level>
<Task>13</Task>
<Opcode>0</Opcode>
<Keywords>0x8000000000000000</Keywords>
<TimeCreated SystemTime="2025-04-24 05:08:03.702034+00:00"></TimeCreated>
<EventRecordID>616</EventRecordID>
<Correlation ActivityID="" RelatedActivityID=""></Correlation>
<Execution ProcessID="3288" ThreadID="3532"></Execution>
<Channel>Microsoft-Windows-Sysmon/Operational</Channel>
<Computer>DESKTOP-RL1K13Q</Computer>
<Security UserID="S-1-5-18"></Security>
</System>
<EventData><Data Name="RuleName">InvDB-Pub</Data>
<Data Name="EventType">SetValue</Data>
<Data Name="UtcTime">2025-04-24 05:08:03.695</Data>
<Data Name="ProcessGuid">{59d32d4f-c6ec-6809-d800-000000001500}</Data>
<Data Name="ProcessId">5384</Data>
<Data Name="Image">C:\Windows\system32\CompatTelRunner.exe</Data>
<Data Name="TargetObject">\REGISTRY\A\{62ff99c8-dfc3-9e30-47dc-3e55891c7ff4}\Root\InventoryApplicationFile\vmwarehostopen.e|6e1ac965be7cd7b\Publisher</Data>
<Data Name="Details">vmware, inc.</Data>
<Data Name="User">NT AUTHORITY\SYSTEM</Data>
</EventData>
</Event>

<Event xmlns="http://schemas.microsoft.com/win/2004/08/events/event"><System><Provider Name="Microsoft-Windows-Sysmon" Guid="{5770385f-c22a-43e0-bf4c-06f5698ffbd9}"></Provider>
<EventID Qualifiers="">13</EventID>
<Version>2</Version>
<Level>4</Level>
<Task>13</Task>
<Opcode>0</Opcode>
<Keywords>0x8000000000000000</Keywords>
<TimeCreated SystemTime="2025-04-24 05:08:03.702908+00:00"></TimeCreated>
<EventRecordID>617</EventRecordID>
<Correlation ActivityID="" RelatedActivityID=""></Correlation>
<Execution ProcessID="3288" ThreadID="3532"></Execution>
<Channel>Microsoft-Windows-Sysmon/Operational</Channel>
<Computer>DESKTOP-RL1K13Q</Computer>
<Security UserID="S-1-5-18"></Security>
</System>
<EventData><Data Name="RuleName">InvDB-CompileTimeClaim</Data>
<Data Name="EventType">SetValue</Data>
<Data Name="UtcTime">2025-04-24 05:08:03.695</Data>
<Data Name="ProcessGuid">{59d32d4f-c6ec-6809-d800-000000001500}</Data>
<Data Name="ProcessId">5384</Data>
<Data Name="Image">C:\Windows\system32\CompatTelRunner.exe</Data>
<Data Name="TargetObject">\REGISTRY\A\{62ff99c8-dfc3-9e30-47dc-3e55891c7ff4}\Root\InventoryApplicationFile\vmwarehostopen.e|6e1ac965be7cd7b\LinkDate</Data>
<Data Name="Details">02/06/2024 15:19:32</Data>
<Data Name="User">NT AUTHORITY\SYSTEM</Data>
</EventData>
</Event>

<Event xmlns="http://schemas.microsoft.com/win/2004/08/events/event"><System><Provider Name="Microsoft-Windows-Sysmon" Guid="{5770385f-c22a-43e0-bf4c-06f5698ffbd9}"></Provider>
<EventID Qualifiers="">13</EventID>
<Version>2</Version>
<Level>4</Level>
<Task>13</Task>
<Opcode>0</Opcode>
<Keywords>0x8000000000000000</Keywords>
<TimeCreated SystemTime="2025-04-24 05:08:03.703079+00:00"></TimeCreated>
<EventRecordID>618</EventRecordID>
<Correlation ActivityID="" RelatedActivityID=""></Correlation>
<Execution ProcessID="3288" ThreadID="3532"></Execution>
<Channel>Microsoft-Windows-Sysmon/Operational</Channel>
<Computer>DESKTOP-RL1K13Q</Computer>
<Security UserID="S-1-5-18"></Security>
</System>
<EventData><Data Name="RuleName">InvDB-Ver</Data>
<Data Name="EventType">SetValue</Data>
<Data Name="UtcTime">2025-04-24 05:08:03.695</Data>
<Data Name="ProcessGuid">{59d32d4f-c6ec-6809-d800-000000001500}</Data>
<Data Name="ProcessId">5384</Data>
<Data Name="Image">C:\Windows\system32\CompatTelRunner.exe</Data>
<Data Name="TargetObject">\REGISTRY\A\{62ff99c8-dfc3-9e30-47dc-3e55891c7ff4}\Root\InventoryApplicationFile\vmwarehostopen.e|6e1ac965be7cd7b\BinProductVersion</Data>
<Data Name="Details">12.4.0.48309</Data>
<Data Name="User">NT AUTHORITY\SYSTEM</Data>
</EventData>
</Event>

<Event xmlns="http://schemas.microsoft.com/win/2004/08/events/event"><System><Provider Name="Microsoft-Windows-Sysmon" Guid="{5770385f-c22a-43e0-bf4c-06f5698ffbd9}"></Provider>
<EventID Qualifiers="">13</EventID>
<Version>2</Version>
<Level>4</Level>
<Task>13</Task>
<Opcode>0</Opcode>
<Keywords>0x8000000000000000</Keywords>
<TimeCreated SystemTime="2025-04-24 05:08:03.704664+00:00"></TimeCreated>
<EventRecordID>619</EventRecordID>
<Correlation ActivityID="" RelatedActivityID=""></Correlation>
<Execution ProcessID="3288" ThreadID="3532"></Execution>
<Channel>Microsoft-Windows-Sysmon/Operational</Channel>
<Computer>DESKTOP-RL1K13Q</Computer>
<Security UserID="S-1-5-18"></Security>
</System>
<EventData><Data Name="RuleName">InvDB-Path</Data>
<Data Name="EventType">SetValue</Data>
<Data Name="UtcTime">2025-04-24 05:08:03.695</Data>
<Data Name="ProcessGuid">{59d32d4f-c6ec-6809-d800-000000001500}</Data>
<Data Name="ProcessId">5384</Data>
<Data Name="Image">C:\Windows\system32\CompatTelRunner.exe</Data>
<Data Name="TargetObject">\REGISTRY\A\{62ff99c8-dfc3-9e30-47dc-3e55891c7ff4}\Root\InventoryApplicationFile\vmwarehostopen.e|6e1ac965be7cd7b\LowerCaseLongPath</Data>
<Data Name="Details">c:\program files\vmware\vmware tools\vmwarehostopen.exe</Data>
<Data Name="User">NT AUTHORITY\SYSTEM</Data>
</EventData>
</Event>

<Event xmlns="http://schemas.microsoft.com/win/2004/08/events/event"><System><Provider Name="Microsoft-Windows-Sysmon" Guid="{5770385f-c22a-43e0-bf4c-06f5698ffbd9}"></Provider>
<EventID Qualifiers="">13</EventID>
<Version>2</Version>
<Level>4</Level>
<Task>13</Task>
<Opcode>0</Opcode>
<Keywords>0x8000000000000000</Keywords>
<TimeCreated SystemTime="2025-04-24 05:08:03.705694+00:00"></TimeCreated>
<EventRecordID>620</EventRecordID>
<Correlation ActivityID="" RelatedActivityID=""></Correlation>
<Execution ProcessID="3288" ThreadID="3532"></Execution>
<Channel>Microsoft-Windows-Sysmon/Operational</Channel>
<Computer>DESKTOP-RL1K13Q</Computer>
<Security UserID="S-1-5-18"></Security>
</System>
<EventData><Data Name="RuleName">InvDB-Pub</Data>
<Data Name="EventType">SetValue</Data>
<Data Name="UtcTime">2025-04-24 05:08:03.695</Data>
<Data Name="ProcessGuid">{59d32d4f-c6ec-6809-d800-000000001500}</Data>
<Data Name="ProcessId">5384</Data>
<Data Name="Image">C:\Windows\system32\CompatTelRunner.exe</Data>
<Data Name="TargetObject">\REGISTRY\A\{62ff99c8-dfc3-9e30-47dc-3e55891c7ff4}\Root\InventoryApplicationFile\vmwarehostopen.e|6e1ac965be7cd7b\Publisher</Data>
<Data Name="Details">vmware, inc.</Data>
<Data Name="User">NT AUTHORITY\SYSTEM</Data>
</EventData>
</Event>

<Event xmlns="http://schemas.microsoft.com/win/2004/08/events/event"><System><Provider Name="Microsoft-Windows-Sysmon" Guid="{5770385f-c22a-43e0-bf4c-06f5698ffbd9}"></Provider>
<EventID Qualifiers="">13</EventID>
<Version>2</Version>
<Level>4</Level>
<Task>13</Task>
<Opcode>0</Opcode>
<Keywords>0x8000000000000000</Keywords>
<TimeCreated SystemTime="2025-04-24 05:08:03.706835+00:00"></TimeCreated>
<EventRecordID>621</EventRecordID>
<Correlation ActivityID="" RelatedActivityID=""></Correlation>
<Execution ProcessID="3288" ThreadID="3532"></Execution>
<Channel>Microsoft-Windows-Sysmon/Operational</Channel>
<Computer>DESKTOP-RL1K13Q</Computer>
<Security UserID="S-1-5-18"></Security>
</System>
<EventData><Data Name="RuleName">InvDB-CompileTimeClaim</Data>
<Data Name="EventType">SetValue</Data>
<Data Name="UtcTime">2025-04-24 05:08:03.695</Data>
<Data Name="ProcessGuid">{59d32d4f-c6ec-6809-d800-000000001500}</Data>
<Data Name="ProcessId">5384</Data>
<Data Name="Image">C:\Windows\system32\CompatTelRunner.exe</Data>
<Data Name="TargetObject">\REGISTRY\A\{62ff99c8-dfc3-9e30-47dc-3e55891c7ff4}\Root\InventoryApplicationFile\vmwarehostopen.e|6e1ac965be7cd7b\LinkDate</Data>
<Data Name="Details">02/06/2024 15:19:32</Data>
<Data Name="User">NT AUTHORITY\SYSTEM</Data>
</EventData>
</Event>

<Event xmlns="http://schemas.microsoft.com/win/2004/08/events/event"><System><Provider Name="Microsoft-Windows-Sysmon" Guid="{5770385f-c22a-43e0-bf4c-06f5698ffbd9}"></Provider>
<EventID Qualifiers="">13</EventID>
<Version>2</Version>
<Level>4</Level>
<Task>13</Task>
<Opcode>0</Opcode>
<Keywords>0x8000000000000000</Keywords>
<TimeCreated SystemTime="2025-04-24 05:08:03.707010+00:00"></TimeCreated>
<EventRecordID>622</EventRecordID>
<Correlation ActivityID="" RelatedActivityID=""></Correlation>
<Execution ProcessID="3288" ThreadID="3532"></Execution>
<Channel>Microsoft-Windows-Sysmon/Operational</Channel>
<Computer>DESKTOP-RL1K13Q</Computer>
<Security UserID="S-1-5-18"></Security>
</System>
<EventData><Data Name="RuleName">InvDB-Ver</Data>
<Data Name="EventType">SetValue</Data>
<Data Name="UtcTime">2025-04-24 05:08:03.695</Data>
<Data Name="ProcessGuid">{59d32d4f-c6ec-6809-d800-000000001500}</Data>
<Data Name="ProcessId">5384</Data>
<Data Name="Image">C:\Windows\system32\CompatTelRunner.exe</Data>
<Data Name="TargetObject">\REGISTRY\A\{62ff99c8-dfc3-9e30-47dc-3e55891c7ff4}\Root\InventoryApplicationFile\vmwarehostopen.e|6e1ac965be7cd7b\BinProductVersion</Data>
<Data Name="Details">12.4.0.48309</Data>
<Data Name="User">NT AUTHORITY\SYSTEM</Data>
</EventData>
</Event>

<Event xmlns="http://schemas.microsoft.com/win/2004/08/events/event"><System><Provider Name="Microsoft-Windows-Sysmon" Guid="{5770385f-c22a-43e0-bf4c-06f5698ffbd9}"></Provider>
<EventID Qualifiers="">13</EventID>
<Version>2</Version>
<Level>4</Level>
<Task>13</Task>
<Opcode>0</Opcode>
<Keywords>0x8000000000000000</Keywords>
<TimeCreated SystemTime="2025-04-24 05:08:03.708378+00:00"></TimeCreated>
<EventRecordID>623</EventRecordID>
<Correlation ActivityID="" RelatedActivityID=""></Correlation>
<Execution ProcessID="3288" ThreadID="3532"></Execution>
<Channel>Microsoft-Windows-Sysmon/Operational</Channel>
<Computer>DESKTOP-RL1K13Q</Computer>
<Security UserID="S-1-5-18"></Security>
</System>
<EventData><Data Name="RuleName">InvDB-Path</Data>
<Data Name="EventType">SetValue</Data>
<Data Name="UtcTime">2025-04-24 05:08:03.695</Data>
<Data Name="ProcessGuid">{59d32d4f-c6ec-6809-d800-000000001500}</Data>
<Data Name="ProcessId">5384</Data>
<Data Name="Image">C:\Windows\system32\CompatTelRunner.exe</Data>
<Data Name="TargetObject">\REGISTRY\A\{62ff99c8-dfc3-9e30-47dc-3e55891c7ff4}\Root\InventoryApplicationFile\vmwarenamespacec|192e9e96e007269e\LowerCaseLongPath</Data>
<Data Name="Details">c:\program files\vmware\vmware tools\vmwarenamespacecmd.exe</Data>
<Data Name="User">NT AUTHORITY\SYSTEM</Data>
</EventData>
</Event>

<Event xmlns="http://schemas.microsoft.com/win/2004/08/events/event"><System><Provider Name="Microsoft-Windows-Sysmon" Guid="{5770385f-c22a-43e0-bf4c-06f5698ffbd9}"></Provider>
<EventID Qualifiers="">13</EventID>
<Version>2</Version>
<Level>4</Level>
<Task>13</Task>
<Opcode>0</Opcode>
<Keywords>0x8000000000000000</Keywords>
<TimeCreated SystemTime="2025-04-24 05:08:03.709097+00:00"></TimeCreated>
<EventRecordID>624</EventRecordID>
<Correlation ActivityID="" RelatedActivityID=""></Correlation>
<Execution ProcessID="3288" ThreadID="3532"></Execution>
<Channel>Microsoft-Windows-Sysmon/Operational</Channel>
<Computer>DESKTOP-RL1K13Q</Computer>
<Security UserID="S-1-5-18"></Security>
</System>
<EventData><Data Name="RuleName">InvDB-Pub</Data>
<Data Name="EventType">SetValue</Data>
<Data Name="UtcTime">2025-04-24 05:08:03.695</Data>
<Data Name="ProcessGuid">{59d32d4f-c6ec-6809-d800-000000001500}</Data>
<Data Name="ProcessId">5384</Data>
<Data Name="Image">C:\Windows\system32\CompatTelRunner.exe</Data>
<Data Name="TargetObject">\REGISTRY\A\{62ff99c8-dfc3-9e30-47dc-3e55891c7ff4}\Root\InventoryApplicationFile\vmwarenamespacec|192e9e96e007269e\Publisher</Data>
<Data Name="Details">vmware, inc.</Data>
<Data Name="User">NT AUTHORITY\SYSTEM</Data>
</EventData>
</Event>

<Event xmlns="http://schemas.microsoft.com/win/2004/08/events/event"><System><Provider Name="Microsoft-Windows-Sysmon" Guid="{5770385f-c22a-43e0-bf4c-06f5698ffbd9}"></Provider>
<EventID Qualifiers="">13</EventID>
<Version>2</Version>
<Level>4</Level>
<Task>13</Task>
<Opcode>0</Opcode>
<Keywords>0x8000000000000000</Keywords>
<TimeCreated SystemTime="2025-04-24 05:08:03.710079+00:00"></TimeCreated>
<EventRecordID>625</EventRecordID>
<Correlation ActivityID="" RelatedActivityID=""></Correlation>
<Execution ProcessID="3288" ThreadID="3532"></Execution>
<Channel>Microsoft-Windows-Sysmon/Operational</Channel>
<Computer>DESKTOP-RL1K13Q</Computer>
<Security UserID="S-1-5-18"></Security>
</System>
<EventData><Data Name="RuleName">InvDB-CompileTimeClaim</Data>
<Data Name="EventType">SetValue</Data>
<Data Name="UtcTime">2025-04-24 05:08:03.695</Data>
<Data Name="ProcessGuid">{59d32d4f-c6ec-6809-d800-000000001500}</Data>
<Data Name="ProcessId">5384</Data>
<Data Name="Image">C:\Windows\system32\CompatTelRunner.exe</Data>
<Data Name="TargetObject">\REGISTRY\A\{62ff99c8-dfc3-9e30-47dc-3e55891c7ff4}\Root\InventoryApplicationFile\vmwarenamespacec|192e9e96e007269e\LinkDate</Data>
<Data Name="Details">02/06/2024 15:20:36</Data>
<Data Name="User">NT AUTHORITY\SYSTEM</Data>
</EventData>
</Event>

<Event xmlns="http://schemas.microsoft.com/win/2004/08/events/event"><System><Provider Name="Microsoft-Windows-Sysmon" Guid="{5770385f-c22a-43e0-bf4c-06f5698ffbd9}"></Provider>
<EventID Qualifiers="">13</EventID>
<Version>2</Version>
<Level>4</Level>
<Task>13</Task>
<Opcode>0</Opcode>
<Keywords>0x8000000000000000</Keywords>
<TimeCreated SystemTime="2025-04-24 05:08:03.710255+00:00"></TimeCreated>
<EventRecordID>626</EventRecordID>
<Correlation ActivityID="" RelatedActivityID=""></Correlation>
<Execution ProcessID="3288" ThreadID="3532"></Execution>
<Channel>Microsoft-Windows-Sysmon/Operational</Channel>
<Computer>DESKTOP-RL1K13Q</Computer>
<Security UserID="S-1-5-18"></Security>
</System>
<EventData><Data Name="RuleName">InvDB-Ver</Data>
<Data Name="EventType">SetValue</Data>
<Data Name="UtcTime">2025-04-24 05:08:03.695</Data>
<Data Name="ProcessGuid">{59d32d4f-c6ec-6809-d800-000000001500}</Data>
<Data Name="ProcessId">5384</Data>
<Data Name="Image">C:\Windows\system32\CompatTelRunner.exe</Data>
<Data Name="TargetObject">\REGISTRY\A\{62ff99c8-dfc3-9e30-47dc-3e55891c7ff4}\Root\InventoryApplicationFile\vmwarenamespacec|192e9e96e007269e\BinProductVersion</Data>
<Data Name="Details">12.4.0.48309</Data>
<Data Name="User">NT AUTHORITY\SYSTEM</Data>
</EventData>
</Event>

<Event xmlns="http://schemas.microsoft.com/win/2004/08/events/event"><System><Provider Name="Microsoft-Windows-Sysmon" Guid="{5770385f-c22a-43e0-bf4c-06f5698ffbd9}"></Provider>
<EventID Qualifiers="">13</EventID>
<Version>2</Version>
<Level>4</Level>
<Task>13</Task>
<Opcode>0</Opcode>
<Keywords>0x8000000000000000</Keywords>
<TimeCreated SystemTime="2025-04-24 05:08:03.711737+00:00"></TimeCreated>
<EventRecordID>627</EventRecordID>
<Correlation ActivityID="" RelatedActivityID=""></Correlation>
<Execution ProcessID="3288" ThreadID="3532"></Execution>
<Channel>Microsoft-Windows-Sysmon/Operational</Channel>
<Computer>DESKTOP-RL1K13Q</Computer>
<Security UserID="S-1-5-18"></Security>
</System>
<EventData><Data Name="RuleName">InvDB-Path</Data>
<Data Name="EventType">SetValue</Data>
<Data Name="UtcTime">2025-04-24 05:08:03.710</Data>
<Data Name="ProcessGuid">{59d32d4f-c6ec-6809-d800-000000001500}</Data>
<Data Name="ProcessId">5384</Data>
<Data Name="Image">C:\Windows\system32\CompatTelRunner.exe</Data>
<Data Name="TargetObject">\REGISTRY\A\{62ff99c8-dfc3-9e30-47dc-3e55891c7ff4}\Root\InventoryApplicationFile\vmwarenamespacec|192e9e96e007269e\LowerCaseLongPath</Data>
<Data Name="Details">c:\program files\vmware\vmware tools\vmwarenamespacecmd.exe</Data>
<Data Name="User">NT AUTHORITY\SYSTEM</Data>
</EventData>
</Event>

<Event xmlns="http://schemas.microsoft.com/win/2004/08/events/event"><System><Provider Name="Microsoft-Windows-Sysmon" Guid="{5770385f-c22a-43e0-bf4c-06f5698ffbd9}"></Provider>
<EventID Qualifiers="">13</EventID>
<Version>2</Version>
<Level>4</Level>
<Task>13</Task>
<Opcode>0</Opcode>
<Keywords>0x8000000000000000</Keywords>
<TimeCreated SystemTime="2025-04-24 05:08:03.712389+00:00"></TimeCreated>
<EventRecordID>628</EventRecordID>
<Correlation ActivityID="" RelatedActivityID=""></Correlation>
<Execution ProcessID="3288" ThreadID="3532"></Execution>
<Channel>Microsoft-Windows-Sysmon/Operational</Channel>
<Computer>DESKTOP-RL1K13Q</Computer>
<Security UserID="S-1-5-18"></Security>
</System>
<EventData><Data Name="RuleName">InvDB-Pub</Data>
<Data Name="EventType">SetValue</Data>
<Data Name="UtcTime">2025-04-24 05:08:03.710</Data>
<Data Name="ProcessGuid">{59d32d4f-c6ec-6809-d800-000000001500}</Data>
<Data Name="ProcessId">5384</Data>
<Data Name="Image">C:\Windows\system32\CompatTelRunner.exe</Data>
<Data Name="TargetObject">\REGISTRY\A\{62ff99c8-dfc3-9e30-47dc-3e55891c7ff4}\Root\InventoryApplicationFile\vmwarenamespacec|192e9e96e007269e\Publisher</Data>
<Data Name="Details">vmware, inc.</Data>
<Data Name="User">NT AUTHORITY\SYSTEM</Data>
</EventData>
</Event>

<Event xmlns="http://schemas.microsoft.com/win/2004/08/events/event"><System><Provider Name="Microsoft-Windows-Sysmon" Guid="{5770385f-c22a-43e0-bf4c-06f5698ffbd9}"></Provider>
<EventID Qualifiers="">13</EventID>
<Version>2</Version>
<Level>4</Level>
<Task>13</Task>
<Opcode>0</Opcode>
<Keywords>0x8000000000000000</Keywords>
<TimeCreated SystemTime="2025-04-24 05:08:03.713449+00:00"></TimeCreated>
<EventRecordID>629</EventRecordID>
<Correlation ActivityID="" RelatedActivityID=""></Correlation>
<Execution ProcessID="3288" ThreadID="3532"></Execution>
<Channel>Microsoft-Windows-Sysmon/Operational</Channel>
<Computer>DESKTOP-RL1K13Q</Computer>
<Security UserID="S-1-5-18"></Security>
</System>
<EventData><Data Name="RuleName">InvDB-CompileTimeClaim</Data>
<Data Name="EventType">SetValue</Data>
<Data Name="UtcTime">2025-04-24 05:08:03.710</Data>
<Data Name="ProcessGuid">{59d32d4f-c6ec-6809-d800-000000001500}</Data>
<Data Name="ProcessId">5384</Data>
<Data Name="Image">C:\Windows\system32\CompatTelRunner.exe</Data>
<Data Name="TargetObject">\REGISTRY\A\{62ff99c8-dfc3-9e30-47dc-3e55891c7ff4}\Root\InventoryApplicationFile\vmwarenamespacec|192e9e96e007269e\LinkDate</Data>
<Data Name="Details">02/06/2024 15:20:36</Data>
<Data Name="User">NT AUTHORITY\SYSTEM</Data>
</EventData>
</Event>

