<Event xmlns="http://schemas.microsoft.com/win/2004/08/events/event"><System><Provider Name="Microsoft-Windows-Sysmon" Guid="{5770385f-c22a-43e0-bf4c-06f5698ffbd9}"></Provider>
<EventID Qualifiers="">1</EventID>
<Version>5</Version>
<Level>4</Level>
<Task>1</Task>
<Opcode>0</Opcode>
<Keywords>0x8000000000000000</Keywords>
<TimeCreated SystemTime="2025-04-24 05:12:47.125019+00:00"></TimeCreated>
<EventRecordID>993</EventRecordID>
<Correlation ActivityID="" RelatedActivityID=""></Correlation>
<Execution ProcessID="3288" ThreadID="3532"></Execution>
<Channel>Microsoft-Windows-Sysmon/Operational</Channel>
<Computer>DESKTOP-RL1K13Q</Computer>
<Security UserID="S-1-5-18"></Security>
</System>
<EventData><Data Name="RuleName">-</Data>
<Data Name="UtcTime">2025-04-24 05:12:47.112</Data>
<Data Name="ProcessGuid">{59d32d4f-c84f-6809-8301-000000001500}</Data>
<Data Name="ProcessId">5268</Data>
<Data Name="Image">C:\Program Files (x86)\Microsoft\EdgeUpdate\MicrosoftEdgeUpdate.exe</Data>
<Data Name="FileVersion">1.3.133.5</Data>
<Data Name="Description">Microsoft Edge Update</Data>
<Data Name="Product">Microsoft Edge Update</Data>
<Data Name="Company">Microsoft Corporation</Data>
<Data Name="OriginalFileName">msedgeupdate.dll</Data>
<Data Name="CommandLine">"C:\Program Files (x86)\Microsoft\EdgeUpdate\MicrosoftEdgeUpdate.exe" /ping PD94bWwgdmVyc2lvbj0iMS4wIiBlbmNvZGluZz0iVVRGLTgiPz48cmVxdWVzdCBwcm90b2NvbD0iMy4wIiB1cGRhdGVyPSJPbWFoYSIgdXBkYXRlcnZlcnNpb249IjEuMy4xOTUuNDkiIHNoZWxsX3ZlcnNpb249IjEuMy4xMzMuNSIgaXNtYWNoaW5lPSIxIiBzZXNzaW9uaWQ9Ins1NDc4M0EwMS1GRUI2LTQ2MjAtODE0NC1GNkU0NTcwNzBDNTR9IiB1c2VyaWQ9Ins1QjgxM0NCMy1GNTA1LTQwMUItODc4RS0xNTU4QjZEOTM4QTl9IiBpbnN0YWxsc291cmNlPSJzY2hlZHVsZXIiIHJlcXVlc3RpZD0ie0RGMzZDRTBBLTIyRDUtNDZBQy04M0Y4LUI0NzAzREFGQjFGRH0iIGRlZHVwPSJjciIgZG9tYWluam9pbmVkPSIwIj48aHcgbG9naWNhbF9jcHVzPSIyIiBwaHlzbWVtb3J5PSI4IiBkaXNrX3R5cGU9IjIiIHNzZT0iMSIgc3NlMj0iMSIgc3NlMz0iMSIgc3NzZTM9IjEiIHNzZTQxPSIxIiBzc2U0Mj0iMSIgYXZ4PSIxIi8-PG9zIHBsYXRmb3JtPSJ3aW4iIHZlcnNpb249IjEwLjAuMTkwNDUuNDE3MCIgc3A9IiIgYXJjaD0ieDY0IiBwcm9kdWN0X3R5cGU9IjQ4IiBpc193aXA9IjAiIGlzX2luX2xvY2tkb3duX21vZGU9IjAiLz48b2VtIHByb2R1Y3RfbWFudWZhY3R1cmVyPSJWTXdhcmUsIEluYy4iIHByb2R1Y3RfbmFtZT0iVk13YXJlIFZpcnR1YWwgUGxhdGZvcm0iLz48ZXhwIGV0YWc9IiZxdW90O2FMeWpzckNpeCtFenpjL2s1ZDlhdkNidjJGNlJONXJZbGdBZ2NCeU5vVE09JnF1b3Q7Ii8-PGFwcCBhcHBpZD0ie0YzQzRGRTAwLUVGRDUtNDAzQi05NTY5LTM5OEEyMEYxQkE0QX0iIHZlcnNpb249IjEuMy4xOTUuNDkiIG5leHR2ZXJzaW9uPSIiIGxhbmc9IiIgYnJhbmQ9IldVTFMiIGNsaWVudD0iIiBleHBlcmltZW50cz0iSXNPbkludGVydmFsQ29tbWFuZHNBbGxvd2VkPS10YXJnZXRfZGV2IiBpbnN0YWxsYWdlPSIxNjY5IiBpbnN0YWxsZGF0ZT0iNjI0NCIgY29ob3J0PSJycmZAMC45MyI-PHVwZGF0ZWNoZWNrLz48cGluZyByPSIzIiByZD0iNjY4NSIgcGluZ19mcmVzaG5lc3M9InszM0JEMThCRS03MDMyLTRCMjEtODIwRi05NURFNjY2ODlFRTJ9Ii8-PC9hcHA-PGFwcCBhcHBpZD0iezU2RUIxOEY4LUIwMDgtNENCRC1CNkQyLThDOTdGRTdFOTA2Mn0iIHZlcnNpb249IjEzNS4wLjMxNzkuNzMiIG5leHR2ZXJzaW9uPSIxMzUuMC4zMTc5Ljg1IiBsYW5nPSIiIGJyYW5kPSJXVUxTIiBjbGllbnQ9IiIgaW5zdGFsbGFnZT0iMTY2OSIgaW5zdGFsbGRhdGU9IjYyNDQiIGNvaG9ydD0icnJmQDAuMzUiIG9vYmVfaW5zdGFsbF90aW1lPSIxMzM1MTU3NzU0NDgwMzg2NTAiIHVwZGF0ZV9jb3VudD0iOSI-PHVwZGF0ZWNoZWNrLz48ZXZlbnQgZXZlbnR0eXBlPSIxMiIgZXZlbnRyZXN1bHQ9IjEiIGVycm9yY29kZT0iMCIgZXh0cmFjb2RlMT0iMCIgc3lzdGVtX3VwdGltZV90aWNrcz0iMjYwMjI0MTA2MiIgZG9uZV9iZWZvcmVfb29iZV9jb21wbGV0ZT0iMCIvPjxldmVudCBldmVudHR5cGU9IjEzIiBldmVudHJlc3VsdD0iMSIgZXJyb3Jjb2RlPSIwIiBleHRyYWNvZGUxPSIwIiBzeXN0ZW1fdXB0aW1lX3RpY2tzPSIyNjAyNTU1NTU3IiBkb25lX2JlZm9yZV9vb2JlX2NvbXBsZXRlPSIwIi8-PGV2ZW50IGV2ZW50dHlwZT0iMTQiIGV2ZW50cmVzdWx0PSIxIiBlcnJvcmNvZGU9IjAiIGV4dHJhY29kZTE9IjAiIHN5c3RlbV91cHRpbWVfdGlja3M9IjMwMjA4MzUyMzIiIHNvdXJjZV91cmxfaW5kZXg9IjAiIGRvbmVfYmVmb3JlX29vYmVfY29tcGxldGU9IjAiIGRvd25sb2FkZXI9ImRvIiB1cmw9Imh0dHA6Ly9tc2VkZ2UuYi50bHUuZGwuZGVsaXZlcnkubXAubWljcm9zb2Z0LmNvbS9maWxlc3RyZWFtaW5nc2VydmljZS9maWxlcy81NjNlOGY4NS0wZDg0LTQ4ZDgtOTZjYS0yZGVkYTY5N2E4NDQ_UDE9MTc0NjA3NjAxNCZhbXA7UDI9NDA0JmFtcDtQMz0yJmFtcDtQND1XWkphdlZ6NEpYNHhhaEJ0b1cwYXQzenZwUk5xRktBZ2tXRSUyZmx1M1VoTHdWTG1qQyUyYnFKanowbzV0STNpQlI3aUQxZmRpN3hzSkcxMjA3bXNCSFM0ZGclM2QlM2QiIHNlcnZlcl9pcF9oaW50PSIiIGNkbl9jaWQ9Ii0xIiBjZG5fY2NjPSIiIGNkbl9tc2VkZ2VfcmVmPSIiIGNkbl9henVyZV9yZWZfb3JpZ2luX3NoaWVsZD0iIiBjZG5fY2FjaGU9IiIgY2RuX3AzcD0iIiBkb3dubG9hZGVkPSIyMDI4NzA1NiIgdG90YWw9IjIwMjg3MDU2IiBkb3dubG9hZF90aW1lX21zPSIzNzczNCIvPjxldmVudCBldmVudHR5cGU9IjE0IiBldmVudHJlc3VsdD0iMSIgZXJyb3Jjb2RlPSIwIiBleHRyYWNvZGUxPSIwIiBzeXN0ZW1fdXB0aW1lX3RpY2tzPSIzMDIwOTk3MjE0IiBzb3VyY2VfdXJsX2luZGV4PSIwIiBkb25lX2JlZm9yZV9vb2JlX2NvbXBsZXRlPSIwIi8-PGV2ZW50IGV2ZW50dHlwZT0iMTUiIGV2ZW50cmVzdWx0PSIxIiBlcnJvcmNvZGU9IjAiIGV4dHJhY29kZTE9IjAiIHN5c3RlbV91cHRpbWVfdGlja3M9IjMwMzAyMTMyMzciIGRvbmVfYmVmb3JlX29vYmVfY29tcGxldGU9IjAiLz48ZXZlbnQgZXZlbnR0eXBlPSIzIiBldmVudHJlc3VsdD0iMSIgZXJyb3Jjb2RlPSIwIiBleHRyYWNvZGUxPSIxOTY3NTciIHN5c3RlbV91cHRpbWVfdGlja3M9IjU2ODI4Njk2MTYiIHNvdXJjZV91cmxfaW5kZXg9IjAiIGRvbmVfYmVmb3JlX29vYmVfY29tcGxldGU9IjAiIHVwZGF0ZV9jaGVja190aW1lX21zPSIyODEyIiBkb3dubG9hZF90aW1lX21zPSI0MTc5NyIgZG93bmxvYWRlZD0iMjAyODcwNTYiIHRvdGFsPSIyMDI4NzA1NiIgcGFja2FnZV9jYWNoZV9yZXN1bHQ9IjAiIGluc3RhbGxfdGltZV9tcz0iMjY1MjM0Ii8-PHBpbmcgcj0iMyIgcmQ9IjY2ODUiIHBpbmdfZnJlc2huZXNzPSJ7QzE2QkREMkYtMzRBMy00RjUzLUFFRUMtRjg4RTgwQTA2RkEwfSIvPjwvYXBwPjxhcHAgYXBwaWQ9IntGMzAxNzIyNi1GRTJBLTQyOTUtOEJERi0wMEMzQTlBN0U0QzV9IiB2ZXJzaW9uPSIxMzUuMC4zMTc5LjczIiBuZXh0dmVyc2lvbj0iMTM1LjAuMzE3OS44NSIgbGFuZz0iIiBicmFuZD0iRVVXViIgY2xpZW50PSIiIGluc3RhbGxhZ2U9IjQ0NCIgaW5zdGFsbGRhdGU9IjYyNDQiIGNvaG9ydD0icnJmQDAuMDQiIHVwZGF0ZV9jb3VudD0iMTEiPjx1cGRhdGVjaGVjay8-PGV2ZW50IGV2ZW50dHlwZT0iMTIiIGV2ZW50cmVzdWx0PSIxIiBlcnJvcmNvZGU9IjAiIGV4dHJhY29kZTE9IjAiIHN5c3RlbV91cHRpbWVfdGlja3M9IjI2MDIzOTk3MDAiIGRvbmVfYmVmb3JlX29vYmVfY29tcGxldGU9IjAiLz48ZXZlbnQgZXZlbnR0eXBlPSIxMyIgZXZlbnRyZXN1bHQ9IjEiIGVycm9yY29kZT0iMCIgZXh0cmFjb2RlMT0iMCIgc3lzdGVtX3VwdGltZV90aWNrcz0iNTY4MzAyNTc2MCIgZG9uZV9iZWZvcmVfb29iZV9jb21wbGV0ZT0iMCIvPjxldmVudCBldmVudHR5cGU9IjE0IiBldmVudHJlc3VsdD0iMSIgZXJyb3Jjb2RlPSIwIiBleHRyYWNvZGUxPSIwIiBzeXN0ZW1fdXB0aW1lX3RpY2tzPSI1Njk5NzQyNDQ2IiBkb25lX2JlZm9yZV9vb2JlX2NvbXBsZXRlPSIwIi8-PGV2ZW50IGV2ZW50dHlwZT0iMTUiIGV2ZW50cmVzdWx0PSIxIiBlcnJvcmNvZGU9IjAiIGV4dHJhY29kZTE9IjAiIHN5c3RlbV91cHRpbWVfdGlja3M9IjU3MTA2ODQwNDEiIGRvbmVfYmVmb3JlX29vYmVfY29tcGxldGU9IjAiLz48ZXZlbnQgZXZlbnR0eXBlPSIzIiBldmVudHJlc3VsdD0iMSIgZXJyb3Jjb2RlPSIwIiBleHRyYWNvZGUxPSIxOTY3NTciIHN5c3RlbV91cHRpbWVfdGlja3M9IjYwMDA1MjU3OTMiIGRvbmVfYmVmb3JlX29vYmVfY29tcGxldGU9IjAiIHVwZGF0ZV9jaGVja190aW1lX21zPSIyODEyIiBkb3dubG9hZGVkPSIyMDI4NzA1NiIgdG90YWw9IjIwMjg3MDU2IiBwYWNrYWdlX2NhY2hlX3Jlc3VsdD0iMiIgaW5zdGFsbF90aW1lX21zPSIyODk1MyIvPjxwaW5nIHI9IjMiIHJkPSI2Njg1IiBwaW5nX2ZyZXNobmVzcz0iezAxOTNFRjcyLUFDOTAtNENGMS05ODk1LURENzk0RDJDNTIwMn0iLz48L2FwcD48L3JlcXVlc3Q-</Data>
<Data Name="CurrentDirectory">C:\Program Files (x86)\Microsoft\EdgeUpdate\1.3.195.49\</Data>
<Data Name="User">NT AUTHORITY\SYSTEM</Data>
<Data Name="LogonGuid">{59d32d4f-c62e-6809-e703-000000000000}</Data>
<Data Name="LogonId">0x00000000000003e7</Data>
<Data Name="TerminalSessionId">0</Data>
<Data Name="IntegrityLevel">System</Data>
<Data Name="Hashes">MD5=B55AD19C6C110E9BF985BC8674F7BCB3,SHA256=9991BA022173F283EE99068B708F60AC5143FE0C81C9E3673CC7835B108A4F44,IMPHASH=30AD68B9DC9737D8C720DD9284051ADD</Data>
<Data Name="ParentProcessGuid">{59d32d4f-c6f7-6809-df00-000000001500}</Data>
<Data Name="ParentProcessId">1084</Data>
<Data Name="ParentImage">C:\Program Files (x86)\Microsoft\EdgeUpdate\MicrosoftEdgeUpdate.exe</Data>
<Data Name="ParentCommandLine">"C:\Program Files (x86)\Microsoft\EdgeUpdate\MicrosoftEdgeUpdate.exe" /svc</Data>
<Data Name="ParentUser">NT AUTHORITY\SYSTEM</Data>
</EventData>
</Event>

<Event xmlns="http://schemas.microsoft.com/win/2004/08/events/event"><System><Provider Name="Microsoft-Windows-Sysmon" Guid="{5770385f-c22a-43e0-bf4c-06f5698ffbd9}"></Provider>
<EventID Qualifiers="">1</EventID>
<Version>5</Version>
<Level>4</Level>
<Task>1</Task>
<Opcode>0</Opcode>
<Keywords>0x8000000000000000</Keywords>
<TimeCreated SystemTime="2025-04-24 05:12:56.115995+00:00"></TimeCreated>
<EventRecordID>994</EventRecordID>
<Correlation ActivityID="" RelatedActivityID=""></Correlation>
<Execution ProcessID="3288" ThreadID="3532"></Execution>
<Channel>Microsoft-Windows-Sysmon/Operational</Channel>
<Computer>DESKTOP-RL1K13Q</Computer>
<Security UserID="S-1-5-18"></Security>
</System>
<EventData><Data Name="RuleName">-</Data>
<Data Name="UtcTime">2025-04-24 05:12:56.099</Data>
<Data Name="ProcessGuid">{59d32d4f-c858-6809-8501-000000001500}</Data>
<Data Name="ProcessId">8768</Data>
<Data Name="Image">C:\Windows\SysWOW64\dllhost.exe</Data>
<Data Name="FileVersion">10.0.19041.3636 (WinBuild.160101.0800)</Data>
<Data Name="Description">COM Surrogate</Data>
<Data Name="Product">Microsoft&#174; Windows&#174; Operating System</Data>
<Data Name="Company">Microsoft Corporation</Data>
<Data Name="OriginalFileName">dllhost.exe</Data>
<Data Name="CommandLine">"C:\Windows\SysWOW64\DllHost.exe" /Processid:{776DBC8D-7347-478C-8D71-791E12EF49D8}</Data>
<Data Name="CurrentDirectory">C:\Windows\system32\</Data>
<Data Name="User">DESKTOP-RL1K13Q\Bluecheap</Data>
<Data Name="LogonGuid">{59d32d4f-c774-6809-c1b4-260000000000}</Data>
<Data Name="LogonId">0x000000000026b4c1</Data>
<Data Name="TerminalSessionId">1</Data>
<Data Name="IntegrityLevel">Medium</Data>
<Data Name="Hashes">MD5=61DF0FA6EF720DDB2C284349D848599F,SHA256=6947EC4CADE9C3F410AAFB1D30D9664F6CBDA797C983A1BC7A682006BB08A466,IMPHASH=B6A6C5247EFBD2610E3DEA44649D7041</Data>
<Data Name="ParentProcessGuid">{59d32d4f-c62e-6809-0d00-000000001500}</Data>
<Data Name="ParentProcessId">820</Data>
<Data Name="ParentImage">C:\Windows\System32\svchost.exe</Data>
<Data Name="ParentCommandLine">C:\Windows\system32\svchost.exe -k DcomLaunch -p</Data>
<Data Name="ParentUser">NT AUTHORITY\SYSTEM</Data>
</EventData>
</Event>

<Event xmlns="http://schemas.microsoft.com/win/2004/08/events/event"><System><Provider Name="Microsoft-Windows-Sysmon" Guid="{5770385f-c22a-43e0-bf4c-06f5698ffbd9}"></Provider>
<EventID Qualifiers="">1</EventID>
<Version>5</Version>
<Level>4</Level>
<Task>1</Task>
<Opcode>0</Opcode>
<Keywords>0x8000000000000000</Keywords>
<TimeCreated SystemTime="2025-04-24 05:13:01.593983+00:00"></TimeCreated>
<EventRecordID>995</EventRecordID>
<Correlation ActivityID="" RelatedActivityID=""></Correlation>
<Execution ProcessID="3288" ThreadID="3532"></Execution>
<Channel>Microsoft-Windows-Sysmon/Operational</Channel>
<Computer>DESKTOP-RL1K13Q</Computer>
<Security UserID="S-1-5-18"></Security>
</System>
<EventData><Data Name="RuleName">-</Data>
<Data Name="UtcTime">2025-04-24 05:13:01.565</Data>
<Data Name="ProcessGuid">{59d32d4f-c85d-6809-8601-000000001500}</Data>
<Data Name="ProcessId">4944</Data>
<Data Name="Image">C:\Program Files\7-Zip\7zG.exe</Data>
<Data Name="FileVersion">24.01</Data>
<Data Name="Description">7-Zip GUI</Data>
<Data Name="Product">7-Zip</Data>
<Data Name="Company">Igor Pavlov</Data>
<Data Name="OriginalFileName">7zg.exe</Data>
<Data Name="CommandLine">"C:\Program Files\7-Zip\7zG.exe" x -o"C:\Users\Bluecheap\Desktop\SysinternalsSuite\" -ad -an -ai#7zMap8297:100:7zEvent21587</Data>
<Data Name="CurrentDirectory">C:\Windows\system32\</Data>
<Data Name="User">DESKTOP-RL1K13Q\Bluecheap</Data>
<Data Name="LogonGuid">{59d32d4f-c774-6809-c1b4-260000000000}</Data>
<Data Name="LogonId">0x000000000026b4c1</Data>
<Data Name="TerminalSessionId">1</Data>
<Data Name="IntegrityLevel">Medium</Data>
<Data Name="Hashes">MD5=780F46E18996E23A6BDC80B21618938D,SHA256=B126A83EEAB06947C6BABF0BE8E469274585218FFC2DAB5A6D650E5DBC4E58BE,IMPHASH=6E1570D36B4FF050CE6EB3EB99886A40</Data>
<Data Name="ParentProcessGuid">{59d32d4f-c779-6809-0f01-000000001500}</Data>
<Data Name="ParentProcessId">3384</Data>
<Data Name="ParentImage">C:\Windows\explorer.exe</Data>
<Data Name="ParentCommandLine">C:\Windows\Explorer.EXE</Data>
<Data Name="ParentUser">DESKTOP-RL1K13Q\Bluecheap</Data>
</EventData>
</Event>

<Event xmlns="http://schemas.microsoft.com/win/2004/08/events/event"><System><Provider Name="Microsoft-Windows-Sysmon" Guid="{5770385f-c22a-43e0-bf4c-06f5698ffbd9}"></Provider>
<EventID Qualifiers="">11</EventID>
<Version>2</Version>
<Level>4</Level>
<Task>11</Task>
<Opcode>0</Opcode>
<Keywords>0x8000000000000000</Keywords>
<TimeCreated SystemTime="2025-04-24 05:13:03.953058+00:00"></TimeCreated>
<EventRecordID>996</EventRecordID>
<Correlation ActivityID="" RelatedActivityID=""></Correlation>
<Execution ProcessID="3288" ThreadID="3532"></Execution>
<Channel>Microsoft-Windows-Sysmon/Operational</Channel>
<Computer>DESKTOP-RL1K13Q</Computer>
<Security UserID="S-1-5-18"></Security>
</System>
<EventData><Data Name="RuleName">-</Data>
<Data Name="UtcTime">2025-04-24 05:13:03.928</Data>
<Data Name="ProcessGuid">{59d32d4f-c85d-6809-8601-000000001500}</Data>
<Data Name="ProcessId">4944</Data>
<Data Name="Image">C:\Program Files\7-Zip\7zG.exe</Data>
<Data Name="TargetFilename">C:\Users\Bluecheap\Desktop\SysinternalsSuite\ctrl2cap.amd.sys</Data>
<Data Name="CreationUtcTime">2025-04-24 05:13:03.928</Data>
<Data Name="User">DESKTOP-RL1K13Q\Bluecheap</Data>
</EventData>
</Event>

<Event xmlns="http://schemas.microsoft.com/win/2004/08/events/event"><System><Provider Name="Microsoft-Windows-Sysmon" Guid="{5770385f-c22a-43e0-bf4c-06f5698ffbd9}"></Provider>
<EventID Qualifiers="">11</EventID>
<Version>2</Version>
<Level>4</Level>
<Task>11</Task>
<Opcode>0</Opcode>
<Keywords>0x8000000000000000</Keywords>
<TimeCreated SystemTime="2025-04-24 05:13:03.974150+00:00"></TimeCreated>
<EventRecordID>997</EventRecordID>
<Correlation ActivityID="" RelatedActivityID=""></Correlation>
<Execution ProcessID="3288" ThreadID="3532"></Execution>
<Channel>Microsoft-Windows-Sysmon/Operational</Channel>
<Computer>DESKTOP-RL1K13Q</Computer>
<Security UserID="S-1-5-18"></Security>
</System>
<EventData><Data Name="RuleName">EXE</Data>
<Data Name="UtcTime">2025-04-24 05:13:03.960</Data>
<Data Name="ProcessGuid">{59d32d4f-c85d-6809-8601-000000001500}</Data>
<Data Name="ProcessId">4944</Data>
<Data Name="Image">C:\Program Files\7-Zip\7zG.exe</Data>
<Data Name="TargetFilename">C:\Users\Bluecheap\Desktop\SysinternalsSuite\ctrl2cap.exe</Data>
<Data Name="CreationUtcTime">2025-04-24 05:13:03.948</Data>
<Data Name="User">DESKTOP-RL1K13Q\Bluecheap</Data>
</EventData>
</Event>

<Event xmlns="http://schemas.microsoft.com/win/2004/08/events/event"><System><Provider Name="Microsoft-Windows-Sysmon" Guid="{5770385f-c22a-43e0-bf4c-06f5698ffbd9}"></Provider>
<EventID Qualifiers="">2</EventID>
<Version>5</Version>
<Level>4</Level>
<Task>2</Task>
<Opcode>0</Opcode>
<Keywords>0x8000000000000000</Keywords>
<TimeCreated SystemTime="2025-04-24 05:13:03.974430+00:00"></TimeCreated>
<EventRecordID>998</EventRecordID>
<Correlation ActivityID="" RelatedActivityID=""></Correlation>
<Execution ProcessID="3288" ThreadID="3532"></Execution>
<Channel>Microsoft-Windows-Sysmon/Operational</Channel>
<Computer>DESKTOP-RL1K13Q</Computer>
<Security UserID="S-1-5-18"></Security>
</System>
<EventData><Data Name="RuleName">T1099</Data>
<Data Name="UtcTime">2025-04-24 05:13:03.960</Data>
<Data Name="ProcessGuid">{59d32d4f-c85d-6809-8601-000000001500}</Data>
<Data Name="ProcessId">4944</Data>
<Data Name="Image">C:\Program Files\7-Zip\7zG.exe</Data>
<Data Name="TargetFilename">C:\Users\Bluecheap\Desktop\SysinternalsSuite\ctrl2cap.exe</Data>
<Data Name="CreationUtcTime">2006-11-01 22:05:48.000</Data>
<Data Name="PreviousCreationUtcTime">2025-04-24 05:13:03.948</Data>
<Data Name="User">DESKTOP-RL1K13Q\Bluecheap</Data>
</EventData>
</Event>

<Event xmlns="http://schemas.microsoft.com/win/2004/08/events/event"><System><Provider Name="Microsoft-Windows-Sysmon" Guid="{5770385f-c22a-43e0-bf4c-06f5698ffbd9}"></Provider>
<EventID Qualifiers="">11</EventID>
<Version>2</Version>
<Level>4</Level>
<Task>11</Task>
<Opcode>0</Opcode>
<Keywords>0x8000000000000000</Keywords>
<TimeCreated SystemTime="2025-04-24 05:13:03.974508+00:00"></TimeCreated>
<EventRecordID>999</EventRecordID>
<Correlation ActivityID="" RelatedActivityID=""></Correlation>
<Execution ProcessID="3288" ThreadID="3532"></Execution>
<Channel>Microsoft-Windows-Sysmon/Operational</Channel>
<Computer>DESKTOP-RL1K13Q</Computer>
<Security UserID="S-1-5-18"></Security>
</System>
<EventData><Data Name="RuleName">EXE</Data>
<Data Name="UtcTime">2025-04-24 05:13:03.960</Data>
<Data Name="ProcessGuid">{59d32d4f-c85d-6809-8601-000000001500}</Data>
<Data Name="ProcessId">4944</Data>
<Data Name="Image">C:\Program Files\7-Zip\7zG.exe</Data>
<Data Name="TargetFilename">C:\Users\Bluecheap\Desktop\SysinternalsSuite\ldmdump.exe</Data>
<Data Name="CreationUtcTime">2025-04-24 05:13:03.960</Data>
<Data Name="User">DESKTOP-RL1K13Q\Bluecheap</Data>
</EventData>
</Event>

<Event xmlns="http://schemas.microsoft.com/win/2004/08/events/event"><System><Provider Name="Microsoft-Windows-Sysmon" Guid="{5770385f-c22a-43e0-bf4c-06f5698ffbd9}"></Provider>
<EventID Qualifiers="">2</EventID>
<Version>5</Version>
<Level>4</Level>
<Task>2</Task>
<Opcode>0</Opcode>
<Keywords>0x8000000000000000</Keywords>
<TimeCreated SystemTime="2025-04-24 05:13:03.974550+00:00"></TimeCreated>
<EventRecordID>1000</EventRecordID>
<Correlation ActivityID="" RelatedActivityID=""></Correlation>
<Execution ProcessID="3288" ThreadID="3532"></Execution>
<Channel>Microsoft-Windows-Sysmon/Operational</Channel>
<Computer>DESKTOP-RL1K13Q</Computer>
<Security UserID="S-1-5-18"></Security>
</System>
<EventData><Data Name="RuleName">T1099</Data>
<Data Name="UtcTime">2025-04-24 05:13:03.960</Data>
<Data Name="ProcessGuid">{59d32d4f-c85d-6809-8601-000000001500}</Data>
<Data Name="ProcessId">4944</Data>
<Data Name="Image">C:\Program Files\7-Zip\7zG.exe</Data>
<Data Name="TargetFilename">C:\Users\Bluecheap\Desktop\SysinternalsSuite\ldmdump.exe</Data>
<Data Name="CreationUtcTime">2006-11-01 22:06:10.000</Data>
<Data Name="PreviousCreationUtcTime">2025-04-24 05:13:03.960</Data>
<Data Name="User">DESKTOP-RL1K13Q\Bluecheap</Data>
</EventData>
</Event>

<Event xmlns="http://schemas.microsoft.com/win/2004/08/events/event"><System><Provider Name="Microsoft-Windows-Sysmon" Guid="{5770385f-c22a-43e0-bf4c-06f5698ffbd9}"></Provider>
<EventID Qualifiers="">11</EventID>
<Version>2</Version>
<Level>4</Level>
<Task>11</Task>
<Opcode>0</Opcode>
<Keywords>0x8000000000000000</Keywords>
<TimeCreated SystemTime="2025-04-24 05:13:03.974594+00:00"></TimeCreated>
<EventRecordID>1001</EventRecordID>
<Correlation ActivityID="" RelatedActivityID=""></Correlation>
<Execution ProcessID="3288" ThreadID="3532"></Execution>
<Channel>Microsoft-Windows-Sysmon/Operational</Channel>
<Computer>DESKTOP-RL1K13Q</Computer>
<Security UserID="S-1-5-18"></Security>
</System>
<EventData><Data Name="RuleName">EXE</Data>
<Data Name="UtcTime">2025-04-24 05:13:03.960</Data>
<Data Name="ProcessGuid">{59d32d4f-c85d-6809-8601-000000001500}</Data>
<Data Name="ProcessId">4944</Data>
<Data Name="Image">C:\Program Files\7-Zip\7zG.exe</Data>
<Data Name="TargetFilename">C:\Users\Bluecheap\Desktop\SysinternalsSuite\Listdlls.exe</Data>
<Data Name="CreationUtcTime">2025-04-24 05:13:03.960</Data>
<Data Name="User">DESKTOP-RL1K13Q\Bluecheap</Data>
</EventData>
</Event>

<Event xmlns="http://schemas.microsoft.com/win/2004/08/events/event"><System><Provider Name="Microsoft-Windows-Sysmon" Guid="{5770385f-c22a-43e0-bf4c-06f5698ffbd9}"></Provider>
<EventID Qualifiers="">2</EventID>
<Version>5</Version>
<Level>4</Level>
<Task>2</Task>
<Opcode>0</Opcode>
<Keywords>0x8000000000000000</Keywords>
<TimeCreated SystemTime="2025-04-24 05:13:04.074829+00:00"></TimeCreated>
<EventRecordID>1002</EventRecordID>
<Correlation ActivityID="" RelatedActivityID=""></Correlation>
<Execution ProcessID="3288" ThreadID="3532"></Execution>
<Channel>Microsoft-Windows-Sysmon/Operational</Channel>
<Computer>DESKTOP-RL1K13Q</Computer>
<Security UserID="S-1-5-18"></Security>
</System>
<EventData><Data Name="RuleName">T1099</Data>
<Data Name="UtcTime">2025-04-24 05:13:03.975</Data>
<Data Name="ProcessGuid">{59d32d4f-c85d-6809-8601-000000001500}</Data>
<Data Name="ProcessId">4944</Data>
<Data Name="Image">C:\Program Files\7-Zip\7zG.exe</Data>
<Data Name="TargetFilename">C:\Users\Bluecheap\Desktop\SysinternalsSuite\Listdlls.exe</Data>
<Data Name="CreationUtcTime">2016-05-27 10:30:18.000</Data>
<Data Name="PreviousCreationUtcTime">2025-04-24 05:13:03.960</Data>
<Data Name="User">DESKTOP-RL1K13Q\Bluecheap</Data>
</EventData>
</Event>

<Event xmlns="http://schemas.microsoft.com/win/2004/08/events/event"><System><Provider Name="Microsoft-Windows-Sysmon" Guid="{5770385f-c22a-43e0-bf4c-06f5698ffbd9}"></Provider>
<EventID Qualifiers="">11</EventID>
<Version>2</Version>
<Level>4</Level>
<Task>11</Task>
<Opcode>0</Opcode>
<Keywords>0x8000000000000000</Keywords>
<TimeCreated SystemTime="2025-04-24 05:13:04.074862+00:00"></TimeCreated>
<EventRecordID>1003</EventRecordID>
<Correlation ActivityID="" RelatedActivityID=""></Correlation>
<Execution ProcessID="3288" ThreadID="3532"></Execution>
<Channel>Microsoft-Windows-Sysmon/Operational</Channel>
<Computer>DESKTOP-RL1K13Q</Computer>
<Security UserID="S-1-5-18"></Security>
</System>
<EventData><Data Name="RuleName">EXE</Data>
<Data Name="UtcTime">2025-04-24 05:13:03.975</Data>
<Data Name="ProcessGuid">{59d32d4f-c85d-6809-8601-000000001500}</Data>
<Data Name="ProcessId">4944</Data>
<Data Name="Image">C:\Program Files\7-Zip\7zG.exe</Data>
<Data Name="TargetFilename">C:\Users\Bluecheap\Desktop\SysinternalsSuite\Listdlls64.exe</Data>
<Data Name="CreationUtcTime">2025-04-24 05:13:03.975</Data>
<Data Name="User">DESKTOP-RL1K13Q\Bluecheap</Data>
</EventData>
</Event>

<Event xmlns="http://schemas.microsoft.com/win/2004/08/events/event"><System><Provider Name="Microsoft-Windows-Sysmon" Guid="{5770385f-c22a-43e0-bf4c-06f5698ffbd9}"></Provider>
<EventID Qualifiers="">2</EventID>
<Version>5</Version>
<Level>4</Level>
<Task>2</Task>
<Opcode>0</Opcode>
<Keywords>0x8000000000000000</Keywords>
<TimeCreated SystemTime="2025-04-24 05:13:04.074886+00:00"></TimeCreated>
<EventRecordID>1004</EventRecordID>
<Correlation ActivityID="" RelatedActivityID=""></Correlation>
<Execution ProcessID="3288" ThreadID="3532"></Execution>
<Channel>Microsoft-Windows-Sysmon/Operational</Channel>
<Computer>DESKTOP-RL1K13Q</Computer>
<Security UserID="S-1-5-18"></Security>
</System>
<EventData><Data Name="RuleName">T1099</Data>
<Data Name="UtcTime">2025-04-24 05:13:03.991</Data>
<Data Name="ProcessGuid">{59d32d4f-c85d-6809-8601-000000001500}</Data>
<Data Name="ProcessId">4944</Data>
<Data Name="Image">C:\Program Files\7-Zip\7zG.exe</Data>
<Data Name="TargetFilename">C:\Users\Bluecheap\Desktop\SysinternalsSuite\Listdlls64.exe</Data>
<Data Name="CreationUtcTime">2016-05-27 10:28:36.000</Data>
<Data Name="PreviousCreationUtcTime">2025-04-24 05:13:03.975</Data>
<Data Name="User">DESKTOP-RL1K13Q\Bluecheap</Data>
</EventData>
</Event>

<Event xmlns="http://schemas.microsoft.com/win/2004/08/events/event"><System><Provider Name="Microsoft-Windows-Sysmon" Guid="{5770385f-c22a-43e0-bf4c-06f5698ffbd9}"></Provider>
<EventID Qualifiers="">11</EventID>
<Version>2</Version>
<Level>4</Level>
<Task>11</Task>
<Opcode>0</Opcode>
<Keywords>0x8000000000000000</Keywords>
<TimeCreated SystemTime="2025-04-24 05:13:04.074909+00:00"></TimeCreated>
<EventRecordID>1005</EventRecordID>
<Correlation ActivityID="" RelatedActivityID=""></Correlation>
<Execution ProcessID="3288" ThreadID="3532"></Execution>
<Channel>Microsoft-Windows-Sysmon/Operational</Channel>
<Computer>DESKTOP-RL1K13Q</Computer>
<Security UserID="S-1-5-18"></Security>
</System>
<EventData><Data Name="RuleName">EXE</Data>
<Data Name="UtcTime">2025-04-24 05:13:03.991</Data>
<Data Name="ProcessGuid">{59d32d4f-c85d-6809-8601-000000001500}</Data>
<Data Name="ProcessId">4944</Data>
<Data Name="Image">C:\Program Files\7-Zip\7zG.exe</Data>
<Data Name="TargetFilename">C:\Users\Bluecheap\Desktop\SysinternalsSuite\ntfsinfo.exe</Data>
<Data Name="CreationUtcTime">2025-04-24 05:13:03.991</Data>
<Data Name="User">DESKTOP-RL1K13Q\Bluecheap</Data>
</EventData>
</Event>

<Event xmlns="http://schemas.microsoft.com/win/2004/08/events/event"><System><Provider Name="Microsoft-Windows-Sysmon" Guid="{5770385f-c22a-43e0-bf4c-06f5698ffbd9}"></Provider>
<EventID Qualifiers="">2</EventID>
<Version>5</Version>
<Level>4</Level>
<Task>2</Task>
<Opcode>0</Opcode>
<Keywords>0x8000000000000000</Keywords>
<TimeCreated SystemTime="2025-04-24 05:13:04.074932+00:00"></TimeCreated>
<EventRecordID>1006</EventRecordID>
<Correlation ActivityID="" RelatedActivityID=""></Correlation>
<Execution ProcessID="3288" ThreadID="3532"></Execution>
<Channel>Microsoft-Windows-Sysmon/Operational</Channel>
<Computer>DESKTOP-RL1K13Q</Computer>
<Security UserID="S-1-5-18"></Security>
</System>
<EventData><Data Name="RuleName">T1099</Data>
<Data Name="UtcTime">2025-04-24 05:13:03.991</Data>
<Data Name="ProcessGuid">{59d32d4f-c85d-6809-8601-000000001500}</Data>
<Data Name="ProcessId">4944</Data>
<Data Name="Image">C:\Program Files\7-Zip\7zG.exe</Data>
<Data Name="TargetFilename">C:\Users\Bluecheap\Desktop\SysinternalsSuite\ntfsinfo.exe</Data>
<Data Name="CreationUtcTime">2016-06-12 18:29:12.000</Data>
<Data Name="PreviousCreationUtcTime">2025-04-24 05:13:03.991</Data>
<Data Name="User">DESKTOP-RL1K13Q\Bluecheap</Data>
</EventData>
</Event>

<Event xmlns="http://schemas.microsoft.com/win/2004/08/events/event"><System><Provider Name="Microsoft-Windows-Sysmon" Guid="{5770385f-c22a-43e0-bf4c-06f5698ffbd9}"></Provider>
<EventID Qualifiers="">11</EventID>
<Version>2</Version>
<Level>4</Level>
<Task>11</Task>
<Opcode>0</Opcode>
<Keywords>0x8000000000000000</Keywords>
<TimeCreated SystemTime="2025-04-24 05:13:04.074957+00:00"></TimeCreated>
<EventRecordID>1007</EventRecordID>
<Correlation ActivityID="" RelatedActivityID=""></Correlation>
<Execution ProcessID="3288" ThreadID="3532"></Execution>
<Channel>Microsoft-Windows-Sysmon/Operational</Channel>
<Computer>DESKTOP-RL1K13Q</Computer>
<Security UserID="S-1-5-18"></Security>
</System>
<EventData><Data Name="RuleName">EXE</Data>
<Data Name="UtcTime">2025-04-24 05:13:03.991</Data>
<Data Name="ProcessGuid">{59d32d4f-c85d-6809-8601-000000001500}</Data>
<Data Name="ProcessId">4944</Data>
<Data Name="Image">C:\Program Files\7-Zip\7zG.exe</Data>
<Data Name="TargetFilename">C:\Users\Bluecheap\Desktop\SysinternalsSuite\ntfsinfo64.exe</Data>
<Data Name="CreationUtcTime">2025-04-24 05:13:03.991</Data>
<Data Name="User">DESKTOP-RL1K13Q\Bluecheap</Data>
</EventData>
</Event>

<Event xmlns="http://schemas.microsoft.com/win/2004/08/events/event"><System><Provider Name="Microsoft-Windows-Sysmon" Guid="{5770385f-c22a-43e0-bf4c-06f5698ffbd9}"></Provider>
<EventID Qualifiers="">2</EventID>
<Version>5</Version>
<Level>4</Level>
<Task>2</Task>
<Opcode>0</Opcode>
<Keywords>0x8000000000000000</Keywords>
<TimeCreated SystemTime="2025-04-24 05:13:04.074978+00:00"></TimeCreated>
<EventRecordID>1008</EventRecordID>
<Correlation ActivityID="" RelatedActivityID=""></Correlation>
<Execution ProcessID="3288" ThreadID="3532"></Execution>
<Channel>Microsoft-Windows-Sysmon/Operational</Channel>
<Computer>DESKTOP-RL1K13Q</Computer>
<Security UserID="S-1-5-18"></Security>
</System>
<EventData><Data Name="RuleName">T1099</Data>
<Data Name="UtcTime">2025-04-24 05:13:03.991</Data>
<Data Name="ProcessGuid">{59d32d4f-c85d-6809-8601-000000001500}</Data>
<Data Name="ProcessId">4944</Data>
<Data Name="Image">C:\Program Files\7-Zip\7zG.exe</Data>
<Data Name="TargetFilename">C:\Users\Bluecheap\Desktop\SysinternalsSuite\ntfsinfo64.exe</Data>
<Data Name="CreationUtcTime">2016-06-12 18:26:34.000</Data>
<Data Name="PreviousCreationUtcTime">2025-04-24 05:13:03.991</Data>
<Data Name="User">DESKTOP-RL1K13Q\Bluecheap</Data>
</EventData>
</Event>

<Event xmlns="http://schemas.microsoft.com/win/2004/08/events/event"><System><Provider Name="Microsoft-Windows-Sysmon" Guid="{5770385f-c22a-43e0-bf4c-06f5698ffbd9}"></Provider>
<EventID Qualifiers="">11</EventID>
<Version>2</Version>
<Level>4</Level>
<Task>11</Task>
<Opcode>0</Opcode>
<Keywords>0x8000000000000000</Keywords>
<TimeCreated SystemTime="2025-04-24 05:13:04.075003+00:00"></TimeCreated>
<EventRecordID>1009</EventRecordID>
<Correlation ActivityID="" RelatedActivityID=""></Correlation>
<Execution ProcessID="3288" ThreadID="3532"></Execution>
<Channel>Microsoft-Windows-Sysmon/Operational</Channel>
<Computer>DESKTOP-RL1K13Q</Computer>
<Security UserID="S-1-5-18"></Security>
</System>
<EventData><Data Name="RuleName">EXE</Data>
<Data Name="UtcTime">2025-04-24 05:13:03.991</Data>
<Data Name="ProcessGuid">{59d32d4f-c85d-6809-8601-000000001500}</Data>
<Data Name="ProcessId">4944</Data>
<Data Name="Image">C:\Program Files\7-Zip\7zG.exe</Data>
<Data Name="TargetFilename">C:\Users\Bluecheap\Desktop\SysinternalsSuite\portmon.exe</Data>
<Data Name="CreationUtcTime">2025-04-24 05:13:03.991</Data>
<Data Name="User">DESKTOP-RL1K13Q\Bluecheap</Data>
</EventData>
</Event>

<Event xmlns="http://schemas.microsoft.com/win/2004/08/events/event"><System><Provider Name="Microsoft-Windows-Sysmon" Guid="{5770385f-c22a-43e0-bf4c-06f5698ffbd9}"></Provider>
<EventID Qualifiers="">2</EventID>
<Version>5</Version>
<Level>4</Level>
<Task>2</Task>
<Opcode>0</Opcode>
<Keywords>0x8000000000000000</Keywords>
<TimeCreated SystemTime="2025-04-24 05:13:04.075026+00:00"></TimeCreated>
<EventRecordID>1010</EventRecordID>
<Correlation ActivityID="" RelatedActivityID=""></Correlation>
<Execution ProcessID="3288" ThreadID="3532"></Execution>
<Channel>Microsoft-Windows-Sysmon/Operational</Channel>
<Computer>DESKTOP-RL1K13Q</Computer>
<Security UserID="S-1-5-18"></Security>
</System>
<EventData><Data Name="RuleName">T1099</Data>
<Data Name="UtcTime">2025-04-24 05:13:04.007</Data>
<Data Name="ProcessGuid">{59d32d4f-c85d-6809-8601-000000001500}</Data>
<Data Name="ProcessId">4944</Data>
<Data Name="Image">C:\Program Files\7-Zip\7zG.exe</Data>
<Data Name="TargetFilename">C:\Users\Bluecheap\Desktop\SysinternalsSuite\portmon.exe</Data>
<Data Name="CreationUtcTime">2012-01-14 01:35:22.000</Data>
<Data Name="PreviousCreationUtcTime">2025-04-24 05:13:03.991</Data>
<Data Name="User">DESKTOP-RL1K13Q\Bluecheap</Data>
</EventData>
</Event>

<Event xmlns="http://schemas.microsoft.com/win/2004/08/events/event"><System><Provider Name="Microsoft-Windows-Sysmon" Guid="{5770385f-c22a-43e0-bf4c-06f5698ffbd9}"></Provider>
<EventID Qualifiers="">11</EventID>
<Version>2</Version>
<Level>4</Level>
<Task>11</Task>
<Opcode>0</Opcode>
<Keywords>0x8000000000000000</Keywords>
<TimeCreated SystemTime="2025-04-24 05:13:04.075048+00:00"></TimeCreated>
<EventRecordID>1011</EventRecordID>
<Correlation ActivityID="" RelatedActivityID=""></Correlation>
<Execution ProcessID="3288" ThreadID="3532"></Execution>
<Channel>Microsoft-Windows-Sysmon/Operational</Channel>
<Computer>DESKTOP-RL1K13Q</Computer>
<Security UserID="S-1-5-18"></Security>
</System>
<EventData><Data Name="RuleName">EXE</Data>
<Data Name="UtcTime">2025-04-24 05:13:04.007</Data>
<Data Name="ProcessGuid">{59d32d4f-c85d-6809-8601-000000001500}</Data>
<Data Name="ProcessId">4944</Data>
<Data Name="Image">C:\Program Files\7-Zip\7zG.exe</Data>
<Data Name="TargetFilename">C:\Users\Bluecheap\Desktop\SysinternalsSuite\psfile.exe</Data>
<Data Name="CreationUtcTime">2025-04-24 05:13:04.007</Data>
<Data Name="User">DESKTOP-RL1K13Q\Bluecheap</Data>
</EventData>
</Event>

<Event xmlns="http://schemas.microsoft.com/win/2004/08/events/event"><System><Provider Name="Microsoft-Windows-Sysmon" Guid="{5770385f-c22a-43e0-bf4c-06f5698ffbd9}"></Provider>
<EventID Qualifiers="">2</EventID>
<Version>5</Version>
<Level>4</Level>
<Task>2</Task>
<Opcode>0</Opcode>
<Keywords>0x8000000000000000</Keywords>
<TimeCreated SystemTime="2025-04-24 05:13:04.075069+00:00"></TimeCreated>
<EventRecordID>1012</EventRecordID>
<Correlation ActivityID="" RelatedActivityID=""></Correlation>
<Execution ProcessID="3288" ThreadID="3532"></Execution>
<Channel>Microsoft-Windows-Sysmon/Operational</Channel>
<Computer>DESKTOP-RL1K13Q</Computer>
<Security UserID="S-1-5-18"></Security>
</System>
<EventData><Data Name="RuleName">T1099</Data>
<Data Name="UtcTime">2025-04-24 05:13:04.022</Data>
<Data Name="ProcessGuid">{59d32d4f-c85d-6809-8601-000000001500}</Data>
<Data Name="ProcessId">4944</Data>
<Data Name="Image">C:\Program Files\7-Zip\7zG.exe</Data>
<Data Name="TargetFilename">C:\Users\Bluecheap\Desktop\SysinternalsSuite\psfile.exe</Data>
<Data Name="CreationUtcTime">2016-06-28 19:35:18.000</Data>
<Data Name="PreviousCreationUtcTime">2025-04-24 05:13:04.007</Data>
<Data Name="User">DESKTOP-RL1K13Q\Bluecheap</Data>
</EventData>
</Event>

<Event xmlns="http://schemas.microsoft.com/win/2004/08/events/event"><System><Provider Name="Microsoft-Windows-Sysmon" Guid="{5770385f-c22a-43e0-bf4c-06f5698ffbd9}"></Provider>
<EventID Qualifiers="">11</EventID>
<Version>2</Version>
<Level>4</Level>
<Task>11</Task>
<Opcode>0</Opcode>
<Keywords>0x8000000000000000</Keywords>
<TimeCreated SystemTime="2025-04-24 05:13:04.075094+00:00"></TimeCreated>
<EventRecordID>1013</EventRecordID>
<Correlation ActivityID="" RelatedActivityID=""></Correlation>
<Execution ProcessID="3288" ThreadID="3532"></Execution>
<Channel>Microsoft-Windows-Sysmon/Operational</Channel>
<Computer>DESKTOP-RL1K13Q</Computer>
<Security UserID="S-1-5-18"></Security>
</System>
<EventData><Data Name="RuleName">EXE</Data>
<Data Name="UtcTime">2025-04-24 05:13:04.022</Data>
<Data Name="ProcessGuid">{59d32d4f-c85d-6809-8601-000000001500}</Data>
<Data Name="ProcessId">4944</Data>
<Data Name="Image">C:\Program Files\7-Zip\7zG.exe</Data>
<Data Name="TargetFilename">C:\Users\Bluecheap\Desktop\SysinternalsSuite\psfile64.exe</Data>
<Data Name="CreationUtcTime">2025-04-24 05:13:04.022</Data>
<Data Name="User">DESKTOP-RL1K13Q\Bluecheap</Data>
</EventData>
</Event>

<Event xmlns="http://schemas.microsoft.com/win/2004/08/events/event"><System><Provider Name="Microsoft-Windows-Sysmon" Guid="{5770385f-c22a-43e0-bf4c-06f5698ffbd9}"></Provider>
<EventID Qualifiers="">2</EventID>
<Version>5</Version>
<Level>4</Level>
<Task>2</Task>
<Opcode>0</Opcode>
<Keywords>0x8000000000000000</Keywords>
<TimeCreated SystemTime="2025-04-24 05:13:04.075115+00:00"></TimeCreated>
<EventRecordID>1014</EventRecordID>
<Correlation ActivityID="" RelatedActivityID=""></Correlation>
<Execution ProcessID="3288" ThreadID="3532"></Execution>
<Channel>Microsoft-Windows-Sysmon/Operational</Channel>
<Computer>DESKTOP-RL1K13Q</Computer>
<Security UserID="S-1-5-18"></Security>
</System>
<EventData><Data Name="RuleName">T1099</Data>
<Data Name="UtcTime">2025-04-24 05:13:04.022</Data>
<Data Name="ProcessGuid">{59d32d4f-c85d-6809-8601-000000001500}</Data>
<Data Name="ProcessId">4944</Data>
<Data Name="Image">C:\Program Files\7-Zip\7zG.exe</Data>
<Data Name="TargetFilename">C:\Users\Bluecheap\Desktop\SysinternalsSuite\psfile64.exe</Data>
<Data Name="CreationUtcTime">2016-06-28 19:32:56.000</Data>
<Data Name="PreviousCreationUtcTime">2025-04-24 05:13:04.022</Data>
<Data Name="User">DESKTOP-RL1K13Q\Bluecheap</Data>
</EventData>
</Event>

<Event xmlns="http://schemas.microsoft.com/win/2004/08/events/event"><System><Provider Name="Microsoft-Windows-Sysmon" Guid="{5770385f-c22a-43e0-bf4c-06f5698ffbd9}"></Provider>
<EventID Qualifiers="">11</EventID>
<Version>2</Version>
<Level>4</Level>
<Task>11</Task>
<Opcode>0</Opcode>
<Keywords>0x8000000000000000</Keywords>
<TimeCreated SystemTime="2025-04-24 05:13:04.075138+00:00"></TimeCreated>
<EventRecordID>1015</EventRecordID>
<Correlation ActivityID="" RelatedActivityID=""></Correlation>
<Execution ProcessID="3288" ThreadID="3532"></Execution>
<Channel>Microsoft-Windows-Sysmon/Operational</Channel>
<Computer>DESKTOP-RL1K13Q</Computer>
<Security UserID="S-1-5-18"></Security>
</System>
<EventData><Data Name="RuleName">EXE</Data>
<Data Name="UtcTime">2025-04-24 05:13:04.022</Data>
<Data Name="ProcessGuid">{59d32d4f-c85d-6809-8601-000000001500}</Data>
<Data Name="ProcessId">4944</Data>
<Data Name="Image">C:\Program Files\7-Zip\7zG.exe</Data>
<Data Name="TargetFilename">C:\Users\Bluecheap\Desktop\SysinternalsSuite\PsGetsid.exe</Data>
<Data Name="CreationUtcTime">2025-04-24 05:13:04.022</Data>
<Data Name="User">DESKTOP-RL1K13Q\Bluecheap</Data>
</EventData>
</Event>

<Event xmlns="http://schemas.microsoft.com/win/2004/08/events/event"><System><Provider Name="Microsoft-Windows-Sysmon" Guid="{5770385f-c22a-43e0-bf4c-06f5698ffbd9}"></Provider>
<EventID Qualifiers="">2</EventID>
<Version>5</Version>
<Level>4</Level>
<Task>2</Task>
<Opcode>0</Opcode>
<Keywords>0x8000000000000000</Keywords>
<TimeCreated SystemTime="2025-04-24 05:13:04.075159+00:00"></TimeCreated>
<EventRecordID>1016</EventRecordID>
<Correlation ActivityID="" RelatedActivityID=""></Correlation>
<Execution ProcessID="3288" ThreadID="3532"></Execution>
<Channel>Microsoft-Windows-Sysmon/Operational</Channel>
<Computer>DESKTOP-RL1K13Q</Computer>
<Security UserID="S-1-5-18"></Security>
</System>
<EventData><Data Name="RuleName">T1099</Data>
<Data Name="UtcTime">2025-04-24 05:13:04.038</Data>
<Data Name="ProcessGuid">{59d32d4f-c85d-6809-8601-000000001500}</Data>
<Data Name="ProcessId">4944</Data>
<Data Name="Image">C:\Program Files\7-Zip\7zG.exe</Data>
<Data Name="TargetFilename">C:\Users\Bluecheap\Desktop\SysinternalsSuite\PsGetsid.exe</Data>
<Data Name="CreationUtcTime">2018-01-24 05:21:52.000</Data>
<Data Name="PreviousCreationUtcTime">2025-04-24 05:13:04.022</Data>
<Data Name="User">DESKTOP-RL1K13Q\Bluecheap</Data>
</EventData>
</Event>

<Event xmlns="http://schemas.microsoft.com/win/2004/08/events/event"><System><Provider Name="Microsoft-Windows-Sysmon" Guid="{5770385f-c22a-43e0-bf4c-06f5698ffbd9}"></Provider>
<EventID Qualifiers="">11</EventID>
<Version>2</Version>
<Level>4</Level>
<Task>11</Task>
<Opcode>0</Opcode>
<Keywords>0x8000000000000000</Keywords>
<TimeCreated SystemTime="2025-04-24 05:13:04.075184+00:00"></TimeCreated>
<EventRecordID>1017</EventRecordID>
<Correlation ActivityID="" RelatedActivityID=""></Correlation>
<Execution ProcessID="3288" ThreadID="3532"></Execution>
<Channel>Microsoft-Windows-Sysmon/Operational</Channel>
<Computer>DESKTOP-RL1K13Q</Computer>
<Security UserID="S-1-5-18"></Security>
</System>
<EventData><Data Name="RuleName">EXE</Data>
<Data Name="UtcTime">2025-04-24 05:13:04.038</Data>
<Data Name="ProcessGuid">{59d32d4f-c85d-6809-8601-000000001500}</Data>
<Data Name="ProcessId">4944</Data>
<Data Name="Image">C:\Program Files\7-Zip\7zG.exe</Data>
<Data Name="TargetFilename">C:\Users\Bluecheap\Desktop\SysinternalsSuite\PsGetsid64.exe</Data>
<Data Name="CreationUtcTime">2025-04-24 05:13:04.038</Data>
<Data Name="User">DESKTOP-RL1K13Q\Bluecheap</Data>
</EventData>
</Event>

<Event xmlns="http://schemas.microsoft.com/win/2004/08/events/event"><System><Provider Name="Microsoft-Windows-Sysmon" Guid="{5770385f-c22a-43e0-bf4c-06f5698ffbd9}"></Provider>
<EventID Qualifiers="">2</EventID>
<Version>5</Version>
<Level>4</Level>
<Task>2</Task>
<Opcode>0</Opcode>
<Keywords>0x8000000000000000</Keywords>
<TimeCreated SystemTime="2025-04-24 05:13:04.075205+00:00"></TimeCreated>
<EventRecordID>1018</EventRecordID>
<Correlation ActivityID="" RelatedActivityID=""></Correlation>
<Execution ProcessID="3288" ThreadID="3532"></Execution>
<Channel>Microsoft-Windows-Sysmon/Operational</Channel>
<Computer>DESKTOP-RL1K13Q</Computer>
<Security UserID="S-1-5-18"></Security>
</System>
<EventData><Data Name="RuleName">T1099</Data>
<Data Name="UtcTime">2025-04-24 05:13:04.038</Data>
<Data Name="ProcessGuid">{59d32d4f-c85d-6809-8601-000000001500}</Data>
<Data Name="ProcessId">4944</Data>
<Data Name="Image">C:\Program Files\7-Zip\7zG.exe</Data>
<Data Name="TargetFilename">C:\Users\Bluecheap\Desktop\SysinternalsSuite\PsGetsid64.exe</Data>
<Data Name="CreationUtcTime">2018-01-24 04:58:18.000</Data>
<Data Name="PreviousCreationUtcTime">2025-04-24 05:13:04.038</Data>
<Data Name="User">DESKTOP-RL1K13Q\Bluecheap</Data>
</EventData>
</Event>

<Event xmlns="http://schemas.microsoft.com/win/2004/08/events/event"><System><Provider Name="Microsoft-Windows-Sysmon" Guid="{5770385f-c22a-43e0-bf4c-06f5698ffbd9}"></Provider>
<EventID Qualifiers="">11</EventID>
<Version>2</Version>
<Level>4</Level>
<Task>11</Task>
<Opcode>0</Opcode>
<Keywords>0x8000000000000000</Keywords>
<TimeCreated SystemTime="2025-04-24 05:13:04.075230+00:00"></TimeCreated>
<EventRecordID>1019</EventRecordID>
<Correlation ActivityID="" RelatedActivityID=""></Correlation>
<Execution ProcessID="3288" ThreadID="3532"></Execution>
<Channel>Microsoft-Windows-Sysmon/Operational</Channel>
<Computer>DESKTOP-RL1K13Q</Computer>
<Security UserID="S-1-5-18"></Security>
</System>
<EventData><Data Name="RuleName">EXE</Data>
<Data Name="UtcTime">2025-04-24 05:13:04.038</Data>
<Data Name="ProcessGuid">{59d32d4f-c85d-6809-8601-000000001500}</Data>
<Data Name="ProcessId">4944</Data>
<Data Name="Image">C:\Program Files\7-Zip\7zG.exe</Data>
<Data Name="TargetFilename">C:\Users\Bluecheap\Desktop\SysinternalsSuite\PsInfo.exe</Data>
<Data Name="CreationUtcTime">2025-04-24 05:13:04.038</Data>
<Data Name="User">DESKTOP-RL1K13Q\Bluecheap</Data>
</EventData>
</Event>

<Event xmlns="http://schemas.microsoft.com/win/2004/08/events/event"><System><Provider Name="Microsoft-Windows-Sysmon" Guid="{5770385f-c22a-43e0-bf4c-06f5698ffbd9}"></Provider>
<EventID Qualifiers="">2</EventID>
<Version>5</Version>
<Level>4</Level>
<Task>2</Task>
<Opcode>0</Opcode>
<Keywords>0x8000000000000000</Keywords>
<TimeCreated SystemTime="2025-04-24 05:13:04.075253+00:00"></TimeCreated>
<EventRecordID>1020</EventRecordID>
<Correlation ActivityID="" RelatedActivityID=""></Correlation>
<Execution ProcessID="3288" ThreadID="3532"></Execution>
<Channel>Microsoft-Windows-Sysmon/Operational</Channel>
<Computer>DESKTOP-RL1K13Q</Computer>
<Security UserID="S-1-5-18"></Security>
</System>
<EventData><Data Name="RuleName">T1099</Data>
<Data Name="UtcTime">2025-04-24 05:13:04.054</Data>
<Data Name="ProcessGuid">{59d32d4f-c85d-6809-8601-000000001500}</Data>
<Data Name="ProcessId">4944</Data>
<Data Name="Image">C:\Program Files\7-Zip\7zG.exe</Data>
<Data Name="TargetFilename">C:\Users\Bluecheap\Desktop\SysinternalsSuite\PsInfo.exe</Data>
<Data Name="CreationUtcTime">2016-07-06 01:32:16.000</Data>
<Data Name="PreviousCreationUtcTime">2025-04-24 05:13:04.038</Data>
<Data Name="User">DESKTOP-RL1K13Q\Bluecheap</Data>
</EventData>
</Event>

<Event xmlns="http://schemas.microsoft.com/win/2004/08/events/event"><System><Provider Name="Microsoft-Windows-Sysmon" Guid="{5770385f-c22a-43e0-bf4c-06f5698ffbd9}"></Provider>
<EventID Qualifiers="">11</EventID>
<Version>2</Version>
<Level>4</Level>
<Task>11</Task>
<Opcode>0</Opcode>
<Keywords>0x8000000000000000</Keywords>
<TimeCreated SystemTime="2025-04-24 05:13:04.075275+00:00"></TimeCreated>
<EventRecordID>1021</EventRecordID>
<Correlation ActivityID="" RelatedActivityID=""></Correlation>
<Execution ProcessID="3288" ThreadID="3532"></Execution>
<Channel>Microsoft-Windows-Sysmon/Operational</Channel>
<Computer>DESKTOP-RL1K13Q</Computer>
<Security UserID="S-1-5-18"></Security>
</System>
<EventData><Data Name="RuleName">EXE</Data>
<Data Name="UtcTime">2025-04-24 05:13:04.054</Data>
<Data Name="ProcessGuid">{59d32d4f-c85d-6809-8601-000000001500}</Data>
<Data Name="ProcessId">4944</Data>
<Data Name="Image">C:\Program Files\7-Zip\7zG.exe</Data>
<Data Name="TargetFilename">C:\Users\Bluecheap\Desktop\SysinternalsSuite\PsInfo64.exe</Data>
<Data Name="CreationUtcTime">2025-04-24 05:13:04.054</Data>
<Data Name="User">DESKTOP-RL1K13Q\Bluecheap</Data>
</EventData>
</Event>

<Event xmlns="http://schemas.microsoft.com/win/2004/08/events/event"><System><Provider Name="Microsoft-Windows-Sysmon" Guid="{5770385f-c22a-43e0-bf4c-06f5698ffbd9}"></Provider>
<EventID Qualifiers="">2</EventID>
<Version>5</Version>
<Level>4</Level>
<Task>2</Task>
<Opcode>0</Opcode>
<Keywords>0x8000000000000000</Keywords>
<TimeCreated SystemTime="2025-04-24 05:13:04.105049+00:00"></TimeCreated>
<EventRecordID>1022</EventRecordID>
<Correlation ActivityID="" RelatedActivityID=""></Correlation>
<Execution ProcessID="3288" ThreadID="3532"></Execution>
<Channel>Microsoft-Windows-Sysmon/Operational</Channel>
<Computer>DESKTOP-RL1K13Q</Computer>
<Security UserID="S-1-5-18"></Security>
</System>
<EventData><Data Name="RuleName">T1099</Data>
<Data Name="UtcTime">2025-04-24 05:13:04.085</Data>
<Data Name="ProcessGuid">{59d32d4f-c85d-6809-8601-000000001500}</Data>
<Data Name="ProcessId">4944</Data>
<Data Name="Image">C:\Program Files\7-Zip\7zG.exe</Data>
<Data Name="TargetFilename">C:\Users\Bluecheap\Desktop\SysinternalsSuite\PsInfo64.exe</Data>
<Data Name="CreationUtcTime">2016-07-06 01:27:08.000</Data>
<Data Name="PreviousCreationUtcTime">2025-04-24 05:13:04.054</Data>
<Data Name="User">DESKTOP-RL1K13Q\Bluecheap</Data>
</EventData>
</Event>

<Event xmlns="http://schemas.microsoft.com/win/2004/08/events/event"><System><Provider Name="Microsoft-Windows-Sysmon" Guid="{5770385f-c22a-43e0-bf4c-06f5698ffbd9}"></Provider>
<EventID Qualifiers="">11</EventID>
<Version>2</Version>
<Level>4</Level>
<Task>11</Task>
<Opcode>0</Opcode>
<Keywords>0x8000000000000000</Keywords>
<TimeCreated SystemTime="2025-04-24 05:13:04.105110+00:00"></TimeCreated>
<EventRecordID>1023</EventRecordID>
<Correlation ActivityID="" RelatedActivityID=""></Correlation>
<Execution ProcessID="3288" ThreadID="3532"></Execution>
<Channel>Microsoft-Windows-Sysmon/Operational</Channel>
<Computer>DESKTOP-RL1K13Q</Computer>
<Security UserID="S-1-5-18"></Security>
</System>
<EventData><Data Name="RuleName">EXE</Data>
<Data Name="UtcTime">2025-04-24 05:13:04.085</Data>
<Data Name="ProcessGuid">{59d32d4f-c85d-6809-8601-000000001500}</Data>
<Data Name="ProcessId">4944</Data>
<Data Name="Image">C:\Program Files\7-Zip\7zG.exe</Data>
<Data Name="TargetFilename">C:\Users\Bluecheap\Desktop\SysinternalsSuite\pskill.exe</Data>
<Data Name="CreationUtcTime">2025-04-24 05:13:04.085</Data>
<Data Name="User">DESKTOP-RL1K13Q\Bluecheap</Data>
</EventData>
</Event>

<Event xmlns="http://schemas.microsoft.com/win/2004/08/events/event"><System><Provider Name="Microsoft-Windows-Sysmon" Guid="{5770385f-c22a-43e0-bf4c-06f5698ffbd9}"></Provider>
<EventID Qualifiers="">2</EventID>
<Version>5</Version>
<Level>4</Level>
<Task>2</Task>
<Opcode>0</Opcode>
<Keywords>0x8000000000000000</Keywords>
<TimeCreated SystemTime="2025-04-24 05:13:04.105158+00:00"></TimeCreated>
<EventRecordID>1024</EventRecordID>
<Correlation ActivityID="" RelatedActivityID=""></Correlation>
<Execution ProcessID="3288" ThreadID="3532"></Execution>
<Channel>Microsoft-Windows-Sysmon/Operational</Channel>
<Computer>DESKTOP-RL1K13Q</Computer>
<Security UserID="S-1-5-18"></Security>
</System>
<EventData><Data Name="RuleName">T1099</Data>
<Data Name="UtcTime">2025-04-24 05:13:04.101</Data>
<Data Name="ProcessGuid">{59d32d4f-c85d-6809-8601-000000001500}</Data>
<Data Name="ProcessId">4944</Data>
<Data Name="Image">C:\Program Files\7-Zip\7zG.exe</Data>
<Data Name="TargetFilename">C:\Users\Bluecheap\Desktop\SysinternalsSuite\pskill.exe</Data>
<Data Name="CreationUtcTime">2016-06-28 18:57:50.000</Data>
<Data Name="PreviousCreationUtcTime">2025-04-24 05:13:04.085</Data>
<Data Name="User">DESKTOP-RL1K13Q\Bluecheap</Data>
</EventData>
</Event>

<Event xmlns="http://schemas.microsoft.com/win/2004/08/events/event"><System><Provider Name="Microsoft-Windows-Sysmon" Guid="{5770385f-c22a-43e0-bf4c-06f5698ffbd9}"></Provider>
<EventID Qualifiers="">11</EventID>
<Version>2</Version>
<Level>4</Level>
<Task>11</Task>
<Opcode>0</Opcode>
<Keywords>0x8000000000000000</Keywords>
<TimeCreated SystemTime="2025-04-24 05:13:04.113295+00:00"></TimeCreated>
<EventRecordID>1025</EventRecordID>
<Correlation ActivityID="" RelatedActivityID=""></Correlation>
<Execution ProcessID="3288" ThreadID="3532"></Execution>
<Channel>Microsoft-Windows-Sysmon/Operational</Channel>
<Computer>DESKTOP-RL1K13Q</Computer>
<Security UserID="S-1-5-18"></Security>
</System>
<EventData><Data Name="RuleName">EXE</Data>
<Data Name="UtcTime">2025-04-24 05:13:04.101</Data>
<Data Name="ProcessGuid">{59d32d4f-c85d-6809-8601-000000001500}</Data>
<Data Name="ProcessId">4944</Data>
<Data Name="Image">C:\Program Files\7-Zip\7zG.exe</Data>
<Data Name="TargetFilename">C:\Users\Bluecheap\Desktop\SysinternalsSuite\pskill64.exe</Data>
<Data Name="CreationUtcTime">2025-04-24 05:13:04.101</Data>
<Data Name="User">DESKTOP-RL1K13Q\Bluecheap</Data>
</EventData>
</Event>

<Event xmlns="http://schemas.microsoft.com/win/2004/08/events/event"><System><Provider Name="Microsoft-Windows-Sysmon" Guid="{5770385f-c22a-43e0-bf4c-06f5698ffbd9}"></Provider>
<EventID Qualifiers="">2</EventID>
<Version>5</Version>
<Level>4</Level>
<Task>2</Task>
<Opcode>0</Opcode>
<Keywords>0x8000000000000000</Keywords>
<TimeCreated SystemTime="2025-04-24 05:13:04.123949+00:00"></TimeCreated>
<EventRecordID>1026</EventRecordID>
<Correlation ActivityID="" RelatedActivityID=""></Correlation>
<Execution ProcessID="3288" ThreadID="3532"></Execution>
<Channel>Microsoft-Windows-Sysmon/Operational</Channel>
<Computer>DESKTOP-RL1K13Q</Computer>
<Security UserID="S-1-5-18"></Security>
</System>
<EventData><Data Name="RuleName">T1099</Data>
<Data Name="UtcTime">2025-04-24 05:13:04.101</Data>
<Data Name="ProcessGuid">{59d32d4f-c85d-6809-8601-000000001500}</Data>
<Data Name="ProcessId">4944</Data>
<Data Name="Image">C:\Program Files\7-Zip\7zG.exe</Data>
<Data Name="TargetFilename">C:\Users\Bluecheap\Desktop\SysinternalsSuite\pskill64.exe</Data>
<Data Name="CreationUtcTime">2016-06-28 18:52:16.000</Data>
<Data Name="PreviousCreationUtcTime">2025-04-24 05:13:04.101</Data>
<Data Name="User">DESKTOP-RL1K13Q\Bluecheap</Data>
</EventData>
</Event>

