<Event xmlns="http://schemas.microsoft.com/win/2004/08/events/event"><System><Provider Name="Microsoft-Windows-Sysmon" Guid="{5770385f-c22a-43e0-bf4c-06f5698ffbd9}"></Provider>
<EventID Qualifiers="">11</EventID>
<Version>2</Version>
<Level>4</Level>
<Task>11</Task>
<Opcode>0</Opcode>
<Keywords>0x8000000000000000</Keywords>
<TimeCreated SystemTime="2025-04-24 05:11:23.558838+00:00"></TimeCreated>
<EventRecordID>878</EventRecordID>
<Correlation ActivityID="" RelatedActivityID=""></Correlation>
<Execution ProcessID="3288" ThreadID="3532"></Execution>
<Channel>Microsoft-Windows-Sysmon/Operational</Channel>
<Computer>DESKTOP-RL1K13Q</Computer>
<Security UserID="S-1-5-18"></Security>
</System>
<EventData><Data Name="RuleName">DLL</Data>
<Data Name="UtcTime">2025-04-24 05:11:23.554</Data>
<Data Name="ProcessGuid">{59d32d4f-c727-6809-e600-000000001500}</Data>
<Data Name="ProcessId">5688</Data>
<Data Name="Image">C:\Program Files (x86)\Microsoft\EdgeUpdate\Install\{29BE3D68-08E4-435C-A074-4C248B9868F6}\EDGEMITMP_7987E.tmp\setup.exe</Data>
<Data Name="TargetFilename">C:\Program Files (x86)\Microsoft\EdgeCore\135.0.3179.85\onnxruntime.dll</Data>
<Data Name="CreationUtcTime">2025-04-24 05:11:23.554</Data>
<Data Name="User">NT AUTHORITY\SYSTEM</Data>
</EventData>
</Event>

<Event xmlns="http://schemas.microsoft.com/win/2004/08/events/event"><System><Provider Name="Microsoft-Windows-Sysmon" Guid="{5770385f-c22a-43e0-bf4c-06f5698ffbd9}"></Provider>
<EventID Qualifiers="">11</EventID>
<Version>2</Version>
<Level>4</Level>
<Task>11</Task>
<Opcode>0</Opcode>
<Keywords>0x8000000000000000</Keywords>
<TimeCreated SystemTime="2025-04-24 05:11:23.698198+00:00"></TimeCreated>
<EventRecordID>879</EventRecordID>
<Correlation ActivityID="" RelatedActivityID=""></Correlation>
<Execution ProcessID="3288" ThreadID="3532"></Execution>
<Channel>Microsoft-Windows-Sysmon/Operational</Channel>
<Computer>DESKTOP-RL1K13Q</Computer>
<Security UserID="S-1-5-18"></Security>
</System>
<EventData><Data Name="RuleName">DLL</Data>
<Data Name="UtcTime">2025-04-24 05:11:23.694</Data>
<Data Name="ProcessGuid">{59d32d4f-c727-6809-e600-000000001500}</Data>
<Data Name="ProcessId">5688</Data>
<Data Name="Image">C:\Program Files (x86)\Microsoft\EdgeUpdate\Install\{29BE3D68-08E4-435C-A074-4C248B9868F6}\EDGEMITMP_7987E.tmp\setup.exe</Data>
<Data Name="TargetFilename">C:\Program Files (x86)\Microsoft\EdgeCore\135.0.3179.85\onramp.dll</Data>
<Data Name="CreationUtcTime">2025-04-24 05:11:23.694</Data>
<Data Name="User">NT AUTHORITY\SYSTEM</Data>
</EventData>
</Event>

<Event xmlns="http://schemas.microsoft.com/win/2004/08/events/event"><System><Provider Name="Microsoft-Windows-Sysmon" Guid="{5770385f-c22a-43e0-bf4c-06f5698ffbd9}"></Provider>
<EventID Qualifiers="">11</EventID>
<Version>2</Version>
<Level>4</Level>
<Task>11</Task>
<Opcode>0</Opcode>
<Keywords>0x8000000000000000</Keywords>
<TimeCreated SystemTime="2025-04-24 05:11:23.800766+00:00"></TimeCreated>
<EventRecordID>880</EventRecordID>
<Correlation ActivityID="" RelatedActivityID=""></Correlation>
<Execution ProcessID="3288" ThreadID="3532"></Execution>
<Channel>Microsoft-Windows-Sysmon/Operational</Channel>
<Computer>DESKTOP-RL1K13Q</Computer>
<Security UserID="S-1-5-18"></Security>
</System>
<EventData><Data Name="RuleName">DLL</Data>
<Data Name="UtcTime">2025-04-24 05:11:23.788</Data>
<Data Name="ProcessGuid">{59d32d4f-c727-6809-e600-000000001500}</Data>
<Data Name="ProcessId">5688</Data>
<Data Name="Image">C:\Program Files (x86)\Microsoft\EdgeUpdate\Install\{29BE3D68-08E4-435C-A074-4C248B9868F6}\EDGEMITMP_7987E.tmp\setup.exe</Data>
<Data Name="TargetFilename">C:\Program Files (x86)\Microsoft\EdgeCore\135.0.3179.85\PdfPreview\PdfPreviewHandler.dll</Data>
<Data Name="CreationUtcTime">2025-04-24 05:11:23.788</Data>
<Data Name="User">NT AUTHORITY\SYSTEM</Data>
</EventData>
</Event>

<Event xmlns="http://schemas.microsoft.com/win/2004/08/events/event"><System><Provider Name="Microsoft-Windows-Sysmon" Guid="{5770385f-c22a-43e0-bf4c-06f5698ffbd9}"></Provider>
<EventID Qualifiers="">11</EventID>
<Version>2</Version>
<Level>4</Level>
<Task>11</Task>
<Opcode>0</Opcode>
<Keywords>0x8000000000000000</Keywords>
<TimeCreated SystemTime="2025-04-24 05:11:23.834209+00:00"></TimeCreated>
<EventRecordID>881</EventRecordID>
<Correlation ActivityID="" RelatedActivityID=""></Correlation>
<Execution ProcessID="3288" ThreadID="3532"></Execution>
<Channel>Microsoft-Windows-Sysmon/Operational</Channel>
<Computer>DESKTOP-RL1K13Q</Computer>
<Security UserID="S-1-5-18"></Security>
</System>
<EventData><Data Name="RuleName">DLL</Data>
<Data Name="UtcTime">2025-04-24 05:11:23.819</Data>
<Data Name="ProcessGuid">{59d32d4f-c727-6809-e600-000000001500}</Data>
<Data Name="ProcessId">5688</Data>
<Data Name="Image">C:\Program Files (x86)\Microsoft\EdgeUpdate\Install\{29BE3D68-08E4-435C-A074-4C248B9868F6}\EDGEMITMP_7987E.tmp\setup.exe</Data>
<Data Name="TargetFilename">C:\Program Files (x86)\Microsoft\EdgeCore\135.0.3179.85\prefs_enclave_x64.dll</Data>
<Data Name="CreationUtcTime">2025-04-24 05:11:23.819</Data>
<Data Name="User">NT AUTHORITY\SYSTEM</Data>
</EventData>
</Event>

<Event xmlns="http://schemas.microsoft.com/win/2004/08/events/event"><System><Provider Name="Microsoft-Windows-Sysmon" Guid="{5770385f-c22a-43e0-bf4c-06f5698ffbd9}"></Provider>
<EventID Qualifiers="">11</EventID>
<Version>2</Version>
<Level>4</Level>
<Task>11</Task>
<Opcode>0</Opcode>
<Keywords>0x8000000000000000</Keywords>
<TimeCreated SystemTime="2025-04-24 05:11:23.866398+00:00"></TimeCreated>
<EventRecordID>882</EventRecordID>
<Correlation ActivityID="" RelatedActivityID=""></Correlation>
<Execution ProcessID="3288" ThreadID="3532"></Execution>
<Channel>Microsoft-Windows-Sysmon/Operational</Channel>
<Computer>DESKTOP-RL1K13Q</Computer>
<Security UserID="S-1-5-18"></Security>
</System>
<EventData><Data Name="RuleName">EXE</Data>
<Data Name="UtcTime">2025-04-24 05:11:23.851</Data>
<Data Name="ProcessGuid">{59d32d4f-c727-6809-e600-000000001500}</Data>
<Data Name="ProcessId">5688</Data>
<Data Name="Image">C:\Program Files (x86)\Microsoft\EdgeUpdate\Install\{29BE3D68-08E4-435C-A074-4C248B9868F6}\EDGEMITMP_7987E.tmp\setup.exe</Data>
<Data Name="TargetFilename">C:\Program Files (x86)\Microsoft\EdgeCore\135.0.3179.85\pwahelper.exe</Data>
<Data Name="CreationUtcTime">2025-04-24 05:11:23.851</Data>
<Data Name="User">NT AUTHORITY\SYSTEM</Data>
</EventData>
</Event>

<Event xmlns="http://schemas.microsoft.com/win/2004/08/events/event"><System><Provider Name="Microsoft-Windows-Sysmon" Guid="{5770385f-c22a-43e0-bf4c-06f5698ffbd9}"></Provider>
<EventID Qualifiers="">1</EventID>
<Version>5</Version>
<Level>4</Level>
<Task>1</Task>
<Opcode>0</Opcode>
<Keywords>0x8000000000000000</Keywords>
<TimeCreated SystemTime="2025-04-24 05:11:24.221684+00:00"></TimeCreated>
<EventRecordID>883</EventRecordID>
<Correlation ActivityID="" RelatedActivityID=""></Correlation>
<Execution ProcessID="3288" ThreadID="3532"></Execution>
<Channel>Microsoft-Windows-Sysmon/Operational</Channel>
<Computer>DESKTOP-RL1K13Q</Computer>
<Security UserID="S-1-5-18"></Security>
</System>
<EventData><Data Name="RuleName">-</Data>
<Data Name="UtcTime">2025-04-24 05:11:24.204</Data>
<Data Name="ProcessGuid">{59d32d4f-c7fc-6809-5601-000000001500}</Data>
<Data Name="ProcessId">7208</Data>
<Data Name="Image">C:\Windows\System32\LocationNotificationWindows.exe</Data>
<Data Name="FileVersion">10.0.19041.1 (WinBuild.160101.0800)</Data>
<Data Name="Description">Location Notification</Data>
<Data Name="Product">Microsoft&#174; Windows&#174; Operating System</Data>
<Data Name="Company">Microsoft Corporation</Data>
<Data Name="OriginalFileName">LocationNotificationWindows.exe</Data>
<Data Name="CommandLine">"C:\Windows\System32\LocationNotificationWindows.exe"</Data>
<Data Name="CurrentDirectory">C:\Windows\system32\</Data>
<Data Name="User">DESKTOP-RL1K13Q\Bluecheap</Data>
<Data Name="LogonGuid">{59d32d4f-c774-6809-c1b4-260000000000}</Data>
<Data Name="LogonId">0x000000000026b4c1</Data>
<Data Name="TerminalSessionId">1</Data>
<Data Name="IntegrityLevel">Medium</Data>
<Data Name="Hashes">MD5=9BAD04696E81E4420A99660C8D1388A1,SHA256=A9024C4C0ED03730085FB529828A917F701E3DCA30D3286AE0D41E9FFF33F445,IMPHASH=43770938065E918EAD8F8E36EA492A75</Data>
<Data Name="ParentProcessGuid">{59d32d4f-c631-6809-2600-000000001500}</Data>
<Data Name="ParentProcessId">1652</Data>
<Data Name="ParentImage">C:\Windows\System32\svchost.exe</Data>
<Data Name="ParentCommandLine">C:\Windows\system32\svchost.exe -k netsvcs -p -s Schedule</Data>
<Data Name="ParentUser">NT AUTHORITY\SYSTEM</Data>
</EventData>
</Event>

<Event xmlns="http://schemas.microsoft.com/win/2004/08/events/event"><System><Provider Name="Microsoft-Windows-Sysmon" Guid="{5770385f-c22a-43e0-bf4c-06f5698ffbd9}"></Provider>
<EventID Qualifiers="">11</EventID>
<Version>2</Version>
<Level>4</Level>
<Task>11</Task>
<Opcode>0</Opcode>
<Keywords>0x8000000000000000</Keywords>
<TimeCreated SystemTime="2025-04-24 05:11:24.689619+00:00"></TimeCreated>
<EventRecordID>884</EventRecordID>
<Correlation ActivityID="" RelatedActivityID=""></Correlation>
<Execution ProcessID="3288" ThreadID="3532"></Execution>
<Channel>Microsoft-Windows-Sysmon/Operational</Channel>
<Computer>DESKTOP-RL1K13Q</Computer>
<Security UserID="S-1-5-18"></Security>
</System>
<EventData><Data Name="RuleName">-</Data>
<Data Name="UtcTime">2025-04-24 05:11:24.678</Data>
<Data Name="ProcessGuid">{59d32d4f-c727-6809-e600-000000001500}</Data>
<Data Name="ProcessId">5688</Data>
<Data Name="Image">C:\Program Files (x86)\Microsoft\EdgeUpdate\Install\{29BE3D68-08E4-435C-A074-4C248B9868F6}\EDGEMITMP_7987E.tmp\setup.exe</Data>
<Data Name="TargetFilename">C:\Program Files (x86)\Microsoft\EdgeCore\135.0.3179.85\show_third_party_software_licenses.bat</Data>
<Data Name="CreationUtcTime">2025-04-24 05:11:24.678</Data>
<Data Name="User">NT AUTHORITY\SYSTEM</Data>
</EventData>
</Event>

<Event xmlns="http://schemas.microsoft.com/win/2004/08/events/event"><System><Provider Name="Microsoft-Windows-Sysmon" Guid="{5770385f-c22a-43e0-bf4c-06f5698ffbd9}"></Provider>
<EventID Qualifiers="">11</EventID>
<Version>2</Version>
<Level>4</Level>
<Task>11</Task>
<Opcode>0</Opcode>
<Keywords>0x8000000000000000</Keywords>
<TimeCreated SystemTime="2025-04-24 05:11:24.703955+00:00"></TimeCreated>
<EventRecordID>885</EventRecordID>
<Correlation ActivityID="" RelatedActivityID=""></Correlation>
<Execution ProcessID="3288" ThreadID="3532"></Execution>
<Channel>Microsoft-Windows-Sysmon/Operational</Channel>
<Computer>DESKTOP-RL1K13Q</Computer>
<Security UserID="S-1-5-18"></Security>
</System>
<EventData><Data Name="RuleName">DLL</Data>
<Data Name="UtcTime">2025-04-24 05:11:24.694</Data>
<Data Name="ProcessGuid">{59d32d4f-c727-6809-e600-000000001500}</Data>
<Data Name="ProcessId">5688</Data>
<Data Name="Image">C:\Program Files (x86)\Microsoft\EdgeUpdate\Install\{29BE3D68-08E4-435C-A074-4C248B9868F6}\EDGEMITMP_7987E.tmp\setup.exe</Data>
<Data Name="TargetFilename">C:\Program Files (x86)\Microsoft\EdgeCore\135.0.3179.85\telclient.dll</Data>
<Data Name="CreationUtcTime">2025-04-24 05:11:24.694</Data>
<Data Name="User">NT AUTHORITY\SYSTEM</Data>
</EventData>
</Event>

<Event xmlns="http://schemas.microsoft.com/win/2004/08/events/event"><System><Provider Name="Microsoft-Windows-Sysmon" Guid="{5770385f-c22a-43e0-bf4c-06f5698ffbd9}"></Provider>
<EventID Qualifiers="">11</EventID>
<Version>2</Version>
<Level>4</Level>
<Task>11</Task>
<Opcode>0</Opcode>
<Keywords>0x8000000000000000</Keywords>
<TimeCreated SystemTime="2025-04-24 05:11:25.298157+00:00"></TimeCreated>
<EventRecordID>886</EventRecordID>
<Correlation ActivityID="" RelatedActivityID=""></Correlation>
<Execution ProcessID="3288" ThreadID="3532"></Execution>
<Channel>Microsoft-Windows-Sysmon/Operational</Channel>
<Computer>DESKTOP-RL1K13Q</Computer>
<Security UserID="S-1-5-18"></Security>
</System>
<EventData><Data Name="RuleName">DLL</Data>
<Data Name="UtcTime">2025-04-24 05:11:25.288</Data>
<Data Name="ProcessGuid">{59d32d4f-c727-6809-e600-000000001500}</Data>
<Data Name="ProcessId">5688</Data>
<Data Name="Image">C:\Program Files (x86)\Microsoft\EdgeUpdate\Install\{29BE3D68-08E4-435C-A074-4C248B9868F6}\EDGEMITMP_7987E.tmp\setup.exe</Data>
<Data Name="TargetFilename">C:\Program Files (x86)\Microsoft\EdgeCore\135.0.3179.85\vccorlib140.dll</Data>
<Data Name="CreationUtcTime">2025-04-24 05:11:25.272</Data>
<Data Name="User">NT AUTHORITY\SYSTEM</Data>
</EventData>
</Event>

<Event xmlns="http://schemas.microsoft.com/win/2004/08/events/event"><System><Provider Name="Microsoft-Windows-Sysmon" Guid="{5770385f-c22a-43e0-bf4c-06f5698ffbd9}"></Provider>
<EventID Qualifiers="">11</EventID>
<Version>2</Version>
<Level>4</Level>
<Task>11</Task>
<Opcode>0</Opcode>
<Keywords>0x8000000000000000</Keywords>
<TimeCreated SystemTime="2025-04-24 05:11:25.357994+00:00"></TimeCreated>
<EventRecordID>887</EventRecordID>
<Correlation ActivityID="" RelatedActivityID=""></Correlation>
<Execution ProcessID="3288" ThreadID="3532"></Execution>
<Channel>Microsoft-Windows-Sysmon/Operational</Channel>
<Computer>DESKTOP-RL1K13Q</Computer>
<Security UserID="S-1-5-18"></Security>
</System>
<EventData><Data Name="RuleName">DLL</Data>
<Data Name="UtcTime">2025-04-24 05:11:25.351</Data>
<Data Name="ProcessGuid">{59d32d4f-c727-6809-e600-000000001500}</Data>
<Data Name="ProcessId">5688</Data>
<Data Name="Image">C:\Program Files (x86)\Microsoft\EdgeUpdate\Install\{29BE3D68-08E4-435C-A074-4C248B9868F6}\EDGEMITMP_7987E.tmp\setup.exe</Data>
<Data Name="TargetFilename">C:\Program Files (x86)\Microsoft\EdgeCore\135.0.3179.85\vcruntime140.dll</Data>
<Data Name="CreationUtcTime">2025-04-24 05:11:25.351</Data>
<Data Name="User">NT AUTHORITY\SYSTEM</Data>
</EventData>
</Event>

<Event xmlns="http://schemas.microsoft.com/win/2004/08/events/event"><System><Provider Name="Microsoft-Windows-Sysmon" Guid="{5770385f-c22a-43e0-bf4c-06f5698ffbd9}"></Provider>
<EventID Qualifiers="">11</EventID>
<Version>2</Version>
<Level>4</Level>
<Task>11</Task>
<Opcode>0</Opcode>
<Keywords>0x8000000000000000</Keywords>
<TimeCreated SystemTime="2025-04-24 05:11:25.389202+00:00"></TimeCreated>
<EventRecordID>888</EventRecordID>
<Correlation ActivityID="" RelatedActivityID=""></Correlation>
<Execution ProcessID="3288" ThreadID="3532"></Execution>
<Channel>Microsoft-Windows-Sysmon/Operational</Channel>
<Computer>DESKTOP-RL1K13Q</Computer>
<Security UserID="S-1-5-18"></Security>
</System>
<EventData><Data Name="RuleName">DLL</Data>
<Data Name="UtcTime">2025-04-24 05:11:25.382</Data>
<Data Name="ProcessGuid">{59d32d4f-c727-6809-e600-000000001500}</Data>
<Data Name="ProcessId">5688</Data>
<Data Name="Image">C:\Program Files (x86)\Microsoft\EdgeUpdate\Install\{29BE3D68-08E4-435C-A074-4C248B9868F6}\EDGEMITMP_7987E.tmp\setup.exe</Data>
<Data Name="TargetFilename">C:\Program Files (x86)\Microsoft\EdgeCore\135.0.3179.85\vcruntime140_1.dll</Data>
<Data Name="CreationUtcTime">2025-04-24 05:11:25.382</Data>
<Data Name="User">NT AUTHORITY\SYSTEM</Data>
</EventData>
</Event>

<Event xmlns="http://schemas.microsoft.com/win/2004/08/events/event"><System><Provider Name="Microsoft-Windows-Sysmon" Guid="{5770385f-c22a-43e0-bf4c-06f5698ffbd9}"></Provider>
<EventID Qualifiers="">11</EventID>
<Version>2</Version>
<Level>4</Level>
<Task>11</Task>
<Opcode>0</Opcode>
<Keywords>0x8000000000000000</Keywords>
<TimeCreated SystemTime="2025-04-24 05:11:25.531595+00:00"></TimeCreated>
<EventRecordID>889</EventRecordID>
<Correlation ActivityID="" RelatedActivityID=""></Correlation>
<Execution ProcessID="3288" ThreadID="3532"></Execution>
<Channel>Microsoft-Windows-Sysmon/Operational</Channel>
<Computer>DESKTOP-RL1K13Q</Computer>
<Security UserID="S-1-5-18"></Security>
</System>
<EventData><Data Name="RuleName">DLL</Data>
<Data Name="UtcTime">2025-04-24 05:11:25.522</Data>
<Data Name="ProcessGuid">{59d32d4f-c727-6809-e600-000000001500}</Data>
<Data Name="ProcessId">5688</Data>
<Data Name="Image">C:\Program Files (x86)\Microsoft\EdgeUpdate\Install\{29BE3D68-08E4-435C-A074-4C248B9868F6}\EDGEMITMP_7987E.tmp\setup.exe</Data>
<Data Name="TargetFilename">C:\Program Files (x86)\Microsoft\EdgeCore\135.0.3179.85\vk_swiftshader.dll</Data>
<Data Name="CreationUtcTime">2025-04-24 05:11:25.522</Data>
<Data Name="User">NT AUTHORITY\SYSTEM</Data>
</EventData>
</Event>

<Event xmlns="http://schemas.microsoft.com/win/2004/08/events/event"><System><Provider Name="Microsoft-Windows-Sysmon" Guid="{5770385f-c22a-43e0-bf4c-06f5698ffbd9}"></Provider>
<EventID Qualifiers="">11</EventID>
<Version>2</Version>
<Level>4</Level>
<Task>11</Task>
<Opcode>0</Opcode>
<Keywords>0x8000000000000000</Keywords>
<TimeCreated SystemTime="2025-04-24 05:11:25.739796+00:00"></TimeCreated>
<EventRecordID>890</EventRecordID>
<Correlation ActivityID="" RelatedActivityID=""></Correlation>
<Execution ProcessID="3288" ThreadID="3532"></Execution>
<Channel>Microsoft-Windows-Sysmon/Operational</Channel>
<Computer>DESKTOP-RL1K13Q</Computer>
<Security UserID="S-1-5-18"></Security>
</System>
<EventData><Data Name="RuleName">DLL</Data>
<Data Name="UtcTime">2025-04-24 05:11:25.726</Data>
<Data Name="ProcessGuid">{59d32d4f-c727-6809-e600-000000001500}</Data>
<Data Name="ProcessId">5688</Data>
<Data Name="Image">C:\Program Files (x86)\Microsoft\EdgeUpdate\Install\{29BE3D68-08E4-435C-A074-4C248B9868F6}\EDGEMITMP_7987E.tmp\setup.exe</Data>
<Data Name="TargetFilename">C:\Program Files (x86)\Microsoft\EdgeCore\135.0.3179.85\vulkan-1.dll</Data>
<Data Name="CreationUtcTime">2025-04-24 05:11:25.726</Data>
<Data Name="User">NT AUTHORITY\SYSTEM</Data>
</EventData>
</Event>

<Event xmlns="http://schemas.microsoft.com/win/2004/08/events/event"><System><Provider Name="Microsoft-Windows-Sysmon" Guid="{5770385f-c22a-43e0-bf4c-06f5698ffbd9}"></Provider>
<EventID Qualifiers="">11</EventID>
<Version>2</Version>
<Level>4</Level>
<Task>11</Task>
<Opcode>0</Opcode>
<Keywords>0x8000000000000000</Keywords>
<TimeCreated SystemTime="2025-04-24 05:11:25.800873+00:00"></TimeCreated>
<EventRecordID>891</EventRecordID>
<Correlation ActivityID="" RelatedActivityID=""></Correlation>
<Execution ProcessID="3288" ThreadID="3532"></Execution>
<Channel>Microsoft-Windows-Sysmon/Operational</Channel>
<Computer>DESKTOP-RL1K13Q</Computer>
<Security UserID="S-1-5-18"></Security>
</System>
<EventData><Data Name="RuleName">DLL</Data>
<Data Name="UtcTime">2025-04-24 05:11:25.788</Data>
<Data Name="ProcessGuid">{59d32d4f-c727-6809-e600-000000001500}</Data>
<Data Name="ProcessId">5688</Data>
<Data Name="Image">C:\Program Files (x86)\Microsoft\EdgeUpdate\Install\{29BE3D68-08E4-435C-A074-4C248B9868F6}\EDGEMITMP_7987E.tmp\setup.exe</Data>
<Data Name="TargetFilename">C:\Program Files (x86)\Microsoft\EdgeCore\135.0.3179.85\wdag.dll</Data>
<Data Name="CreationUtcTime">2025-04-24 05:11:25.788</Data>
<Data Name="User">NT AUTHORITY\SYSTEM</Data>
</EventData>
</Event>

<Event xmlns="http://schemas.microsoft.com/win/2004/08/events/event"><System><Provider Name="Microsoft-Windows-Sysmon" Guid="{5770385f-c22a-43e0-bf4c-06f5698ffbd9}"></Provider>
<EventID Qualifiers="">11</EventID>
<Version>2</Version>
<Level>4</Level>
<Task>11</Task>
<Opcode>0</Opcode>
<Keywords>0x8000000000000000</Keywords>
<TimeCreated SystemTime="2025-04-24 05:11:25.828623+00:00"></TimeCreated>
<EventRecordID>892</EventRecordID>
<Correlation ActivityID="" RelatedActivityID=""></Correlation>
<Execution ProcessID="3288" ThreadID="3532"></Execution>
<Channel>Microsoft-Windows-Sysmon/Operational</Channel>
<Computer>DESKTOP-RL1K13Q</Computer>
<Security UserID="S-1-5-18"></Security>
</System>
<EventData><Data Name="RuleName">DLL</Data>
<Data Name="UtcTime">2025-04-24 05:11:25.819</Data>
<Data Name="ProcessGuid">{59d32d4f-c727-6809-e600-000000001500}</Data>
<Data Name="ProcessId">5688</Data>
<Data Name="Image">C:\Program Files (x86)\Microsoft\EdgeUpdate\Install\{29BE3D68-08E4-435C-A074-4C248B9868F6}\EDGEMITMP_7987E.tmp\setup.exe</Data>
<Data Name="TargetFilename">C:\Program Files (x86)\Microsoft\EdgeCore\135.0.3179.85\webview2_integration.dll</Data>
<Data Name="CreationUtcTime">2025-04-24 05:11:25.819</Data>
<Data Name="User">NT AUTHORITY\SYSTEM</Data>
</EventData>
</Event>

<Event xmlns="http://schemas.microsoft.com/win/2004/08/events/event"><System><Provider Name="Microsoft-Windows-Sysmon" Guid="{5770385f-c22a-43e0-bf4c-06f5698ffbd9}"></Provider>
<EventID Qualifiers="">11</EventID>
<Version>2</Version>
<Level>4</Level>
<Task>11</Task>
<Opcode>0</Opcode>
<Keywords>0x8000000000000000</Keywords>
<TimeCreated SystemTime="2025-04-24 05:11:25.856548+00:00"></TimeCreated>
<EventRecordID>893</EventRecordID>
<Correlation ActivityID="" RelatedActivityID=""></Correlation>
<Execution ProcessID="3288" ThreadID="3532"></Execution>
<Channel>Microsoft-Windows-Sysmon/Operational</Channel>
<Computer>DESKTOP-RL1K13Q</Computer>
<Security UserID="S-1-5-18"></Security>
</System>
<EventData><Data Name="RuleName">DLL</Data>
<Data Name="UtcTime">2025-04-24 05:11:25.850</Data>
<Data Name="ProcessGuid">{59d32d4f-c727-6809-e600-000000001500}</Data>
<Data Name="ProcessId">5688</Data>
<Data Name="Image">C:\Program Files (x86)\Microsoft\EdgeUpdate\Install\{29BE3D68-08E4-435C-A074-4C248B9868F6}\EDGEMITMP_7987E.tmp\setup.exe</Data>
<Data Name="TargetFilename">C:\Program Files (x86)\Microsoft\EdgeCore\135.0.3179.85\WidevineCdm\_platform_specific\win_x64\widevinecdm.dll</Data>
<Data Name="CreationUtcTime">2025-04-24 05:11:25.850</Data>
<Data Name="User">NT AUTHORITY\SYSTEM</Data>
</EventData>
</Event>

<Event xmlns="http://schemas.microsoft.com/win/2004/08/events/event"><System><Provider Name="Microsoft-Windows-Sysmon" Guid="{5770385f-c22a-43e0-bf4c-06f5698ffbd9}"></Provider>
<EventID Qualifiers="">11</EventID>
<Version>2</Version>
<Level>4</Level>
<Task>11</Task>
<Opcode>0</Opcode>
<Keywords>0x8000000000000000</Keywords>
<TimeCreated SystemTime="2025-04-24 05:11:26.545986+00:00"></TimeCreated>
<EventRecordID>894</EventRecordID>
<Correlation ActivityID="" RelatedActivityID=""></Correlation>
<Execution ProcessID="3288" ThreadID="3532"></Execution>
<Channel>Microsoft-Windows-Sysmon/Operational</Channel>
<Computer>DESKTOP-RL1K13Q</Computer>
<Security UserID="S-1-5-18"></Security>
</System>
<EventData><Data Name="RuleName">DLL</Data>
<Data Name="UtcTime">2025-04-24 05:11:26.538</Data>
<Data Name="ProcessGuid">{59d32d4f-c727-6809-e600-000000001500}</Data>
<Data Name="ProcessId">5688</Data>
<Data Name="Image">C:\Program Files (x86)\Microsoft\EdgeUpdate\Install\{29BE3D68-08E4-435C-A074-4C248B9868F6}\EDGEMITMP_7987E.tmp\setup.exe</Data>
<Data Name="TargetFilename">C:\Program Files (x86)\Microsoft\EdgeCore\135.0.3179.85\wns_push_client.dll</Data>
<Data Name="CreationUtcTime">2025-04-24 05:11:26.538</Data>
<Data Name="User">NT AUTHORITY\SYSTEM</Data>
</EventData>
</Event>

<Event xmlns="http://schemas.microsoft.com/win/2004/08/events/event"><System><Provider Name="Microsoft-Windows-Sysmon" Guid="{5770385f-c22a-43e0-bf4c-06f5698ffbd9}"></Provider>
<EventID Qualifiers="">11</EventID>
<Version>2</Version>
<Level>4</Level>
<Task>11</Task>
<Opcode>0</Opcode>
<Keywords>0x8000000000000000</Keywords>
<TimeCreated SystemTime="2025-04-24 05:11:26.626635+00:00"></TimeCreated>
<EventRecordID>895</EventRecordID>
<Correlation ActivityID="" RelatedActivityID=""></Correlation>
<Execution ProcessID="3288" ThreadID="3532"></Execution>
<Channel>Microsoft-Windows-Sysmon/Operational</Channel>
<Computer>DESKTOP-RL1K13Q</Computer>
<Security UserID="S-1-5-18"></Security>
</System>
<EventData><Data Name="RuleName">EXE</Data>
<Data Name="UtcTime">2025-04-24 05:11:26.616</Data>
<Data Name="ProcessGuid">{59d32d4f-c727-6809-e600-000000001500}</Data>
<Data Name="ProcessId">5688</Data>
<Data Name="Image">C:\Program Files (x86)\Microsoft\EdgeUpdate\Install\{29BE3D68-08E4-435C-A074-4C248B9868F6}\EDGEMITMP_7987E.tmp\setup.exe</Data>
<Data Name="TargetFilename">C:\Program Files (x86)\Microsoft\EdgeCore\135.0.3179.85\Installer\setup.exe</Data>
<Data Name="CreationUtcTime">2025-04-24 05:11:26.616</Data>
<Data Name="User">NT AUTHORITY\SYSTEM</Data>
</EventData>
</Event>

<Event xmlns="http://schemas.microsoft.com/win/2004/08/events/event"><System><Provider Name="Microsoft-Windows-Sysmon" Guid="{5770385f-c22a-43e0-bf4c-06f5698ffbd9}"></Provider>
<EventID Qualifiers="">11</EventID>
<Version>2</Version>
<Level>4</Level>
<Task>11</Task>
<Opcode>0</Opcode>
<Keywords>0x8000000000000000</Keywords>
<TimeCreated SystemTime="2025-04-24 05:11:28.330877+00:00"></TimeCreated>
<EventRecordID>896</EventRecordID>
<Correlation ActivityID="" RelatedActivityID=""></Correlation>
<Execution ProcessID="3288" ThreadID="3532"></Execution>
<Channel>Microsoft-Windows-Sysmon/Operational</Channel>
<Computer>DESKTOP-RL1K13Q</Computer>
<Security UserID="S-1-5-18"></Security>
</System>
<EventData><Data Name="RuleName">EXE</Data>
<Data Name="UtcTime">2025-04-24 05:11:28.319</Data>
<Data Name="ProcessGuid">{59d32d4f-c727-6809-e600-000000001500}</Data>
<Data Name="ProcessId">5688</Data>
<Data Name="Image">C:\Program Files (x86)\Microsoft\EdgeUpdate\Install\{29BE3D68-08E4-435C-A074-4C248B9868F6}\EDGEMITMP_7987E.tmp\setup.exe</Data>
<Data Name="TargetFilename">C:\Program Files (x86)\Microsoft\Edge\Application\msedge.exe</Data>
<Data Name="CreationUtcTime">2020-09-27 14:36:45.819</Data>
<Data Name="User">NT AUTHORITY\SYSTEM</Data>
</EventData>
</Event>

<Event xmlns="http://schemas.microsoft.com/win/2004/08/events/event"><System><Provider Name="Microsoft-Windows-Sysmon" Guid="{5770385f-c22a-43e0-bf4c-06f5698ffbd9}"></Provider>
<EventID Qualifiers="">13</EventID>
<Version>2</Version>
<Level>4</Level>
<Task>13</Task>
<Opcode>0</Opcode>
<Keywords>0x8000000000000000</Keywords>
<TimeCreated SystemTime="2025-04-24 05:11:29.117485+00:00"></TimeCreated>
<EventRecordID>897</EventRecordID>
<Correlation ActivityID="" RelatedActivityID=""></Correlation>
<Execution ProcessID="3288" ThreadID="3532"></Execution>
<Channel>Microsoft-Windows-Sysmon/Operational</Channel>
<Computer>DESKTOP-RL1K13Q</Computer>
<Security UserID="S-1-5-18"></Security>
</System>
<EventData><Data Name="RuleName">InvDB-Pub</Data>
<Data Name="EventType">SetValue</Data>
<Data Name="UtcTime">2025-04-24 05:11:29.116</Data>
<Data Name="ProcessGuid">{59d32d4f-c727-6809-e600-000000001500}</Data>
<Data Name="ProcessId">5688</Data>
<Data Name="Image">C:\Program Files (x86)\Microsoft\EdgeUpdate\Install\{29BE3D68-08E4-435C-A074-4C248B9868F6}\EDGEMITMP_7987E.tmp\setup.exe</Data>
<Data Name="TargetObject">HKLM\SOFTWARE\WOW6432Node\Microsoft\Windows\CurrentVersion\Uninstall\Microsoft Edge\Publisher</Data>
<Data Name="Details">Microsoft Corporation</Data>
<Data Name="User">NT AUTHORITY\SYSTEM</Data>
</EventData>
</Event>

<Event xmlns="http://schemas.microsoft.com/win/2004/08/events/event"><System><Provider Name="Microsoft-Windows-Sysmon" Guid="{5770385f-c22a-43e0-bf4c-06f5698ffbd9}"></Provider>
<EventID Qualifiers="">13</EventID>
<Version>2</Version>
<Level>4</Level>
<Task>13</Task>
<Opcode>0</Opcode>
<Keywords>0x8000000000000000</Keywords>
<TimeCreated SystemTime="2025-04-24 05:11:29.984762+00:00"></TimeCreated>
<EventRecordID>898</EventRecordID>
<Correlation ActivityID="" RelatedActivityID=""></Correlation>
<Execution ProcessID="3288" ThreadID="3532"></Execution>
<Channel>Microsoft-Windows-Sysmon/Operational</Channel>
<Computer>DESKTOP-RL1K13Q</Computer>
<Security UserID="S-1-5-18"></Security>
</System>
<EventData><Data Name="RuleName">T1031,T1050</Data>
<Data Name="EventType">SetValue</Data>
<Data Name="UtcTime">2025-04-24 05:11:29.975</Data>
<Data Name="ProcessGuid">{59d32d4f-c62d-6809-0b00-000000001500}</Data>
<Data Name="ProcessId">696</Data>
<Data Name="Image">C:\Windows\system32\services.exe</Data>
<Data Name="TargetObject">HKLM\System\CurrentControlSet\Services\MicrosoftEdgeElevationService\ImagePath</Data>
<Data Name="Details">"C:\Program Files (x86)\Microsoft\Edge\Application\135.0.3179.85\elevation_service.exe"</Data>
<Data Name="User">NT AUTHORITY\SYSTEM</Data>
</EventData>
</Event>

<Event xmlns="http://schemas.microsoft.com/win/2004/08/events/event"><System><Provider Name="Microsoft-Windows-Sysmon" Guid="{5770385f-c22a-43e0-bf4c-06f5698ffbd9}"></Provider>
<EventID Qualifiers="">13</EventID>
<Version>2</Version>
<Level>4</Level>
<Task>13</Task>
<Opcode>0</Opcode>
<Keywords>0x8000000000000000</Keywords>
<TimeCreated SystemTime="2025-04-24 05:11:30.050430+00:00"></TimeCreated>
<EventRecordID>899</EventRecordID>
<Correlation ActivityID="" RelatedActivityID=""></Correlation>
<Execution ProcessID="3288" ThreadID="3532"></Execution>
<Channel>Microsoft-Windows-Sysmon/Operational</Channel>
<Computer>DESKTOP-RL1K13Q</Computer>
<Security UserID="S-1-5-18"></Security>
</System>
<EventData><Data Name="RuleName">T1122</Data>
<Data Name="EventType">SetValue</Data>
<Data Name="UtcTime">2025-04-24 05:11:30.038</Data>
<Data Name="ProcessGuid">{59d32d4f-c727-6809-e600-000000001500}</Data>
<Data Name="ProcessId">5688</Data>
<Data Name="Image">C:\Program Files (x86)\Microsoft\EdgeUpdate\Install\{29BE3D68-08E4-435C-A074-4C248B9868F6}\EDGEMITMP_7987E.tmp\setup.exe</Data>
<Data Name="TargetObject">HKCR\CLSID\{1FD49718-1D00-4B19-AF5F-070AF6D5D54C}\InprocServer32\(Default)</Data>
<Data Name="Details">C:\Program Files (x86)\Microsoft\Edge\Application\135.0.3179.85\BHO\ie_to_edge_bho_64.dll</Data>
<Data Name="User">NT AUTHORITY\SYSTEM</Data>
</EventData>
</Event>

<Event xmlns="http://schemas.microsoft.com/win/2004/08/events/event"><System><Provider Name="Microsoft-Windows-Sysmon" Guid="{5770385f-c22a-43e0-bf4c-06f5698ffbd9}"></Provider>
<EventID Qualifiers="">13</EventID>
<Version>2</Version>
<Level>4</Level>
<Task>13</Task>
<Opcode>0</Opcode>
<Keywords>0x8000000000000000</Keywords>
<TimeCreated SystemTime="2025-04-24 05:11:30.055761+00:00"></TimeCreated>
<EventRecordID>900</EventRecordID>
<Correlation ActivityID="" RelatedActivityID=""></Correlation>
<Execution ProcessID="3288" ThreadID="3532"></Execution>
<Channel>Microsoft-Windows-Sysmon/Operational</Channel>
<Computer>DESKTOP-RL1K13Q</Computer>
<Security UserID="S-1-5-18"></Security>
</System>
<EventData><Data Name="RuleName">T1122</Data>
<Data Name="EventType">SetValue</Data>
<Data Name="UtcTime">2025-04-24 05:11:30.054</Data>
<Data Name="ProcessGuid">{59d32d4f-c727-6809-e600-000000001500}</Data>
<Data Name="ProcessId">5688</Data>
<Data Name="Image">C:\Program Files (x86)\Microsoft\EdgeUpdate\Install\{29BE3D68-08E4-435C-A074-4C248B9868F6}\EDGEMITMP_7987E.tmp\setup.exe</Data>
<Data Name="TargetObject">HKCR\WOW6432Node\CLSID\{1FD49718-1D00-4B19-AF5F-070AF6D5D54C}\InprocServer32\(Default)</Data>
<Data Name="Details">C:\Program Files (x86)\Microsoft\Edge\Application\135.0.3179.85\BHO\ie_to_edge_bho.dll</Data>
<Data Name="User">NT AUTHORITY\SYSTEM</Data>
</EventData>
</Event>

<Event xmlns="http://schemas.microsoft.com/win/2004/08/events/event"><System><Provider Name="Microsoft-Windows-Sysmon" Guid="{5770385f-c22a-43e0-bf4c-06f5698ffbd9}"></Provider>
<EventID Qualifiers="">13</EventID>
<Version>2</Version>
<Level>4</Level>
<Task>13</Task>
<Opcode>0</Opcode>
<Keywords>0x8000000000000000</Keywords>
<TimeCreated SystemTime="2025-04-24 05:11:30.107674+00:00"></TimeCreated>
<EventRecordID>901</EventRecordID>
<Correlation ActivityID="" RelatedActivityID=""></Correlation>
<Execution ProcessID="3288" ThreadID="3532"></Execution>
<Channel>Microsoft-Windows-Sysmon/Operational</Channel>
<Computer>DESKTOP-RL1K13Q</Computer>
<Security UserID="S-1-5-18"></Security>
</System>
<EventData><Data Name="RuleName">T1176</Data>
<Data Name="EventType">SetValue</Data>
<Data Name="UtcTime">2025-04-24 05:11:30.100</Data>
<Data Name="ProcessGuid">{59d32d4f-c727-6809-e600-000000001500}</Data>
<Data Name="ProcessId">5688</Data>
<Data Name="Image">C:\Program Files (x86)\Microsoft\EdgeUpdate\Install\{29BE3D68-08E4-435C-A074-4C248B9868F6}\EDGEMITMP_7987E.tmp\setup.exe</Data>
<Data Name="TargetObject">HKLM\SOFTWARE\Microsoft\Windows\CurrentVersion\Explorer\Browser Helper Objects\{1FD49718-1D00-4B19-AF5F-070AF6D5D54C}\(Default)</Data>
<Data Name="Details">IEToEdge BHO</Data>
<Data Name="User">NT AUTHORITY\SYSTEM</Data>
</EventData>
</Event>

<Event xmlns="http://schemas.microsoft.com/win/2004/08/events/event"><System><Provider Name="Microsoft-Windows-Sysmon" Guid="{5770385f-c22a-43e0-bf4c-06f5698ffbd9}"></Provider>
<EventID Qualifiers="">13</EventID>
<Version>2</Version>
<Level>4</Level>
<Task>13</Task>
<Opcode>0</Opcode>
<Keywords>0x8000000000000000</Keywords>
<TimeCreated SystemTime="2025-04-24 05:11:30.110325+00:00"></TimeCreated>
<EventRecordID>902</EventRecordID>
<Correlation ActivityID="" RelatedActivityID=""></Correlation>
<Execution ProcessID="3288" ThreadID="3532"></Execution>
<Channel>Microsoft-Windows-Sysmon/Operational</Channel>
<Computer>DESKTOP-RL1K13Q</Computer>
<Security UserID="S-1-5-18"></Security>
</System>
<EventData><Data Name="RuleName">T1176</Data>
<Data Name="EventType">SetValue</Data>
<Data Name="UtcTime">2025-04-24 05:11:30.100</Data>
<Data Name="ProcessGuid">{59d32d4f-c727-6809-e600-000000001500}</Data>
<Data Name="ProcessId">5688</Data>
<Data Name="Image">C:\Program Files (x86)\Microsoft\EdgeUpdate\Install\{29BE3D68-08E4-435C-A074-4C248B9868F6}\EDGEMITMP_7987E.tmp\setup.exe</Data>
<Data Name="TargetObject">HKLM\SOFTWARE\WOW6432Node\Microsoft\Windows\CurrentVersion\Explorer\Browser Helper Objects\{1FD49718-1D00-4B19-AF5F-070AF6D5D54C}\(Default)</Data>
<Data Name="Details">IEToEdge BHO</Data>
<Data Name="User">NT AUTHORITY\SYSTEM</Data>
</EventData>
</Event>

<Event xmlns="http://schemas.microsoft.com/win/2004/08/events/event"><System><Provider Name="Microsoft-Windows-Sysmon" Guid="{5770385f-c22a-43e0-bf4c-06f5698ffbd9}"></Provider>
<EventID Qualifiers="">13</EventID>
<Version>2</Version>
<Level>4</Level>
<Task>13</Task>
<Opcode>0</Opcode>
<Keywords>0x8000000000000000</Keywords>
<TimeCreated SystemTime="2025-04-24 05:11:30.112379+00:00"></TimeCreated>
<EventRecordID>903</EventRecordID>
<Correlation ActivityID="" RelatedActivityID=""></Correlation>
<Execution ProcessID="3288" ThreadID="3532"></Execution>
<Channel>Microsoft-Windows-Sysmon/Operational</Channel>
<Computer>DESKTOP-RL1K13Q</Computer>
<Security UserID="S-1-5-18"></Security>
</System>
<EventData><Data Name="RuleName">T1176</Data>
<Data Name="EventType">SetValue</Data>
<Data Name="UtcTime">2025-04-24 05:11:30.100</Data>
<Data Name="ProcessGuid">{59d32d4f-c727-6809-e600-000000001500}</Data>
<Data Name="ProcessId">5688</Data>
<Data Name="Image">C:\Program Files (x86)\Microsoft\EdgeUpdate\Install\{29BE3D68-08E4-435C-A074-4C248B9868F6}\EDGEMITMP_7987E.tmp\setup.exe</Data>
<Data Name="TargetObject">HKLM\SOFTWARE\Microsoft\Windows\CurrentVersion\Explorer\Browser Helper Objects\{1FD49718-1D00-4B19-AF5F-070AF6D5D54C}\NoExplorer</Data>
<Data Name="Details">1</Data>
<Data Name="User">NT AUTHORITY\SYSTEM</Data>
</EventData>
</Event>

<Event xmlns="http://schemas.microsoft.com/win/2004/08/events/event"><System><Provider Name="Microsoft-Windows-Sysmon" Guid="{5770385f-c22a-43e0-bf4c-06f5698ffbd9}"></Provider>
<EventID Qualifiers="">13</EventID>
<Version>2</Version>
<Level>4</Level>
<Task>13</Task>
<Opcode>0</Opcode>
<Keywords>0x8000000000000000</Keywords>
<TimeCreated SystemTime="2025-04-24 05:11:30.112577+00:00"></TimeCreated>
<EventRecordID>904</EventRecordID>
<Correlation ActivityID="" RelatedActivityID=""></Correlation>
<Execution ProcessID="3288" ThreadID="3532"></Execution>
<Channel>Microsoft-Windows-Sysmon/Operational</Channel>
<Computer>DESKTOP-RL1K13Q</Computer>
<Security UserID="S-1-5-18"></Security>
</System>
<EventData><Data Name="RuleName">T1176</Data>
<Data Name="EventType">SetValue</Data>
<Data Name="UtcTime">2025-04-24 05:11:30.100</Data>
<Data Name="ProcessGuid">{59d32d4f-c727-6809-e600-000000001500}</Data>
<Data Name="ProcessId">5688</Data>
<Data Name="Image">C:\Program Files (x86)\Microsoft\EdgeUpdate\Install\{29BE3D68-08E4-435C-A074-4C248B9868F6}\EDGEMITMP_7987E.tmp\setup.exe</Data>
<Data Name="TargetObject">HKLM\SOFTWARE\WOW6432Node\Microsoft\Windows\CurrentVersion\Explorer\Browser Helper Objects\{1FD49718-1D00-4B19-AF5F-070AF6D5D54C}\NoExplorer</Data>
<Data Name="Details">1</Data>
<Data Name="User">NT AUTHORITY\SYSTEM</Data>
</EventData>
</Event>

<Event xmlns="http://schemas.microsoft.com/win/2004/08/events/event"><System><Provider Name="Microsoft-Windows-Sysmon" Guid="{5770385f-c22a-43e0-bf4c-06f5698ffbd9}"></Provider>
<EventID Qualifiers="">13</EventID>
<Version>2</Version>
<Level>4</Level>
<Task>13</Task>
<Opcode>0</Opcode>
<Keywords>0x8000000000000000</Keywords>
<TimeCreated SystemTime="2025-04-24 05:11:30.145006+00:00"></TimeCreated>
<EventRecordID>905</EventRecordID>
<Correlation ActivityID="" RelatedActivityID=""></Correlation>
<Execution ProcessID="3288" ThreadID="3532"></Execution>
<Channel>Microsoft-Windows-Sysmon/Operational</Channel>
<Computer>DESKTOP-RL1K13Q</Computer>
<Security UserID="S-1-5-18"></Security>
</System>
<EventData><Data Name="RuleName">T1122</Data>
<Data Name="EventType">SetValue</Data>
<Data Name="UtcTime">2025-04-24 05:11:30.132</Data>
<Data Name="ProcessGuid">{59d32d4f-c727-6809-e600-000000001500}</Data>
<Data Name="ProcessId">5688</Data>
<Data Name="Image">C:\Program Files (x86)\Microsoft\EdgeUpdate\Install\{29BE3D68-08E4-435C-A074-4C248B9868F6}\EDGEMITMP_7987E.tmp\setup.exe</Data>
<Data Name="TargetObject">HKCR\CLSID\{3A84F9C2-6164-485C-A7D9-4B27F8AC009E}\InProcServer32\(Default)</Data>
<Data Name="Details">C:\Program Files (x86)\Microsoft\Edge\Application\135.0.3179.85\PdfPreview\PdfPreviewHandler.dll</Data>
<Data Name="User">NT AUTHORITY\SYSTEM</Data>
</EventData>
</Event>

<Event xmlns="http://schemas.microsoft.com/win/2004/08/events/event"><System><Provider Name="Microsoft-Windows-Sysmon" Guid="{5770385f-c22a-43e0-bf4c-06f5698ffbd9}"></Provider>
<EventID Qualifiers="">13</EventID>
<Version>2</Version>
<Level>4</Level>
<Task>13</Task>
<Opcode>0</Opcode>
<Keywords>0x8000000000000000</Keywords>
<TimeCreated SystemTime="2025-04-24 05:11:30.147739+00:00"></TimeCreated>
<EventRecordID>906</EventRecordID>
<Correlation ActivityID="" RelatedActivityID=""></Correlation>
<Execution ProcessID="3288" ThreadID="3532"></Execution>
<Channel>Microsoft-Windows-Sysmon/Operational</Channel>
<Computer>DESKTOP-RL1K13Q</Computer>
<Security UserID="S-1-5-18"></Security>
</System>
<EventData><Data Name="RuleName">T1122</Data>
<Data Name="EventType">SetValue</Data>
<Data Name="UtcTime">2025-04-24 05:11:30.132</Data>
<Data Name="ProcessGuid">{59d32d4f-c727-6809-e600-000000001500}</Data>
<Data Name="ProcessId">5688</Data>
<Data Name="Image">C:\Program Files (x86)\Microsoft\EdgeUpdate\Install\{29BE3D68-08E4-435C-A074-4C248B9868F6}\EDGEMITMP_7987E.tmp\setup.exe</Data>
<Data Name="TargetObject">HKCR\WOW6432Node\CLSID\{3A84F9C2-6164-485C-A7D9-4B27F8AC009E}\InProcServer32\(Default)</Data>
<Data Name="Details">C:\Program Files (x86)\Microsoft\Edge\Application\135.0.3179.85\PdfPreview\PdfPreviewHandler.dll</Data>
<Data Name="User">NT AUTHORITY\SYSTEM</Data>
</EventData>
</Event>

<Event xmlns="http://schemas.microsoft.com/win/2004/08/events/event"><System><Provider Name="Microsoft-Windows-Sysmon" Guid="{5770385f-c22a-43e0-bf4c-06f5698ffbd9}"></Provider>
<EventID Qualifiers="">1</EventID>
<Version>5</Version>
<Level>4</Level>
<Task>1</Task>
<Opcode>0</Opcode>
<Keywords>0x8000000000000000</Keywords>
<TimeCreated SystemTime="2025-04-24 05:11:30.164400+00:00"></TimeCreated>
<EventRecordID>907</EventRecordID>
<Correlation ActivityID="" RelatedActivityID=""></Correlation>
<Execution ProcessID="3288" ThreadID="3532"></Execution>
<Channel>Microsoft-Windows-Sysmon/Operational</Channel>
<Computer>DESKTOP-RL1K13Q</Computer>
<Security UserID="S-1-5-18"></Security>
</System>
<EventData><Data Name="RuleName">-</Data>
<Data Name="UtcTime">2025-04-24 05:11:30.155</Data>
<Data Name="ProcessGuid">{59d32d4f-c802-6809-5701-000000001500}</Data>
<Data Name="ProcessId">6576</Data>
<Data Name="Image">C:\Program Files\WindowsApps\Microsoft.YourPhone_1.24041.108.0_x64__8wekyb3d8bbwe\PhoneExperienceHost.exe</Data>
<Data Name="FileVersion">1.24041.108.0</Data>
<Data Name="Description">Microsoft Phone Link</Data>
<Data Name="Product">Microsoft Phone Link</Data>
<Data Name="Company">Microsoft Corporation</Data>
<Data Name="OriginalFileName">PhoneExperienceHost.dll</Data>
<Data Name="CommandLine">"C:\Program Files\WindowsApps\Microsoft.YourPhone_1.24041.108.0_x64__8wekyb3d8bbwe\PhoneExperienceHost.exe" -ComServer:Background -Embedding</Data>
<Data Name="CurrentDirectory">C:\Windows\system32\</Data>
<Data Name="User">DESKTOP-RL1K13Q\Bluecheap</Data>
<Data Name="LogonGuid">{59d32d4f-c774-6809-c1b4-260000000000}</Data>
<Data Name="LogonId">0x000000000026b4c1</Data>
<Data Name="TerminalSessionId">1</Data>
<Data Name="IntegrityLevel">Medium</Data>
<Data Name="Hashes">MD5=998B0A6B46A534F7A3C6DABA96090D8D,SHA256=F5C230765CB9D5B10AB47ECC9A8F6204C802EC664D62DA017A0ECBAD9AE063D9,IMPHASH=6A91EB82BFD19D2706C7D43C46F7064E</Data>
<Data Name="ParentProcessGuid">{59d32d4f-c62e-6809-0d00-000000001500}</Data>
<Data Name="ParentProcessId">820</Data>
<Data Name="ParentImage">C:\Windows\System32\svchost.exe</Data>
<Data Name="ParentCommandLine">C:\Windows\system32\svchost.exe -k DcomLaunch -p</Data>
<Data Name="ParentUser">NT AUTHORITY\SYSTEM</Data>
</EventData>
</Event>

<Event xmlns="http://schemas.microsoft.com/win/2004/08/events/event"><System><Provider Name="Microsoft-Windows-Sysmon" Guid="{5770385f-c22a-43e0-bf4c-06f5698ffbd9}"></Provider>
<EventID Qualifiers="">13</EventID>
<Version>2</Version>
<Level>4</Level>
<Task>13</Task>
<Opcode>0</Opcode>
<Keywords>0x8000000000000000</Keywords>
<TimeCreated SystemTime="2025-04-24 05:11:30.301432+00:00"></TimeCreated>
<EventRecordID>908</EventRecordID>
<Correlation ActivityID="" RelatedActivityID=""></Correlation>
<Execution ProcessID="3288" ThreadID="3532"></Execution>
<Channel>Microsoft-Windows-Sysmon/Operational</Channel>
<Computer>DESKTOP-RL1K13Q</Computer>
<Security UserID="S-1-5-18"></Security>
</System>
<EventData><Data Name="RuleName">T1122</Data>
<Data Name="EventType">SetValue</Data>
<Data Name="UtcTime">2025-04-24 05:11:30.288</Data>
<Data Name="ProcessGuid">{59d32d4f-c727-6809-e600-000000001500}</Data>
<Data Name="ProcessId">5688</Data>
<Data Name="Image">C:\Program Files (x86)\Microsoft\EdgeUpdate\Install\{29BE3D68-08E4-435C-A074-4C248B9868F6}\EDGEMITMP_7987E.tmp\setup.exe</Data>
<Data Name="TargetObject">HKCR\CLSID\{B54934CD-71A6-4698-BDC2-AFEA5B86504C}\InprocServer32\(Default)</Data>
<Data Name="Details">C:\Program Files (x86)\Microsoft\Edge\Application\135.0.3179.85\EBWebView\x64\EmbeddedBrowserWebView.dll</Data>
<Data Name="User">NT AUTHORITY\SYSTEM</Data>
</EventData>
</Event>

<Event xmlns="http://schemas.microsoft.com/win/2004/08/events/event"><System><Provider Name="Microsoft-Windows-Sysmon" Guid="{5770385f-c22a-43e0-bf4c-06f5698ffbd9}"></Provider>
<EventID Qualifiers="">11</EventID>
<Version>2</Version>
<Level>4</Level>
<Task>11</Task>
<Opcode>0</Opcode>
<Keywords>0x8000000000000000</Keywords>
<TimeCreated SystemTime="2025-04-24 05:11:30.512768+00:00"></TimeCreated>
<EventRecordID>909</EventRecordID>
<Correlation ActivityID="" RelatedActivityID=""></Correlation>
<Execution ProcessID="3288" ThreadID="3532"></Execution>
<Channel>Microsoft-Windows-Sysmon/Operational</Channel>
<Computer>DESKTOP-RL1K13Q</Computer>
<Security UserID="S-1-5-18"></Security>
</System>
<EventData><Data Name="RuleName">EXE</Data>
<Data Name="UtcTime">2025-04-24 05:11:30.506</Data>
<Data Name="ProcessGuid">{59d32d4f-c727-6809-e600-000000001500}</Data>
<Data Name="ProcessId">5688</Data>
<Data Name="Image">C:\Program Files (x86)\Microsoft\EdgeUpdate\Install\{29BE3D68-08E4-435C-A074-4C248B9868F6}\EDGEMITMP_7987E.tmp\setup.exe</Data>
<Data Name="TargetFilename">C:\Program Files (x86)\Microsoft\Edge\Application\msedge_proxy.exe</Data>
<Data Name="CreationUtcTime">2020-09-27 14:36:45.944</Data>
<Data Name="User">NT AUTHORITY\SYSTEM</Data>
</EventData>
</Event>

<Event xmlns="http://schemas.microsoft.com/win/2004/08/events/event"><System><Provider Name="Microsoft-Windows-Sysmon" Guid="{5770385f-c22a-43e0-bf4c-06f5698ffbd9}"></Provider>
<EventID Qualifiers="">11</EventID>
<Version>2</Version>
<Level>4</Level>
<Task>11</Task>
<Opcode>0</Opcode>
<Keywords>0x8000000000000000</Keywords>
<TimeCreated SystemTime="2025-04-24 05:11:30.531719+00:00"></TimeCreated>
<EventRecordID>910</EventRecordID>
<Correlation ActivityID="" RelatedActivityID=""></Correlation>
<Execution ProcessID="3288" ThreadID="3532"></Execution>
<Channel>Microsoft-Windows-Sysmon/Operational</Channel>
<Computer>DESKTOP-RL1K13Q</Computer>
<Security UserID="S-1-5-18"></Security>
</System>
<EventData><Data Name="RuleName">EXE</Data>
<Data Name="UtcTime">2025-04-24 05:11:30.522</Data>
<Data Name="ProcessGuid">{59d32d4f-c727-6809-e600-000000001500}</Data>
<Data Name="ProcessId">5688</Data>
<Data Name="Image">C:\Program Files (x86)\Microsoft\EdgeUpdate\Install\{29BE3D68-08E4-435C-A074-4C248B9868F6}\EDGEMITMP_7987E.tmp\setup.exe</Data>
<Data Name="TargetFilename">C:\Program Files (x86)\Microsoft\Edge\Application\pwahelper.exe</Data>
<Data Name="CreationUtcTime">2020-09-27 14:36:46.429</Data>
<Data Name="User">NT AUTHORITY\SYSTEM</Data>
</EventData>
</Event>

<Event xmlns="http://schemas.microsoft.com/win/2004/08/events/event"><System><Provider Name="Microsoft-Windows-Sysmon" Guid="{5770385f-c22a-43e0-bf4c-06f5698ffbd9}"></Provider>
<EventID Qualifiers="">1</EventID>
<Version>5</Version>
<Level>4</Level>
<Task>1</Task>
<Opcode>0</Opcode>
<Keywords>0x8000000000000000</Keywords>
<TimeCreated SystemTime="2025-04-24 05:11:31.491180+00:00"></TimeCreated>
<EventRecordID>911</EventRecordID>
<Correlation ActivityID="" RelatedActivityID=""></Correlation>
<Execution ProcessID="3288" ThreadID="3532"></Execution>
<Channel>Microsoft-Windows-Sysmon/Operational</Channel>
<Computer>DESKTOP-RL1K13Q</Computer>
<Security UserID="S-1-5-18"></Security>
</System>
<EventData><Data Name="RuleName">-</Data>
<Data Name="UtcTime">2025-04-24 05:11:31.479</Data>
<Data Name="ProcessGuid">{59d32d4f-c803-6809-5901-000000001500}</Data>
<Data Name="ProcessId">7476</Data>
<Data Name="Image">C:\Program Files (x86)\Microsoft\EdgeUpdate\Install\{29BE3D68-08E4-435C-A074-4C248B9868F6}\EDGEMITMP_7987E.tmp\setup.exe</Data>
<Data Name="FileVersion">135.0.3179.85</Data>
<Data Name="Description">Microsoft Edge Installer</Data>
<Data Name="Product">Microsoft Edge Installer</Data>
<Data Name="Company">Microsoft Corporation</Data>
<Data Name="OriginalFileName">setup.exe</Data>
<Data Name="CommandLine">"C:\Program Files (x86)\Microsoft\EdgeUpdate\Install\{29BE3D68-08E4-435C-A074-4C248B9868F6}\EDGEMITMP_7987E.tmp\setup.exe" --msedge --channel=stable --system-level --verbose-logging --create-shortcuts=2 --install-level=1</Data>
<Data Name="CurrentDirectory">C:\Program Files (x86)\Microsoft\EdgeUpdate\1.3.195.49\</Data>
<Data Name="User">NT AUTHORITY\SYSTEM</Data>
<Data Name="LogonGuid">{59d32d4f-c62e-6809-e703-000000000000}</Data>
<Data Name="LogonId">0x00000000000003e7</Data>
<Data Name="TerminalSessionId">0</Data>
<Data Name="IntegrityLevel">System</Data>
<Data Name="Hashes">MD5=C52304E74DC574E9E177B58B03B02CF1,SHA256=502CFD316218C36CF9E4DDF10BDFD4CDE948DDEEE0388E0507133A763804F620,IMPHASH=100F0CF4F5751114C57C0793BB8C54B9</Data>
<Data Name="ParentProcessGuid">{59d32d4f-c727-6809-e600-000000001500}</Data>
<Data Name="ParentProcessId">5688</Data>
<Data Name="ParentImage">C:\Program Files (x86)\Microsoft\EdgeUpdate\Install\{29BE3D68-08E4-435C-A074-4C248B9868F6}\EDGEMITMP_7987E.tmp\setup.exe</Data>
<Data Name="ParentCommandLine">"C:\Program Files (x86)\Microsoft\EdgeUpdate\Install\{29BE3D68-08E4-435C-A074-4C248B9868F6}\EDGEMITMP_7987E.tmp\setup.exe" --install-archive="C:\Program Files (x86)\Microsoft\EdgeUpdate\Install\{29BE3D68-08E4-435C-A074-4C248B9868F6}\MicrosoftEdge_X64_135.0.3179.85_135.0.3179.73.exe" --previous-version="135.0.3179.73" --msedge --verbose-logging --do-not-launch-msedge --system-level --channel=stable</Data>
<Data Name="ParentUser">NT AUTHORITY\SYSTEM</Data>
</EventData>
</Event>

